[2026-04-23T09:00:02.238+0000] {local_task_job_runner.py:123} INFO - ::group::Pre task execution logs
[2026-04-23T09:00:02.260+0000] {taskinstance.py:2612} INFO - Dependencies all met for dep_context=non-requeueable deps ti=<TaskInstance: BuildELT_dbt.dbt_snapshot manual__2026-04-23T08:59:27.748499+00:00 [queued]>
[2026-04-23T09:00:02.275+0000] {taskinstance.py:2612} INFO - Dependencies all met for dep_context=requeueable deps ti=<TaskInstance: BuildELT_dbt.dbt_snapshot manual__2026-04-23T08:59:27.748499+00:00 [queued]>
[2026-04-23T09:00:02.275+0000] {taskinstance.py:2865} INFO - Starting attempt 1 of 1
[2026-04-23T09:00:02.295+0000] {taskinstance.py:2888} INFO - Executing <Task(BashOperator): dbt_snapshot> on 2026-04-23 08:59:27.748499+00:00
[2026-04-23T09:00:02.306+0000] {standard_task_runner.py:104} INFO - Running: ['***', 'tasks', 'run', 'BuildELT_dbt', 'dbt_snapshot', 'manual__2026-04-23T08:59:27.748499+00:00', '--job-id', '96', '--raw', '--subdir', 'DAGS_FOLDER/build_elt_with_dbt.py', '--cfg-path', '/tmp/tmptmvf6g5n']
[2026-04-23T09:00:02.310+0000] {standard_task_runner.py:105} INFO - Job 96: Subtask dbt_snapshot
[2026-04-23T09:00:02.311+0000] {logging_mixin.py:190} WARNING - /home/***/.local/lib/python3.12/site-packages/***/task/task_runner/standard_task_runner.py:70 DeprecationWarning: This process (pid=58240) is multi-threaded, use of fork() may lead to deadlocks in the child.
[2026-04-23T09:00:02.312+0000] {standard_task_runner.py:72} INFO - Started process 58241 to run task
[2026-04-23T09:00:02.369+0000] {task_command.py:467} INFO - Running <TaskInstance: BuildELT_dbt.dbt_snapshot manual__2026-04-23T08:59:27.748499+00:00 [running]> on host aa30302fbfc5
[2026-04-23T09:00:02.480+0000] {taskinstance.py:3131} INFO - Exporting env vars: AIRFLOW_CTX_DAG_OWNER='***' AIRFLOW_CTX_DAG_ID='BuildELT_dbt' AIRFLOW_CTX_TASK_ID='dbt_snapshot' AIRFLOW_CTX_EXECUTION_DATE='2026-04-23T08:59:27.748499+00:00' AIRFLOW_CTX_TRY_NUMBER='1' AIRFLOW_CTX_DAG_RUN_ID='manual__2026-04-23T08:59:27.748499+00:00'
[2026-04-23T09:00:02.481+0000] {taskinstance.py:731} INFO - ::endgroup::
[2026-04-23T09:00:02.503+0000] {subprocess.py:63} INFO - Tmp dir root location: /tmp
[2026-04-23T09:00:02.505+0000] {subprocess.py:75} INFO - Running command: ['/usr/bin/bash', '-c', '/home/***/.local/bin/dbt snapshot --profiles-dir /opt/***/dbt --project-dir /opt/***/dbt']
[2026-04-23T09:00:02.519+0000] {subprocess.py:86} INFO - Output:
[2026-04-23T09:00:04.587+0000] {subprocess.py:93} INFO - [0m09:00:04  Running with dbt=1.8.7
[2026-04-23T09:00:05.586+0000] {subprocess.py:93} INFO - [0m09:00:05  Registered adapter: snowflake=1.8.1
[2026-04-23T09:00:06.111+0000] {subprocess.py:93} INFO - [0m09:00:06  Found 5 models, 5 data tests, 4 snapshots, 5 sources, 454 macros
[2026-04-23T09:00:06.113+0000] {subprocess.py:93} INFO - [0m09:00:06
[2026-04-23T09:00:12.848+0000] {subprocess.py:93} INFO - [0m09:00:12  Concurrency: 1 threads (target='dev')
[2026-04-23T09:00:12.849+0000] {subprocess.py:93} INFO - [0m09:00:12
[2026-04-23T09:00:12.860+0000] {subprocess.py:93} INFO - [0m09:00:12  1 of 4 START snapshot snapshot.snapshot_average_temps .......................... [RUN]
[2026-04-23T09:00:24.472+0000] {subprocess.py:93} INFO - [0m09:00:24  1 of 4 OK snapshotted snapshot.snapshot_average_temps .......................... [[32mSUCCESS 0[0m in 11.61s]
[2026-04-23T09:00:24.474+0000] {subprocess.py:93} INFO - [0m09:00:24  2 of 4 START snapshot snapshot.snapshot_percent_rainy_days_monthly ............. [RUN]
[2026-04-23T09:00:33.141+0000] {subprocess.py:93} INFO - [0m09:00:33  2 of 4 OK snapshotted snapshot.snapshot_percent_rainy_days_monthly ............. [[32mSUCCESS 0[0m in 8.66s]
[2026-04-23T09:00:33.144+0000] {subprocess.py:93} INFO - [0m09:00:33  3 of 4 START snapshot snapshot.snapshot_weather_code_distribution .............. [RUN]
[2026-04-23T09:00:41.919+0000] {subprocess.py:93} INFO - [0m09:00:41  3 of 4 OK snapshotted snapshot.snapshot_weather_code_distribution .............. [[32mSUCCESS 0[0m in 8.77s]
[2026-04-23T09:00:41.921+0000] {subprocess.py:93} INFO - [0m09:00:41  4 of 4 START snapshot snapshot.snapshot_weather_weekly_precipitation ........... [RUN]
[2026-04-23T09:00:50.687+0000] {subprocess.py:93} INFO - [0m09:00:50  4 of 4 OK snapshotted snapshot.snapshot_weather_weekly_precipitation ........... [[32mSUCCESS 0[0m in 8.76s]
[2026-04-23T09:00:50.691+0000] {subprocess.py:93} INFO - [0m09:00:50
[2026-04-23T09:00:50.691+0000] {subprocess.py:93} INFO - [0m09:00:50  Finished running 4 snapshots in 0 hours 0 minutes and 44.58 seconds (44.58s).
[2026-04-23T09:00:50.744+0000] {subprocess.py:93} INFO - [0m09:00:50
[2026-04-23T09:00:50.744+0000] {subprocess.py:93} INFO - [0m09:00:50  [32mCompleted successfully[0m
[2026-04-23T09:00:50.745+0000] {subprocess.py:93} INFO - [0m09:00:50
[2026-04-23T09:00:50.745+0000] {subprocess.py:93} INFO - [0m09:00:50  Done. PASS=4 WARN=0 ERROR=0 SKIP=0 TOTAL=4
[2026-04-23T09:00:51.523+0000] {subprocess.py:97} INFO - Command exited with return code 0
[2026-04-23T09:00:51.568+0000] {taskinstance.py:340} INFO - ::group::Post task execution logs
[2026-04-23T09:00:51.569+0000] {taskinstance.py:352} INFO - Marking task as SUCCESS. dag_id=BuildELT_dbt, task_id=dbt_snapshot, run_id=manual__2026-04-23T08:59:27.748499+00:00, execution_date=20260423T085927, start_date=20260423T090002, end_date=20260423T090051
[2026-04-23T09:00:51.593+0000] {local_task_job_runner.py:266} INFO - Task exited with return code 0
[2026-04-23T09:00:51.611+0000] {taskinstance.py:3900} INFO - 0 downstream tasks scheduled from follow-on schedule check
[2026-04-23T09:00:51.613+0000] {local_task_job_runner.py:245} INFO - ::endgroup::
