[2026-04-23T08:02:42.647+0000] {local_task_job_runner.py:123} INFO - ::group::Pre task execution logs
[2026-04-23T08:02:42.665+0000] {taskinstance.py:2612} INFO - Dependencies all met for dep_context=non-requeueable deps ti=<TaskInstance: BuildELT_dbt.dbt_run manual__2026-04-23T08:02:41.341357+00:00 [queued]>
[2026-04-23T08:02:42.673+0000] {taskinstance.py:2612} INFO - Dependencies all met for dep_context=requeueable deps ti=<TaskInstance: BuildELT_dbt.dbt_run manual__2026-04-23T08:02:41.341357+00:00 [queued]>
[2026-04-23T08:02:42.675+0000] {taskinstance.py:2865} INFO - Starting attempt 1 of 1
[2026-04-23T08:02:42.689+0000] {taskinstance.py:2888} INFO - Executing <Task(BashOperator): dbt_run> on 2026-04-23 08:02:41.341357+00:00
[2026-04-23T08:02:42.699+0000] {standard_task_runner.py:104} INFO - Running: ['***', 'tasks', 'run', 'BuildELT_dbt', 'dbt_run', 'manual__2026-04-23T08:02:41.341357+00:00', '--job-id', '69', '--raw', '--subdir', 'DAGS_FOLDER/build_elt_with_dbt.py', '--cfg-path', '/tmp/tmp_7cei4of']
[2026-04-23T08:02:42.702+0000] {standard_task_runner.py:105} INFO - Job 69: Subtask dbt_run
[2026-04-23T08:02:42.703+0000] {logging_mixin.py:190} WARNING - /home/***/.local/lib/python3.12/site-packages/***/task/task_runner/standard_task_runner.py:70 DeprecationWarning: This process (pid=51211) is multi-threaded, use of fork() may lead to deadlocks in the child.
[2026-04-23T08:02:42.704+0000] {standard_task_runner.py:72} INFO - Started process 51212 to run task
[2026-04-23T08:02:42.750+0000] {task_command.py:467} INFO - Running <TaskInstance: BuildELT_dbt.dbt_run manual__2026-04-23T08:02:41.341357+00:00 [running]> on host aa30302fbfc5
[2026-04-23T08:02:42.843+0000] {taskinstance.py:3131} INFO - Exporting env vars: AIRFLOW_CTX_DAG_OWNER='***' AIRFLOW_CTX_DAG_ID='BuildELT_dbt' AIRFLOW_CTX_TASK_ID='dbt_run' AIRFLOW_CTX_EXECUTION_DATE='2026-04-23T08:02:41.341357+00:00' AIRFLOW_CTX_TRY_NUMBER='1' AIRFLOW_CTX_DAG_RUN_ID='manual__2026-04-23T08:02:41.341357+00:00'
[2026-04-23T08:02:42.843+0000] {taskinstance.py:731} INFO - ::endgroup::
[2026-04-23T08:02:42.863+0000] {subprocess.py:63} INFO - Tmp dir root location: /tmp
[2026-04-23T08:02:42.865+0000] {subprocess.py:75} INFO - Running command: ['/usr/bin/bash', '-c', '/home/***/.local/bin/dbt run --profiles-dir /opt/***/dbt --project-dir /opt/***/dbt']
[2026-04-23T08:02:42.880+0000] {subprocess.py:86} INFO - Output:
[2026-04-23T08:02:44.859+0000] {subprocess.py:93} INFO - [0m08:02:44  Running with dbt=1.8.7
[2026-04-23T08:02:45.878+0000] {subprocess.py:93} INFO - [0m08:02:45  Registered adapter: snowflake=1.8.1
[2026-04-23T08:02:46.617+0000] {subprocess.py:93} INFO - [0m08:02:46  Found 5 models, 5 data tests, 4 snapshots, 5 sources, 454 macros
[2026-04-23T08:02:46.620+0000] {subprocess.py:93} INFO - [0m08:02:46
[2026-04-23T08:02:50.998+0000] {subprocess.py:93} INFO - [0m08:02:50  Concurrency: 1 threads (target='dev')
[2026-04-23T08:02:50.999+0000] {subprocess.py:93} INFO - [0m08:02:50
[2026-04-23T08:02:51.029+0000] {subprocess.py:93} INFO - [0m08:02:51  1 of 4 START sql table model analytics.average_temps ........................... [RUN]
[2026-04-23T08:02:54.526+0000] {subprocess.py:93} INFO - [0m08:02:54  1 of 4 OK created sql table model analytics.average_temps ...................... [[32mSUCCESS 1[0m in 3.49s]
[2026-04-23T08:02:54.528+0000] {subprocess.py:93} INFO - [0m08:02:54  2 of 4 START sql table model analytics.percent_rainy_days_monthly .............. [RUN]
[2026-04-23T08:02:57.620+0000] {subprocess.py:93} INFO - [0m08:02:57  2 of 4 OK created sql table model analytics.percent_rainy_days_monthly ......... [[32mSUCCESS 1[0m in 3.09s]
[2026-04-23T08:02:57.622+0000] {subprocess.py:93} INFO - [0m08:02:57  3 of 4 START sql table model analytics.weather_code_distribution ............... [RUN]
[2026-04-23T08:03:00.236+0000] {subprocess.py:93} INFO - [0m08:03:00  3 of 4 OK created sql table model analytics.weather_code_distribution .......... [[32mSUCCESS 1[0m in 2.61s]
[2026-04-23T08:03:00.238+0000] {subprocess.py:93} INFO - [0m08:03:00  4 of 4 START sql table model analytics.weather_weekly_precipitation ............ [RUN]
[2026-04-23T08:03:03.214+0000] {subprocess.py:93} INFO - [0m08:03:03  4 of 4 OK created sql table model analytics.weather_weekly_precipitation ....... [[32mSUCCESS 1[0m in 2.97s]
[2026-04-23T08:03:03.219+0000] {subprocess.py:93} INFO - [0m08:03:03
[2026-04-23T08:03:03.220+0000] {subprocess.py:93} INFO - [0m08:03:03  Finished running 4 table models in 0 hours 0 minutes and 16.60 seconds (16.60s).
[2026-04-23T08:03:03.272+0000] {subprocess.py:93} INFO - [0m08:03:03
[2026-04-23T08:03:03.273+0000] {subprocess.py:93} INFO - [0m08:03:03  [32mCompleted successfully[0m
[2026-04-23T08:03:03.273+0000] {subprocess.py:93} INFO - [0m08:03:03
[2026-04-23T08:03:03.274+0000] {subprocess.py:93} INFO - [0m08:03:03  Done. PASS=4 WARN=0 ERROR=0 SKIP=0 TOTAL=4
[2026-04-23T08:03:04.153+0000] {subprocess.py:97} INFO - Command exited with return code 0
[2026-04-23T08:03:04.184+0000] {taskinstance.py:340} INFO - ::group::Post task execution logs
[2026-04-23T08:03:04.185+0000] {taskinstance.py:352} INFO - Marking task as SUCCESS. dag_id=BuildELT_dbt, task_id=dbt_run, run_id=manual__2026-04-23T08:02:41.341357+00:00, execution_date=20260423T080241, start_date=20260423T080242, end_date=20260423T080304
[2026-04-23T08:03:04.241+0000] {local_task_job_runner.py:266} INFO - Task exited with return code 0
[2026-04-23T08:03:04.266+0000] {taskinstance.py:3900} INFO - 1 downstream tasks scheduled from follow-on schedule check
[2026-04-23T08:03:04.268+0000] {local_task_job_runner.py:245} INFO - ::endgroup::
