[2026-04-23T08:13:21.007+0000] {local_task_job_runner.py:123} INFO - ::group::Pre task execution logs
[2026-04-23T08:13:21.026+0000] {taskinstance.py:2612} INFO - Dependencies all met for dep_context=non-requeueable deps ti=<TaskInstance: BuildELT_dbt.dbt_snapshot manual__2026-04-23T08:12:49.862131+00:00 [queued]>
[2026-04-23T08:13:21.035+0000] {taskinstance.py:2612} INFO - Dependencies all met for dep_context=requeueable deps ti=<TaskInstance: BuildELT_dbt.dbt_snapshot manual__2026-04-23T08:12:49.862131+00:00 [queued]>
[2026-04-23T08:13:21.036+0000] {taskinstance.py:2865} INFO - Starting attempt 1 of 1
[2026-04-23T08:13:21.051+0000] {taskinstance.py:2888} INFO - Executing <Task(BashOperator): dbt_snapshot> on 2026-04-23 08:12:49.862131+00:00
[2026-04-23T08:13:21.061+0000] {standard_task_runner.py:104} INFO - Running: ['***', 'tasks', 'run', 'BuildELT_dbt', 'dbt_snapshot', 'manual__2026-04-23T08:12:49.862131+00:00', '--job-id', '81', '--raw', '--subdir', 'DAGS_FOLDER/build_elt_with_dbt.py', '--cfg-path', '/tmp/tmp9kwuoiih']
[2026-04-23T08:13:21.065+0000] {standard_task_runner.py:105} INFO - Job 81: Subtask dbt_snapshot
[2026-04-23T08:13:21.065+0000] {logging_mixin.py:190} WARNING - /home/***/.local/lib/python3.12/site-packages/***/task/task_runner/standard_task_runner.py:70 DeprecationWarning: This process (pid=52671) is multi-threaded, use of fork() may lead to deadlocks in the child.
[2026-04-23T08:13:21.067+0000] {standard_task_runner.py:72} INFO - Started process 52673 to run task
[2026-04-23T08:13:21.113+0000] {task_command.py:467} INFO - Running <TaskInstance: BuildELT_dbt.dbt_snapshot manual__2026-04-23T08:12:49.862131+00:00 [running]> on host aa30302fbfc5
[2026-04-23T08:13:21.204+0000] {taskinstance.py:3131} INFO - Exporting env vars: AIRFLOW_CTX_DAG_OWNER='***' AIRFLOW_CTX_DAG_ID='BuildELT_dbt' AIRFLOW_CTX_TASK_ID='dbt_snapshot' AIRFLOW_CTX_EXECUTION_DATE='2026-04-23T08:12:49.862131+00:00' AIRFLOW_CTX_TRY_NUMBER='1' AIRFLOW_CTX_DAG_RUN_ID='manual__2026-04-23T08:12:49.862131+00:00'
[2026-04-23T08:13:21.205+0000] {taskinstance.py:731} INFO - ::endgroup::
[2026-04-23T08:13:21.221+0000] {subprocess.py:63} INFO - Tmp dir root location: /tmp
[2026-04-23T08:13:21.222+0000] {subprocess.py:75} INFO - Running command: ['/usr/bin/bash', '-c', '/home/***/.local/bin/dbt snapshot --profiles-dir /opt/***/dbt --project-dir /opt/***/dbt']
[2026-04-23T08:13:21.235+0000] {subprocess.py:86} INFO - Output:
[2026-04-23T08:13:23.232+0000] {subprocess.py:93} INFO - [0m08:13:23  Running with dbt=1.8.7
[2026-04-23T08:13:24.225+0000] {subprocess.py:93} INFO - [0m08:13:24  Registered adapter: snowflake=1.8.1
[2026-04-23T08:13:24.782+0000] {subprocess.py:93} INFO - [0m08:13:24  Found 5 models, 5 data tests, 4 snapshots, 5 sources, 454 macros
[2026-04-23T08:13:24.784+0000] {subprocess.py:93} INFO - [0m08:13:24
[2026-04-23T08:13:26.478+0000] {subprocess.py:93} INFO - [0m08:13:26  Concurrency: 1 threads (target='dev')
[2026-04-23T08:13:26.478+0000] {subprocess.py:93} INFO - [0m08:13:26
[2026-04-23T08:13:26.496+0000] {subprocess.py:93} INFO - [0m08:13:26  1 of 4 START snapshot snapshot.snapshot_average_temps .......................... [RUN]
[2026-04-23T08:13:29.065+0000] {subprocess.py:93} INFO - [0m08:13:29  1 of 4 OK snapshotted snapshot.snapshot_average_temps .......................... [[32mSUCCESS 1[0m in 2.57s]
[2026-04-23T08:13:29.067+0000] {subprocess.py:93} INFO - [0m08:13:29  2 of 4 START snapshot snapshot.snapshot_percent_rainy_days_monthly ............. [RUN]
[2026-04-23T08:13:32.095+0000] {subprocess.py:93} INFO - [0m08:13:32  2 of 4 OK snapshotted snapshot.snapshot_percent_rainy_days_monthly ............. [[32mSUCCESS 1[0m in 3.03s]
[2026-04-23T08:13:32.098+0000] {subprocess.py:93} INFO - [0m08:13:32  3 of 4 START snapshot snapshot.snapshot_weather_code_distribution .............. [RUN]
[2026-04-23T08:13:35.284+0000] {subprocess.py:93} INFO - [0m08:13:35  3 of 4 OK snapshotted snapshot.snapshot_weather_code_distribution .............. [[32mSUCCESS 1[0m in 3.18s]
[2026-04-23T08:13:35.286+0000] {subprocess.py:93} INFO - [0m08:13:35  4 of 4 START snapshot snapshot.snapshot_weather_weekly_precipitation ........... [RUN]
[2026-04-23T08:13:39.695+0000] {subprocess.py:93} INFO - [0m08:13:39  4 of 4 OK snapshotted snapshot.snapshot_weather_weekly_precipitation ........... [[32mSUCCESS 1[0m in 4.41s]
[2026-04-23T08:13:39.699+0000] {subprocess.py:93} INFO - [0m08:13:39
[2026-04-23T08:13:39.700+0000] {subprocess.py:93} INFO - [0m08:13:39  Finished running 4 snapshots in 0 hours 0 minutes and 14.91 seconds (14.91s).
[2026-04-23T08:13:39.751+0000] {subprocess.py:93} INFO - [0m08:13:39
[2026-04-23T08:13:39.751+0000] {subprocess.py:93} INFO - [0m08:13:39  [32mCompleted successfully[0m
[2026-04-23T08:13:39.752+0000] {subprocess.py:93} INFO - [0m08:13:39
[2026-04-23T08:13:39.753+0000] {subprocess.py:93} INFO - [0m08:13:39  Done. PASS=4 WARN=0 ERROR=0 SKIP=0 TOTAL=4
[2026-04-23T08:13:40.508+0000] {subprocess.py:97} INFO - Command exited with return code 0
[2026-04-23T08:13:40.548+0000] {taskinstance.py:340} INFO - ::group::Post task execution logs
[2026-04-23T08:13:40.549+0000] {taskinstance.py:352} INFO - Marking task as SUCCESS. dag_id=BuildELT_dbt, task_id=dbt_snapshot, run_id=manual__2026-04-23T08:12:49.862131+00:00, execution_date=20260423T081249, start_date=20260423T081321, end_date=20260423T081340
[2026-04-23T08:13:40.577+0000] {local_task_job_runner.py:266} INFO - Task exited with return code 0
[2026-04-23T08:13:40.593+0000] {taskinstance.py:3900} INFO - 0 downstream tasks scheduled from follow-on schedule check
[2026-04-23T08:13:40.595+0000] {local_task_job_runner.py:245} INFO - ::endgroup::
