[2026-04-28T02:45:38.577+0000] {processor.py:186} INFO - Started process (PID=4350) to work on /opt/airflow/dags/226 - lab 1 - ML Forcast.py
[2026-04-28T02:45:38.578+0000] {processor.py:914} INFO - Processing file /opt/airflow/dags/226 - lab 1 - ML Forcast.py for tasks to queue
[2026-04-28T02:45:38.582+0000] {logging_mixin.py:190} INFO - [2026-04-28T02:45:38.581+0000] {dagbag.py:587} INFO - Filling up the DagBag from /opt/airflow/dags/226 - lab 1 - ML Forcast.py
[2026-04-28T02:45:38.606+0000] {processor.py:925} INFO - DAG(s) 'ML_forecast' retrieved from /opt/airflow/dags/226 - lab 1 - ML Forcast.py
[2026-04-28T02:45:38.637+0000] {logging_mixin.py:190} INFO - [2026-04-28T02:45:38.636+0000] {dag.py:3229} INFO - Sync 1 DAGs
[2026-04-28T02:45:38.662+0000] {logging_mixin.py:190} INFO - [2026-04-28T02:45:38.662+0000] {dag.py:4156} INFO - Setting next_dagrun for ML_forecast to 2026-04-26 07:30:00+00:00, run_after=2026-04-27 07:30:00+00:00
[2026-04-28T02:45:38.681+0000] {processor.py:208} INFO - Processing /opt/airflow/dags/226 - lab 1 - ML Forcast.py took 0.111 seconds
[2026-04-28T02:46:09.125+0000] {processor.py:186} INFO - Started process (PID=4407) to work on /opt/airflow/dags/226 - lab 1 - ML Forcast.py
[2026-04-28T02:46:09.126+0000] {processor.py:914} INFO - Processing file /opt/airflow/dags/226 - lab 1 - ML Forcast.py for tasks to queue
[2026-04-28T02:46:09.128+0000] {logging_mixin.py:190} INFO - [2026-04-28T02:46:09.128+0000] {dagbag.py:587} INFO - Filling up the DagBag from /opt/airflow/dags/226 - lab 1 - ML Forcast.py
[2026-04-28T02:46:09.150+0000] {processor.py:925} INFO - DAG(s) 'ML_forecast' retrieved from /opt/airflow/dags/226 - lab 1 - ML Forcast.py
[2026-04-28T02:46:09.204+0000] {logging_mixin.py:190} INFO - [2026-04-28T02:46:09.203+0000] {dag.py:3229} INFO - Sync 1 DAGs
[2026-04-28T02:46:09.230+0000] {logging_mixin.py:190} INFO - [2026-04-28T02:46:09.230+0000] {dag.py:4156} INFO - Setting next_dagrun for ML_forecast to 2026-04-26 07:30:00+00:00, run_after=2026-04-27 07:30:00+00:00
[2026-04-28T02:46:09.254+0000] {processor.py:208} INFO - Processing /opt/airflow/dags/226 - lab 1 - ML Forcast.py took 0.136 seconds
[2026-04-28T02:46:39.566+0000] {processor.py:186} INFO - Started process (PID=4480) to work on /opt/airflow/dags/226 - lab 1 - ML Forcast.py
[2026-04-28T02:46:39.568+0000] {processor.py:914} INFO - Processing file /opt/airflow/dags/226 - lab 1 - ML Forcast.py for tasks to queue
[2026-04-28T02:46:39.571+0000] {logging_mixin.py:190} INFO - [2026-04-28T02:46:39.571+0000] {dagbag.py:587} INFO - Filling up the DagBag from /opt/airflow/dags/226 - lab 1 - ML Forcast.py
[2026-04-28T02:46:39.598+0000] {processor.py:925} INFO - DAG(s) 'ML_forecast' retrieved from /opt/airflow/dags/226 - lab 1 - ML Forcast.py
[2026-04-28T02:46:37.309+0000] {logging_mixin.py:190} INFO - [2026-04-28T02:46:37.308+0000] {dag.py:3229} INFO - Sync 1 DAGs
[2026-04-28T02:46:37.335+0000] {logging_mixin.py:190} INFO - [2026-04-28T02:46:37.335+0000] {dag.py:4156} INFO - Setting next_dagrun for ML_forecast to 2026-04-26 07:30:00+00:00, run_after=2026-04-27 07:30:00+00:00
[2026-04-28T02:46:37.354+0000] {processor.py:208} INFO - Processing /opt/airflow/dags/226 - lab 1 - ML Forcast.py took 0.122 seconds
[2026-04-28T02:47:07.852+0000] {processor.py:186} INFO - Started process (PID=4539) to work on /opt/airflow/dags/226 - lab 1 - ML Forcast.py
[2026-04-28T02:47:07.853+0000] {processor.py:914} INFO - Processing file /opt/airflow/dags/226 - lab 1 - ML Forcast.py for tasks to queue
[2026-04-28T02:47:07.856+0000] {logging_mixin.py:190} INFO - [2026-04-28T02:47:07.856+0000] {dagbag.py:587} INFO - Filling up the DagBag from /opt/airflow/dags/226 - lab 1 - ML Forcast.py
[2026-04-28T02:47:07.877+0000] {processor.py:925} INFO - DAG(s) 'ML_forecast' retrieved from /opt/airflow/dags/226 - lab 1 - ML Forcast.py
[2026-04-28T02:47:07.906+0000] {logging_mixin.py:190} INFO - [2026-04-28T02:47:07.905+0000] {dag.py:3229} INFO - Sync 1 DAGs
[2026-04-28T02:47:07.929+0000] {logging_mixin.py:190} INFO - [2026-04-28T02:47:07.929+0000] {dag.py:4156} INFO - Setting next_dagrun for ML_forecast to 2026-04-26 07:30:00+00:00, run_after=2026-04-27 07:30:00+00:00
[2026-04-28T02:47:07.949+0000] {processor.py:208} INFO - Processing /opt/airflow/dags/226 - lab 1 - ML Forcast.py took 0.103 seconds
[2026-04-28T02:47:38.085+0000] {processor.py:186} INFO - Started process (PID=4615) to work on /opt/airflow/dags/226 - lab 1 - ML Forcast.py
[2026-04-28T02:47:38.086+0000] {processor.py:914} INFO - Processing file /opt/airflow/dags/226 - lab 1 - ML Forcast.py for tasks to queue
[2026-04-28T02:47:38.089+0000] {logging_mixin.py:190} INFO - [2026-04-28T02:47:38.088+0000] {dagbag.py:587} INFO - Filling up the DagBag from /opt/airflow/dags/226 - lab 1 - ML Forcast.py
[2026-04-28T02:47:38.110+0000] {processor.py:925} INFO - DAG(s) 'ML_forecast' retrieved from /opt/airflow/dags/226 - lab 1 - ML Forcast.py
[2026-04-28T02:47:38.141+0000] {logging_mixin.py:190} INFO - [2026-04-28T02:47:38.140+0000] {dag.py:3229} INFO - Sync 1 DAGs
[2026-04-28T02:47:38.166+0000] {logging_mixin.py:190} INFO - [2026-04-28T02:47:38.165+0000] {dag.py:4156} INFO - Setting next_dagrun for ML_forecast to 2026-04-26 07:30:00+00:00, run_after=2026-04-27 07:30:00+00:00
[2026-04-28T02:47:38.197+0000] {processor.py:208} INFO - Processing /opt/airflow/dags/226 - lab 1 - ML Forcast.py took 0.117 seconds
[2026-04-28T02:48:09.096+0000] {processor.py:186} INFO - Started process (PID=4693) to work on /opt/airflow/dags/226 - lab 1 - ML Forcast.py
[2026-04-28T02:48:09.097+0000] {processor.py:914} INFO - Processing file /opt/airflow/dags/226 - lab 1 - ML Forcast.py for tasks to queue
[2026-04-28T02:48:09.100+0000] {logging_mixin.py:190} INFO - [2026-04-28T02:48:09.100+0000] {dagbag.py:587} INFO - Filling up the DagBag from /opt/airflow/dags/226 - lab 1 - ML Forcast.py
[2026-04-28T02:48:09.122+0000] {processor.py:925} INFO - DAG(s) 'ML_forecast' retrieved from /opt/airflow/dags/226 - lab 1 - ML Forcast.py
[2026-04-28T02:48:09.152+0000] {logging_mixin.py:190} INFO - [2026-04-28T02:48:09.151+0000] {dag.py:3229} INFO - Sync 1 DAGs
[2026-04-28T02:48:09.174+0000] {logging_mixin.py:190} INFO - [2026-04-28T02:48:09.174+0000] {dag.py:4156} INFO - Setting next_dagrun for ML_forecast to 2026-04-26 07:30:00+00:00, run_after=2026-04-27 07:30:00+00:00
[2026-04-28T02:48:09.204+0000] {processor.py:208} INFO - Processing /opt/airflow/dags/226 - lab 1 - ML Forcast.py took 0.114 seconds
[2026-04-28T02:48:39.384+0000] {processor.py:186} INFO - Started process (PID=4767) to work on /opt/airflow/dags/226 - lab 1 - ML Forcast.py
[2026-04-28T02:48:39.385+0000] {processor.py:914} INFO - Processing file /opt/airflow/dags/226 - lab 1 - ML Forcast.py for tasks to queue
[2026-04-28T02:48:39.388+0000] {logging_mixin.py:190} INFO - [2026-04-28T02:48:39.388+0000] {dagbag.py:587} INFO - Filling up the DagBag from /opt/airflow/dags/226 - lab 1 - ML Forcast.py
[2026-04-28T02:48:39.409+0000] {processor.py:925} INFO - DAG(s) 'ML_forecast' retrieved from /opt/airflow/dags/226 - lab 1 - ML Forcast.py
[2026-04-28T02:48:39.439+0000] {logging_mixin.py:190} INFO - [2026-04-28T02:48:39.438+0000] {dag.py:3229} INFO - Sync 1 DAGs
[2026-04-28T02:48:39.463+0000] {logging_mixin.py:190} INFO - [2026-04-28T02:48:39.463+0000] {dag.py:4156} INFO - Setting next_dagrun for ML_forecast to 2026-04-26 07:30:00+00:00, run_after=2026-04-27 07:30:00+00:00
[2026-04-28T02:48:39.498+0000] {processor.py:208} INFO - Processing /opt/airflow/dags/226 - lab 1 - ML Forcast.py took 0.120 seconds
[2026-04-28T02:49:13.977+0000] {processor.py:186} INFO - Started process (PID=4840) to work on /opt/airflow/dags/226 - lab 1 - ML Forcast.py
[2026-04-28T02:49:13.978+0000] {processor.py:914} INFO - Processing file /opt/airflow/dags/226 - lab 1 - ML Forcast.py for tasks to queue
[2026-04-28T02:49:13.980+0000] {logging_mixin.py:190} INFO - [2026-04-28T02:49:13.980+0000] {dagbag.py:587} INFO - Filling up the DagBag from /opt/airflow/dags/226 - lab 1 - ML Forcast.py
[2026-04-28T02:49:13.999+0000] {processor.py:925} INFO - DAG(s) 'ML_forecast' retrieved from /opt/airflow/dags/226 - lab 1 - ML Forcast.py
[2026-04-28T02:49:14.024+0000] {logging_mixin.py:190} INFO - [2026-04-28T02:49:14.023+0000] {dag.py:3229} INFO - Sync 1 DAGs
[2026-04-28T02:49:14.044+0000] {logging_mixin.py:190} INFO - [2026-04-28T02:49:14.043+0000] {dag.py:4156} INFO - Setting next_dagrun for ML_forecast to 2026-04-26 07:30:00+00:00, run_after=2026-04-27 07:30:00+00:00
[2026-04-28T02:49:14.060+0000] {processor.py:208} INFO - Processing /opt/airflow/dags/226 - lab 1 - ML Forcast.py took 0.088 seconds
[2026-04-28T02:49:58.559+0000] {processor.py:186} INFO - Started process (PID=4920) to work on /opt/airflow/dags/226 - lab 1 - ML Forcast.py
[2026-04-28T02:49:58.560+0000] {processor.py:914} INFO - Processing file /opt/airflow/dags/226 - lab 1 - ML Forcast.py for tasks to queue
[2026-04-28T02:49:58.561+0000] {logging_mixin.py:190} INFO - [2026-04-28T02:49:58.561+0000] {dagbag.py:587} INFO - Filling up the DagBag from /opt/airflow/dags/226 - lab 1 - ML Forcast.py
[2026-04-28T02:49:58.581+0000] {processor.py:925} INFO - DAG(s) 'ML_forecast' retrieved from /opt/airflow/dags/226 - lab 1 - ML Forcast.py
[2026-04-28T02:49:58.607+0000] {logging_mixin.py:190} INFO - [2026-04-28T02:49:58.607+0000] {dag.py:3229} INFO - Sync 1 DAGs
[2026-04-28T02:49:58.629+0000] {logging_mixin.py:190} INFO - [2026-04-28T02:49:58.629+0000] {dag.py:4156} INFO - Setting next_dagrun for ML_forecast to 2026-04-26 07:30:00+00:00, run_after=2026-04-27 07:30:00+00:00
[2026-04-28T02:49:58.647+0000] {processor.py:208} INFO - Processing /opt/airflow/dags/226 - lab 1 - ML Forcast.py took 0.094 seconds
[2026-04-28T02:50:41.754+0000] {processor.py:186} INFO - Started process (PID=4977) to work on /opt/airflow/dags/226 - lab 1 - ML Forcast.py
[2026-04-28T02:50:41.755+0000] {processor.py:914} INFO - Processing file /opt/airflow/dags/226 - lab 1 - ML Forcast.py for tasks to queue
[2026-04-28T02:50:41.756+0000] {logging_mixin.py:190} INFO - [2026-04-28T02:50:41.756+0000] {dagbag.py:587} INFO - Filling up the DagBag from /opt/airflow/dags/226 - lab 1 - ML Forcast.py
[2026-04-28T02:50:41.777+0000] {processor.py:925} INFO - DAG(s) 'ML_forecast' retrieved from /opt/airflow/dags/226 - lab 1 - ML Forcast.py
[2026-04-28T02:50:41.804+0000] {logging_mixin.py:190} INFO - [2026-04-28T02:50:41.804+0000] {dag.py:3229} INFO - Sync 1 DAGs
[2026-04-28T02:50:41.826+0000] {logging_mixin.py:190} INFO - [2026-04-28T02:50:41.826+0000] {dag.py:4156} INFO - Setting next_dagrun for ML_forecast to 2026-04-26 07:30:00+00:00, run_after=2026-04-27 07:30:00+00:00
[2026-04-28T02:50:41.841+0000] {processor.py:208} INFO - Processing /opt/airflow/dags/226 - lab 1 - ML Forcast.py took 0.093 seconds
[2026-04-28T02:51:12.147+0000] {processor.py:186} INFO - Started process (PID=5050) to work on /opt/airflow/dags/226 - lab 1 - ML Forcast.py
[2026-04-28T02:51:12.148+0000] {processor.py:914} INFO - Processing file /opt/airflow/dags/226 - lab 1 - ML Forcast.py for tasks to queue
[2026-04-28T02:51:12.149+0000] {logging_mixin.py:190} INFO - [2026-04-28T02:51:12.149+0000] {dagbag.py:587} INFO - Filling up the DagBag from /opt/airflow/dags/226 - lab 1 - ML Forcast.py
[2026-04-28T02:51:12.167+0000] {processor.py:925} INFO - DAG(s) 'ML_forecast' retrieved from /opt/airflow/dags/226 - lab 1 - ML Forcast.py
[2026-04-28T02:51:12.193+0000] {logging_mixin.py:190} INFO - [2026-04-28T02:51:12.192+0000] {dag.py:3229} INFO - Sync 1 DAGs
[2026-04-28T02:51:12.387+0000] {logging_mixin.py:190} INFO - [2026-04-28T02:51:12.387+0000] {dag.py:4156} INFO - Setting next_dagrun for ML_forecast to 2026-04-26 07:30:00+00:00, run_after=2026-04-27 07:30:00+00:00
[2026-04-28T02:51:12.405+0000] {processor.py:208} INFO - Processing /opt/airflow/dags/226 - lab 1 - ML Forcast.py took 0.264 seconds
[2026-04-28T02:51:43.078+0000] {processor.py:186} INFO - Started process (PID=5123) to work on /opt/airflow/dags/226 - lab 1 - ML Forcast.py
[2026-04-28T02:51:43.079+0000] {processor.py:914} INFO - Processing file /opt/airflow/dags/226 - lab 1 - ML Forcast.py for tasks to queue
[2026-04-28T02:51:43.080+0000] {logging_mixin.py:190} INFO - [2026-04-28T02:51:43.079+0000] {dagbag.py:587} INFO - Filling up the DagBag from /opt/airflow/dags/226 - lab 1 - ML Forcast.py
[2026-04-28T02:51:43.098+0000] {processor.py:925} INFO - DAG(s) 'ML_forecast' retrieved from /opt/airflow/dags/226 - lab 1 - ML Forcast.py
[2026-04-28T02:51:43.122+0000] {logging_mixin.py:190} INFO - [2026-04-28T02:51:43.122+0000] {dag.py:3229} INFO - Sync 1 DAGs
[2026-04-28T02:51:43.144+0000] {logging_mixin.py:190} INFO - [2026-04-28T02:51:43.144+0000] {dag.py:4156} INFO - Setting next_dagrun for ML_forecast to 2026-04-26 07:30:00+00:00, run_after=2026-04-27 07:30:00+00:00
[2026-04-28T02:51:43.161+0000] {processor.py:208} INFO - Processing /opt/airflow/dags/226 - lab 1 - ML Forcast.py took 0.089 seconds
[2026-04-28T02:52:13.672+0000] {processor.py:186} INFO - Started process (PID=5201) to work on /opt/airflow/dags/226 - lab 1 - ML Forcast.py
[2026-04-28T02:52:13.673+0000] {processor.py:914} INFO - Processing file /opt/airflow/dags/226 - lab 1 - ML Forcast.py for tasks to queue
[2026-04-28T02:52:13.674+0000] {logging_mixin.py:190} INFO - [2026-04-28T02:52:13.674+0000] {dagbag.py:587} INFO - Filling up the DagBag from /opt/airflow/dags/226 - lab 1 - ML Forcast.py
[2026-04-28T02:52:13.694+0000] {processor.py:925} INFO - DAG(s) 'ML_forecast' retrieved from /opt/airflow/dags/226 - lab 1 - ML Forcast.py
[2026-04-28T02:52:13.721+0000] {logging_mixin.py:190} INFO - [2026-04-28T02:52:13.721+0000] {dag.py:3229} INFO - Sync 1 DAGs
[2026-04-28T02:52:13.746+0000] {logging_mixin.py:190} INFO - [2026-04-28T02:52:13.746+0000] {dag.py:4156} INFO - Setting next_dagrun for ML_forecast to 2026-04-26 07:30:00+00:00, run_after=2026-04-27 07:30:00+00:00
[2026-04-28T02:52:13.766+0000] {processor.py:208} INFO - Processing /opt/airflow/dags/226 - lab 1 - ML Forcast.py took 0.100 seconds
[2026-04-28T02:52:43.921+0000] {processor.py:186} INFO - Started process (PID=5276) to work on /opt/airflow/dags/226 - lab 1 - ML Forcast.py
[2026-04-28T02:52:43.922+0000] {processor.py:914} INFO - Processing file /opt/airflow/dags/226 - lab 1 - ML Forcast.py for tasks to queue
[2026-04-28T02:52:43.924+0000] {logging_mixin.py:190} INFO - [2026-04-28T02:52:43.923+0000] {dagbag.py:587} INFO - Filling up the DagBag from /opt/airflow/dags/226 - lab 1 - ML Forcast.py
[2026-04-28T02:52:43.944+0000] {processor.py:925} INFO - DAG(s) 'ML_forecast' retrieved from /opt/airflow/dags/226 - lab 1 - ML Forcast.py
[2026-04-28T02:52:43.972+0000] {logging_mixin.py:190} INFO - [2026-04-28T02:52:43.972+0000] {dag.py:3229} INFO - Sync 1 DAGs
[2026-04-28T02:52:43.995+0000] {logging_mixin.py:190} INFO - [2026-04-28T02:52:43.995+0000] {dag.py:4156} INFO - Setting next_dagrun for ML_forecast to 2026-04-26 07:30:00+00:00, run_after=2026-04-27 07:30:00+00:00
[2026-04-28T02:52:44.014+0000] {processor.py:208} INFO - Processing /opt/airflow/dags/226 - lab 1 - ML Forcast.py took 0.099 seconds
[2026-04-28T02:53:14.512+0000] {processor.py:186} INFO - Started process (PID=5358) to work on /opt/airflow/dags/226 - lab 1 - ML Forcast.py
[2026-04-28T02:53:14.513+0000] {processor.py:914} INFO - Processing file /opt/airflow/dags/226 - lab 1 - ML Forcast.py for tasks to queue
[2026-04-28T02:53:14.515+0000] {logging_mixin.py:190} INFO - [2026-04-28T02:53:14.514+0000] {dagbag.py:587} INFO - Filling up the DagBag from /opt/airflow/dags/226 - lab 1 - ML Forcast.py
[2026-04-28T02:53:14.534+0000] {processor.py:925} INFO - DAG(s) 'ML_forecast' retrieved from /opt/airflow/dags/226 - lab 1 - ML Forcast.py
[2026-04-28T02:53:14.563+0000] {logging_mixin.py:190} INFO - [2026-04-28T02:53:14.563+0000] {dag.py:3229} INFO - Sync 1 DAGs
[2026-04-28T02:53:14.848+0000] {logging_mixin.py:190} INFO - [2026-04-28T02:53:14.847+0000] {dag.py:4156} INFO - Setting next_dagrun for ML_forecast to 2026-04-26 07:30:00+00:00, run_after=2026-04-27 07:30:00+00:00
[2026-04-28T02:53:14.866+0000] {processor.py:208} INFO - Processing /opt/airflow/dags/226 - lab 1 - ML Forcast.py took 0.360 seconds
[2026-04-28T02:53:45.013+0000] {processor.py:186} INFO - Started process (PID=5436) to work on /opt/airflow/dags/226 - lab 1 - ML Forcast.py
[2026-04-28T02:53:45.014+0000] {processor.py:914} INFO - Processing file /opt/airflow/dags/226 - lab 1 - ML Forcast.py for tasks to queue
[2026-04-28T02:53:45.015+0000] {logging_mixin.py:190} INFO - [2026-04-28T02:53:45.015+0000] {dagbag.py:587} INFO - Filling up the DagBag from /opt/airflow/dags/226 - lab 1 - ML Forcast.py
[2026-04-28T02:53:45.035+0000] {processor.py:925} INFO - DAG(s) 'ML_forecast' retrieved from /opt/airflow/dags/226 - lab 1 - ML Forcast.py
[2026-04-28T02:53:45.060+0000] {logging_mixin.py:190} INFO - [2026-04-28T02:53:45.060+0000] {dag.py:3229} INFO - Sync 1 DAGs
[2026-04-28T02:53:45.081+0000] {logging_mixin.py:190} INFO - [2026-04-28T02:53:45.081+0000] {dag.py:4156} INFO - Setting next_dagrun for ML_forecast to 2026-04-26 07:30:00+00:00, run_after=2026-04-27 07:30:00+00:00
[2026-04-28T02:53:45.098+0000] {processor.py:208} INFO - Processing /opt/airflow/dags/226 - lab 1 - ML Forcast.py took 0.090 seconds
[2026-04-28T02:54:15.714+0000] {processor.py:186} INFO - Started process (PID=5504) to work on /opt/airflow/dags/226 - lab 1 - ML Forcast.py
[2026-04-28T02:54:15.715+0000] {processor.py:914} INFO - Processing file /opt/airflow/dags/226 - lab 1 - ML Forcast.py for tasks to queue
[2026-04-28T02:54:15.716+0000] {logging_mixin.py:190} INFO - [2026-04-28T02:54:15.716+0000] {dagbag.py:587} INFO - Filling up the DagBag from /opt/airflow/dags/226 - lab 1 - ML Forcast.py
[2026-04-28T02:54:15.736+0000] {processor.py:925} INFO - DAG(s) 'ML_forecast' retrieved from /opt/airflow/dags/226 - lab 1 - ML Forcast.py
[2026-04-28T02:54:15.763+0000] {logging_mixin.py:190} INFO - [2026-04-28T02:54:15.763+0000] {dag.py:3229} INFO - Sync 1 DAGs
[2026-04-28T02:54:15.967+0000] {logging_mixin.py:190} INFO - [2026-04-28T02:54:15.967+0000] {dag.py:4156} INFO - Setting next_dagrun for ML_forecast to 2026-04-26 07:30:00+00:00, run_after=2026-04-27 07:30:00+00:00
[2026-04-28T02:54:15.983+0000] {processor.py:208} INFO - Processing /opt/airflow/dags/226 - lab 1 - ML Forcast.py took 0.275 seconds
[2026-04-28T02:54:46.895+0000] {processor.py:186} INFO - Started process (PID=5577) to work on /opt/airflow/dags/226 - lab 1 - ML Forcast.py
[2026-04-28T02:54:46.896+0000] {processor.py:914} INFO - Processing file /opt/airflow/dags/226 - lab 1 - ML Forcast.py for tasks to queue
[2026-04-28T02:54:46.897+0000] {logging_mixin.py:190} INFO - [2026-04-28T02:54:46.897+0000] {dagbag.py:587} INFO - Filling up the DagBag from /opt/airflow/dags/226 - lab 1 - ML Forcast.py
[2026-04-28T02:54:46.917+0000] {processor.py:925} INFO - DAG(s) 'ML_forecast' retrieved from /opt/airflow/dags/226 - lab 1 - ML Forcast.py
[2026-04-28T02:54:46.942+0000] {logging_mixin.py:190} INFO - [2026-04-28T02:54:46.942+0000] {dag.py:3229} INFO - Sync 1 DAGs
[2026-04-28T02:54:46.963+0000] {logging_mixin.py:190} INFO - [2026-04-28T02:54:46.963+0000] {dag.py:4156} INFO - Setting next_dagrun for ML_forecast to 2026-04-26 07:30:00+00:00, run_after=2026-04-27 07:30:00+00:00
[2026-04-28T02:54:46.992+0000] {processor.py:208} INFO - Processing /opt/airflow/dags/226 - lab 1 - ML Forcast.py took 0.102 seconds
[2026-04-28T02:55:24.770+0000] {processor.py:186} INFO - Started process (PID=5660) to work on /opt/airflow/dags/226 - lab 1 - ML Forcast.py
[2026-04-28T02:55:24.771+0000] {processor.py:914} INFO - Processing file /opt/airflow/dags/226 - lab 1 - ML Forcast.py for tasks to queue
[2026-04-28T02:55:24.772+0000] {logging_mixin.py:190} INFO - [2026-04-28T02:55:24.772+0000] {dagbag.py:587} INFO - Filling up the DagBag from /opt/airflow/dags/226 - lab 1 - ML Forcast.py
[2026-04-28T02:55:24.792+0000] {processor.py:925} INFO - DAG(s) 'ML_forecast' retrieved from /opt/airflow/dags/226 - lab 1 - ML Forcast.py
[2026-04-28T02:55:24.818+0000] {logging_mixin.py:190} INFO - [2026-04-28T02:55:24.818+0000] {dag.py:3229} INFO - Sync 1 DAGs
[2026-04-28T02:55:24.840+0000] {logging_mixin.py:190} INFO - [2026-04-28T02:55:24.840+0000] {dag.py:4156} INFO - Setting next_dagrun for ML_forecast to 2026-04-26 07:30:00+00:00, run_after=2026-04-27 07:30:00+00:00
[2026-04-28T02:55:24.869+0000] {processor.py:208} INFO - Processing /opt/airflow/dags/226 - lab 1 - ML Forcast.py took 0.105 seconds
[2026-04-28T02:55:55.607+0000] {processor.py:186} INFO - Started process (PID=5733) to work on /opt/airflow/dags/226 - lab 1 - ML Forcast.py
[2026-04-28T02:55:55.608+0000] {processor.py:914} INFO - Processing file /opt/airflow/dags/226 - lab 1 - ML Forcast.py for tasks to queue
[2026-04-28T02:55:55.610+0000] {logging_mixin.py:190} INFO - [2026-04-28T02:55:55.609+0000] {dagbag.py:587} INFO - Filling up the DagBag from /opt/airflow/dags/226 - lab 1 - ML Forcast.py
[2026-04-28T02:55:55.634+0000] {processor.py:925} INFO - DAG(s) 'ML_forecast' retrieved from /opt/airflow/dags/226 - lab 1 - ML Forcast.py
[2026-04-28T02:55:55.666+0000] {logging_mixin.py:190} INFO - [2026-04-28T02:55:55.665+0000] {dag.py:3229} INFO - Sync 1 DAGs
[2026-04-28T02:55:55.689+0000] {logging_mixin.py:190} INFO - [2026-04-28T02:55:55.688+0000] {dag.py:4156} INFO - Setting next_dagrun for ML_forecast to 2026-04-26 07:30:00+00:00, run_after=2026-04-27 07:30:00+00:00
[2026-04-28T02:55:55.706+0000] {processor.py:208} INFO - Processing /opt/airflow/dags/226 - lab 1 - ML Forcast.py took 0.106 seconds
[2026-04-28T02:56:26.427+0000] {processor.py:186} INFO - Started process (PID=5795) to work on /opt/airflow/dags/226 - lab 1 - ML Forcast.py
[2026-04-28T02:56:26.428+0000] {processor.py:914} INFO - Processing file /opt/airflow/dags/226 - lab 1 - ML Forcast.py for tasks to queue
[2026-04-28T02:56:26.429+0000] {logging_mixin.py:190} INFO - [2026-04-28T02:56:26.429+0000] {dagbag.py:587} INFO - Filling up the DagBag from /opt/airflow/dags/226 - lab 1 - ML Forcast.py
[2026-04-28T02:56:26.448+0000] {processor.py:925} INFO - DAG(s) 'ML_forecast' retrieved from /opt/airflow/dags/226 - lab 1 - ML Forcast.py
[2026-04-28T02:56:26.474+0000] {logging_mixin.py:190} INFO - [2026-04-28T02:56:26.474+0000] {dag.py:3229} INFO - Sync 1 DAGs
[2026-04-28T02:56:26.496+0000] {logging_mixin.py:190} INFO - [2026-04-28T02:56:26.496+0000] {dag.py:4156} INFO - Setting next_dagrun for ML_forecast to 2026-04-26 07:30:00+00:00, run_after=2026-04-27 07:30:00+00:00
[2026-04-28T02:56:26.525+0000] {processor.py:208} INFO - Processing /opt/airflow/dags/226 - lab 1 - ML Forcast.py took 0.104 seconds
[2026-04-28T02:56:57.139+0000] {processor.py:186} INFO - Started process (PID=5870) to work on /opt/airflow/dags/226 - lab 1 - ML Forcast.py
[2026-04-28T02:56:57.140+0000] {processor.py:914} INFO - Processing file /opt/airflow/dags/226 - lab 1 - ML Forcast.py for tasks to queue
[2026-04-28T02:56:57.141+0000] {logging_mixin.py:190} INFO - [2026-04-28T02:56:57.141+0000] {dagbag.py:587} INFO - Filling up the DagBag from /opt/airflow/dags/226 - lab 1 - ML Forcast.py
[2026-04-28T02:56:57.160+0000] {processor.py:925} INFO - DAG(s) 'ML_forecast' retrieved from /opt/airflow/dags/226 - lab 1 - ML Forcast.py
[2026-04-28T02:56:57.187+0000] {logging_mixin.py:190} INFO - [2026-04-28T02:56:57.186+0000] {dag.py:3229} INFO - Sync 1 DAGs
[2026-04-28T02:56:57.208+0000] {logging_mixin.py:190} INFO - [2026-04-28T02:56:57.208+0000] {dag.py:4156} INFO - Setting next_dagrun for ML_forecast to 2026-04-26 07:30:00+00:00, run_after=2026-04-27 07:30:00+00:00
[2026-04-28T02:56:57.238+0000] {processor.py:208} INFO - Processing /opt/airflow/dags/226 - lab 1 - ML Forcast.py took 0.105 seconds
[2026-04-28T02:57:27.490+0000] {processor.py:186} INFO - Started process (PID=5948) to work on /opt/airflow/dags/226 - lab 1 - ML Forcast.py
[2026-04-28T02:57:27.491+0000] {processor.py:914} INFO - Processing file /opt/airflow/dags/226 - lab 1 - ML Forcast.py for tasks to queue
[2026-04-28T02:57:27.492+0000] {logging_mixin.py:190} INFO - [2026-04-28T02:57:27.492+0000] {dagbag.py:587} INFO - Filling up the DagBag from /opt/airflow/dags/226 - lab 1 - ML Forcast.py
[2026-04-28T02:57:27.512+0000] {processor.py:925} INFO - DAG(s) 'ML_forecast' retrieved from /opt/airflow/dags/226 - lab 1 - ML Forcast.py
[2026-04-28T02:57:27.540+0000] {logging_mixin.py:190} INFO - [2026-04-28T02:57:27.540+0000] {dag.py:3229} INFO - Sync 1 DAGs
[2026-04-28T02:57:27.563+0000] {logging_mixin.py:190} INFO - [2026-04-28T02:57:27.563+0000] {dag.py:4156} INFO - Setting next_dagrun for ML_forecast to 2026-04-26 07:30:00+00:00, run_after=2026-04-27 07:30:00+00:00
[2026-04-28T02:57:27.590+0000] {processor.py:208} INFO - Processing /opt/airflow/dags/226 - lab 1 - ML Forcast.py took 0.105 seconds
[2026-04-28T02:57:57.673+0000] {processor.py:186} INFO - Started process (PID=6021) to work on /opt/airflow/dags/226 - lab 1 - ML Forcast.py
[2026-04-28T02:57:57.674+0000] {processor.py:914} INFO - Processing file /opt/airflow/dags/226 - lab 1 - ML Forcast.py for tasks to queue
[2026-04-28T02:57:57.676+0000] {logging_mixin.py:190} INFO - [2026-04-28T02:57:57.675+0000] {dagbag.py:587} INFO - Filling up the DagBag from /opt/airflow/dags/226 - lab 1 - ML Forcast.py
[2026-04-28T02:57:57.696+0000] {processor.py:925} INFO - DAG(s) 'ML_forecast' retrieved from /opt/airflow/dags/226 - lab 1 - ML Forcast.py
[2026-04-28T02:57:57.722+0000] {logging_mixin.py:190} INFO - [2026-04-28T02:57:57.721+0000] {dag.py:3229} INFO - Sync 1 DAGs
[2026-04-28T02:57:57.746+0000] {logging_mixin.py:190} INFO - [2026-04-28T02:57:57.746+0000] {dag.py:4156} INFO - Setting next_dagrun for ML_forecast to 2026-04-26 07:30:00+00:00, run_after=2026-04-27 07:30:00+00:00
[2026-04-28T02:57:57.775+0000] {processor.py:208} INFO - Processing /opt/airflow/dags/226 - lab 1 - ML Forcast.py took 0.107 seconds
[2026-04-28T02:58:27.892+0000] {processor.py:186} INFO - Started process (PID=6097) to work on /opt/airflow/dags/226 - lab 1 - ML Forcast.py
[2026-04-28T02:58:27.893+0000] {processor.py:914} INFO - Processing file /opt/airflow/dags/226 - lab 1 - ML Forcast.py for tasks to queue
[2026-04-28T02:58:27.894+0000] {logging_mixin.py:190} INFO - [2026-04-28T02:58:27.893+0000] {dagbag.py:587} INFO - Filling up the DagBag from /opt/airflow/dags/226 - lab 1 - ML Forcast.py
[2026-04-28T02:58:27.913+0000] {processor.py:925} INFO - DAG(s) 'ML_forecast' retrieved from /opt/airflow/dags/226 - lab 1 - ML Forcast.py
[2026-04-28T02:58:27.938+0000] {logging_mixin.py:190} INFO - [2026-04-28T02:58:27.938+0000] {dag.py:3229} INFO - Sync 1 DAGs
[2026-04-28T02:58:27.959+0000] {logging_mixin.py:190} INFO - [2026-04-28T02:58:27.959+0000] {dag.py:4156} INFO - Setting next_dagrun for ML_forecast to 2026-04-26 07:30:00+00:00, run_after=2026-04-27 07:30:00+00:00
[2026-04-28T02:58:27.990+0000] {processor.py:208} INFO - Processing /opt/airflow/dags/226 - lab 1 - ML Forcast.py took 0.104 seconds
[2026-04-28T02:58:59.623+0000] {processor.py:186} INFO - Started process (PID=6175) to work on /opt/airflow/dags/226 - lab 1 - ML Forcast.py
[2026-04-28T02:58:59.624+0000] {processor.py:914} INFO - Processing file /opt/airflow/dags/226 - lab 1 - ML Forcast.py for tasks to queue
[2026-04-28T02:58:59.625+0000] {logging_mixin.py:190} INFO - [2026-04-28T02:58:59.625+0000] {dagbag.py:587} INFO - Filling up the DagBag from /opt/airflow/dags/226 - lab 1 - ML Forcast.py
[2026-04-28T02:58:59.645+0000] {processor.py:925} INFO - DAG(s) 'ML_forecast' retrieved from /opt/airflow/dags/226 - lab 1 - ML Forcast.py
[2026-04-28T02:58:59.670+0000] {logging_mixin.py:190} INFO - [2026-04-28T02:58:59.670+0000] {dag.py:3229} INFO - Sync 1 DAGs
[2026-04-28T02:58:59.691+0000] {logging_mixin.py:190} INFO - [2026-04-28T02:58:59.691+0000] {dag.py:4156} INFO - Setting next_dagrun for ML_forecast to 2026-04-26 07:30:00+00:00, run_after=2026-04-27 07:30:00+00:00
[2026-04-28T02:58:59.708+0000] {processor.py:208} INFO - Processing /opt/airflow/dags/226 - lab 1 - ML Forcast.py took 0.091 seconds
[2026-04-28T02:59:30.485+0000] {processor.py:186} INFO - Started process (PID=6237) to work on /opt/airflow/dags/226 - lab 1 - ML Forcast.py
[2026-04-28T02:59:30.486+0000] {processor.py:914} INFO - Processing file /opt/airflow/dags/226 - lab 1 - ML Forcast.py for tasks to queue
[2026-04-28T02:59:30.487+0000] {logging_mixin.py:190} INFO - [2026-04-28T02:59:30.487+0000] {dagbag.py:587} INFO - Filling up the DagBag from /opt/airflow/dags/226 - lab 1 - ML Forcast.py
[2026-04-28T02:59:30.511+0000] {processor.py:925} INFO - DAG(s) 'ML_forecast' retrieved from /opt/airflow/dags/226 - lab 1 - ML Forcast.py
[2026-04-28T02:59:30.554+0000] {logging_mixin.py:190} INFO - [2026-04-28T02:59:30.554+0000] {dag.py:3229} INFO - Sync 1 DAGs
[2026-04-28T02:59:30.585+0000] {logging_mixin.py:190} INFO - [2026-04-28T02:59:30.585+0000] {dag.py:4156} INFO - Setting next_dagrun for ML_forecast to 2026-04-26 07:30:00+00:00, run_after=2026-04-27 07:30:00+00:00
[2026-04-28T02:59:30.609+0000] {processor.py:208} INFO - Processing /opt/airflow/dags/226 - lab 1 - ML Forcast.py took 0.130 seconds
[2026-04-28T03:00:00.803+0000] {processor.py:186} INFO - Started process (PID=6316) to work on /opt/airflow/dags/226 - lab 1 - ML Forcast.py
[2026-04-28T03:00:00.804+0000] {processor.py:914} INFO - Processing file /opt/airflow/dags/226 - lab 1 - ML Forcast.py for tasks to queue
[2026-04-28T03:00:00.805+0000] {logging_mixin.py:190} INFO - [2026-04-28T03:00:00.805+0000] {dagbag.py:587} INFO - Filling up the DagBag from /opt/airflow/dags/226 - lab 1 - ML Forcast.py
[2026-04-28T03:00:00.824+0000] {processor.py:925} INFO - DAG(s) 'ML_forecast' retrieved from /opt/airflow/dags/226 - lab 1 - ML Forcast.py
[2026-04-28T03:00:00.849+0000] {logging_mixin.py:190} INFO - [2026-04-28T03:00:00.849+0000] {dag.py:3229} INFO - Sync 1 DAGs
[2026-04-28T03:00:00.870+0000] {logging_mixin.py:190} INFO - [2026-04-28T03:00:00.870+0000] {dag.py:4156} INFO - Setting next_dagrun for ML_forecast to 2026-04-26 07:30:00+00:00, run_after=2026-04-27 07:30:00+00:00
[2026-04-28T03:00:00.900+0000] {processor.py:208} INFO - Processing /opt/airflow/dags/226 - lab 1 - ML Forcast.py took 0.102 seconds
[2026-04-28T03:00:31.526+0000] {processor.py:186} INFO - Started process (PID=6391) to work on /opt/airflow/dags/226 - lab 1 - ML Forcast.py
[2026-04-28T03:00:31.527+0000] {processor.py:914} INFO - Processing file /opt/airflow/dags/226 - lab 1 - ML Forcast.py for tasks to queue
[2026-04-28T03:00:31.528+0000] {logging_mixin.py:190} INFO - [2026-04-28T03:00:31.528+0000] {dagbag.py:587} INFO - Filling up the DagBag from /opt/airflow/dags/226 - lab 1 - ML Forcast.py
[2026-04-28T03:00:31.547+0000] {processor.py:925} INFO - DAG(s) 'ML_forecast' retrieved from /opt/airflow/dags/226 - lab 1 - ML Forcast.py
[2026-04-28T03:00:31.572+0000] {logging_mixin.py:190} INFO - [2026-04-28T03:00:31.572+0000] {dag.py:3229} INFO - Sync 1 DAGs
[2026-04-28T03:00:31.594+0000] {logging_mixin.py:190} INFO - [2026-04-28T03:00:31.593+0000] {dag.py:4156} INFO - Setting next_dagrun for ML_forecast to 2026-04-26 07:30:00+00:00, run_after=2026-04-27 07:30:00+00:00
[2026-04-28T03:00:31.610+0000] {processor.py:208} INFO - Processing /opt/airflow/dags/226 - lab 1 - ML Forcast.py took 0.090 seconds
[2026-04-28T03:01:01.702+0000] {processor.py:186} INFO - Started process (PID=6469) to work on /opt/airflow/dags/226 - lab 1 - ML Forcast.py
[2026-04-28T03:01:01.703+0000] {processor.py:914} INFO - Processing file /opt/airflow/dags/226 - lab 1 - ML Forcast.py for tasks to queue
[2026-04-28T03:01:01.704+0000] {logging_mixin.py:190} INFO - [2026-04-28T03:01:01.704+0000] {dagbag.py:587} INFO - Filling up the DagBag from /opt/airflow/dags/226 - lab 1 - ML Forcast.py
[2026-04-28T03:01:01.724+0000] {processor.py:925} INFO - DAG(s) 'ML_forecast' retrieved from /opt/airflow/dags/226 - lab 1 - ML Forcast.py
[2026-04-28T03:01:01.751+0000] {logging_mixin.py:190} INFO - [2026-04-28T03:01:01.751+0000] {dag.py:3229} INFO - Sync 1 DAGs
[2026-04-28T03:01:01.773+0000] {logging_mixin.py:190} INFO - [2026-04-28T03:01:01.772+0000] {dag.py:4156} INFO - Setting next_dagrun for ML_forecast to 2026-04-26 07:30:00+00:00, run_after=2026-04-27 07:30:00+00:00
[2026-04-28T03:01:01.790+0000] {processor.py:208} INFO - Processing /opt/airflow/dags/226 - lab 1 - ML Forcast.py took 0.094 seconds
[2026-04-28T03:01:32.266+0000] {processor.py:186} INFO - Started process (PID=6547) to work on /opt/airflow/dags/226 - lab 1 - ML Forcast.py
[2026-04-28T03:01:32.267+0000] {processor.py:914} INFO - Processing file /opt/airflow/dags/226 - lab 1 - ML Forcast.py for tasks to queue
[2026-04-28T03:01:32.268+0000] {logging_mixin.py:190} INFO - [2026-04-28T03:01:32.268+0000] {dagbag.py:587} INFO - Filling up the DagBag from /opt/airflow/dags/226 - lab 1 - ML Forcast.py
[2026-04-28T03:01:32.289+0000] {processor.py:925} INFO - DAG(s) 'ML_forecast' retrieved from /opt/airflow/dags/226 - lab 1 - ML Forcast.py
[2026-04-28T03:01:32.314+0000] {logging_mixin.py:190} INFO - [2026-04-28T03:01:32.314+0000] {dag.py:3229} INFO - Sync 1 DAGs
[2026-04-28T03:01:32.337+0000] {logging_mixin.py:190} INFO - [2026-04-28T03:01:32.337+0000] {dag.py:4156} INFO - Setting next_dagrun for ML_forecast to 2026-04-26 07:30:00+00:00, run_after=2026-04-27 07:30:00+00:00
[2026-04-28T03:01:32.367+0000] {processor.py:208} INFO - Processing /opt/airflow/dags/226 - lab 1 - ML Forcast.py took 0.107 seconds
[2026-04-28T05:41:21.389+0000] {processor.py:186} INFO - Started process (PID=6654) to work on /opt/airflow/dags/226 - lab 1 - ML Forcast.py
[2026-04-28T05:41:21.390+0000] {processor.py:914} INFO - Processing file /opt/airflow/dags/226 - lab 1 - ML Forcast.py for tasks to queue
[2026-04-28T05:41:21.391+0000] {logging_mixin.py:190} INFO - [2026-04-28T05:41:21.391+0000] {dagbag.py:587} INFO - Filling up the DagBag from /opt/airflow/dags/226 - lab 1 - ML Forcast.py
[2026-04-28T05:41:21.412+0000] {processor.py:925} INFO - DAG(s) 'ML_forecast' retrieved from /opt/airflow/dags/226 - lab 1 - ML Forcast.py
[2026-04-28T05:41:21.438+0000] {logging_mixin.py:190} INFO - [2026-04-28T05:41:21.437+0000] {dag.py:3229} INFO - Sync 1 DAGs
[2026-04-28T05:41:21.460+0000] {logging_mixin.py:190} INFO - [2026-04-28T05:41:21.460+0000] {dag.py:4156} INFO - Setting next_dagrun for ML_forecast to 2026-04-26 07:30:00+00:00, run_after=2026-04-27 07:30:00+00:00
[2026-04-28T05:41:21.479+0000] {processor.py:208} INFO - Processing /opt/airflow/dags/226 - lab 1 - ML Forcast.py took 0.096 seconds
[2026-04-28T05:41:52.054+0000] {processor.py:186} INFO - Started process (PID=6711) to work on /opt/airflow/dags/226 - lab 1 - ML Forcast.py
[2026-04-28T05:41:52.055+0000] {processor.py:914} INFO - Processing file /opt/airflow/dags/226 - lab 1 - ML Forcast.py for tasks to queue
[2026-04-28T05:41:52.056+0000] {logging_mixin.py:190} INFO - [2026-04-28T05:41:52.056+0000] {dagbag.py:587} INFO - Filling up the DagBag from /opt/airflow/dags/226 - lab 1 - ML Forcast.py
[2026-04-28T05:41:52.076+0000] {processor.py:925} INFO - DAG(s) 'ML_forecast' retrieved from /opt/airflow/dags/226 - lab 1 - ML Forcast.py
[2026-04-28T05:41:52.107+0000] {logging_mixin.py:190} INFO - [2026-04-28T05:41:52.107+0000] {dag.py:3229} INFO - Sync 1 DAGs
[2026-04-28T05:41:52.135+0000] {logging_mixin.py:190} INFO - [2026-04-28T05:41:52.135+0000] {dag.py:4156} INFO - Setting next_dagrun for ML_forecast to 2026-04-26 07:30:00+00:00, run_after=2026-04-27 07:30:00+00:00
[2026-04-28T05:41:52.159+0000] {processor.py:208} INFO - Processing /opt/airflow/dags/226 - lab 1 - ML Forcast.py took 0.111 seconds
[2026-04-28T05:42:22.753+0000] {processor.py:186} INFO - Started process (PID=6784) to work on /opt/airflow/dags/226 - lab 1 - ML Forcast.py
[2026-04-28T05:42:22.754+0000] {processor.py:914} INFO - Processing file /opt/airflow/dags/226 - lab 1 - ML Forcast.py for tasks to queue
[2026-04-28T05:42:22.756+0000] {logging_mixin.py:190} INFO - [2026-04-28T05:42:22.755+0000] {dagbag.py:587} INFO - Filling up the DagBag from /opt/airflow/dags/226 - lab 1 - ML Forcast.py
[2026-04-28T05:42:22.780+0000] {processor.py:925} INFO - DAG(s) 'ML_forecast' retrieved from /opt/airflow/dags/226 - lab 1 - ML Forcast.py
[2026-04-28T05:42:22.812+0000] {logging_mixin.py:190} INFO - [2026-04-28T05:42:22.812+0000] {dag.py:3229} INFO - Sync 1 DAGs
[2026-04-28T05:42:22.838+0000] {logging_mixin.py:190} INFO - [2026-04-28T05:42:22.838+0000] {dag.py:4156} INFO - Setting next_dagrun for ML_forecast to 2026-04-26 07:30:00+00:00, run_after=2026-04-27 07:30:00+00:00
[2026-04-28T05:42:23.021+0000] {processor.py:208} INFO - Processing /opt/airflow/dags/226 - lab 1 - ML Forcast.py took 0.275 seconds
[2026-04-28T05:42:53.226+0000] {processor.py:186} INFO - Started process (PID=6841) to work on /opt/airflow/dags/226 - lab 1 - ML Forcast.py
[2026-04-28T05:42:53.228+0000] {processor.py:914} INFO - Processing file /opt/airflow/dags/226 - lab 1 - ML Forcast.py for tasks to queue
[2026-04-28T05:42:53.229+0000] {logging_mixin.py:190} INFO - [2026-04-28T05:42:53.229+0000] {dagbag.py:587} INFO - Filling up the DagBag from /opt/airflow/dags/226 - lab 1 - ML Forcast.py
[2026-04-28T05:42:53.250+0000] {processor.py:925} INFO - DAG(s) 'ML_forecast' retrieved from /opt/airflow/dags/226 - lab 1 - ML Forcast.py
[2026-04-28T05:42:53.277+0000] {logging_mixin.py:190} INFO - [2026-04-28T05:42:53.276+0000] {dag.py:3229} INFO - Sync 1 DAGs
[2026-04-28T05:42:53.300+0000] {logging_mixin.py:190} INFO - [2026-04-28T05:42:53.300+0000] {dag.py:4156} INFO - Setting next_dagrun for ML_forecast to 2026-04-26 07:30:00+00:00, run_after=2026-04-27 07:30:00+00:00
[2026-04-28T05:42:53.321+0000] {processor.py:208} INFO - Processing /opt/airflow/dags/226 - lab 1 - ML Forcast.py took 0.101 seconds
