[2026-04-28T02:45:30.874+0000] {processor.py:186} INFO - Started process (PID=4290) to work on /opt/airflow/dags/build_pinecone_search.py
[2026-04-28T02:45:30.876+0000] {processor.py:914} INFO - Processing file /opt/airflow/dags/build_pinecone_search.py for tasks to queue
[2026-04-28T02:45:30.881+0000] {logging_mixin.py:190} INFO - [2026-04-28T02:45:30.880+0000] {dagbag.py:587} INFO - Filling up the DagBag from /opt/airflow/dags/build_pinecone_search.py
[2026-04-28T02:45:38.326+0000] {logging_mixin.py:190} INFO - {{ task_instance.xcom_pull(task_ids='preprocess_data', dag_id='Medium_to_Pinecone', key='return_value') }}
[2026-04-28T02:45:38.329+0000] {processor.py:925} INFO - DAG(s) 'Medium_to_Pinecone' retrieved from /opt/airflow/dags/build_pinecone_search.py
[2026-04-28T02:45:38.365+0000] {logging_mixin.py:190} INFO - [2026-04-28T02:45:38.357+0000] {dag.py:3229} INFO - Sync 1 DAGs
[2026-04-28T02:45:38.395+0000] {logging_mixin.py:190} INFO - [2026-04-28T02:45:38.395+0000] {dag.py:4156} INFO - Setting next_dagrun for Medium_to_Pinecone to 2026-04-23 00:00:00+00:00, run_after=2026-04-30 00:00:00+00:00
[2026-04-28T02:45:38.413+0000] {processor.py:208} INFO - Processing /opt/airflow/dags/build_pinecone_search.py took 7.550 seconds
[2026-04-28T02:46:09.110+0000] {processor.py:186} INFO - Started process (PID=4404) to work on /opt/airflow/dags/build_pinecone_search.py
[2026-04-28T02:46:09.111+0000] {processor.py:914} INFO - Processing file /opt/airflow/dags/build_pinecone_search.py for tasks to queue
[2026-04-28T02:46:09.114+0000] {logging_mixin.py:190} INFO - [2026-04-28T02:46:09.114+0000] {dagbag.py:587} INFO - Filling up the DagBag from /opt/airflow/dags/build_pinecone_search.py
[2026-04-28T02:46:14.723+0000] {logging_mixin.py:190} INFO - {{ task_instance.xcom_pull(task_ids='preprocess_data', dag_id='Medium_to_Pinecone', key='return_value') }}
[2026-04-28T02:46:14.727+0000] {processor.py:925} INFO - DAG(s) 'Medium_to_Pinecone' retrieved from /opt/airflow/dags/build_pinecone_search.py
[2026-04-28T02:46:14.752+0000] {logging_mixin.py:190} INFO - [2026-04-28T02:46:14.752+0000] {dag.py:3229} INFO - Sync 1 DAGs
[2026-04-28T02:46:14.994+0000] {logging_mixin.py:190} INFO - [2026-04-28T02:46:14.993+0000] {dag.py:4156} INFO - Setting next_dagrun for Medium_to_Pinecone to 2026-04-23 00:00:00+00:00, run_after=2026-04-30 00:00:00+00:00
[2026-04-28T02:46:15.022+0000] {processor.py:208} INFO - Processing /opt/airflow/dags/build_pinecone_search.py took 5.919 seconds
[2026-04-28T02:46:45.479+0000] {processor.py:186} INFO - Started process (PID=4487) to work on /opt/airflow/dags/build_pinecone_search.py
[2026-04-28T02:46:45.480+0000] {processor.py:914} INFO - Processing file /opt/airflow/dags/build_pinecone_search.py for tasks to queue
[2026-04-28T02:46:45.482+0000] {logging_mixin.py:190} INFO - [2026-04-28T02:46:45.482+0000] {dagbag.py:587} INFO - Filling up the DagBag from /opt/airflow/dags/build_pinecone_search.py
[2026-04-28T02:46:50.671+0000] {logging_mixin.py:190} INFO - {{ task_instance.xcom_pull(task_ids='preprocess_data', dag_id='Medium_to_Pinecone', key='return_value') }}
[2026-04-28T02:46:50.675+0000] {processor.py:925} INFO - DAG(s) 'Medium_to_Pinecone' retrieved from /opt/airflow/dags/build_pinecone_search.py
[2026-04-28T02:46:50.700+0000] {logging_mixin.py:190} INFO - [2026-04-28T02:46:50.700+0000] {dag.py:3229} INFO - Sync 1 DAGs
[2026-04-28T02:46:50.723+0000] {logging_mixin.py:190} INFO - [2026-04-28T02:46:50.723+0000] {dag.py:4156} INFO - Setting next_dagrun for Medium_to_Pinecone to 2026-04-23 00:00:00+00:00, run_after=2026-04-30 00:00:00+00:00
[2026-04-28T02:46:50.738+0000] {processor.py:208} INFO - Processing /opt/airflow/dags/build_pinecone_search.py took 5.264 seconds
[2026-04-28T02:47:21.239+0000] {processor.py:186} INFO - Started process (PID=4565) to work on /opt/airflow/dags/build_pinecone_search.py
[2026-04-28T02:47:21.240+0000] {processor.py:914} INFO - Processing file /opt/airflow/dags/build_pinecone_search.py for tasks to queue
[2026-04-28T02:47:21.242+0000] {logging_mixin.py:190} INFO - [2026-04-28T02:47:21.242+0000] {dagbag.py:587} INFO - Filling up the DagBag from /opt/airflow/dags/build_pinecone_search.py
[2026-04-28T02:47:24.680+0000] {logging_mixin.py:190} INFO - {{ task_instance.xcom_pull(task_ids='preprocess_data', dag_id='Medium_to_Pinecone', key='return_value') }}
[2026-04-28T02:47:24.683+0000] {processor.py:925} INFO - DAG(s) 'Medium_to_Pinecone' retrieved from /opt/airflow/dags/build_pinecone_search.py
[2026-04-28T02:47:24.707+0000] {logging_mixin.py:190} INFO - [2026-04-28T02:47:24.706+0000] {dag.py:3229} INFO - Sync 1 DAGs
[2026-04-28T02:47:24.940+0000] {logging_mixin.py:190} INFO - [2026-04-28T02:47:24.940+0000] {dag.py:4156} INFO - Setting next_dagrun for Medium_to_Pinecone to 2026-04-23 00:00:00+00:00, run_after=2026-04-30 00:00:00+00:00
[2026-04-28T02:47:24.966+0000] {processor.py:208} INFO - Processing /opt/airflow/dags/build_pinecone_search.py took 5.267 seconds
[2026-04-28T02:47:55.398+0000] {processor.py:186} INFO - Started process (PID=4649) to work on /opt/airflow/dags/build_pinecone_search.py
[2026-04-28T02:47:55.399+0000] {processor.py:914} INFO - Processing file /opt/airflow/dags/build_pinecone_search.py for tasks to queue
[2026-04-28T02:47:55.401+0000] {logging_mixin.py:190} INFO - [2026-04-28T02:47:55.401+0000] {dagbag.py:587} INFO - Filling up the DagBag from /opt/airflow/dags/build_pinecone_search.py
[2026-04-28T02:48:00.667+0000] {logging_mixin.py:190} INFO - {{ task_instance.xcom_pull(task_ids='preprocess_data', dag_id='Medium_to_Pinecone', key='return_value') }}
[2026-04-28T02:48:00.670+0000] {processor.py:925} INFO - DAG(s) 'Medium_to_Pinecone' retrieved from /opt/airflow/dags/build_pinecone_search.py
[2026-04-28T02:48:00.695+0000] {logging_mixin.py:190} INFO - [2026-04-28T02:48:00.694+0000] {dag.py:3229} INFO - Sync 1 DAGs
[2026-04-28T02:48:00.715+0000] {logging_mixin.py:190} INFO - [2026-04-28T02:48:00.715+0000] {dag.py:4156} INFO - Setting next_dagrun for Medium_to_Pinecone to 2026-04-23 00:00:00+00:00, run_after=2026-04-30 00:00:00+00:00
[2026-04-28T02:48:00.732+0000] {processor.py:208} INFO - Processing /opt/airflow/dags/build_pinecone_search.py took 5.340 seconds
[2026-04-28T02:48:31.638+0000] {processor.py:186} INFO - Started process (PID=4728) to work on /opt/airflow/dags/build_pinecone_search.py
[2026-04-28T02:48:31.639+0000] {processor.py:914} INFO - Processing file /opt/airflow/dags/build_pinecone_search.py for tasks to queue
[2026-04-28T02:48:31.641+0000] {logging_mixin.py:190} INFO - [2026-04-28T02:48:31.641+0000] {dagbag.py:587} INFO - Filling up the DagBag from /opt/airflow/dags/build_pinecone_search.py
[2026-04-28T02:48:36.759+0000] {logging_mixin.py:190} INFO - {{ task_instance.xcom_pull(task_ids='preprocess_data', dag_id='Medium_to_Pinecone', key='return_value') }}
[2026-04-28T02:48:36.762+0000] {processor.py:925} INFO - DAG(s) 'Medium_to_Pinecone' retrieved from /opt/airflow/dags/build_pinecone_search.py
[2026-04-28T02:48:36.788+0000] {logging_mixin.py:190} INFO - [2026-04-28T02:48:36.787+0000] {dag.py:3229} INFO - Sync 1 DAGs
[2026-04-28T02:48:37.032+0000] {logging_mixin.py:190} INFO - [2026-04-28T02:48:37.031+0000] {dag.py:4156} INFO - Setting next_dagrun for Medium_to_Pinecone to 2026-04-23 00:00:00+00:00, run_after=2026-04-30 00:00:00+00:00
[2026-04-28T02:48:37.049+0000] {processor.py:208} INFO - Processing /opt/airflow/dags/build_pinecone_search.py took 5.417 seconds
[2026-04-28T02:49:08.651+0000] {processor.py:186} INFO - Started process (PID=4804) to work on /opt/airflow/dags/build_pinecone_search.py
[2026-04-28T02:49:08.653+0000] {processor.py:914} INFO - Processing file /opt/airflow/dags/build_pinecone_search.py for tasks to queue
[2026-04-28T02:49:08.655+0000] {logging_mixin.py:190} INFO - [2026-04-28T02:49:08.655+0000] {dagbag.py:587} INFO - Filling up the DagBag from /opt/airflow/dags/build_pinecone_search.py
[2026-04-28T02:49:13.643+0000] {logging_mixin.py:190} INFO - {{ task_instance.xcom_pull(task_ids='preprocess_data', dag_id='Medium_to_Pinecone', key='return_value') }}
[2026-04-28T02:49:13.646+0000] {processor.py:925} INFO - DAG(s) 'Medium_to_Pinecone' retrieved from /opt/airflow/dags/build_pinecone_search.py
[2026-04-28T02:49:13.670+0000] {logging_mixin.py:190} INFO - [2026-04-28T02:49:13.669+0000] {dag.py:3229} INFO - Sync 1 DAGs
[2026-04-28T02:49:13.689+0000] {logging_mixin.py:190} INFO - [2026-04-28T02:49:13.689+0000] {dag.py:4156} INFO - Setting next_dagrun for Medium_to_Pinecone to 2026-04-23 00:00:00+00:00, run_after=2026-04-30 00:00:00+00:00
[2026-04-28T02:49:13.719+0000] {processor.py:208} INFO - Processing /opt/airflow/dags/build_pinecone_search.py took 5.073 seconds
[2026-04-28T02:49:54.217+0000] {processor.py:186} INFO - Started process (PID=4894) to work on /opt/airflow/dags/build_pinecone_search.py
[2026-04-28T02:49:54.218+0000] {processor.py:914} INFO - Processing file /opt/airflow/dags/build_pinecone_search.py for tasks to queue
[2026-04-28T02:49:54.219+0000] {logging_mixin.py:190} INFO - [2026-04-28T02:49:54.219+0000] {dagbag.py:587} INFO - Filling up the DagBag from /opt/airflow/dags/build_pinecone_search.py
[2026-04-28T02:49:59.236+0000] {logging_mixin.py:190} INFO - {{ task_instance.xcom_pull(task_ids='preprocess_data', dag_id='Medium_to_Pinecone', key='return_value') }}
[2026-04-28T02:49:59.239+0000] {processor.py:925} INFO - DAG(s) 'Medium_to_Pinecone' retrieved from /opt/airflow/dags/build_pinecone_search.py
[2026-04-28T02:49:59.264+0000] {logging_mixin.py:190} INFO - [2026-04-28T02:49:59.263+0000] {dag.py:3229} INFO - Sync 1 DAGs
[2026-04-28T02:49:59.282+0000] {logging_mixin.py:190} INFO - [2026-04-28T02:49:59.282+0000] {dag.py:4156} INFO - Setting next_dagrun for Medium_to_Pinecone to 2026-04-23 00:00:00+00:00, run_after=2026-04-30 00:00:00+00:00
[2026-04-28T02:49:59.309+0000] {processor.py:208} INFO - Processing /opt/airflow/dags/build_pinecone_search.py took 5.097 seconds
[2026-04-28T02:50:41.892+0000] {processor.py:186} INFO - Started process (PID=4982) to work on /opt/airflow/dags/build_pinecone_search.py
[2026-04-28T02:50:41.893+0000] {processor.py:914} INFO - Processing file /opt/airflow/dags/build_pinecone_search.py for tasks to queue
[2026-04-28T02:50:41.894+0000] {logging_mixin.py:190} INFO - [2026-04-28T02:50:41.894+0000] {dagbag.py:587} INFO - Filling up the DagBag from /opt/airflow/dags/build_pinecone_search.py
[2026-04-28T02:50:47.225+0000] {logging_mixin.py:190} INFO - {{ task_instance.xcom_pull(task_ids='preprocess_data', dag_id='Medium_to_Pinecone', key='return_value') }}
[2026-04-28T02:50:47.228+0000] {processor.py:925} INFO - DAG(s) 'Medium_to_Pinecone' retrieved from /opt/airflow/dags/build_pinecone_search.py
[2026-04-28T02:50:47.252+0000] {logging_mixin.py:190} INFO - [2026-04-28T02:50:47.251+0000] {dag.py:3229} INFO - Sync 1 DAGs
[2026-04-28T02:50:47.272+0000] {logging_mixin.py:190} INFO - [2026-04-28T02:50:47.272+0000] {dag.py:4156} INFO - Setting next_dagrun for Medium_to_Pinecone to 2026-04-23 00:00:00+00:00, run_after=2026-04-30 00:00:00+00:00
[2026-04-28T02:50:47.298+0000] {processor.py:208} INFO - Processing /opt/airflow/dags/build_pinecone_search.py took 5.412 seconds
[2026-04-28T02:51:17.674+0000] {processor.py:186} INFO - Started process (PID=5067) to work on /opt/airflow/dags/build_pinecone_search.py
[2026-04-28T02:51:17.675+0000] {processor.py:914} INFO - Processing file /opt/airflow/dags/build_pinecone_search.py for tasks to queue
[2026-04-28T02:51:17.676+0000] {logging_mixin.py:190} INFO - [2026-04-28T02:51:17.676+0000] {dagbag.py:587} INFO - Filling up the DagBag from /opt/airflow/dags/build_pinecone_search.py
[2026-04-28T02:51:22.656+0000] {logging_mixin.py:190} INFO - {{ task_instance.xcom_pull(task_ids='preprocess_data', dag_id='Medium_to_Pinecone', key='return_value') }}
[2026-04-28T02:51:22.660+0000] {processor.py:925} INFO - DAG(s) 'Medium_to_Pinecone' retrieved from /opt/airflow/dags/build_pinecone_search.py
[2026-04-28T02:51:22.683+0000] {logging_mixin.py:190} INFO - [2026-04-28T02:51:22.683+0000] {dag.py:3229} INFO - Sync 1 DAGs
[2026-04-28T02:51:22.701+0000] {logging_mixin.py:190} INFO - [2026-04-28T02:51:22.701+0000] {dag.py:4156} INFO - Setting next_dagrun for Medium_to_Pinecone to 2026-04-23 00:00:00+00:00, run_after=2026-04-30 00:00:00+00:00
[2026-04-28T02:51:22.728+0000] {processor.py:208} INFO - Processing /opt/airflow/dags/build_pinecone_search.py took 5.062 seconds
[2026-04-28T02:51:53.075+0000] {processor.py:186} INFO - Started process (PID=5177) to work on /opt/airflow/dags/build_pinecone_search.py
[2026-04-28T02:51:53.076+0000] {processor.py:914} INFO - Processing file /opt/airflow/dags/build_pinecone_search.py for tasks to queue
[2026-04-28T02:51:53.077+0000] {logging_mixin.py:190} INFO - [2026-04-28T02:51:53.077+0000] {dagbag.py:587} INFO - Filling up the DagBag from /opt/airflow/dags/build_pinecone_search.py
[2026-04-28T02:51:58.143+0000] {logging_mixin.py:190} INFO - {{ task_instance.xcom_pull(task_ids='preprocess_data', dag_id='Medium_to_Pinecone', key='return_value') }}
[2026-04-28T02:51:58.146+0000] {processor.py:925} INFO - DAG(s) 'Medium_to_Pinecone' retrieved from /opt/airflow/dags/build_pinecone_search.py
[2026-04-28T02:51:58.170+0000] {logging_mixin.py:190} INFO - [2026-04-28T02:51:58.170+0000] {dag.py:3229} INFO - Sync 1 DAGs
[2026-04-28T02:51:58.190+0000] {logging_mixin.py:190} INFO - [2026-04-28T02:51:58.190+0000] {dag.py:4156} INFO - Setting next_dagrun for Medium_to_Pinecone to 2026-04-23 00:00:00+00:00, run_after=2026-04-30 00:00:00+00:00
[2026-04-28T02:51:58.206+0000] {processor.py:208} INFO - Processing /opt/airflow/dags/build_pinecone_search.py took 5.136 seconds
[2026-04-28T02:52:28.409+0000] {processor.py:186} INFO - Started process (PID=5255) to work on /opt/airflow/dags/build_pinecone_search.py
[2026-04-28T02:52:28.410+0000] {processor.py:914} INFO - Processing file /opt/airflow/dags/build_pinecone_search.py for tasks to queue
[2026-04-28T02:52:28.411+0000] {logging_mixin.py:190} INFO - [2026-04-28T02:52:28.411+0000] {dagbag.py:587} INFO - Filling up the DagBag from /opt/airflow/dags/build_pinecone_search.py
[2026-04-28T02:52:34.061+0000] {logging_mixin.py:190} INFO - {{ task_instance.xcom_pull(task_ids='preprocess_data', dag_id='Medium_to_Pinecone', key='return_value') }}
[2026-04-28T02:52:34.065+0000] {processor.py:925} INFO - DAG(s) 'Medium_to_Pinecone' retrieved from /opt/airflow/dags/build_pinecone_search.py
[2026-04-28T02:52:34.090+0000] {logging_mixin.py:190} INFO - [2026-04-28T02:52:34.089+0000] {dag.py:3229} INFO - Sync 1 DAGs
[2026-04-28T02:52:34.112+0000] {logging_mixin.py:190} INFO - [2026-04-28T02:52:34.112+0000] {dag.py:4156} INFO - Setting next_dagrun for Medium_to_Pinecone to 2026-04-23 00:00:00+00:00, run_after=2026-04-30 00:00:00+00:00
[2026-04-28T02:52:34.133+0000] {processor.py:208} INFO - Processing /opt/airflow/dags/build_pinecone_search.py took 5.730 seconds
[2026-04-28T02:53:04.364+0000] {processor.py:186} INFO - Started process (PID=5334) to work on /opt/airflow/dags/build_pinecone_search.py
[2026-04-28T02:53:04.365+0000] {processor.py:914} INFO - Processing file /opt/airflow/dags/build_pinecone_search.py for tasks to queue
[2026-04-28T02:53:04.367+0000] {logging_mixin.py:190} INFO - [2026-04-28T02:53:04.366+0000] {dagbag.py:587} INFO - Filling up the DagBag from /opt/airflow/dags/build_pinecone_search.py
[2026-04-28T02:53:10.185+0000] {logging_mixin.py:190} INFO - {{ task_instance.xcom_pull(task_ids='preprocess_data', dag_id='Medium_to_Pinecone', key='return_value') }}
[2026-04-28T02:53:10.188+0000] {processor.py:925} INFO - DAG(s) 'Medium_to_Pinecone' retrieved from /opt/airflow/dags/build_pinecone_search.py
[2026-04-28T02:53:10.214+0000] {logging_mixin.py:190} INFO - [2026-04-28T02:53:10.214+0000] {dag.py:3229} INFO - Sync 1 DAGs
[2026-04-28T02:53:10.237+0000] {logging_mixin.py:190} INFO - [2026-04-28T02:53:10.237+0000] {dag.py:4156} INFO - Setting next_dagrun for Medium_to_Pinecone to 2026-04-23 00:00:00+00:00, run_after=2026-04-30 00:00:00+00:00
[2026-04-28T02:53:10.254+0000] {processor.py:208} INFO - Processing /opt/airflow/dags/build_pinecone_search.py took 5.896 seconds
[2026-04-28T02:53:40.413+0000] {processor.py:186} INFO - Started process (PID=5412) to work on /opt/airflow/dags/build_pinecone_search.py
[2026-04-28T02:53:40.414+0000] {processor.py:914} INFO - Processing file /opt/airflow/dags/build_pinecone_search.py for tasks to queue
[2026-04-28T02:53:40.416+0000] {logging_mixin.py:190} INFO - [2026-04-28T02:53:40.415+0000] {dagbag.py:587} INFO - Filling up the DagBag from /opt/airflow/dags/build_pinecone_search.py
[2026-04-28T02:53:43.789+0000] {logging_mixin.py:190} INFO - {{ task_instance.xcom_pull(task_ids='preprocess_data', dag_id='Medium_to_Pinecone', key='return_value') }}
[2026-04-28T02:53:43.792+0000] {processor.py:925} INFO - DAG(s) 'Medium_to_Pinecone' retrieved from /opt/airflow/dags/build_pinecone_search.py
[2026-04-28T02:53:43.816+0000] {logging_mixin.py:190} INFO - [2026-04-28T02:53:43.815+0000] {dag.py:3229} INFO - Sync 1 DAGs
[2026-04-28T02:53:43.835+0000] {logging_mixin.py:190} INFO - [2026-04-28T02:53:43.835+0000] {dag.py:4156} INFO - Setting next_dagrun for Medium_to_Pinecone to 2026-04-23 00:00:00+00:00, run_after=2026-04-30 00:00:00+00:00
[2026-04-28T02:53:43.852+0000] {processor.py:208} INFO - Processing /opt/airflow/dags/build_pinecone_search.py took 5.194 seconds
[2026-04-28T02:54:14.290+0000] {processor.py:186} INFO - Started process (PID=5490) to work on /opt/airflow/dags/build_pinecone_search.py
[2026-04-28T02:54:14.291+0000] {processor.py:914} INFO - Processing file /opt/airflow/dags/build_pinecone_search.py for tasks to queue
[2026-04-28T02:54:14.292+0000] {logging_mixin.py:190} INFO - [2026-04-28T02:54:14.291+0000] {dagbag.py:587} INFO - Filling up the DagBag from /opt/airflow/dags/build_pinecone_search.py
[2026-04-28T02:54:19.650+0000] {logging_mixin.py:190} INFO - {{ task_instance.xcom_pull(task_ids='preprocess_data', dag_id='Medium_to_Pinecone', key='return_value') }}
[2026-04-28T02:54:19.653+0000] {processor.py:925} INFO - DAG(s) 'Medium_to_Pinecone' retrieved from /opt/airflow/dags/build_pinecone_search.py
[2026-04-28T02:54:19.678+0000] {logging_mixin.py:190} INFO - [2026-04-28T02:54:19.678+0000] {dag.py:3229} INFO - Sync 1 DAGs
[2026-04-28T02:54:19.699+0000] {logging_mixin.py:190} INFO - [2026-04-28T02:54:19.699+0000] {dag.py:4156} INFO - Setting next_dagrun for Medium_to_Pinecone to 2026-04-23 00:00:00+00:00, run_after=2026-04-30 00:00:00+00:00
[2026-04-28T02:54:19.728+0000] {processor.py:208} INFO - Processing /opt/airflow/dags/build_pinecone_search.py took 5.444 seconds
[2026-04-28T02:54:50.075+0000] {processor.py:186} INFO - Started process (PID=5582) to work on /opt/airflow/dags/build_pinecone_search.py
[2026-04-28T02:54:50.076+0000] {processor.py:914} INFO - Processing file /opt/airflow/dags/build_pinecone_search.py for tasks to queue
[2026-04-28T02:54:50.077+0000] {logging_mixin.py:190} INFO - [2026-04-28T02:54:50.077+0000] {dagbag.py:587} INFO - Filling up the DagBag from /opt/airflow/dags/build_pinecone_search.py
[2026-04-28T02:54:55.145+0000] {logging_mixin.py:190} INFO - {{ task_instance.xcom_pull(task_ids='preprocess_data', dag_id='Medium_to_Pinecone', key='return_value') }}
[2026-04-28T02:54:55.149+0000] {processor.py:925} INFO - DAG(s) 'Medium_to_Pinecone' retrieved from /opt/airflow/dags/build_pinecone_search.py
[2026-04-28T02:54:55.174+0000] {logging_mixin.py:190} INFO - [2026-04-28T02:54:55.174+0000] {dag.py:3229} INFO - Sync 1 DAGs
[2026-04-28T02:54:55.194+0000] {logging_mixin.py:190} INFO - [2026-04-28T02:54:55.193+0000] {dag.py:4156} INFO - Setting next_dagrun for Medium_to_Pinecone to 2026-04-23 00:00:00+00:00, run_after=2026-04-30 00:00:00+00:00
[2026-04-28T02:54:55.222+0000] {processor.py:208} INFO - Processing /opt/airflow/dags/build_pinecone_search.py took 5.153 seconds
[2026-04-28T02:55:25.915+0000] {processor.py:186} INFO - Started process (PID=5665) to work on /opt/airflow/dags/build_pinecone_search.py
[2026-04-28T02:55:25.916+0000] {processor.py:914} INFO - Processing file /opt/airflow/dags/build_pinecone_search.py for tasks to queue
[2026-04-28T02:55:25.917+0000] {logging_mixin.py:190} INFO - [2026-04-28T02:55:25.916+0000] {dagbag.py:587} INFO - Filling up the DagBag from /opt/airflow/dags/build_pinecone_search.py
[2026-04-28T02:55:27.491+0000] {logging_mixin.py:190} INFO - {{ task_instance.xcom_pull(task_ids='preprocess_data', dag_id='Medium_to_Pinecone', key='return_value') }}
[2026-04-28T02:55:27.495+0000] {processor.py:925} INFO - DAG(s) 'Medium_to_Pinecone' retrieved from /opt/airflow/dags/build_pinecone_search.py
[2026-04-28T02:55:27.520+0000] {logging_mixin.py:190} INFO - [2026-04-28T02:55:27.519+0000] {dag.py:3229} INFO - Sync 1 DAGs
[2026-04-28T02:55:27.541+0000] {logging_mixin.py:190} INFO - [2026-04-28T02:55:27.541+0000] {dag.py:4156} INFO - Setting next_dagrun for Medium_to_Pinecone to 2026-04-23 00:00:00+00:00, run_after=2026-04-30 00:00:00+00:00
[2026-04-28T02:55:27.557+0000] {processor.py:208} INFO - Processing /opt/airflow/dags/build_pinecone_search.py took 5.280 seconds
[2026-04-28T02:55:57.776+0000] {processor.py:186} INFO - Started process (PID=5740) to work on /opt/airflow/dags/build_pinecone_search.py
[2026-04-28T02:55:57.777+0000] {processor.py:914} INFO - Processing file /opt/airflow/dags/build_pinecone_search.py for tasks to queue
[2026-04-28T02:55:57.778+0000] {logging_mixin.py:190} INFO - [2026-04-28T02:55:57.777+0000] {dagbag.py:587} INFO - Filling up the DagBag from /opt/airflow/dags/build_pinecone_search.py
[2026-04-28T02:56:02.870+0000] {logging_mixin.py:190} INFO - {{ task_instance.xcom_pull(task_ids='preprocess_data', dag_id='Medium_to_Pinecone', key='return_value') }}
[2026-04-28T02:56:02.873+0000] {processor.py:925} INFO - DAG(s) 'Medium_to_Pinecone' retrieved from /opt/airflow/dags/build_pinecone_search.py
[2026-04-28T02:56:02.897+0000] {logging_mixin.py:190} INFO - [2026-04-28T02:56:02.896+0000] {dag.py:3229} INFO - Sync 1 DAGs
[2026-04-28T02:56:02.916+0000] {logging_mixin.py:190} INFO - [2026-04-28T02:56:02.916+0000] {dag.py:4156} INFO - Setting next_dagrun for Medium_to_Pinecone to 2026-04-23 00:00:00+00:00, run_after=2026-04-30 00:00:00+00:00
[2026-04-28T02:56:02.944+0000] {processor.py:208} INFO - Processing /opt/airflow/dags/build_pinecone_search.py took 5.174 seconds
[2026-04-28T02:56:33.411+0000] {processor.py:186} INFO - Started process (PID=5823) to work on /opt/airflow/dags/build_pinecone_search.py
[2026-04-28T02:56:33.412+0000] {processor.py:914} INFO - Processing file /opt/airflow/dags/build_pinecone_search.py for tasks to queue
[2026-04-28T02:56:33.413+0000] {logging_mixin.py:190} INFO - [2026-04-28T02:56:33.413+0000] {dagbag.py:587} INFO - Filling up the DagBag from /opt/airflow/dags/build_pinecone_search.py
[2026-04-28T02:56:37.033+0000] {logging_mixin.py:190} INFO - {{ task_instance.xcom_pull(task_ids='preprocess_data', dag_id='Medium_to_Pinecone', key='return_value') }}
[2026-04-28T02:56:37.036+0000] {processor.py:925} INFO - DAG(s) 'Medium_to_Pinecone' retrieved from /opt/airflow/dags/build_pinecone_search.py
[2026-04-28T02:56:37.061+0000] {logging_mixin.py:190} INFO - [2026-04-28T02:56:37.061+0000] {dag.py:3229} INFO - Sync 1 DAGs
[2026-04-28T02:56:37.081+0000] {logging_mixin.py:190} INFO - [2026-04-28T02:56:37.081+0000] {dag.py:4156} INFO - Setting next_dagrun for Medium_to_Pinecone to 2026-04-23 00:00:00+00:00, run_after=2026-04-30 00:00:00+00:00
[2026-04-28T02:56:37.110+0000] {processor.py:208} INFO - Processing /opt/airflow/dags/build_pinecone_search.py took 5.196 seconds
[2026-04-28T02:57:07.822+0000] {processor.py:186} INFO - Started process (PID=5907) to work on /opt/airflow/dags/build_pinecone_search.py
[2026-04-28T02:57:07.823+0000] {processor.py:914} INFO - Processing file /opt/airflow/dags/build_pinecone_search.py for tasks to queue
[2026-04-28T02:57:07.825+0000] {logging_mixin.py:190} INFO - [2026-04-28T02:57:07.824+0000] {dagbag.py:587} INFO - Filling up the DagBag from /opt/airflow/dags/build_pinecone_search.py
[2026-04-28T02:57:13.011+0000] {logging_mixin.py:190} INFO - {{ task_instance.xcom_pull(task_ids='preprocess_data', dag_id='Medium_to_Pinecone', key='return_value') }}
[2026-04-28T02:57:13.014+0000] {processor.py:925} INFO - DAG(s) 'Medium_to_Pinecone' retrieved from /opt/airflow/dags/build_pinecone_search.py
[2026-04-28T02:57:13.038+0000] {logging_mixin.py:190} INFO - [2026-04-28T02:57:13.038+0000] {dag.py:3229} INFO - Sync 1 DAGs
[2026-04-28T02:57:13.059+0000] {logging_mixin.py:190} INFO - [2026-04-28T02:57:13.059+0000] {dag.py:4156} INFO - Setting next_dagrun for Medium_to_Pinecone to 2026-04-23 00:00:00+00:00, run_after=2026-04-30 00:00:00+00:00
[2026-04-28T02:57:13.075+0000] {processor.py:208} INFO - Processing /opt/airflow/dags/build_pinecone_search.py took 5.259 seconds
[2026-04-28T02:57:44.042+0000] {processor.py:186} INFO - Started process (PID=5985) to work on /opt/airflow/dags/build_pinecone_search.py
[2026-04-28T02:57:44.043+0000] {processor.py:914} INFO - Processing file /opt/airflow/dags/build_pinecone_search.py for tasks to queue
[2026-04-28T02:57:44.044+0000] {logging_mixin.py:190} INFO - [2026-04-28T02:57:44.044+0000] {dagbag.py:587} INFO - Filling up the DagBag from /opt/airflow/dags/build_pinecone_search.py
[2026-04-28T02:57:49.242+0000] {logging_mixin.py:190} INFO - {{ task_instance.xcom_pull(task_ids='preprocess_data', dag_id='Medium_to_Pinecone', key='return_value') }}
[2026-04-28T02:57:49.245+0000] {processor.py:925} INFO - DAG(s) 'Medium_to_Pinecone' retrieved from /opt/airflow/dags/build_pinecone_search.py
[2026-04-28T02:57:49.271+0000] {logging_mixin.py:190} INFO - [2026-04-28T02:57:49.270+0000] {dag.py:3229} INFO - Sync 1 DAGs
[2026-04-28T02:57:49.291+0000] {logging_mixin.py:190} INFO - [2026-04-28T02:57:49.291+0000] {dag.py:4156} INFO - Setting next_dagrun for Medium_to_Pinecone to 2026-04-23 00:00:00+00:00, run_after=2026-04-30 00:00:00+00:00
[2026-04-28T02:57:49.307+0000] {processor.py:208} INFO - Processing /opt/airflow/dags/build_pinecone_search.py took 5.271 seconds
[2026-04-28T02:58:20.432+0000] {processor.py:186} INFO - Started process (PID=6063) to work on /opt/airflow/dags/build_pinecone_search.py
[2026-04-28T02:58:20.433+0000] {processor.py:914} INFO - Processing file /opt/airflow/dags/build_pinecone_search.py for tasks to queue
[2026-04-28T02:58:20.434+0000] {logging_mixin.py:190} INFO - [2026-04-28T02:58:20.434+0000] {dagbag.py:587} INFO - Filling up the DagBag from /opt/airflow/dags/build_pinecone_search.py
[2026-04-28T02:58:25.423+0000] {logging_mixin.py:190} INFO - {{ task_instance.xcom_pull(task_ids='preprocess_data', dag_id='Medium_to_Pinecone', key='return_value') }}
[2026-04-28T02:58:25.426+0000] {processor.py:925} INFO - DAG(s) 'Medium_to_Pinecone' retrieved from /opt/airflow/dags/build_pinecone_search.py
[2026-04-28T02:58:25.450+0000] {logging_mixin.py:190} INFO - [2026-04-28T02:58:25.449+0000] {dag.py:3229} INFO - Sync 1 DAGs
[2026-04-28T02:58:25.471+0000] {logging_mixin.py:190} INFO - [2026-04-28T02:58:25.470+0000] {dag.py:4156} INFO - Setting next_dagrun for Medium_to_Pinecone to 2026-04-23 00:00:00+00:00, run_after=2026-04-30 00:00:00+00:00
[2026-04-28T02:58:25.487+0000] {processor.py:208} INFO - Processing /opt/airflow/dags/build_pinecone_search.py took 5.060 seconds
[2026-04-28T02:58:56.041+0000] {processor.py:186} INFO - Started process (PID=6141) to work on /opt/airflow/dags/build_pinecone_search.py
[2026-04-28T02:58:56.042+0000] {processor.py:914} INFO - Processing file /opt/airflow/dags/build_pinecone_search.py for tasks to queue
[2026-04-28T02:58:56.043+0000] {logging_mixin.py:190} INFO - [2026-04-28T02:58:56.043+0000] {dagbag.py:587} INFO - Filling up the DagBag from /opt/airflow/dags/build_pinecone_search.py
[2026-04-28T02:58:59.768+0000] {logging_mixin.py:190} INFO - {{ task_instance.xcom_pull(task_ids='preprocess_data', dag_id='Medium_to_Pinecone', key='return_value') }}
[2026-04-28T02:58:59.771+0000] {processor.py:925} INFO - DAG(s) 'Medium_to_Pinecone' retrieved from /opt/airflow/dags/build_pinecone_search.py
[2026-04-28T02:58:59.793+0000] {logging_mixin.py:190} INFO - [2026-04-28T02:58:59.793+0000] {dag.py:3229} INFO - Sync 1 DAGs
[2026-04-28T02:58:59.810+0000] {logging_mixin.py:190} INFO - [2026-04-28T02:58:59.810+0000] {dag.py:4156} INFO - Setting next_dagrun for Medium_to_Pinecone to 2026-04-23 00:00:00+00:00, run_after=2026-04-30 00:00:00+00:00
[2026-04-28T02:58:59.826+0000] {processor.py:208} INFO - Processing /opt/airflow/dags/build_pinecone_search.py took 5.209 seconds
[2026-04-28T02:59:30.472+0000] {processor.py:186} INFO - Started process (PID=6234) to work on /opt/airflow/dags/build_pinecone_search.py
[2026-04-28T02:59:30.473+0000] {processor.py:914} INFO - Processing file /opt/airflow/dags/build_pinecone_search.py for tasks to queue
[2026-04-28T02:59:30.475+0000] {logging_mixin.py:190} INFO - [2026-04-28T02:59:30.474+0000] {dagbag.py:587} INFO - Filling up the DagBag from /opt/airflow/dags/build_pinecone_search.py
[2026-04-28T02:59:35.527+0000] {logging_mixin.py:190} INFO - {{ task_instance.xcom_pull(task_ids='preprocess_data', dag_id='Medium_to_Pinecone', key='return_value') }}
[2026-04-28T02:59:35.531+0000] {processor.py:925} INFO - DAG(s) 'Medium_to_Pinecone' retrieved from /opt/airflow/dags/build_pinecone_search.py
[2026-04-28T02:59:35.556+0000] {logging_mixin.py:190} INFO - [2026-04-28T02:59:35.555+0000] {dag.py:3229} INFO - Sync 1 DAGs
[2026-04-28T02:59:35.576+0000] {logging_mixin.py:190} INFO - [2026-04-28T02:59:35.576+0000] {dag.py:4156} INFO - Setting next_dagrun for Medium_to_Pinecone to 2026-04-23 00:00:00+00:00, run_after=2026-04-30 00:00:00+00:00
[2026-04-28T02:59:35.605+0000] {processor.py:208} INFO - Processing /opt/airflow/dags/build_pinecone_search.py took 5.139 seconds
[2026-04-28T03:00:06.032+0000] {processor.py:186} INFO - Started process (PID=6328) to work on /opt/airflow/dags/build_pinecone_search.py
[2026-04-28T03:00:06.033+0000] {processor.py:914} INFO - Processing file /opt/airflow/dags/build_pinecone_search.py for tasks to queue
[2026-04-28T03:00:06.035+0000] {logging_mixin.py:190} INFO - [2026-04-28T03:00:06.034+0000] {dagbag.py:587} INFO - Filling up the DagBag from /opt/airflow/dags/build_pinecone_search.py
[2026-04-28T03:00:11.358+0000] {logging_mixin.py:190} INFO - {{ task_instance.xcom_pull(task_ids='preprocess_data', dag_id='Medium_to_Pinecone', key='return_value') }}
[2026-04-28T03:00:11.361+0000] {processor.py:925} INFO - DAG(s) 'Medium_to_Pinecone' retrieved from /opt/airflow/dags/build_pinecone_search.py
[2026-04-28T03:00:11.394+0000] {logging_mixin.py:190} INFO - [2026-04-28T03:00:11.393+0000] {dag.py:3229} INFO - Sync 1 DAGs
[2026-04-28T03:00:11.412+0000] {logging_mixin.py:190} INFO - [2026-04-28T03:00:11.412+0000] {dag.py:4156} INFO - Setting next_dagrun for Medium_to_Pinecone to 2026-04-23 00:00:00+00:00, run_after=2026-04-30 00:00:00+00:00
[2026-04-28T03:00:11.428+0000] {processor.py:208} INFO - Processing /opt/airflow/dags/build_pinecone_search.py took 5.402 seconds
[2026-04-28T03:00:42.296+0000] {processor.py:186} INFO - Started process (PID=6430) to work on /opt/airflow/dags/build_pinecone_search.py
[2026-04-28T03:00:42.297+0000] {processor.py:914} INFO - Processing file /opt/airflow/dags/build_pinecone_search.py for tasks to queue
[2026-04-28T03:00:42.299+0000] {logging_mixin.py:190} INFO - [2026-04-28T03:00:42.298+0000] {dagbag.py:587} INFO - Filling up the DagBag from /opt/airflow/dags/build_pinecone_search.py
[2026-04-28T03:00:47.557+0000] {logging_mixin.py:190} INFO - {{ task_instance.xcom_pull(task_ids='preprocess_data', dag_id='Medium_to_Pinecone', key='return_value') }}
[2026-04-28T03:00:47.561+0000] {processor.py:925} INFO - DAG(s) 'Medium_to_Pinecone' retrieved from /opt/airflow/dags/build_pinecone_search.py
[2026-04-28T03:00:47.586+0000] {logging_mixin.py:190} INFO - [2026-04-28T03:00:47.585+0000] {dag.py:3229} INFO - Sync 1 DAGs
[2026-04-28T03:00:47.605+0000] {logging_mixin.py:190} INFO - [2026-04-28T03:00:47.605+0000] {dag.py:4156} INFO - Setting next_dagrun for Medium_to_Pinecone to 2026-04-23 00:00:00+00:00, run_after=2026-04-30 00:00:00+00:00
[2026-04-28T03:00:47.621+0000] {processor.py:208} INFO - Processing /opt/airflow/dags/build_pinecone_search.py took 5.332 seconds
[2026-04-28T03:01:18.081+0000] {processor.py:186} INFO - Started process (PID=6510) to work on /opt/airflow/dags/build_pinecone_search.py
[2026-04-28T03:01:18.083+0000] {processor.py:914} INFO - Processing file /opt/airflow/dags/build_pinecone_search.py for tasks to queue
[2026-04-28T03:01:18.084+0000] {logging_mixin.py:190} INFO - [2026-04-28T03:01:18.084+0000] {dagbag.py:587} INFO - Filling up the DagBag from /opt/airflow/dags/build_pinecone_search.py
[2026-04-28T03:01:21.966+0000] {logging_mixin.py:190} INFO - {{ task_instance.xcom_pull(task_ids='preprocess_data', dag_id='Medium_to_Pinecone', key='return_value') }}
[2026-04-28T03:01:21.970+0000] {processor.py:925} INFO - DAG(s) 'Medium_to_Pinecone' retrieved from /opt/airflow/dags/build_pinecone_search.py
[2026-04-28T03:01:21.995+0000] {logging_mixin.py:190} INFO - [2026-04-28T03:01:21.995+0000] {dag.py:3229} INFO - Sync 1 DAGs
[2026-04-28T03:01:22.017+0000] {logging_mixin.py:190} INFO - [2026-04-28T03:01:22.016+0000] {dag.py:4156} INFO - Setting next_dagrun for Medium_to_Pinecone to 2026-04-23 00:00:00+00:00, run_after=2026-04-30 00:00:00+00:00
[2026-04-28T03:01:22.033+0000] {processor.py:208} INFO - Processing /opt/airflow/dags/build_pinecone_search.py took 5.399 seconds
[2026-04-28T05:41:13.783+0000] {processor.py:186} INFO - Started process (PID=6588) to work on /opt/airflow/dags/build_pinecone_search.py
[2026-04-28T05:41:13.784+0000] {processor.py:914} INFO - Processing file /opt/airflow/dags/build_pinecone_search.py for tasks to queue
[2026-04-28T05:41:13.786+0000] {logging_mixin.py:190} INFO - [2026-04-28T05:41:13.785+0000] {dagbag.py:587} INFO - Filling up the DagBag from /opt/airflow/dags/build_pinecone_search.py
[2026-04-28T05:41:21.182+0000] {logging_mixin.py:190} INFO - {{ task_instance.xcom_pull(task_ids='preprocess_data', dag_id='Medium_to_Pinecone', key='return_value') }}
[2026-04-28T05:41:21.185+0000] {processor.py:925} INFO - DAG(s) 'Medium_to_Pinecone' retrieved from /opt/airflow/dags/build_pinecone_search.py
[2026-04-28T05:41:21.212+0000] {logging_mixin.py:190} INFO - [2026-04-28T05:41:21.212+0000] {dag.py:3229} INFO - Sync 1 DAGs
[2026-04-28T05:41:21.234+0000] {logging_mixin.py:190} INFO - [2026-04-28T05:41:21.233+0000] {dag.py:4156} INFO - Setting next_dagrun for Medium_to_Pinecone to 2026-04-23 00:00:00+00:00, run_after=2026-04-30 00:00:00+00:00
[2026-04-28T05:41:21.252+0000] {processor.py:208} INFO - Processing /opt/airflow/dags/build_pinecone_search.py took 7.480 seconds
[2026-04-28T05:41:52.042+0000] {processor.py:186} INFO - Started process (PID=6708) to work on /opt/airflow/dags/build_pinecone_search.py
[2026-04-28T05:41:52.043+0000] {processor.py:914} INFO - Processing file /opt/airflow/dags/build_pinecone_search.py for tasks to queue
[2026-04-28T05:41:52.044+0000] {logging_mixin.py:190} INFO - [2026-04-28T05:41:52.044+0000] {dagbag.py:587} INFO - Filling up the DagBag from /opt/airflow/dags/build_pinecone_search.py
[2026-04-28T05:41:58.242+0000] {logging_mixin.py:190} INFO - {{ task_instance.xcom_pull(task_ids='preprocess_data', dag_id='Medium_to_Pinecone', key='return_value') }}
[2026-04-28T05:41:58.248+0000] {processor.py:925} INFO - DAG(s) 'Medium_to_Pinecone' retrieved from /opt/airflow/dags/build_pinecone_search.py
[2026-04-28T05:41:58.274+0000] {logging_mixin.py:190} INFO - [2026-04-28T05:41:58.274+0000] {dag.py:3229} INFO - Sync 1 DAGs
[2026-04-28T05:41:58.299+0000] {logging_mixin.py:190} INFO - [2026-04-28T05:41:58.299+0000] {dag.py:4156} INFO - Setting next_dagrun for Medium_to_Pinecone to 2026-04-23 00:00:00+00:00, run_after=2026-04-30 00:00:00+00:00
[2026-04-28T05:41:58.319+0000] {processor.py:208} INFO - Processing /opt/airflow/dags/build_pinecone_search.py took 6.283 seconds
[2026-04-28T05:42:29.011+0000] {processor.py:186} INFO - Started process (PID=6801) to work on /opt/airflow/dags/build_pinecone_search.py
[2026-04-28T05:42:29.013+0000] {processor.py:914} INFO - Processing file /opt/airflow/dags/build_pinecone_search.py for tasks to queue
[2026-04-28T05:42:29.014+0000] {logging_mixin.py:190} INFO - [2026-04-28T05:42:29.014+0000] {dagbag.py:587} INFO - Filling up the DagBag from /opt/airflow/dags/build_pinecone_search.py
[2026-04-28T05:42:35.322+0000] {logging_mixin.py:190} INFO - {{ task_instance.xcom_pull(task_ids='preprocess_data', dag_id='Medium_to_Pinecone', key='return_value') }}
[2026-04-28T05:42:35.326+0000] {processor.py:925} INFO - DAG(s) 'Medium_to_Pinecone' retrieved from /opt/airflow/dags/build_pinecone_search.py
[2026-04-28T05:42:35.356+0000] {logging_mixin.py:190} INFO - [2026-04-28T05:42:35.356+0000] {dag.py:3229} INFO - Sync 1 DAGs
[2026-04-28T05:42:35.381+0000] {logging_mixin.py:190} INFO - [2026-04-28T05:42:35.381+0000] {dag.py:4156} INFO - Setting next_dagrun for Medium_to_Pinecone to 2026-04-23 00:00:00+00:00, run_after=2026-04-30 00:00:00+00:00
[2026-04-28T05:42:35.404+0000] {processor.py:208} INFO - Processing /opt/airflow/dags/build_pinecone_search.py took 6.399 seconds
