[2026-04-28T02:45:35.233+0000] {processor.py:186} INFO - Started process (PID=4324) to work on /opt/airflow/dags/Hello_World_Docker.py
[2026-04-28T02:45:35.234+0000] {processor.py:914} INFO - Processing file /opt/airflow/dags/Hello_World_Docker.py for tasks to queue
[2026-04-28T02:45:35.237+0000] {logging_mixin.py:190} INFO - [2026-04-28T02:45:35.237+0000] {dagbag.py:587} INFO - Filling up the DagBag from /opt/airflow/dags/Hello_World_Docker.py
[2026-04-28T02:45:35.257+0000] {processor.py:925} INFO - DAG(s) 'HelloWorld_docker' retrieved from /opt/airflow/dags/Hello_World_Docker.py
[2026-04-28T02:45:35.287+0000] {logging_mixin.py:190} INFO - [2026-04-28T02:45:35.287+0000] {dag.py:3229} INFO - Sync 1 DAGs
[2026-04-28T02:45:35.316+0000] {logging_mixin.py:190} INFO - [2026-04-28T02:45:35.315+0000] {dag.py:4156} INFO - Setting next_dagrun for HelloWorld_docker to 2026-04-27 02:00:00+00:00, run_after=2026-04-28 02:00:00+00:00
[2026-04-28T02:45:35.409+0000] {processor.py:208} INFO - Processing /opt/airflow/dags/Hello_World_Docker.py took 0.182 seconds
[2026-04-28T02:46:06.079+0000] {processor.py:186} INFO - Started process (PID=4381) to work on /opt/airflow/dags/Hello_World_Docker.py
[2026-04-28T02:46:06.080+0000] {processor.py:914} INFO - Processing file /opt/airflow/dags/Hello_World_Docker.py for tasks to queue
[2026-04-28T02:46:06.083+0000] {logging_mixin.py:190} INFO - [2026-04-28T02:46:06.083+0000] {dagbag.py:587} INFO - Filling up the DagBag from /opt/airflow/dags/Hello_World_Docker.py
[2026-04-28T02:46:06.104+0000] {processor.py:925} INFO - DAG(s) 'HelloWorld_docker' retrieved from /opt/airflow/dags/Hello_World_Docker.py
[2026-04-28T02:46:06.132+0000] {logging_mixin.py:190} INFO - [2026-04-28T02:46:06.131+0000] {dag.py:3229} INFO - Sync 1 DAGs
[2026-04-28T02:46:06.159+0000] {logging_mixin.py:190} INFO - [2026-04-28T02:46:06.159+0000] {dag.py:4156} INFO - Setting next_dagrun for HelloWorld_docker to 2026-04-27 02:00:00+00:00, run_after=2026-04-28 02:00:00+00:00
[2026-04-28T02:46:06.180+0000] {processor.py:208} INFO - Processing /opt/airflow/dags/Hello_World_Docker.py took 0.107 seconds
[2026-04-28T02:46:36.515+0000] {processor.py:186} INFO - Started process (PID=4456) to work on /opt/airflow/dags/Hello_World_Docker.py
[2026-04-28T02:46:36.517+0000] {processor.py:914} INFO - Processing file /opt/airflow/dags/Hello_World_Docker.py for tasks to queue
[2026-04-28T02:46:36.519+0000] {logging_mixin.py:190} INFO - [2026-04-28T02:46:36.519+0000] {dagbag.py:587} INFO - Filling up the DagBag from /opt/airflow/dags/Hello_World_Docker.py
[2026-04-28T02:46:36.541+0000] {processor.py:925} INFO - DAG(s) 'HelloWorld_docker' retrieved from /opt/airflow/dags/Hello_World_Docker.py
[2026-04-28T02:46:36.573+0000] {logging_mixin.py:190} INFO - [2026-04-28T02:46:36.572+0000] {dag.py:3229} INFO - Sync 1 DAGs
[2026-04-28T02:46:36.601+0000] {logging_mixin.py:190} INFO - [2026-04-28T02:46:36.601+0000] {dag.py:4156} INFO - Setting next_dagrun for HelloWorld_docker to 2026-04-27 02:00:00+00:00, run_after=2026-04-28 02:00:00+00:00
[2026-04-28T02:46:36.622+0000] {processor.py:208} INFO - Processing /opt/airflow/dags/Hello_World_Docker.py took 0.113 seconds
[2026-04-28T02:47:06.684+0000] {processor.py:186} INFO - Started process (PID=4532) to work on /opt/airflow/dags/Hello_World_Docker.py
[2026-04-28T02:47:06.685+0000] {processor.py:914} INFO - Processing file /opt/airflow/dags/Hello_World_Docker.py for tasks to queue
[2026-04-28T02:47:06.688+0000] {logging_mixin.py:190} INFO - [2026-04-28T02:47:06.687+0000] {dagbag.py:587} INFO - Filling up the DagBag from /opt/airflow/dags/Hello_World_Docker.py
[2026-04-28T02:47:06.707+0000] {processor.py:925} INFO - DAG(s) 'HelloWorld_docker' retrieved from /opt/airflow/dags/Hello_World_Docker.py
[2026-04-28T02:47:06.736+0000] {logging_mixin.py:190} INFO - [2026-04-28T02:47:06.736+0000] {dag.py:3229} INFO - Sync 1 DAGs
[2026-04-28T02:47:06.759+0000] {logging_mixin.py:190} INFO - [2026-04-28T02:47:06.758+0000] {dag.py:4156} INFO - Setting next_dagrun for HelloWorld_docker to 2026-04-27 02:00:00+00:00, run_after=2026-04-28 02:00:00+00:00
[2026-04-28T02:47:06.778+0000] {processor.py:208} INFO - Processing /opt/airflow/dags/Hello_World_Docker.py took 0.101 seconds
[2026-04-28T02:47:37.048+0000] {processor.py:186} INFO - Started process (PID=4607) to work on /opt/airflow/dags/Hello_World_Docker.py
[2026-04-28T02:47:37.049+0000] {processor.py:914} INFO - Processing file /opt/airflow/dags/Hello_World_Docker.py for tasks to queue
[2026-04-28T02:47:37.052+0000] {logging_mixin.py:190} INFO - [2026-04-28T02:47:37.051+0000] {dagbag.py:587} INFO - Filling up the DagBag from /opt/airflow/dags/Hello_World_Docker.py
[2026-04-28T02:47:37.072+0000] {processor.py:925} INFO - DAG(s) 'HelloWorld_docker' retrieved from /opt/airflow/dags/Hello_World_Docker.py
[2026-04-28T02:47:37.102+0000] {logging_mixin.py:190} INFO - [2026-04-28T02:47:37.101+0000] {dag.py:3229} INFO - Sync 1 DAGs
[2026-04-28T02:47:37.127+0000] {logging_mixin.py:190} INFO - [2026-04-28T02:47:37.127+0000] {dag.py:4156} INFO - Setting next_dagrun for HelloWorld_docker to 2026-04-27 02:00:00+00:00, run_after=2026-04-28 02:00:00+00:00
[2026-04-28T02:47:37.158+0000] {processor.py:208} INFO - Processing /opt/airflow/dags/Hello_World_Docker.py took 0.117 seconds
[2026-04-28T02:48:08.022+0000] {processor.py:186} INFO - Started process (PID=4685) to work on /opt/airflow/dags/Hello_World_Docker.py
[2026-04-28T02:48:08.023+0000] {processor.py:914} INFO - Processing file /opt/airflow/dags/Hello_World_Docker.py for tasks to queue
[2026-04-28T02:48:08.026+0000] {logging_mixin.py:190} INFO - [2026-04-28T02:48:08.026+0000] {dagbag.py:587} INFO - Filling up the DagBag from /opt/airflow/dags/Hello_World_Docker.py
[2026-04-28T02:48:08.046+0000] {processor.py:925} INFO - DAG(s) 'HelloWorld_docker' retrieved from /opt/airflow/dags/Hello_World_Docker.py
[2026-04-28T02:48:08.072+0000] {logging_mixin.py:190} INFO - [2026-04-28T02:48:08.072+0000] {dag.py:3229} INFO - Sync 1 DAGs
[2026-04-28T02:48:08.095+0000] {logging_mixin.py:190} INFO - [2026-04-28T02:48:08.095+0000] {dag.py:4156} INFO - Setting next_dagrun for HelloWorld_docker to 2026-04-27 02:00:00+00:00, run_after=2026-04-28 02:00:00+00:00
[2026-04-28T02:48:08.125+0000] {processor.py:208} INFO - Processing /opt/airflow/dags/Hello_World_Docker.py took 0.109 seconds
[2026-04-28T02:48:38.215+0000] {processor.py:186} INFO - Started process (PID=4762) to work on /opt/airflow/dags/Hello_World_Docker.py
[2026-04-28T02:48:38.216+0000] {processor.py:914} INFO - Processing file /opt/airflow/dags/Hello_World_Docker.py for tasks to queue
[2026-04-28T02:48:38.219+0000] {logging_mixin.py:190} INFO - [2026-04-28T02:48:38.219+0000] {dagbag.py:587} INFO - Filling up the DagBag from /opt/airflow/dags/Hello_World_Docker.py
[2026-04-28T02:48:38.241+0000] {processor.py:925} INFO - DAG(s) 'HelloWorld_docker' retrieved from /opt/airflow/dags/Hello_World_Docker.py
[2026-04-28T02:48:38.270+0000] {logging_mixin.py:190} INFO - [2026-04-28T02:48:38.269+0000] {dag.py:3229} INFO - Sync 1 DAGs
[2026-04-28T02:48:38.293+0000] {logging_mixin.py:190} INFO - [2026-04-28T02:48:38.293+0000] {dag.py:4156} INFO - Setting next_dagrun for HelloWorld_docker to 2026-04-27 02:00:00+00:00, run_after=2026-04-28 02:00:00+00:00
[2026-04-28T02:48:38.312+0000] {processor.py:208} INFO - Processing /opt/airflow/dags/Hello_World_Docker.py took 0.103 seconds
[2026-04-28T02:49:13.849+0000] {processor.py:186} INFO - Started process (PID=4835) to work on /opt/airflow/dags/Hello_World_Docker.py
[2026-04-28T02:49:13.850+0000] {processor.py:914} INFO - Processing file /opt/airflow/dags/Hello_World_Docker.py for tasks to queue
[2026-04-28T02:49:13.852+0000] {logging_mixin.py:190} INFO - [2026-04-28T02:49:13.852+0000] {dagbag.py:587} INFO - Filling up the DagBag from /opt/airflow/dags/Hello_World_Docker.py
[2026-04-28T02:49:13.870+0000] {processor.py:925} INFO - DAG(s) 'HelloWorld_docker' retrieved from /opt/airflow/dags/Hello_World_Docker.py
[2026-04-28T02:49:13.895+0000] {logging_mixin.py:190} INFO - [2026-04-28T02:49:13.894+0000] {dag.py:3229} INFO - Sync 1 DAGs
[2026-04-28T02:49:13.914+0000] {logging_mixin.py:190} INFO - [2026-04-28T02:49:13.914+0000] {dag.py:4156} INFO - Setting next_dagrun for HelloWorld_docker to 2026-04-27 02:00:00+00:00, run_after=2026-04-28 02:00:00+00:00
[2026-04-28T02:49:13.931+0000] {processor.py:208} INFO - Processing /opt/airflow/dags/Hello_World_Docker.py took 0.088 seconds
[2026-04-28T02:49:58.416+0000] {processor.py:186} INFO - Started process (PID=4915) to work on /opt/airflow/dags/Hello_World_Docker.py
[2026-04-28T02:49:58.417+0000] {processor.py:914} INFO - Processing file /opt/airflow/dags/Hello_World_Docker.py for tasks to queue
[2026-04-28T02:49:58.418+0000] {logging_mixin.py:190} INFO - [2026-04-28T02:49:58.418+0000] {dagbag.py:587} INFO - Filling up the DagBag from /opt/airflow/dags/Hello_World_Docker.py
[2026-04-28T02:49:58.437+0000] {processor.py:925} INFO - DAG(s) 'HelloWorld_docker' retrieved from /opt/airflow/dags/Hello_World_Docker.py
[2026-04-28T02:49:58.467+0000] {logging_mixin.py:190} INFO - [2026-04-28T02:49:58.467+0000] {dag.py:3229} INFO - Sync 1 DAGs
[2026-04-28T02:49:58.494+0000] {logging_mixin.py:190} INFO - [2026-04-28T02:49:58.494+0000] {dag.py:4156} INFO - Setting next_dagrun for HelloWorld_docker to 2026-04-27 02:00:00+00:00, run_after=2026-04-28 02:00:00+00:00
[2026-04-28T02:49:58.512+0000] {processor.py:208} INFO - Processing /opt/airflow/dags/Hello_World_Docker.py took 0.101 seconds
[2026-04-28T02:50:41.622+0000] {processor.py:186} INFO - Started process (PID=4972) to work on /opt/airflow/dags/Hello_World_Docker.py
[2026-04-28T02:50:41.623+0000] {processor.py:914} INFO - Processing file /opt/airflow/dags/Hello_World_Docker.py for tasks to queue
[2026-04-28T02:50:41.625+0000] {logging_mixin.py:190} INFO - [2026-04-28T02:50:41.624+0000] {dagbag.py:587} INFO - Filling up the DagBag from /opt/airflow/dags/Hello_World_Docker.py
[2026-04-28T02:50:41.643+0000] {processor.py:925} INFO - DAG(s) 'HelloWorld_docker' retrieved from /opt/airflow/dags/Hello_World_Docker.py
[2026-04-28T02:50:41.671+0000] {logging_mixin.py:190} INFO - [2026-04-28T02:50:41.671+0000] {dag.py:3229} INFO - Sync 1 DAGs
[2026-04-28T02:50:41.692+0000] {logging_mixin.py:190} INFO - [2026-04-28T02:50:41.692+0000] {dag.py:4156} INFO - Setting next_dagrun for HelloWorld_docker to 2026-04-27 02:00:00+00:00, run_after=2026-04-28 02:00:00+00:00
[2026-04-28T02:50:41.708+0000] {processor.py:208} INFO - Processing /opt/airflow/dags/Hello_World_Docker.py took 0.092 seconds
[2026-04-28T02:51:11.808+0000] {processor.py:186} INFO - Started process (PID=5045) to work on /opt/airflow/dags/Hello_World_Docker.py
[2026-04-28T02:51:11.810+0000] {processor.py:914} INFO - Processing file /opt/airflow/dags/Hello_World_Docker.py for tasks to queue
[2026-04-28T02:51:11.811+0000] {logging_mixin.py:190} INFO - [2026-04-28T02:51:11.810+0000] {dagbag.py:587} INFO - Filling up the DagBag from /opt/airflow/dags/Hello_World_Docker.py
[2026-04-28T02:51:11.829+0000] {processor.py:925} INFO - DAG(s) 'HelloWorld_docker' retrieved from /opt/airflow/dags/Hello_World_Docker.py
[2026-04-28T02:51:11.855+0000] {logging_mixin.py:190} INFO - [2026-04-28T02:51:11.854+0000] {dag.py:3229} INFO - Sync 1 DAGs
[2026-04-28T02:51:12.069+0000] {logging_mixin.py:190} INFO - [2026-04-28T02:51:12.068+0000] {dag.py:4156} INFO - Setting next_dagrun for HelloWorld_docker to 2026-04-27 02:00:00+00:00, run_after=2026-04-28 02:00:00+00:00
[2026-04-28T02:51:12.085+0000] {processor.py:208} INFO - Processing /opt/airflow/dags/Hello_World_Docker.py took 0.283 seconds
[2026-04-28T02:51:43.067+0000] {processor.py:186} INFO - Started process (PID=5120) to work on /opt/airflow/dags/Hello_World_Docker.py
[2026-04-28T02:51:43.068+0000] {processor.py:914} INFO - Processing file /opt/airflow/dags/Hello_World_Docker.py for tasks to queue
[2026-04-28T02:51:43.069+0000] {logging_mixin.py:190} INFO - [2026-04-28T02:51:43.069+0000] {dagbag.py:587} INFO - Filling up the DagBag from /opt/airflow/dags/Hello_World_Docker.py
[2026-04-28T02:51:43.087+0000] {processor.py:925} INFO - DAG(s) 'HelloWorld_docker' retrieved from /opt/airflow/dags/Hello_World_Docker.py
[2026-04-28T02:51:43.112+0000] {logging_mixin.py:190} INFO - [2026-04-28T02:51:43.112+0000] {dag.py:3229} INFO - Sync 1 DAGs
[2026-04-28T02:51:43.133+0000] {logging_mixin.py:190} INFO - [2026-04-28T02:51:43.133+0000] {dag.py:4156} INFO - Setting next_dagrun for HelloWorld_docker to 2026-04-27 02:00:00+00:00, run_after=2026-04-28 02:00:00+00:00
[2026-04-28T02:51:43.150+0000] {processor.py:208} INFO - Processing /opt/airflow/dags/Hello_World_Docker.py took 0.089 seconds
[2026-04-28T02:52:13.660+0000] {processor.py:186} INFO - Started process (PID=5198) to work on /opt/airflow/dags/Hello_World_Docker.py
[2026-04-28T02:52:13.661+0000] {processor.py:914} INFO - Processing file /opt/airflow/dags/Hello_World_Docker.py for tasks to queue
[2026-04-28T02:52:13.662+0000] {logging_mixin.py:190} INFO - [2026-04-28T02:52:13.662+0000] {dagbag.py:587} INFO - Filling up the DagBag from /opt/airflow/dags/Hello_World_Docker.py
[2026-04-28T02:52:13.682+0000] {processor.py:925} INFO - DAG(s) 'HelloWorld_docker' retrieved from /opt/airflow/dags/Hello_World_Docker.py
[2026-04-28T02:52:13.709+0000] {logging_mixin.py:190} INFO - [2026-04-28T02:52:13.708+0000] {dag.py:3229} INFO - Sync 1 DAGs
[2026-04-28T02:52:13.937+0000] {logging_mixin.py:190} INFO - [2026-04-28T02:52:13.937+0000] {dag.py:4156} INFO - Setting next_dagrun for HelloWorld_docker to 2026-04-27 02:00:00+00:00, run_after=2026-04-28 02:00:00+00:00
[2026-04-28T02:52:13.956+0000] {processor.py:208} INFO - Processing /opt/airflow/dags/Hello_World_Docker.py took 0.302 seconds
[2026-04-28T02:52:44.073+0000] {processor.py:186} INFO - Started process (PID=5281) to work on /opt/airflow/dags/Hello_World_Docker.py
[2026-04-28T02:52:44.074+0000] {processor.py:914} INFO - Processing file /opt/airflow/dags/Hello_World_Docker.py for tasks to queue
[2026-04-28T02:52:44.075+0000] {logging_mixin.py:190} INFO - [2026-04-28T02:52:44.075+0000] {dagbag.py:587} INFO - Filling up the DagBag from /opt/airflow/dags/Hello_World_Docker.py
[2026-04-28T02:52:44.095+0000] {processor.py:925} INFO - DAG(s) 'HelloWorld_docker' retrieved from /opt/airflow/dags/Hello_World_Docker.py
[2026-04-28T02:52:44.122+0000] {logging_mixin.py:190} INFO - [2026-04-28T02:52:44.122+0000] {dag.py:3229} INFO - Sync 1 DAGs
[2026-04-28T02:52:44.145+0000] {logging_mixin.py:190} INFO - [2026-04-28T02:52:44.145+0000] {dag.py:4156} INFO - Setting next_dagrun for HelloWorld_docker to 2026-04-27 02:00:00+00:00, run_after=2026-04-28 02:00:00+00:00
[2026-04-28T02:52:44.163+0000] {processor.py:208} INFO - Processing /opt/airflow/dags/Hello_World_Docker.py took 0.096 seconds
[2026-04-28T02:53:14.500+0000] {processor.py:186} INFO - Started process (PID=5355) to work on /opt/airflow/dags/Hello_World_Docker.py
[2026-04-28T02:53:14.501+0000] {processor.py:914} INFO - Processing file /opt/airflow/dags/Hello_World_Docker.py for tasks to queue
[2026-04-28T02:53:14.502+0000] {logging_mixin.py:190} INFO - [2026-04-28T02:53:14.502+0000] {dagbag.py:587} INFO - Filling up the DagBag from /opt/airflow/dags/Hello_World_Docker.py
[2026-04-28T02:53:14.522+0000] {processor.py:925} INFO - DAG(s) 'HelloWorld_docker' retrieved from /opt/airflow/dags/Hello_World_Docker.py
[2026-04-28T02:53:14.551+0000] {logging_mixin.py:190} INFO - [2026-04-28T02:53:14.551+0000] {dag.py:3229} INFO - Sync 1 DAGs
[2026-04-28T02:53:14.831+0000] {logging_mixin.py:190} INFO - [2026-04-28T02:53:14.831+0000] {dag.py:4156} INFO - Setting next_dagrun for HelloWorld_docker to 2026-04-27 02:00:00+00:00, run_after=2026-04-28 02:00:00+00:00
[2026-04-28T02:53:14.850+0000] {processor.py:208} INFO - Processing /opt/airflow/dags/Hello_World_Docker.py took 0.356 seconds
[2026-04-28T02:53:45.002+0000] {processor.py:186} INFO - Started process (PID=5433) to work on /opt/airflow/dags/Hello_World_Docker.py
[2026-04-28T02:53:45.003+0000] {processor.py:914} INFO - Processing file /opt/airflow/dags/Hello_World_Docker.py for tasks to queue
[2026-04-28T02:53:45.005+0000] {logging_mixin.py:190} INFO - [2026-04-28T02:53:45.004+0000] {dagbag.py:587} INFO - Filling up the DagBag from /opt/airflow/dags/Hello_World_Docker.py
[2026-04-28T02:53:45.023+0000] {processor.py:925} INFO - DAG(s) 'HelloWorld_docker' retrieved from /opt/airflow/dags/Hello_World_Docker.py
[2026-04-28T02:53:45.048+0000] {logging_mixin.py:190} INFO - [2026-04-28T02:53:45.048+0000] {dag.py:3229} INFO - Sync 1 DAGs
[2026-04-28T02:53:45.069+0000] {logging_mixin.py:190} INFO - [2026-04-28T02:53:45.069+0000] {dag.py:4156} INFO - Setting next_dagrun for HelloWorld_docker to 2026-04-27 02:00:00+00:00, run_after=2026-04-28 02:00:00+00:00
[2026-04-28T02:53:45.086+0000] {processor.py:208} INFO - Processing /opt/airflow/dags/Hello_World_Docker.py took 0.089 seconds
[2026-04-28T02:54:15.314+0000] {processor.py:186} INFO - Started process (PID=5499) to work on /opt/airflow/dags/Hello_World_Docker.py
[2026-04-28T02:54:15.316+0000] {processor.py:914} INFO - Processing file /opt/airflow/dags/Hello_World_Docker.py for tasks to queue
[2026-04-28T02:54:15.318+0000] {logging_mixin.py:190} INFO - [2026-04-28T02:54:15.317+0000] {dagbag.py:587} INFO - Filling up the DagBag from /opt/airflow/dags/Hello_World_Docker.py
[2026-04-28T02:54:15.340+0000] {processor.py:925} INFO - DAG(s) 'HelloWorld_docker' retrieved from /opt/airflow/dags/Hello_World_Docker.py
[2026-04-28T02:54:15.372+0000] {logging_mixin.py:190} INFO - [2026-04-28T02:54:15.371+0000] {dag.py:3229} INFO - Sync 1 DAGs
[2026-04-28T02:54:15.627+0000] {logging_mixin.py:190} INFO - [2026-04-28T02:54:15.627+0000] {dag.py:4156} INFO - Setting next_dagrun for HelloWorld_docker to 2026-04-27 02:00:00+00:00, run_after=2026-04-28 02:00:00+00:00
[2026-04-28T02:54:15.655+0000] {processor.py:208} INFO - Processing /opt/airflow/dags/Hello_World_Docker.py took 0.348 seconds
[2026-04-28T02:54:45.868+0000] {processor.py:186} INFO - Started process (PID=5572) to work on /opt/airflow/dags/Hello_World_Docker.py
[2026-04-28T02:54:45.869+0000] {processor.py:914} INFO - Processing file /opt/airflow/dags/Hello_World_Docker.py for tasks to queue
[2026-04-28T02:54:45.870+0000] {logging_mixin.py:190} INFO - [2026-04-28T02:54:45.870+0000] {dagbag.py:587} INFO - Filling up the DagBag from /opt/airflow/dags/Hello_World_Docker.py
[2026-04-28T02:54:45.889+0000] {processor.py:925} INFO - DAG(s) 'HelloWorld_docker' retrieved from /opt/airflow/dags/Hello_World_Docker.py
[2026-04-28T02:54:45.915+0000] {logging_mixin.py:190} INFO - [2026-04-28T02:54:45.914+0000] {dag.py:3229} INFO - Sync 1 DAGs
[2026-04-28T02:54:45.936+0000] {logging_mixin.py:190} INFO - [2026-04-28T02:54:45.935+0000] {dag.py:4156} INFO - Setting next_dagrun for HelloWorld_docker to 2026-04-27 02:00:00+00:00, run_after=2026-04-28 02:00:00+00:00
[2026-04-28T02:54:45.964+0000] {processor.py:208} INFO - Processing /opt/airflow/dags/Hello_World_Docker.py took 0.102 seconds
[2026-04-28T02:55:23.713+0000] {processor.py:186} INFO - Started process (PID=5650) to work on /opt/airflow/dags/Hello_World_Docker.py
[2026-04-28T02:55:23.714+0000] {processor.py:914} INFO - Processing file /opt/airflow/dags/Hello_World_Docker.py for tasks to queue
[2026-04-28T02:55:23.715+0000] {logging_mixin.py:190} INFO - [2026-04-28T02:55:23.715+0000] {dagbag.py:587} INFO - Filling up the DagBag from /opt/airflow/dags/Hello_World_Docker.py
[2026-04-28T02:55:23.734+0000] {processor.py:925} INFO - DAG(s) 'HelloWorld_docker' retrieved from /opt/airflow/dags/Hello_World_Docker.py
[2026-04-28T02:55:23.764+0000] {logging_mixin.py:190} INFO - [2026-04-28T02:55:23.764+0000] {dag.py:3229} INFO - Sync 1 DAGs
[2026-04-28T02:55:23.791+0000] {logging_mixin.py:190} INFO - [2026-04-28T02:55:23.791+0000] {dag.py:4156} INFO - Setting next_dagrun for HelloWorld_docker to 2026-04-27 02:00:00+00:00, run_after=2026-04-28 02:00:00+00:00
[2026-04-28T02:55:23.808+0000] {processor.py:208} INFO - Processing /opt/airflow/dags/Hello_World_Docker.py took 0.101 seconds
[2026-04-28T02:55:54.578+0000] {processor.py:186} INFO - Started process (PID=5713) to work on /opt/airflow/dags/Hello_World_Docker.py
[2026-04-28T02:55:54.579+0000] {processor.py:914} INFO - Processing file /opt/airflow/dags/Hello_World_Docker.py for tasks to queue
[2026-04-28T02:55:54.580+0000] {logging_mixin.py:190} INFO - [2026-04-28T02:55:54.580+0000] {dagbag.py:587} INFO - Filling up the DagBag from /opt/airflow/dags/Hello_World_Docker.py
[2026-04-28T02:55:54.599+0000] {processor.py:925} INFO - DAG(s) 'HelloWorld_docker' retrieved from /opt/airflow/dags/Hello_World_Docker.py
[2026-04-28T02:55:54.629+0000] {logging_mixin.py:190} INFO - [2026-04-28T02:55:54.629+0000] {dag.py:3229} INFO - Sync 1 DAGs
[2026-04-28T02:55:54.689+0000] {logging_mixin.py:190} INFO - [2026-04-28T02:55:54.689+0000] {dag.py:4156} INFO - Setting next_dagrun for HelloWorld_docker to 2026-04-27 02:00:00+00:00, run_after=2026-04-28 02:00:00+00:00
[2026-04-28T02:55:54.710+0000] {processor.py:208} INFO - Processing /opt/airflow/dags/Hello_World_Docker.py took 0.139 seconds
[2026-04-28T02:56:25.388+0000] {processor.py:186} INFO - Started process (PID=5787) to work on /opt/airflow/dags/Hello_World_Docker.py
[2026-04-28T02:56:25.389+0000] {processor.py:914} INFO - Processing file /opt/airflow/dags/Hello_World_Docker.py for tasks to queue
[2026-04-28T02:56:25.391+0000] {logging_mixin.py:190} INFO - [2026-04-28T02:56:25.390+0000] {dagbag.py:587} INFO - Filling up the DagBag from /opt/airflow/dags/Hello_World_Docker.py
[2026-04-28T02:56:25.409+0000] {processor.py:925} INFO - DAG(s) 'HelloWorld_docker' retrieved from /opt/airflow/dags/Hello_World_Docker.py
[2026-04-28T02:56:25.435+0000] {logging_mixin.py:190} INFO - [2026-04-28T02:56:25.435+0000] {dag.py:3229} INFO - Sync 1 DAGs
[2026-04-28T02:56:25.457+0000] {logging_mixin.py:190} INFO - [2026-04-28T02:56:25.457+0000] {dag.py:4156} INFO - Setting next_dagrun for HelloWorld_docker to 2026-04-27 02:00:00+00:00, run_after=2026-04-28 02:00:00+00:00
[2026-04-28T02:56:25.477+0000] {processor.py:208} INFO - Processing /opt/airflow/dags/Hello_World_Docker.py took 0.094 seconds
[2026-04-28T02:56:56.089+0000] {processor.py:186} INFO - Started process (PID=5865) to work on /opt/airflow/dags/Hello_World_Docker.py
[2026-04-28T02:56:56.090+0000] {processor.py:914} INFO - Processing file /opt/airflow/dags/Hello_World_Docker.py for tasks to queue
[2026-04-28T02:56:56.091+0000] {logging_mixin.py:190} INFO - [2026-04-28T02:56:56.091+0000] {dagbag.py:587} INFO - Filling up the DagBag from /opt/airflow/dags/Hello_World_Docker.py
[2026-04-28T02:56:56.109+0000] {processor.py:925} INFO - DAG(s) 'HelloWorld_docker' retrieved from /opt/airflow/dags/Hello_World_Docker.py
[2026-04-28T02:56:56.135+0000] {logging_mixin.py:190} INFO - [2026-04-28T02:56:56.134+0000] {dag.py:3229} INFO - Sync 1 DAGs
[2026-04-28T02:56:56.156+0000] {logging_mixin.py:190} INFO - [2026-04-28T02:56:56.155+0000] {dag.py:4156} INFO - Setting next_dagrun for HelloWorld_docker to 2026-04-27 02:00:00+00:00, run_after=2026-04-28 02:00:00+00:00
[2026-04-28T02:56:56.174+0000] {processor.py:208} INFO - Processing /opt/airflow/dags/Hello_World_Docker.py took 0.090 seconds
[2026-04-28T02:57:26.318+0000] {processor.py:186} INFO - Started process (PID=5938) to work on /opt/airflow/dags/Hello_World_Docker.py
[2026-04-28T02:57:26.319+0000] {processor.py:914} INFO - Processing file /opt/airflow/dags/Hello_World_Docker.py for tasks to queue
[2026-04-28T02:57:26.320+0000] {logging_mixin.py:190} INFO - [2026-04-28T02:57:26.320+0000] {dagbag.py:587} INFO - Filling up the DagBag from /opt/airflow/dags/Hello_World_Docker.py
[2026-04-28T02:57:26.339+0000] {processor.py:925} INFO - DAG(s) 'HelloWorld_docker' retrieved from /opt/airflow/dags/Hello_World_Docker.py
[2026-04-28T02:57:26.365+0000] {logging_mixin.py:190} INFO - [2026-04-28T02:57:26.365+0000] {dag.py:3229} INFO - Sync 1 DAGs
[2026-04-28T02:57:26.387+0000] {logging_mixin.py:190} INFO - [2026-04-28T02:57:26.387+0000] {dag.py:4156} INFO - Setting next_dagrun for HelloWorld_docker to 2026-04-27 02:00:00+00:00, run_after=2026-04-28 02:00:00+00:00
[2026-04-28T02:57:26.406+0000] {processor.py:208} INFO - Processing /opt/airflow/dags/Hello_World_Docker.py took 0.094 seconds
[2026-04-28T02:57:56.518+0000] {processor.py:186} INFO - Started process (PID=6014) to work on /opt/airflow/dags/Hello_World_Docker.py
[2026-04-28T02:57:56.519+0000] {processor.py:914} INFO - Processing file /opt/airflow/dags/Hello_World_Docker.py for tasks to queue
[2026-04-28T02:57:56.521+0000] {logging_mixin.py:190} INFO - [2026-04-28T02:57:56.520+0000] {dagbag.py:587} INFO - Filling up the DagBag from /opt/airflow/dags/Hello_World_Docker.py
[2026-04-28T02:57:56.539+0000] {processor.py:925} INFO - DAG(s) 'HelloWorld_docker' retrieved from /opt/airflow/dags/Hello_World_Docker.py
[2026-04-28T02:57:56.565+0000] {logging_mixin.py:190} INFO - [2026-04-28T02:57:56.565+0000] {dag.py:3229} INFO - Sync 1 DAGs
[2026-04-28T02:57:56.586+0000] {logging_mixin.py:190} INFO - [2026-04-28T02:57:56.586+0000] {dag.py:4156} INFO - Setting next_dagrun for HelloWorld_docker to 2026-04-27 02:00:00+00:00, run_after=2026-04-28 02:00:00+00:00
[2026-04-28T02:57:56.604+0000] {processor.py:208} INFO - Processing /opt/airflow/dags/Hello_World_Docker.py took 0.091 seconds
[2026-04-28T02:58:26.738+0000] {processor.py:186} INFO - Started process (PID=6089) to work on /opt/airflow/dags/Hello_World_Docker.py
[2026-04-28T02:58:26.739+0000] {processor.py:914} INFO - Processing file /opt/airflow/dags/Hello_World_Docker.py for tasks to queue
[2026-04-28T02:58:26.740+0000] {logging_mixin.py:190} INFO - [2026-04-28T02:58:26.740+0000] {dagbag.py:587} INFO - Filling up the DagBag from /opt/airflow/dags/Hello_World_Docker.py
[2026-04-28T02:58:26.759+0000] {processor.py:925} INFO - DAG(s) 'HelloWorld_docker' retrieved from /opt/airflow/dags/Hello_World_Docker.py
[2026-04-28T02:58:26.785+0000] {logging_mixin.py:190} INFO - [2026-04-28T02:58:26.785+0000] {dag.py:3229} INFO - Sync 1 DAGs
[2026-04-28T02:58:26.806+0000] {logging_mixin.py:190} INFO - [2026-04-28T02:58:26.806+0000] {dag.py:4156} INFO - Setting next_dagrun for HelloWorld_docker to 2026-04-27 02:00:00+00:00, run_after=2026-04-28 02:00:00+00:00
[2026-04-28T02:58:26.824+0000] {processor.py:208} INFO - Processing /opt/airflow/dags/Hello_World_Docker.py took 0.092 seconds
[2026-04-28T02:58:57.229+0000] {processor.py:186} INFO - Started process (PID=6149) to work on /opt/airflow/dags/Hello_World_Docker.py
[2026-04-28T02:58:57.230+0000] {processor.py:914} INFO - Processing file /opt/airflow/dags/Hello_World_Docker.py for tasks to queue
[2026-04-28T02:58:57.231+0000] {logging_mixin.py:190} INFO - [2026-04-28T02:58:57.230+0000] {dagbag.py:587} INFO - Filling up the DagBag from /opt/airflow/dags/Hello_World_Docker.py
[2026-04-28T02:58:57.249+0000] {processor.py:925} INFO - DAG(s) 'HelloWorld_docker' retrieved from /opt/airflow/dags/Hello_World_Docker.py
[2026-04-28T02:58:57.274+0000] {logging_mixin.py:190} INFO - [2026-04-28T02:58:57.274+0000] {dag.py:3229} INFO - Sync 1 DAGs
[2026-04-28T02:58:57.296+0000] {logging_mixin.py:190} INFO - [2026-04-28T02:58:57.296+0000] {dag.py:4156} INFO - Setting next_dagrun for HelloWorld_docker to 2026-04-27 02:00:00+00:00, run_after=2026-04-28 02:00:00+00:00
[2026-04-28T02:58:57.314+0000] {processor.py:208} INFO - Processing /opt/airflow/dags/Hello_World_Docker.py took 0.091 seconds
[2026-04-28T02:59:27.507+0000] {processor.py:186} INFO - Started process (PID=6224) to work on /opt/airflow/dags/Hello_World_Docker.py
[2026-04-28T02:59:27.508+0000] {processor.py:914} INFO - Processing file /opt/airflow/dags/Hello_World_Docker.py for tasks to queue
[2026-04-28T02:59:27.509+0000] {logging_mixin.py:190} INFO - [2026-04-28T02:59:27.509+0000] {dagbag.py:587} INFO - Filling up the DagBag from /opt/airflow/dags/Hello_World_Docker.py
[2026-04-28T02:59:27.528+0000] {processor.py:925} INFO - DAG(s) 'HelloWorld_docker' retrieved from /opt/airflow/dags/Hello_World_Docker.py
[2026-04-28T02:59:27.554+0000] {logging_mixin.py:190} INFO - [2026-04-28T02:59:27.554+0000] {dag.py:3229} INFO - Sync 1 DAGs
[2026-04-28T02:59:27.576+0000] {logging_mixin.py:190} INFO - [2026-04-28T02:59:27.576+0000] {dag.py:4156} INFO - Setting next_dagrun for HelloWorld_docker to 2026-04-27 02:00:00+00:00, run_after=2026-04-28 02:00:00+00:00
[2026-04-28T02:59:27.594+0000] {processor.py:208} INFO - Processing /opt/airflow/dags/Hello_World_Docker.py took 0.093 seconds
[2026-04-28T02:59:57.737+0000] {processor.py:186} INFO - Started process (PID=6300) to work on /opt/airflow/dags/Hello_World_Docker.py
[2026-04-28T02:59:57.738+0000] {processor.py:914} INFO - Processing file /opt/airflow/dags/Hello_World_Docker.py for tasks to queue
[2026-04-28T02:59:57.740+0000] {logging_mixin.py:190} INFO - [2026-04-28T02:59:57.739+0000] {dagbag.py:587} INFO - Filling up the DagBag from /opt/airflow/dags/Hello_World_Docker.py
[2026-04-28T02:59:57.759+0000] {processor.py:925} INFO - DAG(s) 'HelloWorld_docker' retrieved from /opt/airflow/dags/Hello_World_Docker.py
[2026-04-28T02:59:57.787+0000] {logging_mixin.py:190} INFO - [2026-04-28T02:59:57.786+0000] {dag.py:3229} INFO - Sync 1 DAGs
[2026-04-28T02:59:57.813+0000] {logging_mixin.py:190} INFO - [2026-04-28T02:59:57.813+0000] {dag.py:4156} INFO - Setting next_dagrun for HelloWorld_docker to 2026-04-27 02:00:00+00:00, run_after=2026-04-28 02:00:00+00:00
[2026-04-28T02:59:57.835+0000] {processor.py:208} INFO - Processing /opt/airflow/dags/Hello_World_Docker.py took 0.104 seconds
[2026-04-28T03:00:28.317+0000] {processor.py:186} INFO - Started process (PID=6384) to work on /opt/airflow/dags/Hello_World_Docker.py
[2026-04-28T03:00:28.318+0000] {processor.py:914} INFO - Processing file /opt/airflow/dags/Hello_World_Docker.py for tasks to queue
[2026-04-28T03:00:28.319+0000] {logging_mixin.py:190} INFO - [2026-04-28T03:00:28.319+0000] {dagbag.py:587} INFO - Filling up the DagBag from /opt/airflow/dags/Hello_World_Docker.py
[2026-04-28T03:00:28.339+0000] {processor.py:925} INFO - DAG(s) 'HelloWorld_docker' retrieved from /opt/airflow/dags/Hello_World_Docker.py
[2026-04-28T03:00:28.364+0000] {logging_mixin.py:190} INFO - [2026-04-28T03:00:28.364+0000] {dag.py:3229} INFO - Sync 1 DAGs
[2026-04-28T03:00:28.388+0000] {logging_mixin.py:190} INFO - [2026-04-28T03:00:28.388+0000] {dag.py:4156} INFO - Setting next_dagrun for HelloWorld_docker to 2026-04-27 02:00:00+00:00, run_after=2026-04-28 02:00:00+00:00
[2026-04-28T03:00:28.407+0000] {processor.py:208} INFO - Processing /opt/airflow/dags/Hello_World_Docker.py took 0.095 seconds
[2026-04-28T03:00:58.496+0000] {processor.py:186} INFO - Started process (PID=6462) to work on /opt/airflow/dags/Hello_World_Docker.py
[2026-04-28T03:00:58.497+0000] {processor.py:914} INFO - Processing file /opt/airflow/dags/Hello_World_Docker.py for tasks to queue
[2026-04-28T03:00:58.498+0000] {logging_mixin.py:190} INFO - [2026-04-28T03:00:58.498+0000] {dagbag.py:587} INFO - Filling up the DagBag from /opt/airflow/dags/Hello_World_Docker.py
[2026-04-28T03:00:58.518+0000] {processor.py:925} INFO - DAG(s) 'HelloWorld_docker' retrieved from /opt/airflow/dags/Hello_World_Docker.py
[2026-04-28T03:00:58.551+0000] {logging_mixin.py:190} INFO - [2026-04-28T03:00:58.551+0000] {dag.py:3229} INFO - Sync 1 DAGs
[2026-04-28T03:00:58.586+0000] {logging_mixin.py:190} INFO - [2026-04-28T03:00:58.586+0000] {dag.py:4156} INFO - Setting next_dagrun for HelloWorld_docker to 2026-04-27 02:00:00+00:00, run_after=2026-04-28 02:00:00+00:00
[2026-04-28T03:00:58.610+0000] {processor.py:208} INFO - Processing /opt/airflow/dags/Hello_World_Docker.py took 0.120 seconds
[2026-04-28T03:01:29.149+0000] {processor.py:186} INFO - Started process (PID=6540) to work on /opt/airflow/dags/Hello_World_Docker.py
[2026-04-28T03:01:29.150+0000] {processor.py:914} INFO - Processing file /opt/airflow/dags/Hello_World_Docker.py for tasks to queue
[2026-04-28T03:01:29.151+0000] {logging_mixin.py:190} INFO - [2026-04-28T03:01:29.151+0000] {dagbag.py:587} INFO - Filling up the DagBag from /opt/airflow/dags/Hello_World_Docker.py
[2026-04-28T03:01:29.170+0000] {processor.py:925} INFO - DAG(s) 'HelloWorld_docker' retrieved from /opt/airflow/dags/Hello_World_Docker.py
[2026-04-28T03:01:29.196+0000] {logging_mixin.py:190} INFO - [2026-04-28T03:01:29.196+0000] {dag.py:3229} INFO - Sync 1 DAGs
[2026-04-28T03:01:29.217+0000] {logging_mixin.py:190} INFO - [2026-04-28T03:01:29.217+0000] {dag.py:4156} INFO - Setting next_dagrun for HelloWorld_docker to 2026-04-27 02:00:00+00:00, run_after=2026-04-28 02:00:00+00:00
[2026-04-28T03:01:29.246+0000] {processor.py:208} INFO - Processing /opt/airflow/dags/Hello_World_Docker.py took 0.103 seconds
[2026-04-28T05:41:18.492+0000] {processor.py:186} INFO - Started process (PID=6622) to work on /opt/airflow/dags/Hello_World_Docker.py
[2026-04-28T05:41:18.493+0000] {processor.py:914} INFO - Processing file /opt/airflow/dags/Hello_World_Docker.py for tasks to queue
[2026-04-28T05:41:18.494+0000] {logging_mixin.py:190} INFO - [2026-04-28T05:41:18.494+0000] {dagbag.py:587} INFO - Filling up the DagBag from /opt/airflow/dags/Hello_World_Docker.py
[2026-04-28T05:41:18.518+0000] {processor.py:925} INFO - DAG(s) 'HelloWorld_docker' retrieved from /opt/airflow/dags/Hello_World_Docker.py
[2026-04-28T05:41:18.548+0000] {logging_mixin.py:190} INFO - [2026-04-28T05:41:18.548+0000] {dag.py:3229} INFO - Sync 1 DAGs
[2026-04-28T05:41:18.572+0000] {logging_mixin.py:190} INFO - [2026-04-28T05:41:18.571+0000] {dag.py:4156} INFO - Setting next_dagrun for HelloWorld_docker to 2026-04-27 02:00:00+00:00, run_after=2026-04-28 02:00:00+00:00
[2026-04-28T05:41:18.590+0000] {processor.py:208} INFO - Processing /opt/airflow/dags/Hello_World_Docker.py took 0.104 seconds
[2026-04-28T05:41:50.986+0000] {processor.py:186} INFO - Started process (PID=6701) to work on /opt/airflow/dags/Hello_World_Docker.py
[2026-04-28T05:41:50.987+0000] {processor.py:914} INFO - Processing file /opt/airflow/dags/Hello_World_Docker.py for tasks to queue
[2026-04-28T05:41:50.988+0000] {logging_mixin.py:190} INFO - [2026-04-28T05:41:50.988+0000] {dagbag.py:587} INFO - Filling up the DagBag from /opt/airflow/dags/Hello_World_Docker.py
[2026-04-28T05:41:51.014+0000] {processor.py:925} INFO - DAG(s) 'HelloWorld_docker' retrieved from /opt/airflow/dags/Hello_World_Docker.py
[2026-04-28T05:41:51.043+0000] {logging_mixin.py:190} INFO - [2026-04-28T05:41:51.043+0000] {dag.py:3229} INFO - Sync 1 DAGs
[2026-04-28T05:41:51.068+0000] {logging_mixin.py:190} INFO - [2026-04-28T05:41:51.067+0000] {dag.py:4156} INFO - Setting next_dagrun for HelloWorld_docker to 2026-04-27 02:00:00+00:00, run_after=2026-04-28 02:00:00+00:00
[2026-04-28T05:41:51.087+0000] {processor.py:208} INFO - Processing /opt/airflow/dags/Hello_World_Docker.py took 0.107 seconds
[2026-04-28T05:42:22.565+0000] {processor.py:186} INFO - Started process (PID=6779) to work on /opt/airflow/dags/Hello_World_Docker.py
[2026-04-28T05:42:22.567+0000] {processor.py:914} INFO - Processing file /opt/airflow/dags/Hello_World_Docker.py for tasks to queue
[2026-04-28T05:42:22.568+0000] {logging_mixin.py:190} INFO - [2026-04-28T05:42:22.568+0000] {dagbag.py:587} INFO - Filling up the DagBag from /opt/airflow/dags/Hello_World_Docker.py
[2026-04-28T05:42:22.591+0000] {processor.py:925} INFO - DAG(s) 'HelloWorld_docker' retrieved from /opt/airflow/dags/Hello_World_Docker.py
[2026-04-28T05:42:22.627+0000] {logging_mixin.py:190} INFO - [2026-04-28T05:42:22.627+0000] {dag.py:3229} INFO - Sync 1 DAGs
[2026-04-28T05:42:22.657+0000] {logging_mixin.py:190} INFO - [2026-04-28T05:42:22.657+0000] {dag.py:4156} INFO - Setting next_dagrun for HelloWorld_docker to 2026-04-27 02:00:00+00:00, run_after=2026-04-28 02:00:00+00:00
[2026-04-28T05:42:22.684+0000] {processor.py:208} INFO - Processing /opt/airflow/dags/Hello_World_Docker.py took 0.127 seconds
[2026-04-28T05:42:53.077+0000] {processor.py:186} INFO - Started process (PID=6836) to work on /opt/airflow/dags/Hello_World_Docker.py
[2026-04-28T05:42:53.078+0000] {processor.py:914} INFO - Processing file /opt/airflow/dags/Hello_World_Docker.py for tasks to queue
[2026-04-28T05:42:53.080+0000] {logging_mixin.py:190} INFO - [2026-04-28T05:42:53.079+0000] {dagbag.py:587} INFO - Filling up the DagBag from /opt/airflow/dags/Hello_World_Docker.py
[2026-04-28T05:42:53.100+0000] {processor.py:925} INFO - DAG(s) 'HelloWorld_docker' retrieved from /opt/airflow/dags/Hello_World_Docker.py
[2026-04-28T05:42:53.126+0000] {logging_mixin.py:190} INFO - [2026-04-28T05:42:53.126+0000] {dag.py:3229} INFO - Sync 1 DAGs
[2026-04-28T05:42:53.157+0000] {logging_mixin.py:190} INFO - [2026-04-28T05:42:53.157+0000] {dag.py:4156} INFO - Setting next_dagrun for HelloWorld_docker to 2026-04-27 02:00:00+00:00, run_after=2026-04-28 02:00:00+00:00
[2026-04-28T05:42:53.178+0000] {processor.py:208} INFO - Processing /opt/airflow/dags/Hello_World_Docker.py took 0.107 seconds
