[2026-04-23T00:20:37.354+0000] {local_task_job_runner.py:123} INFO - ::group::Pre task execution logs
[2026-04-23T00:20:37.384+0000] {taskinstance.py:2612} INFO - Dependencies all met for dep_context=non-requeueable deps ti=<TaskInstance: BuildELT_dbt.dbt_snapshot manual__2026-04-23T00:20:03.004016+00:00 [queued]>
[2026-04-23T00:20:37.399+0000] {taskinstance.py:2612} INFO - Dependencies all met for dep_context=requeueable deps ti=<TaskInstance: BuildELT_dbt.dbt_snapshot manual__2026-04-23T00:20:03.004016+00:00 [queued]>
[2026-04-23T00:20:37.401+0000] {taskinstance.py:2865} INFO - Starting attempt 1 of 1
[2026-04-23T00:20:37.427+0000] {taskinstance.py:2888} INFO - Executing <Task(BashOperator): dbt_snapshot> on 2026-04-23 00:20:03.004016+00:00
[2026-04-23T00:20:37.443+0000] {standard_task_runner.py:104} INFO - Running: ['***', 'tasks', 'run', 'BuildELT_dbt', 'dbt_snapshot', 'manual__2026-04-23T00:20:03.004016+00:00', '--job-id', '23', '--raw', '--subdir', 'DAGS_FOLDER/build_elt_with_dbt.py', '--cfg-path', '/tmp/tmp9d62n53a']
[2026-04-23T00:20:37.448+0000] {standard_task_runner.py:105} INFO - Job 23: Subtask dbt_snapshot
[2026-04-23T00:20:37.448+0000] {logging_mixin.py:190} WARNING - /home/***/.local/lib/python3.12/site-packages/***/task/task_runner/standard_task_runner.py:70 DeprecationWarning: This process (pid=32084) is multi-threaded, use of fork() may lead to deadlocks in the child.
[2026-04-23T00:20:37.450+0000] {standard_task_runner.py:72} INFO - Started process 32085 to run task
[2026-04-23T00:20:37.528+0000] {task_command.py:467} INFO - Running <TaskInstance: BuildELT_dbt.dbt_snapshot manual__2026-04-23T00:20:03.004016+00:00 [running]> on host aa30302fbfc5
[2026-04-23T00:20:37.681+0000] {taskinstance.py:3131} INFO - Exporting env vars: AIRFLOW_CTX_DAG_OWNER='***' AIRFLOW_CTX_DAG_ID='BuildELT_dbt' AIRFLOW_CTX_TASK_ID='dbt_snapshot' AIRFLOW_CTX_EXECUTION_DATE='2026-04-23T00:20:03.004016+00:00' AIRFLOW_CTX_TRY_NUMBER='1' AIRFLOW_CTX_DAG_RUN_ID='manual__2026-04-23T00:20:03.004016+00:00'
[2026-04-23T00:20:37.683+0000] {taskinstance.py:731} INFO - ::endgroup::
[2026-04-23T00:20:37.714+0000] {subprocess.py:63} INFO - Tmp dir root location: /tmp
[2026-04-23T00:20:37.717+0000] {subprocess.py:75} INFO - Running command: ['/usr/bin/bash', '-c', '/home/***/.local/bin/dbt snapshot --profiles-dir /opt/***/dbt --project-dir /opt/***/dbt']
[2026-04-23T00:20:37.737+0000] {subprocess.py:86} INFO - Output:
[2026-04-23T00:20:41.681+0000] {subprocess.py:93} INFO - [0m00:20:41  Running with dbt=1.8.7
[2026-04-23T00:20:43.687+0000] {subprocess.py:93} INFO - [0m00:20:43  Registered adapter: snowflake=1.8.1
[2026-04-23T00:20:44.564+0000] {subprocess.py:93} INFO - [0m00:20:44  Found 3 models, 2 snapshots, 3 data tests, 3 sources, 454 macros
[2026-04-23T00:20:44.568+0000] {subprocess.py:93} INFO - [0m00:20:44
[2026-04-23T00:20:48.187+0000] {subprocess.py:93} INFO - [0m00:20:48  Concurrency: 1 threads (target='dev')
[2026-04-23T00:20:48.189+0000] {subprocess.py:93} INFO - [0m00:20:48
[2026-04-23T00:20:48.206+0000] {subprocess.py:93} INFO - [0m00:20:48  1 of 2 START snapshot snapshot.snapshot_average_temps .......................... [RUN]
[2026-04-23T00:20:49.117+0000] {subprocess.py:93} INFO - [0m00:20:49  1 of 2 ERROR snapshotting snapshot.snapshot_average_temps ...................... [[31mERROR[0m in 0.90s]
[2026-04-23T00:20:49.123+0000] {subprocess.py:93} INFO - [0m00:20:49  2 of 2 START snapshot snapshot.snapshot_weather_code_distribution .............. [RUN]
[2026-04-23T00:20:50.146+0000] {subprocess.py:93} INFO - [0m00:20:50  2 of 2 ERROR snapshotting snapshot.snapshot_weather_code_distribution .......... [[31mERROR[0m in 1.02s]
[2026-04-23T00:20:50.154+0000] {subprocess.py:93} INFO - [0m00:20:50
[2026-04-23T00:20:50.155+0000] {subprocess.py:93} INFO - [0m00:20:50  Finished running 2 snapshots in 0 hours 0 minutes and 5.58 seconds (5.58s).
[2026-04-23T00:20:50.267+0000] {subprocess.py:93} INFO - [0m00:20:50
[2026-04-23T00:20:50.270+0000] {subprocess.py:93} INFO - [0m00:20:50  [31mCompleted with 2 errors and 0 warnings:[0m
[2026-04-23T00:20:50.272+0000] {subprocess.py:93} INFO - [0m00:20:50
[2026-04-23T00:20:50.273+0000] {subprocess.py:93} INFO - [0m00:20:50    Database Error in snapshot snapshot_average_temps (snapshots/snapshot_average_temps.sql)
[2026-04-23T00:20:50.274+0000] {subprocess.py:93} INFO -   000904 (42000): SQL compilation error: error line 7 at position 33
[2026-04-23T00:20:50.275+0000] {subprocess.py:93} INFO -   invalid identifier 'TS'
[2026-04-23T00:20:50.276+0000] {subprocess.py:93} INFO - [0m00:20:50
[2026-04-23T00:20:50.277+0000] {subprocess.py:93} INFO - [0m00:20:50    Database Error in snapshot snapshot_weather_code_distribution (snapshots/snapshot_weather_code_distribution.sql)
[2026-04-23T00:20:50.278+0000] {subprocess.py:93} INFO -   000904 (42000): SQL compilation error: error line 7 at position 33
[2026-04-23T00:20:50.279+0000] {subprocess.py:93} INFO -   invalid identifier 'TS'
[2026-04-23T00:20:50.280+0000] {subprocess.py:93} INFO - [0m00:20:50
[2026-04-23T00:20:50.280+0000] {subprocess.py:93} INFO - [0m00:20:50  Done. PASS=0 WARN=0 ERROR=2 SKIP=0 TOTAL=2
[2026-04-23T00:20:51.189+0000] {subprocess.py:97} INFO - Command exited with return code 1
[2026-04-23T00:20:51.218+0000] {taskinstance.py:3310} ERROR - Task failed with exception
Traceback (most recent call last):
  File "/home/airflow/.local/lib/python3.12/site-packages/airflow/models/taskinstance.py", line 767, in _execute_task
    result = _execute_callable(context=context, **execute_callable_kwargs)
             ^^^^^^^^^^^^^^^^^^^^^^^^^^^^^^^^^^^^^^^^^^^^^^^^^^^^^^^^^^^^^
  File "/home/airflow/.local/lib/python3.12/site-packages/airflow/models/taskinstance.py", line 733, in _execute_callable
    return ExecutionCallableRunner(
           ^^^^^^^^^^^^^^^^^^^^^^^^
  File "/home/airflow/.local/lib/python3.12/site-packages/airflow/utils/operator_helpers.py", line 252, in run
    return self.func(*args, **kwargs)
           ^^^^^^^^^^^^^^^^^^^^^^^^^^
  File "/home/airflow/.local/lib/python3.12/site-packages/airflow/models/baseoperator.py", line 406, in wrapper
    return func(self, *args, **kwargs)
           ^^^^^^^^^^^^^^^^^^^^^^^^^^^
  File "/home/airflow/.local/lib/python3.12/site-packages/airflow/operators/bash.py", line 249, in execute
    raise AirflowException(
airflow.exceptions.AirflowException: Bash command failed. The command returned a non-zero exit code 1.
[2026-04-23T00:20:51.227+0000] {taskinstance.py:1225} INFO - Marking task as FAILED. dag_id=BuildELT_dbt, task_id=dbt_snapshot, run_id=manual__2026-04-23T00:20:03.004016+00:00, execution_date=20260423T002003, start_date=20260423T002037, end_date=20260423T002051
[2026-04-23T00:20:51.294+0000] {taskinstance.py:340} INFO - ::group::Post task execution logs
[2026-04-23T00:20:51.296+0000] {standard_task_runner.py:124} ERROR - Failed to execute job 23 for task dbt_snapshot (Bash command failed. The command returned a non-zero exit code 1.; 32085)
Traceback (most recent call last):
  File "/home/airflow/.local/lib/python3.12/site-packages/airflow/task/task_runner/standard_task_runner.py", line 117, in _start_by_fork
    ret = args.func(args, dag=self.dag)
          ^^^^^^^^^^^^^^^^^^^^^^^^^^^^^
  File "/home/airflow/.local/lib/python3.12/site-packages/airflow/cli/cli_config.py", line 49, in command
    return func(*args, **kwargs)
           ^^^^^^^^^^^^^^^^^^^^^
  File "/home/airflow/.local/lib/python3.12/site-packages/airflow/utils/cli.py", line 115, in wrapper
    return f(*args, **kwargs)
           ^^^^^^^^^^^^^^^^^^
  File "/home/airflow/.local/lib/python3.12/site-packages/airflow/cli/commands/task_command.py", line 483, in task_run
    task_return_code = _run_task_by_selected_method(args, _dag, ti)
                       ^^^^^^^^^^^^^^^^^^^^^^^^^^^^^^^^^^^^^^^^^^^^
  File "/home/airflow/.local/lib/python3.12/site-packages/airflow/cli/commands/task_command.py", line 256, in _run_task_by_selected_method
    return _run_raw_task(args, ti)
           ^^^^^^^^^^^^^^^^^^^^^^^
  File "/home/airflow/.local/lib/python3.12/site-packages/airflow/cli/commands/task_command.py", line 341, in _run_raw_task
    return ti._run_raw_task(
           ^^^^^^^^^^^^^^^^^
  File "/home/airflow/.local/lib/python3.12/site-packages/airflow/utils/session.py", line 97, in wrapper
    return func(*args, session=session, **kwargs)
           ^^^^^^^^^^^^^^^^^^^^^^^^^^^^^^^^^^^^^^
  File "/home/airflow/.local/lib/python3.12/site-packages/airflow/models/taskinstance.py", line 3004, in _run_raw_task
    return _run_raw_task(
           ^^^^^^^^^^^^^^
  File "/home/airflow/.local/lib/python3.12/site-packages/airflow/models/taskinstance.py", line 273, in _run_raw_task
    TaskInstance._execute_task_with_callbacks(
  File "/home/airflow/.local/lib/python3.12/site-packages/airflow/models/taskinstance.py", line 3158, in _execute_task_with_callbacks
    result = self._execute_task(context, task_orig)
             ^^^^^^^^^^^^^^^^^^^^^^^^^^^^^^^^^^^^^^
  File "/home/airflow/.local/lib/python3.12/site-packages/airflow/models/taskinstance.py", line 3182, in _execute_task
    return _execute_task(self, context, task_orig)
           ^^^^^^^^^^^^^^^^^^^^^^^^^^^^^^^^^^^^^^^
  File "/home/airflow/.local/lib/python3.12/site-packages/airflow/models/taskinstance.py", line 767, in _execute_task
    result = _execute_callable(context=context, **execute_callable_kwargs)
             ^^^^^^^^^^^^^^^^^^^^^^^^^^^^^^^^^^^^^^^^^^^^^^^^^^^^^^^^^^^^^
  File "/home/airflow/.local/lib/python3.12/site-packages/airflow/models/taskinstance.py", line 733, in _execute_callable
    return ExecutionCallableRunner(
           ^^^^^^^^^^^^^^^^^^^^^^^^
  File "/home/airflow/.local/lib/python3.12/site-packages/airflow/utils/operator_helpers.py", line 252, in run
    return self.func(*args, **kwargs)
           ^^^^^^^^^^^^^^^^^^^^^^^^^^
  File "/home/airflow/.local/lib/python3.12/site-packages/airflow/models/baseoperator.py", line 406, in wrapper
    return func(self, *args, **kwargs)
           ^^^^^^^^^^^^^^^^^^^^^^^^^^^
  File "/home/airflow/.local/lib/python3.12/site-packages/airflow/operators/bash.py", line 249, in execute
    raise AirflowException(
airflow.exceptions.AirflowException: Bash command failed. The command returned a non-zero exit code 1.
[2026-04-23T00:20:51.350+0000] {local_task_job_runner.py:266} INFO - Task exited with return code 1
[2026-04-23T00:20:51.383+0000] {taskinstance.py:3900} INFO - 0 downstream tasks scheduled from follow-on schedule check
[2026-04-23T00:20:51.387+0000] {local_task_job_runner.py:245} INFO - ::endgroup::
