[2026-04-26T22:59:08.708+0000] {processor.py:186} INFO - Started process (PID=270) to work on /opt/airflow/dags/226 - lab 1 - ML Forcast.py
[2026-04-26T22:59:08.709+0000] {processor.py:914} INFO - Processing file /opt/airflow/dags/226 - lab 1 - ML Forcast.py for tasks to queue
[2026-04-26T22:59:08.712+0000] {logging_mixin.py:190} INFO - [2026-04-26T22:59:08.712+0000] {dagbag.py:587} INFO - Filling up the DagBag from /opt/airflow/dags/226 - lab 1 - ML Forcast.py
[2026-04-26T22:59:08.731+0000] {processor.py:925} INFO - DAG(s) 'ML_forecast' retrieved from /opt/airflow/dags/226 - lab 1 - ML Forcast.py
[2026-04-26T22:59:08.761+0000] {logging_mixin.py:190} INFO - [2026-04-26T22:59:08.761+0000] {dag.py:3229} INFO - Sync 1 DAGs
[2026-04-26T22:59:08.783+0000] {logging_mixin.py:190} INFO - [2026-04-26T22:59:08.783+0000] {dag.py:4156} INFO - Setting next_dagrun for ML_forecast to 2026-04-25 07:30:00+00:00, run_after=2026-04-26 07:30:00+00:00
[2026-04-26T22:59:08.801+0000] {processor.py:208} INFO - Processing /opt/airflow/dags/226 - lab 1 - ML Forcast.py took 0.098 seconds
[2026-04-26T22:59:40.440+0000] {processor.py:186} INFO - Started process (PID=345) to work on /opt/airflow/dags/226 - lab 1 - ML Forcast.py
[2026-04-26T22:59:40.441+0000] {processor.py:914} INFO - Processing file /opt/airflow/dags/226 - lab 1 - ML Forcast.py for tasks to queue
[2026-04-26T22:59:40.444+0000] {logging_mixin.py:190} INFO - [2026-04-26T22:59:40.444+0000] {dagbag.py:587} INFO - Filling up the DagBag from /opt/airflow/dags/226 - lab 1 - ML Forcast.py
[2026-04-26T22:59:40.464+0000] {processor.py:925} INFO - DAG(s) 'ML_forecast' retrieved from /opt/airflow/dags/226 - lab 1 - ML Forcast.py
[2026-04-26T22:59:40.490+0000] {logging_mixin.py:190} INFO - [2026-04-26T22:59:40.489+0000] {dag.py:3229} INFO - Sync 1 DAGs
[2026-04-26T22:59:40.512+0000] {logging_mixin.py:190} INFO - [2026-04-26T22:59:40.511+0000] {dag.py:4156} INFO - Setting next_dagrun for ML_forecast to 2026-04-25 07:30:00+00:00, run_after=2026-04-26 07:30:00+00:00
[2026-04-26T22:59:40.530+0000] {processor.py:208} INFO - Processing /opt/airflow/dags/226 - lab 1 - ML Forcast.py took 0.096 seconds
[2026-04-26T23:00:12.866+0000] {processor.py:186} INFO - Started process (PID=400) to work on /opt/airflow/dags/226 - lab 1 - ML Forcast.py
[2026-04-26T23:00:12.867+0000] {processor.py:914} INFO - Processing file /opt/airflow/dags/226 - lab 1 - ML Forcast.py for tasks to queue
[2026-04-26T23:00:12.869+0000] {logging_mixin.py:190} INFO - [2026-04-26T23:00:12.869+0000] {dagbag.py:587} INFO - Filling up the DagBag from /opt/airflow/dags/226 - lab 1 - ML Forcast.py
[2026-04-26T23:00:12.888+0000] {processor.py:925} INFO - DAG(s) 'ML_forecast' retrieved from /opt/airflow/dags/226 - lab 1 - ML Forcast.py
[2026-04-26T23:00:12.914+0000] {logging_mixin.py:190} INFO - [2026-04-26T23:00:12.914+0000] {dag.py:3229} INFO - Sync 1 DAGs
[2026-04-26T23:00:12.936+0000] {logging_mixin.py:190} INFO - [2026-04-26T23:00:12.936+0000] {dag.py:4156} INFO - Setting next_dagrun for ML_forecast to 2026-04-25 07:30:00+00:00, run_after=2026-04-26 07:30:00+00:00
[2026-04-26T23:00:12.955+0000] {processor.py:208} INFO - Processing /opt/airflow/dags/226 - lab 1 - ML Forcast.py took 0.095 seconds
[2026-04-26T23:00:43.906+0000] {processor.py:186} INFO - Started process (PID=457) to work on /opt/airflow/dags/226 - lab 1 - ML Forcast.py
[2026-04-26T23:00:43.907+0000] {processor.py:914} INFO - Processing file /opt/airflow/dags/226 - lab 1 - ML Forcast.py for tasks to queue
[2026-04-26T23:00:43.910+0000] {logging_mixin.py:190} INFO - [2026-04-26T23:00:43.909+0000] {dagbag.py:587} INFO - Filling up the DagBag from /opt/airflow/dags/226 - lab 1 - ML Forcast.py
[2026-04-26T23:00:43.932+0000] {processor.py:925} INFO - DAG(s) 'ML_forecast' retrieved from /opt/airflow/dags/226 - lab 1 - ML Forcast.py
[2026-04-26T23:00:43.960+0000] {logging_mixin.py:190} INFO - [2026-04-26T23:00:43.960+0000] {dag.py:3229} INFO - Sync 1 DAGs
[2026-04-26T23:00:43.986+0000] {logging_mixin.py:190} INFO - [2026-04-26T23:00:43.986+0000] {dag.py:4156} INFO - Setting next_dagrun for ML_forecast to 2026-04-25 07:30:00+00:00, run_after=2026-04-26 07:30:00+00:00
[2026-04-26T23:00:44.007+0000] {processor.py:208} INFO - Processing /opt/airflow/dags/226 - lab 1 - ML Forcast.py took 0.108 seconds
[2026-04-26T23:01:14.230+0000] {processor.py:186} INFO - Started process (PID=493) to work on /opt/airflow/dags/226 - lab 1 - ML Forcast.py
[2026-04-26T23:01:14.231+0000] {processor.py:914} INFO - Processing file /opt/airflow/dags/226 - lab 1 - ML Forcast.py for tasks to queue
[2026-04-26T23:01:14.234+0000] {logging_mixin.py:190} INFO - [2026-04-26T23:01:14.233+0000] {dagbag.py:587} INFO - Filling up the DagBag from /opt/airflow/dags/226 - lab 1 - ML Forcast.py
[2026-04-26T23:01:14.253+0000] {processor.py:925} INFO - DAG(s) 'ML_forecast' retrieved from /opt/airflow/dags/226 - lab 1 - ML Forcast.py
[2026-04-26T23:01:14.280+0000] {logging_mixin.py:190} INFO - [2026-04-26T23:01:14.280+0000] {dag.py:3229} INFO - Sync 1 DAGs
[2026-04-26T23:01:14.302+0000] {logging_mixin.py:190} INFO - [2026-04-26T23:01:14.302+0000] {dag.py:4156} INFO - Setting next_dagrun for ML_forecast to 2026-04-25 07:30:00+00:00, run_after=2026-04-26 07:30:00+00:00
[2026-04-26T23:01:14.320+0000] {processor.py:208} INFO - Processing /opt/airflow/dags/226 - lab 1 - ML Forcast.py took 0.096 seconds
[2026-04-26T23:01:44.897+0000] {processor.py:186} INFO - Started process (PID=551) to work on /opt/airflow/dags/226 - lab 1 - ML Forcast.py
[2026-04-26T23:01:44.899+0000] {processor.py:914} INFO - Processing file /opt/airflow/dags/226 - lab 1 - ML Forcast.py for tasks to queue
[2026-04-26T23:01:44.903+0000] {logging_mixin.py:190} INFO - [2026-04-26T23:01:44.902+0000] {dagbag.py:587} INFO - Filling up the DagBag from /opt/airflow/dags/226 - lab 1 - ML Forcast.py
[2026-04-26T23:01:44.925+0000] {processor.py:925} INFO - DAG(s) 'ML_forecast' retrieved from /opt/airflow/dags/226 - lab 1 - ML Forcast.py
[2026-04-26T23:01:44.956+0000] {logging_mixin.py:190} INFO - [2026-04-26T23:01:44.956+0000] {dag.py:3229} INFO - Sync 1 DAGs
[2026-04-26T23:01:44.981+0000] {logging_mixin.py:190} INFO - [2026-04-26T23:01:44.981+0000] {dag.py:4156} INFO - Setting next_dagrun for ML_forecast to 2026-04-25 07:30:00+00:00, run_after=2026-04-26 07:30:00+00:00
[2026-04-26T23:01:45.000+0000] {processor.py:208} INFO - Processing /opt/airflow/dags/226 - lab 1 - ML Forcast.py took 0.110 seconds
[2026-04-26T23:02:15.287+0000] {processor.py:186} INFO - Started process (PID=605) to work on /opt/airflow/dags/226 - lab 1 - ML Forcast.py
[2026-04-26T23:02:15.289+0000] {processor.py:914} INFO - Processing file /opt/airflow/dags/226 - lab 1 - ML Forcast.py for tasks to queue
[2026-04-26T23:02:15.292+0000] {logging_mixin.py:190} INFO - [2026-04-26T23:02:15.291+0000] {dagbag.py:587} INFO - Filling up the DagBag from /opt/airflow/dags/226 - lab 1 - ML Forcast.py
[2026-04-26T23:02:15.314+0000] {processor.py:925} INFO - DAG(s) 'ML_forecast' retrieved from /opt/airflow/dags/226 - lab 1 - ML Forcast.py
[2026-04-26T23:02:15.345+0000] {logging_mixin.py:190} INFO - [2026-04-26T23:02:15.344+0000] {dag.py:3229} INFO - Sync 1 DAGs
[2026-04-26T23:02:15.372+0000] {logging_mixin.py:190} INFO - [2026-04-26T23:02:15.371+0000] {dag.py:4156} INFO - Setting next_dagrun for ML_forecast to 2026-04-25 07:30:00+00:00, run_after=2026-04-26 07:30:00+00:00
[2026-04-26T23:02:15.391+0000] {processor.py:208} INFO - Processing /opt/airflow/dags/226 - lab 1 - ML Forcast.py took 0.111 seconds
[2026-04-26T23:13:34.531+0000] {processor.py:186} INFO - Started process (PID=489) to work on /opt/airflow/dags/226 - lab 1 - ML Forcast.py
[2026-04-26T23:13:34.532+0000] {processor.py:914} INFO - Processing file /opt/airflow/dags/226 - lab 1 - ML Forcast.py for tasks to queue
[2026-04-26T23:13:34.535+0000] {logging_mixin.py:190} INFO - [2026-04-26T23:13:34.535+0000] {dagbag.py:587} INFO - Filling up the DagBag from /opt/airflow/dags/226 - lab 1 - ML Forcast.py
[2026-04-26T23:13:34.556+0000] {processor.py:925} INFO - DAG(s) 'ML_forecast' retrieved from /opt/airflow/dags/226 - lab 1 - ML Forcast.py
[2026-04-26T23:13:34.590+0000] {logging_mixin.py:190} INFO - [2026-04-26T23:13:34.589+0000] {dag.py:3229} INFO - Sync 1 DAGs
[2026-04-26T23:13:34.615+0000] {logging_mixin.py:190} INFO - [2026-04-26T23:13:34.614+0000] {dag.py:4156} INFO - Setting next_dagrun for ML_forecast to 2026-04-25 07:30:00+00:00, run_after=2026-04-26 07:30:00+00:00
[2026-04-26T23:13:34.637+0000] {processor.py:208} INFO - Processing /opt/airflow/dags/226 - lab 1 - ML Forcast.py took 0.112 seconds
[2026-04-26T23:14:06.112+0000] {processor.py:186} INFO - Started process (PID=557) to work on /opt/airflow/dags/226 - lab 1 - ML Forcast.py
[2026-04-26T23:14:06.113+0000] {processor.py:914} INFO - Processing file /opt/airflow/dags/226 - lab 1 - ML Forcast.py for tasks to queue
[2026-04-26T23:14:06.116+0000] {logging_mixin.py:190} INFO - [2026-04-26T23:14:06.115+0000] {dagbag.py:587} INFO - Filling up the DagBag from /opt/airflow/dags/226 - lab 1 - ML Forcast.py
[2026-04-26T23:14:06.137+0000] {processor.py:925} INFO - DAG(s) 'ML_forecast' retrieved from /opt/airflow/dags/226 - lab 1 - ML Forcast.py
[2026-04-26T23:14:06.165+0000] {logging_mixin.py:190} INFO - [2026-04-26T23:14:06.164+0000] {dag.py:3229} INFO - Sync 1 DAGs
[2026-04-26T23:14:06.187+0000] {logging_mixin.py:190} INFO - [2026-04-26T23:14:06.187+0000] {dag.py:4156} INFO - Setting next_dagrun for ML_forecast to 2026-04-25 07:30:00+00:00, run_after=2026-04-26 07:30:00+00:00
[2026-04-26T23:14:06.206+0000] {processor.py:208} INFO - Processing /opt/airflow/dags/226 - lab 1 - ML Forcast.py took 0.100 seconds
[2026-04-26T23:14:35.948+0000] {processor.py:186} INFO - Started process (PID=609) to work on /opt/airflow/dags/226 - lab 1 - ML Forcast.py
[2026-04-26T23:14:35.949+0000] {processor.py:914} INFO - Processing file /opt/airflow/dags/226 - lab 1 - ML Forcast.py for tasks to queue
[2026-04-26T23:14:35.953+0000] {logging_mixin.py:190} INFO - [2026-04-26T23:14:35.952+0000] {dagbag.py:587} INFO - Filling up the DagBag from /opt/airflow/dags/226 - lab 1 - ML Forcast.py
[2026-04-26T23:14:35.979+0000] {processor.py:925} INFO - DAG(s) 'ML_forecast' retrieved from /opt/airflow/dags/226 - lab 1 - ML Forcast.py
[2026-04-26T23:14:36.012+0000] {logging_mixin.py:190} INFO - [2026-04-26T23:14:36.011+0000] {dag.py:3229} INFO - Sync 1 DAGs
[2026-04-26T23:14:36.041+0000] {logging_mixin.py:190} INFO - [2026-04-26T23:14:36.041+0000] {dag.py:4156} INFO - Setting next_dagrun for ML_forecast to 2026-04-25 07:30:00+00:00, run_after=2026-04-26 07:30:00+00:00
[2026-04-26T23:14:36.064+0000] {processor.py:208} INFO - Processing /opt/airflow/dags/226 - lab 1 - ML Forcast.py took 0.123 seconds
[2026-04-26T23:15:06.223+0000] {processor.py:186} INFO - Started process (PID=645) to work on /opt/airflow/dags/226 - lab 1 - ML Forcast.py
[2026-04-26T23:15:06.224+0000] {processor.py:914} INFO - Processing file /opt/airflow/dags/226 - lab 1 - ML Forcast.py for tasks to queue
[2026-04-26T23:15:06.227+0000] {logging_mixin.py:190} INFO - [2026-04-26T23:15:06.226+0000] {dagbag.py:587} INFO - Filling up the DagBag from /opt/airflow/dags/226 - lab 1 - ML Forcast.py
[2026-04-26T23:15:06.248+0000] {processor.py:925} INFO - DAG(s) 'ML_forecast' retrieved from /opt/airflow/dags/226 - lab 1 - ML Forcast.py
[2026-04-26T23:15:06.276+0000] {logging_mixin.py:190} INFO - [2026-04-26T23:15:06.275+0000] {dag.py:3229} INFO - Sync 1 DAGs
[2026-04-26T23:15:06.302+0000] {logging_mixin.py:190} INFO - [2026-04-26T23:15:06.302+0000] {dag.py:4156} INFO - Setting next_dagrun for ML_forecast to 2026-04-25 07:30:00+00:00, run_after=2026-04-26 07:30:00+00:00
[2026-04-26T23:15:06.322+0000] {processor.py:208} INFO - Processing /opt/airflow/dags/226 - lab 1 - ML Forcast.py took 0.105 seconds
[2026-04-26T23:15:36.522+0000] {processor.py:186} INFO - Started process (PID=697) to work on /opt/airflow/dags/226 - lab 1 - ML Forcast.py
[2026-04-26T23:15:36.523+0000] {processor.py:914} INFO - Processing file /opt/airflow/dags/226 - lab 1 - ML Forcast.py for tasks to queue
[2026-04-26T23:15:36.526+0000] {logging_mixin.py:190} INFO - [2026-04-26T23:15:36.525+0000] {dagbag.py:587} INFO - Filling up the DagBag from /opt/airflow/dags/226 - lab 1 - ML Forcast.py
[2026-04-26T23:15:36.546+0000] {processor.py:925} INFO - DAG(s) 'ML_forecast' retrieved from /opt/airflow/dags/226 - lab 1 - ML Forcast.py
[2026-04-26T23:15:36.576+0000] {logging_mixin.py:190} INFO - [2026-04-26T23:15:36.575+0000] {dag.py:3229} INFO - Sync 1 DAGs
[2026-04-26T23:15:36.601+0000] {logging_mixin.py:190} INFO - [2026-04-26T23:15:36.601+0000] {dag.py:4156} INFO - Setting next_dagrun for ML_forecast to 2026-04-25 07:30:00+00:00, run_after=2026-04-26 07:30:00+00:00
[2026-04-26T23:15:36.619+0000] {processor.py:208} INFO - Processing /opt/airflow/dags/226 - lab 1 - ML Forcast.py took 0.103 seconds
[2026-04-26T23:16:06.794+0000] {processor.py:186} INFO - Started process (PID=754) to work on /opt/airflow/dags/226 - lab 1 - ML Forcast.py
[2026-04-26T23:16:06.795+0000] {processor.py:914} INFO - Processing file /opt/airflow/dags/226 - lab 1 - ML Forcast.py for tasks to queue
[2026-04-26T23:16:06.798+0000] {logging_mixin.py:190} INFO - [2026-04-26T23:16:06.798+0000] {dagbag.py:587} INFO - Filling up the DagBag from /opt/airflow/dags/226 - lab 1 - ML Forcast.py
[2026-04-26T23:16:06.818+0000] {processor.py:925} INFO - DAG(s) 'ML_forecast' retrieved from /opt/airflow/dags/226 - lab 1 - ML Forcast.py
[2026-04-26T23:16:06.849+0000] {logging_mixin.py:190} INFO - [2026-04-26T23:16:06.849+0000] {dag.py:3229} INFO - Sync 1 DAGs
[2026-04-26T23:16:06.875+0000] {logging_mixin.py:190} INFO - [2026-04-26T23:16:06.875+0000] {dag.py:4156} INFO - Setting next_dagrun for ML_forecast to 2026-04-25 07:30:00+00:00, run_after=2026-04-26 07:30:00+00:00
[2026-04-26T23:16:06.894+0000] {processor.py:208} INFO - Processing /opt/airflow/dags/226 - lab 1 - ML Forcast.py took 0.105 seconds
[2026-04-26T23:16:37.248+0000] {processor.py:186} INFO - Started process (PID=811) to work on /opt/airflow/dags/226 - lab 1 - ML Forcast.py
[2026-04-26T23:16:37.249+0000] {processor.py:914} INFO - Processing file /opt/airflow/dags/226 - lab 1 - ML Forcast.py for tasks to queue
[2026-04-26T23:16:37.252+0000] {logging_mixin.py:190} INFO - [2026-04-26T23:16:37.252+0000] {dagbag.py:587} INFO - Filling up the DagBag from /opt/airflow/dags/226 - lab 1 - ML Forcast.py
[2026-04-26T23:16:37.275+0000] {processor.py:925} INFO - DAG(s) 'ML_forecast' retrieved from /opt/airflow/dags/226 - lab 1 - ML Forcast.py
[2026-04-26T23:16:37.305+0000] {logging_mixin.py:190} INFO - [2026-04-26T23:16:37.305+0000] {dag.py:3229} INFO - Sync 1 DAGs
[2026-04-26T23:16:37.331+0000] {logging_mixin.py:190} INFO - [2026-04-26T23:16:37.331+0000] {dag.py:4156} INFO - Setting next_dagrun for ML_forecast to 2026-04-25 07:30:00+00:00, run_after=2026-04-26 07:30:00+00:00
[2026-04-26T23:16:37.350+0000] {processor.py:208} INFO - Processing /opt/airflow/dags/226 - lab 1 - ML Forcast.py took 0.108 seconds
[2026-04-26T23:17:07.555+0000] {processor.py:186} INFO - Started process (PID=868) to work on /opt/airflow/dags/226 - lab 1 - ML Forcast.py
[2026-04-26T23:17:07.556+0000] {processor.py:914} INFO - Processing file /opt/airflow/dags/226 - lab 1 - ML Forcast.py for tasks to queue
[2026-04-26T23:17:07.559+0000] {logging_mixin.py:190} INFO - [2026-04-26T23:17:07.559+0000] {dagbag.py:587} INFO - Filling up the DagBag from /opt/airflow/dags/226 - lab 1 - ML Forcast.py
[2026-04-26T23:17:07.581+0000] {processor.py:925} INFO - DAG(s) 'ML_forecast' retrieved from /opt/airflow/dags/226 - lab 1 - ML Forcast.py
[2026-04-26T23:17:07.614+0000] {logging_mixin.py:190} INFO - [2026-04-26T23:17:07.614+0000] {dag.py:3229} INFO - Sync 1 DAGs
[2026-04-26T23:17:07.639+0000] {logging_mixin.py:190} INFO - [2026-04-26T23:17:07.639+0000] {dag.py:4156} INFO - Setting next_dagrun for ML_forecast to 2026-04-25 07:30:00+00:00, run_after=2026-04-26 07:30:00+00:00
[2026-04-26T23:17:07.656+0000] {processor.py:208} INFO - Processing /opt/airflow/dags/226 - lab 1 - ML Forcast.py took 0.107 seconds
[2026-04-26T23:17:38.427+0000] {processor.py:186} INFO - Started process (PID=925) to work on /opt/airflow/dags/226 - lab 1 - ML Forcast.py
[2026-04-26T23:17:38.428+0000] {processor.py:914} INFO - Processing file /opt/airflow/dags/226 - lab 1 - ML Forcast.py for tasks to queue
[2026-04-26T23:17:38.430+0000] {logging_mixin.py:190} INFO - [2026-04-26T23:17:38.430+0000] {dagbag.py:587} INFO - Filling up the DagBag from /opt/airflow/dags/226 - lab 1 - ML Forcast.py
[2026-04-26T23:17:38.454+0000] {processor.py:925} INFO - DAG(s) 'ML_forecast' retrieved from /opt/airflow/dags/226 - lab 1 - ML Forcast.py
[2026-04-26T23:17:38.488+0000] {logging_mixin.py:190} INFO - [2026-04-26T23:17:38.487+0000] {dag.py:3229} INFO - Sync 1 DAGs
[2026-04-26T23:17:38.518+0000] {logging_mixin.py:190} INFO - [2026-04-26T23:17:38.517+0000] {dag.py:4156} INFO - Setting next_dagrun for ML_forecast to 2026-04-25 07:30:00+00:00, run_after=2026-04-26 07:30:00+00:00
[2026-04-26T23:17:38.538+0000] {processor.py:208} INFO - Processing /opt/airflow/dags/226 - lab 1 - ML Forcast.py took 0.117 seconds
[2026-04-26T23:18:09.002+0000] {processor.py:186} INFO - Started process (PID=982) to work on /opt/airflow/dags/226 - lab 1 - ML Forcast.py
[2026-04-26T23:18:09.003+0000] {processor.py:914} INFO - Processing file /opt/airflow/dags/226 - lab 1 - ML Forcast.py for tasks to queue
[2026-04-26T23:18:09.006+0000] {logging_mixin.py:190} INFO - [2026-04-26T23:18:09.006+0000] {dagbag.py:587} INFO - Filling up the DagBag from /opt/airflow/dags/226 - lab 1 - ML Forcast.py
[2026-04-26T23:18:09.031+0000] {processor.py:925} INFO - DAG(s) 'ML_forecast' retrieved from /opt/airflow/dags/226 - lab 1 - ML Forcast.py
[2026-04-26T23:18:09.066+0000] {logging_mixin.py:190} INFO - [2026-04-26T23:18:09.066+0000] {dag.py:3229} INFO - Sync 1 DAGs
[2026-04-26T23:18:09.093+0000] {logging_mixin.py:190} INFO - [2026-04-26T23:18:09.093+0000] {dag.py:4156} INFO - Setting next_dagrun for ML_forecast to 2026-04-25 07:30:00+00:00, run_after=2026-04-26 07:30:00+00:00
[2026-04-26T23:18:09.113+0000] {processor.py:208} INFO - Processing /opt/airflow/dags/226 - lab 1 - ML Forcast.py took 0.118 seconds
[2026-04-26T23:18:39.421+0000] {processor.py:186} INFO - Started process (PID=1039) to work on /opt/airflow/dags/226 - lab 1 - ML Forcast.py
[2026-04-26T23:18:39.422+0000] {processor.py:914} INFO - Processing file /opt/airflow/dags/226 - lab 1 - ML Forcast.py for tasks to queue
[2026-04-26T23:18:39.425+0000] {logging_mixin.py:190} INFO - [2026-04-26T23:18:39.425+0000] {dagbag.py:587} INFO - Filling up the DagBag from /opt/airflow/dags/226 - lab 1 - ML Forcast.py
[2026-04-26T23:18:39.449+0000] {processor.py:925} INFO - DAG(s) 'ML_forecast' retrieved from /opt/airflow/dags/226 - lab 1 - ML Forcast.py
[2026-04-26T23:18:39.485+0000] {logging_mixin.py:190} INFO - [2026-04-26T23:18:39.484+0000] {dag.py:3229} INFO - Sync 1 DAGs
[2026-04-26T23:18:39.516+0000] {logging_mixin.py:190} INFO - [2026-04-26T23:18:39.515+0000] {dag.py:4156} INFO - Setting next_dagrun for ML_forecast to 2026-04-25 07:30:00+00:00, run_after=2026-04-26 07:30:00+00:00
[2026-04-26T23:18:39.537+0000] {processor.py:208} INFO - Processing /opt/airflow/dags/226 - lab 1 - ML Forcast.py took 0.123 seconds
[2026-04-26T23:19:10.234+0000] {processor.py:186} INFO - Started process (PID=1102) to work on /opt/airflow/dags/226 - lab 1 - ML Forcast.py
[2026-04-26T23:19:10.235+0000] {processor.py:914} INFO - Processing file /opt/airflow/dags/226 - lab 1 - ML Forcast.py for tasks to queue
[2026-04-26T23:19:10.238+0000] {logging_mixin.py:190} INFO - [2026-04-26T23:19:10.237+0000] {dagbag.py:587} INFO - Filling up the DagBag from /opt/airflow/dags/226 - lab 1 - ML Forcast.py
[2026-04-26T23:19:10.261+0000] {processor.py:925} INFO - DAG(s) 'ML_forecast' retrieved from /opt/airflow/dags/226 - lab 1 - ML Forcast.py
[2026-04-26T23:19:10.298+0000] {logging_mixin.py:190} INFO - [2026-04-26T23:19:10.297+0000] {dag.py:3229} INFO - Sync 1 DAGs
[2026-04-26T23:19:10.325+0000] {logging_mixin.py:190} INFO - [2026-04-26T23:19:10.324+0000] {dag.py:4156} INFO - Setting next_dagrun for ML_forecast to 2026-04-25 07:30:00+00:00, run_after=2026-04-26 07:30:00+00:00
[2026-04-26T23:19:10.344+0000] {processor.py:208} INFO - Processing /opt/airflow/dags/226 - lab 1 - ML Forcast.py took 0.117 seconds
[2026-04-26T23:19:41.062+0000] {processor.py:186} INFO - Started process (PID=1159) to work on /opt/airflow/dags/226 - lab 1 - ML Forcast.py
[2026-04-26T23:19:41.063+0000] {processor.py:914} INFO - Processing file /opt/airflow/dags/226 - lab 1 - ML Forcast.py for tasks to queue
[2026-04-26T23:19:41.066+0000] {logging_mixin.py:190} INFO - [2026-04-26T23:19:41.065+0000] {dagbag.py:587} INFO - Filling up the DagBag from /opt/airflow/dags/226 - lab 1 - ML Forcast.py
[2026-04-26T23:19:41.087+0000] {processor.py:925} INFO - DAG(s) 'ML_forecast' retrieved from /opt/airflow/dags/226 - lab 1 - ML Forcast.py
[2026-04-26T23:19:41.121+0000] {logging_mixin.py:190} INFO - [2026-04-26T23:19:41.120+0000] {dag.py:3229} INFO - Sync 1 DAGs
[2026-04-26T23:19:41.148+0000] {logging_mixin.py:190} INFO - [2026-04-26T23:19:41.148+0000] {dag.py:4156} INFO - Setting next_dagrun for ML_forecast to 2026-04-25 07:30:00+00:00, run_after=2026-04-26 07:30:00+00:00
[2026-04-26T23:19:41.168+0000] {processor.py:208} INFO - Processing /opt/airflow/dags/226 - lab 1 - ML Forcast.py took 0.112 seconds
[2026-04-26T23:20:11.439+0000] {processor.py:186} INFO - Started process (PID=1216) to work on /opt/airflow/dags/226 - lab 1 - ML Forcast.py
[2026-04-26T23:20:11.440+0000] {processor.py:914} INFO - Processing file /opt/airflow/dags/226 - lab 1 - ML Forcast.py for tasks to queue
[2026-04-26T23:20:11.442+0000] {logging_mixin.py:190} INFO - [2026-04-26T23:20:11.442+0000] {dagbag.py:587} INFO - Filling up the DagBag from /opt/airflow/dags/226 - lab 1 - ML Forcast.py
[2026-04-26T23:20:11.463+0000] {processor.py:925} INFO - DAG(s) 'ML_forecast' retrieved from /opt/airflow/dags/226 - lab 1 - ML Forcast.py
[2026-04-26T23:20:11.492+0000] {logging_mixin.py:190} INFO - [2026-04-26T23:20:11.490+0000] {dag.py:3229} INFO - Sync 1 DAGs
[2026-04-26T23:20:11.517+0000] {logging_mixin.py:190} INFO - [2026-04-26T23:20:11.517+0000] {dag.py:4156} INFO - Setting next_dagrun for ML_forecast to 2026-04-25 07:30:00+00:00, run_after=2026-04-26 07:30:00+00:00
[2026-04-26T23:20:11.536+0000] {processor.py:208} INFO - Processing /opt/airflow/dags/226 - lab 1 - ML Forcast.py took 0.103 seconds
[2026-04-26T23:20:41.994+0000] {processor.py:186} INFO - Started process (PID=1274) to work on /opt/airflow/dags/226 - lab 1 - ML Forcast.py
[2026-04-26T23:20:41.995+0000] {processor.py:914} INFO - Processing file /opt/airflow/dags/226 - lab 1 - ML Forcast.py for tasks to queue
[2026-04-26T23:20:41.997+0000] {logging_mixin.py:190} INFO - [2026-04-26T23:20:41.997+0000] {dagbag.py:587} INFO - Filling up the DagBag from /opt/airflow/dags/226 - lab 1 - ML Forcast.py
[2026-04-26T23:20:42.018+0000] {processor.py:925} INFO - DAG(s) 'ML_forecast' retrieved from /opt/airflow/dags/226 - lab 1 - ML Forcast.py
[2026-04-26T23:20:42.049+0000] {logging_mixin.py:190} INFO - [2026-04-26T23:20:42.048+0000] {dag.py:3229} INFO - Sync 1 DAGs
[2026-04-26T23:20:42.075+0000] {logging_mixin.py:190} INFO - [2026-04-26T23:20:42.074+0000] {dag.py:4156} INFO - Setting next_dagrun for ML_forecast to 2026-04-25 07:30:00+00:00, run_after=2026-04-26 07:30:00+00:00
[2026-04-26T23:20:42.093+0000] {processor.py:208} INFO - Processing /opt/airflow/dags/226 - lab 1 - ML Forcast.py took 0.105 seconds
[2026-04-26T23:21:12.556+0000] {processor.py:186} INFO - Started process (PID=1332) to work on /opt/airflow/dags/226 - lab 1 - ML Forcast.py
[2026-04-26T23:21:12.558+0000] {processor.py:914} INFO - Processing file /opt/airflow/dags/226 - lab 1 - ML Forcast.py for tasks to queue
[2026-04-26T23:21:12.560+0000] {logging_mixin.py:190} INFO - [2026-04-26T23:21:12.560+0000] {dagbag.py:587} INFO - Filling up the DagBag from /opt/airflow/dags/226 - lab 1 - ML Forcast.py
[2026-04-26T23:21:12.580+0000] {processor.py:925} INFO - DAG(s) 'ML_forecast' retrieved from /opt/airflow/dags/226 - lab 1 - ML Forcast.py
[2026-04-26T23:21:12.614+0000] {logging_mixin.py:190} INFO - [2026-04-26T23:21:12.613+0000] {dag.py:3229} INFO - Sync 1 DAGs
[2026-04-26T23:21:12.641+0000] {logging_mixin.py:190} INFO - [2026-04-26T23:21:12.641+0000] {dag.py:4156} INFO - Setting next_dagrun for ML_forecast to 2026-04-25 07:30:00+00:00, run_after=2026-04-26 07:30:00+00:00
[2026-04-26T23:21:12.660+0000] {processor.py:208} INFO - Processing /opt/airflow/dags/226 - lab 1 - ML Forcast.py took 0.109 seconds
[2026-04-26T23:21:43.393+0000] {processor.py:186} INFO - Started process (PID=1389) to work on /opt/airflow/dags/226 - lab 1 - ML Forcast.py
[2026-04-26T23:21:43.394+0000] {processor.py:914} INFO - Processing file /opt/airflow/dags/226 - lab 1 - ML Forcast.py for tasks to queue
[2026-04-26T23:21:43.396+0000] {logging_mixin.py:190} INFO - [2026-04-26T23:21:43.396+0000] {dagbag.py:587} INFO - Filling up the DagBag from /opt/airflow/dags/226 - lab 1 - ML Forcast.py
[2026-04-26T23:21:43.420+0000] {processor.py:925} INFO - DAG(s) 'ML_forecast' retrieved from /opt/airflow/dags/226 - lab 1 - ML Forcast.py
[2026-04-26T23:21:43.450+0000] {logging_mixin.py:190} INFO - [2026-04-26T23:21:43.450+0000] {dag.py:3229} INFO - Sync 1 DAGs
[2026-04-26T23:21:43.477+0000] {logging_mixin.py:190} INFO - [2026-04-26T23:21:43.476+0000] {dag.py:4156} INFO - Setting next_dagrun for ML_forecast to 2026-04-25 07:30:00+00:00, run_after=2026-04-26 07:30:00+00:00
[2026-04-26T23:21:43.494+0000] {processor.py:208} INFO - Processing /opt/airflow/dags/226 - lab 1 - ML Forcast.py took 0.108 seconds
[2026-04-26T23:22:13.653+0000] {processor.py:186} INFO - Started process (PID=1446) to work on /opt/airflow/dags/226 - lab 1 - ML Forcast.py
[2026-04-26T23:22:13.654+0000] {processor.py:914} INFO - Processing file /opt/airflow/dags/226 - lab 1 - ML Forcast.py for tasks to queue
[2026-04-26T23:22:13.656+0000] {logging_mixin.py:190} INFO - [2026-04-26T23:22:13.656+0000] {dagbag.py:587} INFO - Filling up the DagBag from /opt/airflow/dags/226 - lab 1 - ML Forcast.py
[2026-04-26T23:22:13.679+0000] {processor.py:925} INFO - DAG(s) 'ML_forecast' retrieved from /opt/airflow/dags/226 - lab 1 - ML Forcast.py
[2026-04-26T23:22:13.712+0000] {logging_mixin.py:190} INFO - [2026-04-26T23:22:13.711+0000] {dag.py:3229} INFO - Sync 1 DAGs
[2026-04-26T23:22:13.738+0000] {logging_mixin.py:190} INFO - [2026-04-26T23:22:13.738+0000] {dag.py:4156} INFO - Setting next_dagrun for ML_forecast to 2026-04-25 07:30:00+00:00, run_after=2026-04-26 07:30:00+00:00
[2026-04-26T23:22:13.758+0000] {processor.py:208} INFO - Processing /opt/airflow/dags/226 - lab 1 - ML Forcast.py took 0.111 seconds
[2026-04-26T23:22:43.863+0000] {processor.py:186} INFO - Started process (PID=1503) to work on /opt/airflow/dags/226 - lab 1 - ML Forcast.py
[2026-04-26T23:22:43.864+0000] {processor.py:914} INFO - Processing file /opt/airflow/dags/226 - lab 1 - ML Forcast.py for tasks to queue
[2026-04-26T23:22:43.867+0000] {logging_mixin.py:190} INFO - [2026-04-26T23:22:43.867+0000] {dagbag.py:587} INFO - Filling up the DagBag from /opt/airflow/dags/226 - lab 1 - ML Forcast.py
[2026-04-26T23:22:43.891+0000] {processor.py:925} INFO - DAG(s) 'ML_forecast' retrieved from /opt/airflow/dags/226 - lab 1 - ML Forcast.py
[2026-04-26T23:22:43.924+0000] {logging_mixin.py:190} INFO - [2026-04-26T23:22:43.923+0000] {dag.py:3229} INFO - Sync 1 DAGs
[2026-04-26T23:22:43.950+0000] {logging_mixin.py:190} INFO - [2026-04-26T23:22:43.950+0000] {dag.py:4156} INFO - Setting next_dagrun for ML_forecast to 2026-04-25 07:30:00+00:00, run_after=2026-04-26 07:30:00+00:00
[2026-04-26T23:22:43.969+0000] {processor.py:208} INFO - Processing /opt/airflow/dags/226 - lab 1 - ML Forcast.py took 0.114 seconds
[2026-04-26T23:23:14.276+0000] {processor.py:186} INFO - Started process (PID=1560) to work on /opt/airflow/dags/226 - lab 1 - ML Forcast.py
[2026-04-26T23:23:14.277+0000] {processor.py:914} INFO - Processing file /opt/airflow/dags/226 - lab 1 - ML Forcast.py for tasks to queue
[2026-04-26T23:23:14.279+0000] {logging_mixin.py:190} INFO - [2026-04-26T23:23:14.279+0000] {dagbag.py:587} INFO - Filling up the DagBag from /opt/airflow/dags/226 - lab 1 - ML Forcast.py
[2026-04-26T23:23:14.302+0000] {processor.py:925} INFO - DAG(s) 'ML_forecast' retrieved from /opt/airflow/dags/226 - lab 1 - ML Forcast.py
[2026-04-26T23:23:14.335+0000] {logging_mixin.py:190} INFO - [2026-04-26T23:23:14.335+0000] {dag.py:3229} INFO - Sync 1 DAGs
[2026-04-26T23:23:14.361+0000] {logging_mixin.py:190} INFO - [2026-04-26T23:23:14.361+0000] {dag.py:4156} INFO - Setting next_dagrun for ML_forecast to 2026-04-25 07:30:00+00:00, run_after=2026-04-26 07:30:00+00:00
[2026-04-26T23:23:14.379+0000] {processor.py:208} INFO - Processing /opt/airflow/dags/226 - lab 1 - ML Forcast.py took 0.109 seconds
[2026-04-26T23:23:44.496+0000] {processor.py:186} INFO - Started process (PID=1617) to work on /opt/airflow/dags/226 - lab 1 - ML Forcast.py
[2026-04-26T23:23:44.497+0000] {processor.py:914} INFO - Processing file /opt/airflow/dags/226 - lab 1 - ML Forcast.py for tasks to queue
[2026-04-26T23:23:44.500+0000] {logging_mixin.py:190} INFO - [2026-04-26T23:23:44.500+0000] {dagbag.py:587} INFO - Filling up the DagBag from /opt/airflow/dags/226 - lab 1 - ML Forcast.py
[2026-04-26T23:23:44.523+0000] {processor.py:925} INFO - DAG(s) 'ML_forecast' retrieved from /opt/airflow/dags/226 - lab 1 - ML Forcast.py
[2026-04-26T23:23:44.553+0000] {logging_mixin.py:190} INFO - [2026-04-26T23:23:44.553+0000] {dag.py:3229} INFO - Sync 1 DAGs
[2026-04-26T23:23:44.580+0000] {logging_mixin.py:190} INFO - [2026-04-26T23:23:44.580+0000] {dag.py:4156} INFO - Setting next_dagrun for ML_forecast to 2026-04-25 07:30:00+00:00, run_after=2026-04-26 07:30:00+00:00
[2026-04-26T23:23:44.599+0000] {processor.py:208} INFO - Processing /opt/airflow/dags/226 - lab 1 - ML Forcast.py took 0.108 seconds
[2026-04-26T23:24:14.869+0000] {processor.py:186} INFO - Started process (PID=1674) to work on /opt/airflow/dags/226 - lab 1 - ML Forcast.py
[2026-04-26T23:24:14.870+0000] {processor.py:914} INFO - Processing file /opt/airflow/dags/226 - lab 1 - ML Forcast.py for tasks to queue
[2026-04-26T23:24:14.874+0000] {logging_mixin.py:190} INFO - [2026-04-26T23:24:14.874+0000] {dagbag.py:587} INFO - Filling up the DagBag from /opt/airflow/dags/226 - lab 1 - ML Forcast.py
[2026-04-26T23:24:14.898+0000] {processor.py:925} INFO - DAG(s) 'ML_forecast' retrieved from /opt/airflow/dags/226 - lab 1 - ML Forcast.py
[2026-04-26T23:24:14.932+0000] {logging_mixin.py:190} INFO - [2026-04-26T23:24:14.931+0000] {dag.py:3229} INFO - Sync 1 DAGs
[2026-04-26T23:24:14.957+0000] {logging_mixin.py:190} INFO - [2026-04-26T23:24:14.957+0000] {dag.py:4156} INFO - Setting next_dagrun for ML_forecast to 2026-04-25 07:30:00+00:00, run_after=2026-04-26 07:30:00+00:00
[2026-04-26T23:24:14.975+0000] {processor.py:208} INFO - Processing /opt/airflow/dags/226 - lab 1 - ML Forcast.py took 0.113 seconds
[2026-04-26T23:24:45.267+0000] {processor.py:186} INFO - Started process (PID=1731) to work on /opt/airflow/dags/226 - lab 1 - ML Forcast.py
[2026-04-26T23:24:45.268+0000] {processor.py:914} INFO - Processing file /opt/airflow/dags/226 - lab 1 - ML Forcast.py for tasks to queue
[2026-04-26T23:24:45.271+0000] {logging_mixin.py:190} INFO - [2026-04-26T23:24:45.270+0000] {dagbag.py:587} INFO - Filling up the DagBag from /opt/airflow/dags/226 - lab 1 - ML Forcast.py
[2026-04-26T23:24:45.291+0000] {processor.py:925} INFO - DAG(s) 'ML_forecast' retrieved from /opt/airflow/dags/226 - lab 1 - ML Forcast.py
[2026-04-26T23:24:45.325+0000] {logging_mixin.py:190} INFO - [2026-04-26T23:24:45.324+0000] {dag.py:3229} INFO - Sync 1 DAGs
[2026-04-26T23:24:45.354+0000] {logging_mixin.py:190} INFO - [2026-04-26T23:24:45.353+0000] {dag.py:4156} INFO - Setting next_dagrun for ML_forecast to 2026-04-25 07:30:00+00:00, run_after=2026-04-26 07:30:00+00:00
[2026-04-26T23:24:45.375+0000] {processor.py:208} INFO - Processing /opt/airflow/dags/226 - lab 1 - ML Forcast.py took 0.115 seconds
[2026-04-26T23:25:15.591+0000] {processor.py:186} INFO - Started process (PID=1789) to work on /opt/airflow/dags/226 - lab 1 - ML Forcast.py
[2026-04-26T23:25:15.592+0000] {processor.py:914} INFO - Processing file /opt/airflow/dags/226 - lab 1 - ML Forcast.py for tasks to queue
[2026-04-26T23:25:15.595+0000] {logging_mixin.py:190} INFO - [2026-04-26T23:25:15.595+0000] {dagbag.py:587} INFO - Filling up the DagBag from /opt/airflow/dags/226 - lab 1 - ML Forcast.py
[2026-04-26T23:25:15.616+0000] {processor.py:925} INFO - DAG(s) 'ML_forecast' retrieved from /opt/airflow/dags/226 - lab 1 - ML Forcast.py
[2026-04-26T23:25:15.644+0000] {logging_mixin.py:190} INFO - [2026-04-26T23:25:15.644+0000] {dag.py:3229} INFO - Sync 1 DAGs
[2026-04-26T23:25:15.666+0000] {logging_mixin.py:190} INFO - [2026-04-26T23:25:15.666+0000] {dag.py:4156} INFO - Setting next_dagrun for ML_forecast to 2026-04-25 07:30:00+00:00, run_after=2026-04-26 07:30:00+00:00
[2026-04-26T23:25:15.685+0000] {processor.py:208} INFO - Processing /opt/airflow/dags/226 - lab 1 - ML Forcast.py took 0.101 seconds
[2026-04-26T23:25:46.464+0000] {processor.py:186} INFO - Started process (PID=1830) to work on /opt/airflow/dags/226 - lab 1 - ML Forcast.py
[2026-04-26T23:25:46.465+0000] {processor.py:914} INFO - Processing file /opt/airflow/dags/226 - lab 1 - ML Forcast.py for tasks to queue
[2026-04-26T23:25:46.468+0000] {logging_mixin.py:190} INFO - [2026-04-26T23:25:46.467+0000] {dagbag.py:587} INFO - Filling up the DagBag from /opt/airflow/dags/226 - lab 1 - ML Forcast.py
[2026-04-26T23:25:46.489+0000] {processor.py:925} INFO - DAG(s) 'ML_forecast' retrieved from /opt/airflow/dags/226 - lab 1 - ML Forcast.py
[2026-04-26T23:25:46.522+0000] {logging_mixin.py:190} INFO - [2026-04-26T23:25:46.521+0000] {dag.py:3229} INFO - Sync 1 DAGs
[2026-04-26T23:25:46.549+0000] {logging_mixin.py:190} INFO - [2026-04-26T23:25:46.549+0000] {dag.py:4156} INFO - Setting next_dagrun for ML_forecast to 2026-04-25 07:30:00+00:00, run_after=2026-04-26 07:30:00+00:00
[2026-04-26T23:25:46.573+0000] {processor.py:208} INFO - Processing /opt/airflow/dags/226 - lab 1 - ML Forcast.py took 0.115 seconds
[2026-04-26T23:26:17.026+0000] {processor.py:186} INFO - Started process (PID=1889) to work on /opt/airflow/dags/226 - lab 1 - ML Forcast.py
[2026-04-26T23:26:17.027+0000] {processor.py:914} INFO - Processing file /opt/airflow/dags/226 - lab 1 - ML Forcast.py for tasks to queue
[2026-04-26T23:26:17.030+0000] {logging_mixin.py:190} INFO - [2026-04-26T23:26:17.030+0000] {dagbag.py:587} INFO - Filling up the DagBag from /opt/airflow/dags/226 - lab 1 - ML Forcast.py
[2026-04-26T23:26:17.053+0000] {processor.py:925} INFO - DAG(s) 'ML_forecast' retrieved from /opt/airflow/dags/226 - lab 1 - ML Forcast.py
[2026-04-26T23:26:17.089+0000] {logging_mixin.py:190} INFO - [2026-04-26T23:26:17.088+0000] {dag.py:3229} INFO - Sync 1 DAGs
[2026-04-26T23:26:17.115+0000] {logging_mixin.py:190} INFO - [2026-04-26T23:26:17.115+0000] {dag.py:4156} INFO - Setting next_dagrun for ML_forecast to 2026-04-25 07:30:00+00:00, run_after=2026-04-26 07:30:00+00:00
[2026-04-26T23:26:17.135+0000] {processor.py:208} INFO - Processing /opt/airflow/dags/226 - lab 1 - ML Forcast.py took 0.114 seconds
[2026-04-26T23:26:48.128+0000] {processor.py:186} INFO - Started process (PID=1946) to work on /opt/airflow/dags/226 - lab 1 - ML Forcast.py
[2026-04-26T23:26:48.129+0000] {processor.py:914} INFO - Processing file /opt/airflow/dags/226 - lab 1 - ML Forcast.py for tasks to queue
[2026-04-26T23:26:48.132+0000] {logging_mixin.py:190} INFO - [2026-04-26T23:26:48.131+0000] {dagbag.py:587} INFO - Filling up the DagBag from /opt/airflow/dags/226 - lab 1 - ML Forcast.py
[2026-04-26T23:26:48.154+0000] {processor.py:925} INFO - DAG(s) 'ML_forecast' retrieved from /opt/airflow/dags/226 - lab 1 - ML Forcast.py
[2026-04-26T23:26:48.185+0000] {logging_mixin.py:190} INFO - [2026-04-26T23:26:48.185+0000] {dag.py:3229} INFO - Sync 1 DAGs
[2026-04-26T23:26:48.211+0000] {logging_mixin.py:190} INFO - [2026-04-26T23:26:48.211+0000] {dag.py:4156} INFO - Setting next_dagrun for ML_forecast to 2026-04-25 07:30:00+00:00, run_after=2026-04-26 07:30:00+00:00
[2026-04-26T23:26:48.230+0000] {processor.py:208} INFO - Processing /opt/airflow/dags/226 - lab 1 - ML Forcast.py took 0.108 seconds
[2026-04-26T23:27:57.244+0000] {processor.py:186} INFO - Started process (PID=263) to work on /opt/airflow/dags/226 - lab 1 - ML Forcast.py
[2026-04-26T23:27:57.245+0000] {processor.py:914} INFO - Processing file /opt/airflow/dags/226 - lab 1 - ML Forcast.py for tasks to queue
[2026-04-26T23:27:57.248+0000] {logging_mixin.py:190} INFO - [2026-04-26T23:27:57.248+0000] {dagbag.py:587} INFO - Filling up the DagBag from /opt/airflow/dags/226 - lab 1 - ML Forcast.py
[2026-04-26T23:27:57.269+0000] {processor.py:925} INFO - DAG(s) 'ML_forecast' retrieved from /opt/airflow/dags/226 - lab 1 - ML Forcast.py
[2026-04-26T23:27:57.299+0000] {logging_mixin.py:190} INFO - [2026-04-26T23:27:57.299+0000] {dag.py:3229} INFO - Sync 1 DAGs
[2026-04-26T23:27:57.321+0000] {logging_mixin.py:190} INFO - [2026-04-26T23:27:57.321+0000] {dag.py:4156} INFO - Setting next_dagrun for ML_forecast to 2026-04-25 07:30:00+00:00, run_after=2026-04-26 07:30:00+00:00
[2026-04-26T23:27:57.340+0000] {processor.py:208} INFO - Processing /opt/airflow/dags/226 - lab 1 - ML Forcast.py took 0.104 seconds
