[2026-04-26T22:59:08.854+0000] {processor.py:186} INFO - Started process (PID=275) to work on /opt/airflow/dags/226 - Homework 5 - Michael Jasper.py
[2026-04-26T22:59:08.855+0000] {processor.py:914} INFO - Processing file /opt/airflow/dags/226 - Homework 5 - Michael Jasper.py for tasks to queue
[2026-04-26T22:59:08.857+0000] {logging_mixin.py:190} INFO - [2026-04-26T22:59:08.857+0000] {dagbag.py:587} INFO - Filling up the DagBag from /opt/airflow/dags/226 - Homework 5 - Michael Jasper.py
[2026-04-26T22:59:08.896+0000] {logging_mixin.py:190} INFO - [2026-04-26T22:59:08.896+0000] {base.py:84} INFO - Retrieving connection 'snowflake_conn'
[2026-04-26T22:59:08.897+0000] {logging_mixin.py:190} INFO - [2026-04-26T22:59:08.897+0000] {connection.py:413} INFO - Snowflake Connector for Python Version: 3.12.2, Python Version: 3.12.5, Platform: Linux-6.6.87.2-microsoft-standard-WSL2-x86_64-with-glibc2.36
[2026-04-26T22:59:08.899+0000] {logging_mixin.py:190} INFO - [2026-04-26T22:59:08.898+0000] {connection.py:1196} INFO - Connecting to GLOBAL Snowflake domain
[2026-04-26T22:59:08.899+0000] {logging_mixin.py:190} INFO - [2026-04-26T22:59:08.899+0000] {connection.py:1277} INFO - This connection is in OCSP Fail Open Mode. TLS Certificates would be checked for validity and revocation status. Any other Certificate Revocation related exceptions or OCSP Responder failures would be disregarded in favor of connectivity.
[2026-04-26T22:59:09.126+0000] {processor.py:925} INFO - DAG(s) 'KyotoWeather_v1' retrieved from /opt/airflow/dags/226 - Homework 5 - Michael Jasper.py
[2026-04-26T22:59:09.220+0000] {logging_mixin.py:190} INFO - [2026-04-26T22:59:09.220+0000] {dag.py:3229} INFO - Sync 1 DAGs
[2026-04-26T22:59:09.241+0000] {logging_mixin.py:190} INFO - [2026-04-26T22:59:09.241+0000] {dag.py:4156} INFO - Setting next_dagrun for KyotoWeather_v1 to 2026-04-25 07:30:00+00:00, run_after=2026-04-26 07:30:00+00:00
[2026-04-26T22:59:09.261+0000] {processor.py:208} INFO - Processing /opt/airflow/dags/226 - Homework 5 - Michael Jasper.py took 0.413 seconds
[2026-04-26T22:59:40.472+0000] {processor.py:186} INFO - Started process (PID=348) to work on /opt/airflow/dags/226 - Homework 5 - Michael Jasper.py
[2026-04-26T22:59:40.473+0000] {processor.py:914} INFO - Processing file /opt/airflow/dags/226 - Homework 5 - Michael Jasper.py for tasks to queue
[2026-04-26T22:59:40.476+0000] {logging_mixin.py:190} INFO - [2026-04-26T22:59:40.476+0000] {dagbag.py:587} INFO - Filling up the DagBag from /opt/airflow/dags/226 - Homework 5 - Michael Jasper.py
[2026-04-26T22:59:40.511+0000] {logging_mixin.py:190} INFO - [2026-04-26T22:59:40.511+0000] {base.py:84} INFO - Retrieving connection 'snowflake_conn'
[2026-04-26T22:59:40.512+0000] {logging_mixin.py:190} INFO - [2026-04-26T22:59:40.512+0000] {connection.py:413} INFO - Snowflake Connector for Python Version: 3.12.2, Python Version: 3.12.5, Platform: Linux-6.6.87.2-microsoft-standard-WSL2-x86_64-with-glibc2.36
[2026-04-26T22:59:40.513+0000] {logging_mixin.py:190} INFO - [2026-04-26T22:59:40.513+0000] {connection.py:1196} INFO - Connecting to GLOBAL Snowflake domain
[2026-04-26T22:59:40.514+0000] {logging_mixin.py:190} INFO - [2026-04-26T22:59:40.514+0000] {connection.py:1277} INFO - This connection is in OCSP Fail Open Mode. TLS Certificates would be checked for validity and revocation status. Any other Certificate Revocation related exceptions or OCSP Responder failures would be disregarded in favor of connectivity.
[2026-04-26T22:59:40.933+0000] {processor.py:925} INFO - DAG(s) 'KyotoWeather_v1' retrieved from /opt/airflow/dags/226 - Homework 5 - Michael Jasper.py
[2026-04-26T22:59:41.029+0000] {logging_mixin.py:190} INFO - [2026-04-26T22:59:41.029+0000] {dag.py:3229} INFO - Sync 1 DAGs
[2026-04-26T22:59:41.050+0000] {logging_mixin.py:190} INFO - [2026-04-26T22:59:41.049+0000] {dag.py:4156} INFO - Setting next_dagrun for KyotoWeather_v1 to 2026-04-25 07:30:00+00:00, run_after=2026-04-26 07:30:00+00:00
[2026-04-26T22:59:41.070+0000] {processor.py:208} INFO - Processing /opt/airflow/dags/226 - Homework 5 - Michael Jasper.py took 0.604 seconds
[2026-04-26T23:00:13.004+0000] {processor.py:186} INFO - Started process (PID=407) to work on /opt/airflow/dags/226 - Homework 5 - Michael Jasper.py
[2026-04-26T23:00:13.005+0000] {processor.py:914} INFO - Processing file /opt/airflow/dags/226 - Homework 5 - Michael Jasper.py for tasks to queue
[2026-04-26T23:00:13.008+0000] {logging_mixin.py:190} INFO - [2026-04-26T23:00:13.008+0000] {dagbag.py:587} INFO - Filling up the DagBag from /opt/airflow/dags/226 - Homework 5 - Michael Jasper.py
[2026-04-26T23:00:13.042+0000] {logging_mixin.py:190} INFO - [2026-04-26T23:00:13.041+0000] {base.py:84} INFO - Retrieving connection 'snowflake_conn'
[2026-04-26T23:00:13.043+0000] {logging_mixin.py:190} INFO - [2026-04-26T23:00:13.043+0000] {connection.py:413} INFO - Snowflake Connector for Python Version: 3.12.2, Python Version: 3.12.5, Platform: Linux-6.6.87.2-microsoft-standard-WSL2-x86_64-with-glibc2.36
[2026-04-26T23:00:13.044+0000] {logging_mixin.py:190} INFO - [2026-04-26T23:00:13.044+0000] {connection.py:1196} INFO - Connecting to GLOBAL Snowflake domain
[2026-04-26T23:00:13.044+0000] {logging_mixin.py:190} INFO - [2026-04-26T23:00:13.044+0000] {connection.py:1277} INFO - This connection is in OCSP Fail Open Mode. TLS Certificates would be checked for validity and revocation status. Any other Certificate Revocation related exceptions or OCSP Responder failures would be disregarded in favor of connectivity.
[2026-04-26T23:00:13.672+0000] {processor.py:925} INFO - DAG(s) 'KyotoWeather_v1' retrieved from /opt/airflow/dags/226 - Homework 5 - Michael Jasper.py
[2026-04-26T23:00:13.760+0000] {logging_mixin.py:190} INFO - [2026-04-26T23:00:13.759+0000] {dag.py:3229} INFO - Sync 1 DAGs
[2026-04-26T23:00:13.778+0000] {logging_mixin.py:190} INFO - [2026-04-26T23:00:13.778+0000] {dag.py:4156} INFO - Setting next_dagrun for KyotoWeather_v1 to 2026-04-25 07:30:00+00:00, run_after=2026-04-26 07:30:00+00:00
[2026-04-26T23:00:13.806+0000] {processor.py:208} INFO - Processing /opt/airflow/dags/226 - Homework 5 - Michael Jasper.py took 0.808 seconds
[2026-04-26T23:00:44.069+0000] {processor.py:186} INFO - Started process (PID=462) to work on /opt/airflow/dags/226 - Homework 5 - Michael Jasper.py
[2026-04-26T23:00:44.070+0000] {processor.py:914} INFO - Processing file /opt/airflow/dags/226 - Homework 5 - Michael Jasper.py for tasks to queue
[2026-04-26T23:00:44.073+0000] {logging_mixin.py:190} INFO - [2026-04-26T23:00:44.073+0000] {dagbag.py:587} INFO - Filling up the DagBag from /opt/airflow/dags/226 - Homework 5 - Michael Jasper.py
[2026-04-26T23:00:44.110+0000] {logging_mixin.py:190} INFO - [2026-04-26T23:00:44.110+0000] {base.py:84} INFO - Retrieving connection 'snowflake_conn'
[2026-04-26T23:00:44.112+0000] {logging_mixin.py:190} INFO - [2026-04-26T23:00:44.112+0000] {connection.py:413} INFO - Snowflake Connector for Python Version: 3.12.2, Python Version: 3.12.5, Platform: Linux-6.6.87.2-microsoft-standard-WSL2-x86_64-with-glibc2.36
[2026-04-26T23:00:44.113+0000] {logging_mixin.py:190} INFO - [2026-04-26T23:00:44.113+0000] {connection.py:1196} INFO - Connecting to GLOBAL Snowflake domain
[2026-04-26T23:00:44.113+0000] {logging_mixin.py:190} INFO - [2026-04-26T23:00:44.113+0000] {connection.py:1277} INFO - This connection is in OCSP Fail Open Mode. TLS Certificates would be checked for validity and revocation status. Any other Certificate Revocation related exceptions or OCSP Responder failures would be disregarded in favor of connectivity.
[2026-04-26T23:00:45.466+0000] {processor.py:925} INFO - DAG(s) 'KyotoWeather_v1' retrieved from /opt/airflow/dags/226 - Homework 5 - Michael Jasper.py
[2026-04-26T23:00:45.573+0000] {logging_mixin.py:190} INFO - [2026-04-26T23:00:45.572+0000] {dag.py:3229} INFO - Sync 1 DAGs
[2026-04-26T23:00:45.595+0000] {logging_mixin.py:190} INFO - [2026-04-26T23:00:45.594+0000] {dag.py:4156} INFO - Setting next_dagrun for KyotoWeather_v1 to 2026-04-25 07:30:00+00:00, run_after=2026-04-26 07:30:00+00:00
[2026-04-26T23:00:45.625+0000] {processor.py:208} INFO - Processing /opt/airflow/dags/226 - Homework 5 - Michael Jasper.py took 1.562 seconds
[2026-04-26T23:01:15.974+0000] {processor.py:186} INFO - Started process (PID=527) to work on /opt/airflow/dags/226 - Homework 5 - Michael Jasper.py
[2026-04-26T23:01:15.975+0000] {processor.py:914} INFO - Processing file /opt/airflow/dags/226 - Homework 5 - Michael Jasper.py for tasks to queue
[2026-04-26T23:01:15.977+0000] {logging_mixin.py:190} INFO - [2026-04-26T23:01:15.977+0000] {dagbag.py:587} INFO - Filling up the DagBag from /opt/airflow/dags/226 - Homework 5 - Michael Jasper.py
[2026-04-26T23:01:16.010+0000] {logging_mixin.py:190} INFO - [2026-04-26T23:01:16.010+0000] {base.py:84} INFO - Retrieving connection 'snowflake_conn'
[2026-04-26T23:01:16.012+0000] {logging_mixin.py:190} INFO - [2026-04-26T23:01:16.011+0000] {connection.py:413} INFO - Snowflake Connector for Python Version: 3.12.2, Python Version: 3.12.5, Platform: Linux-6.6.87.2-microsoft-standard-WSL2-x86_64-with-glibc2.36
[2026-04-26T23:01:16.013+0000] {logging_mixin.py:190} INFO - [2026-04-26T23:01:16.012+0000] {connection.py:1196} INFO - Connecting to GLOBAL Snowflake domain
[2026-04-26T23:01:16.013+0000] {logging_mixin.py:190} INFO - [2026-04-26T23:01:16.013+0000] {connection.py:1277} INFO - This connection is in OCSP Fail Open Mode. TLS Certificates would be checked for validity and revocation status. Any other Certificate Revocation related exceptions or OCSP Responder failures would be disregarded in favor of connectivity.
[2026-04-26T23:01:16.598+0000] {processor.py:925} INFO - DAG(s) 'KyotoWeather_v1' retrieved from /opt/airflow/dags/226 - Homework 5 - Michael Jasper.py
[2026-04-26T23:01:16.691+0000] {logging_mixin.py:190} INFO - [2026-04-26T23:01:16.691+0000] {dag.py:3229} INFO - Sync 1 DAGs
[2026-04-26T23:01:16.709+0000] {logging_mixin.py:190} INFO - [2026-04-26T23:01:16.709+0000] {dag.py:4156} INFO - Setting next_dagrun for KyotoWeather_v1 to 2026-04-25 07:30:00+00:00, run_after=2026-04-26 07:30:00+00:00
[2026-04-26T23:01:16.738+0000] {processor.py:208} INFO - Processing /opt/airflow/dags/226 - Homework 5 - Michael Jasper.py took 0.770 seconds
[2026-04-26T23:01:47.379+0000] {processor.py:186} INFO - Started process (PID=584) to work on /opt/airflow/dags/226 - Homework 5 - Michael Jasper.py
[2026-04-26T23:01:47.381+0000] {processor.py:914} INFO - Processing file /opt/airflow/dags/226 - Homework 5 - Michael Jasper.py for tasks to queue
[2026-04-26T23:01:47.383+0000] {logging_mixin.py:190} INFO - [2026-04-26T23:01:47.383+0000] {dagbag.py:587} INFO - Filling up the DagBag from /opt/airflow/dags/226 - Homework 5 - Michael Jasper.py
[2026-04-26T23:01:47.419+0000] {logging_mixin.py:190} INFO - [2026-04-26T23:01:47.419+0000] {base.py:84} INFO - Retrieving connection 'snowflake_conn'
[2026-04-26T23:01:47.420+0000] {logging_mixin.py:190} INFO - [2026-04-26T23:01:47.420+0000] {connection.py:413} INFO - Snowflake Connector for Python Version: 3.12.2, Python Version: 3.12.5, Platform: Linux-6.6.87.2-microsoft-standard-WSL2-x86_64-with-glibc2.36
[2026-04-26T23:01:47.421+0000] {logging_mixin.py:190} INFO - [2026-04-26T23:01:47.421+0000] {connection.py:1196} INFO - Connecting to GLOBAL Snowflake domain
[2026-04-26T23:01:47.422+0000] {logging_mixin.py:190} INFO - [2026-04-26T23:01:47.422+0000] {connection.py:1277} INFO - This connection is in OCSP Fail Open Mode. TLS Certificates would be checked for validity and revocation status. Any other Certificate Revocation related exceptions or OCSP Responder failures would be disregarded in favor of connectivity.
[2026-04-26T23:01:47.977+0000] {processor.py:925} INFO - DAG(s) 'KyotoWeather_v1' retrieved from /opt/airflow/dags/226 - Homework 5 - Michael Jasper.py
[2026-04-26T23:01:48.073+0000] {logging_mixin.py:190} INFO - [2026-04-26T23:01:48.072+0000] {dag.py:3229} INFO - Sync 1 DAGs
[2026-04-26T23:01:48.092+0000] {logging_mixin.py:190} INFO - [2026-04-26T23:01:48.092+0000] {dag.py:4156} INFO - Setting next_dagrun for KyotoWeather_v1 to 2026-04-25 07:30:00+00:00, run_after=2026-04-26 07:30:00+00:00
[2026-04-26T23:01:48.114+0000] {processor.py:208} INFO - Processing /opt/airflow/dags/226 - Homework 5 - Michael Jasper.py took 0.740 seconds
[2026-04-26T23:02:18.243+0000] {processor.py:186} INFO - Started process (PID=623) to work on /opt/airflow/dags/226 - Homework 5 - Michael Jasper.py
[2026-04-26T23:02:18.245+0000] {processor.py:914} INFO - Processing file /opt/airflow/dags/226 - Homework 5 - Michael Jasper.py for tasks to queue
[2026-04-26T23:02:18.248+0000] {logging_mixin.py:190} INFO - [2026-04-26T23:02:18.248+0000] {dagbag.py:587} INFO - Filling up the DagBag from /opt/airflow/dags/226 - Homework 5 - Michael Jasper.py
[2026-04-26T23:02:18.288+0000] {logging_mixin.py:190} INFO - [2026-04-26T23:02:18.287+0000] {base.py:84} INFO - Retrieving connection 'snowflake_conn'
[2026-04-26T23:02:18.289+0000] {logging_mixin.py:190} INFO - [2026-04-26T23:02:18.289+0000] {connection.py:413} INFO - Snowflake Connector for Python Version: 3.12.2, Python Version: 3.12.5, Platform: Linux-6.6.87.2-microsoft-standard-WSL2-x86_64-with-glibc2.36
[2026-04-26T23:02:18.290+0000] {logging_mixin.py:190} INFO - [2026-04-26T23:02:18.290+0000] {connection.py:1196} INFO - Connecting to GLOBAL Snowflake domain
[2026-04-26T23:02:18.291+0000] {logging_mixin.py:190} INFO - [2026-04-26T23:02:18.291+0000] {connection.py:1277} INFO - This connection is in OCSP Fail Open Mode. TLS Certificates would be checked for validity and revocation status. Any other Certificate Revocation related exceptions or OCSP Responder failures would be disregarded in favor of connectivity.
[2026-04-26T23:02:18.789+0000] {processor.py:925} INFO - DAG(s) 'KyotoWeather_v1' retrieved from /opt/airflow/dags/226 - Homework 5 - Michael Jasper.py
[2026-04-26T23:02:18.895+0000] {logging_mixin.py:190} INFO - [2026-04-26T23:02:18.895+0000] {dag.py:3229} INFO - Sync 1 DAGs
[2026-04-26T23:02:18.918+0000] {logging_mixin.py:190} INFO - [2026-04-26T23:02:18.918+0000] {dag.py:4156} INFO - Setting next_dagrun for KyotoWeather_v1 to 2026-04-25 07:30:00+00:00, run_after=2026-04-26 07:30:00+00:00
[2026-04-26T23:02:18.936+0000] {processor.py:208} INFO - Processing /opt/airflow/dags/226 - Homework 5 - Michael Jasper.py took 0.700 seconds
[2026-04-26T23:13:34.689+0000] {processor.py:186} INFO - Started process (PID=494) to work on /opt/airflow/dags/226 - Homework 5 - Michael Jasper.py
[2026-04-26T23:13:34.690+0000] {processor.py:914} INFO - Processing file /opt/airflow/dags/226 - Homework 5 - Michael Jasper.py for tasks to queue
[2026-04-26T23:13:34.693+0000] {logging_mixin.py:190} INFO - [2026-04-26T23:13:34.693+0000] {dagbag.py:587} INFO - Filling up the DagBag from /opt/airflow/dags/226 - Homework 5 - Michael Jasper.py
[2026-04-26T23:13:34.730+0000] {logging_mixin.py:190} INFO - [2026-04-26T23:13:34.729+0000] {base.py:84} INFO - Retrieving connection 'snowflake_conn'
[2026-04-26T23:13:34.731+0000] {logging_mixin.py:190} INFO - [2026-04-26T23:13:34.731+0000] {connection.py:413} INFO - Snowflake Connector for Python Version: 3.12.2, Python Version: 3.12.5, Platform: Linux-6.6.87.2-microsoft-standard-WSL2-x86_64-with-glibc2.36
[2026-04-26T23:13:34.732+0000] {logging_mixin.py:190} INFO - [2026-04-26T23:13:34.732+0000] {connection.py:1196} INFO - Connecting to GLOBAL Snowflake domain
[2026-04-26T23:13:34.733+0000] {logging_mixin.py:190} INFO - [2026-04-26T23:13:34.733+0000] {connection.py:1277} INFO - This connection is in OCSP Fail Open Mode. TLS Certificates would be checked for validity and revocation status. Any other Certificate Revocation related exceptions or OCSP Responder failures would be disregarded in favor of connectivity.
[2026-04-26T23:13:36.158+0000] {processor.py:925} INFO - DAG(s) 'KyotoWeather_v1' retrieved from /opt/airflow/dags/226 - Homework 5 - Michael Jasper.py
[2026-04-26T23:13:36.266+0000] {logging_mixin.py:190} INFO - [2026-04-26T23:13:36.265+0000] {dag.py:3229} INFO - Sync 1 DAGs
[2026-04-26T23:13:36.285+0000] {logging_mixin.py:190} INFO - [2026-04-26T23:13:36.285+0000] {dag.py:4156} INFO - Setting next_dagrun for KyotoWeather_v1 to 2026-04-25 07:30:00+00:00, run_after=2026-04-26 07:30:00+00:00
[2026-04-26T23:13:36.303+0000] {processor.py:208} INFO - Processing /opt/airflow/dags/226 - Homework 5 - Michael Jasper.py took 1.620 seconds
[2026-04-26T23:14:06.562+0000] {processor.py:186} INFO - Started process (PID=564) to work on /opt/airflow/dags/226 - Homework 5 - Michael Jasper.py
[2026-04-26T23:14:06.563+0000] {processor.py:914} INFO - Processing file /opt/airflow/dags/226 - Homework 5 - Michael Jasper.py for tasks to queue
[2026-04-26T23:14:06.566+0000] {logging_mixin.py:190} INFO - [2026-04-26T23:14:06.565+0000] {dagbag.py:587} INFO - Filling up the DagBag from /opt/airflow/dags/226 - Homework 5 - Michael Jasper.py
[2026-04-26T23:14:06.601+0000] {logging_mixin.py:190} INFO - [2026-04-26T23:14:06.601+0000] {base.py:84} INFO - Retrieving connection 'snowflake_conn'
[2026-04-26T23:14:06.602+0000] {logging_mixin.py:190} INFO - [2026-04-26T23:14:06.602+0000] {connection.py:413} INFO - Snowflake Connector for Python Version: 3.12.2, Python Version: 3.12.5, Platform: Linux-6.6.87.2-microsoft-standard-WSL2-x86_64-with-glibc2.36
[2026-04-26T23:14:06.603+0000] {logging_mixin.py:190} INFO - [2026-04-26T23:14:06.603+0000] {connection.py:1196} INFO - Connecting to GLOBAL Snowflake domain
[2026-04-26T23:14:06.604+0000] {logging_mixin.py:190} INFO - [2026-04-26T23:14:06.604+0000] {connection.py:1277} INFO - This connection is in OCSP Fail Open Mode. TLS Certificates would be checked for validity and revocation status. Any other Certificate Revocation related exceptions or OCSP Responder failures would be disregarded in favor of connectivity.
[2026-04-26T23:14:07.055+0000] {processor.py:925} INFO - DAG(s) 'KyotoWeather_v1' retrieved from /opt/airflow/dags/226 - Homework 5 - Michael Jasper.py
[2026-04-26T23:14:07.150+0000] {logging_mixin.py:190} INFO - [2026-04-26T23:14:07.150+0000] {dag.py:3229} INFO - Sync 1 DAGs
[2026-04-26T23:14:07.169+0000] {logging_mixin.py:190} INFO - [2026-04-26T23:14:07.168+0000] {dag.py:4156} INFO - Setting next_dagrun for KyotoWeather_v1 to 2026-04-25 07:30:00+00:00, run_after=2026-04-26 07:30:00+00:00
[2026-04-26T23:14:07.193+0000] {processor.py:208} INFO - Processing /opt/airflow/dags/226 - Homework 5 - Michael Jasper.py took 0.637 seconds
[2026-04-26T23:14:37.568+0000] {processor.py:186} INFO - Started process (PID=621) to work on /opt/airflow/dags/226 - Homework 5 - Michael Jasper.py
[2026-04-26T23:14:37.569+0000] {processor.py:914} INFO - Processing file /opt/airflow/dags/226 - Homework 5 - Michael Jasper.py for tasks to queue
[2026-04-26T23:14:37.572+0000] {logging_mixin.py:190} INFO - [2026-04-26T23:14:37.572+0000] {dagbag.py:587} INFO - Filling up the DagBag from /opt/airflow/dags/226 - Homework 5 - Michael Jasper.py
[2026-04-26T23:14:37.607+0000] {logging_mixin.py:190} INFO - [2026-04-26T23:14:37.607+0000] {base.py:84} INFO - Retrieving connection 'snowflake_conn'
[2026-04-26T23:14:37.609+0000] {logging_mixin.py:190} INFO - [2026-04-26T23:14:37.608+0000] {connection.py:413} INFO - Snowflake Connector for Python Version: 3.12.2, Python Version: 3.12.5, Platform: Linux-6.6.87.2-microsoft-standard-WSL2-x86_64-with-glibc2.36
[2026-04-26T23:14:37.610+0000] {logging_mixin.py:190} INFO - [2026-04-26T23:14:37.610+0000] {connection.py:1196} INFO - Connecting to GLOBAL Snowflake domain
[2026-04-26T23:14:37.610+0000] {logging_mixin.py:190} INFO - [2026-04-26T23:14:37.610+0000] {connection.py:1277} INFO - This connection is in OCSP Fail Open Mode. TLS Certificates would be checked for validity and revocation status. Any other Certificate Revocation related exceptions or OCSP Responder failures would be disregarded in favor of connectivity.
[2026-04-26T23:14:37.908+0000] {processor.py:925} INFO - DAG(s) 'KyotoWeather_v1' retrieved from /opt/airflow/dags/226 - Homework 5 - Michael Jasper.py
[2026-04-26T23:14:38.010+0000] {logging_mixin.py:190} INFO - [2026-04-26T23:14:38.009+0000] {dag.py:3229} INFO - Sync 1 DAGs
[2026-04-26T23:14:38.032+0000] {logging_mixin.py:190} INFO - [2026-04-26T23:14:38.031+0000] {dag.py:4156} INFO - Setting next_dagrun for KyotoWeather_v1 to 2026-04-25 07:30:00+00:00, run_after=2026-04-26 07:30:00+00:00
[2026-04-26T23:14:38.062+0000] {processor.py:208} INFO - Processing /opt/airflow/dags/226 - Homework 5 - Michael Jasper.py took 0.500 seconds
[2026-04-26T23:15:08.736+0000] {processor.py:186} INFO - Started process (PID=676) to work on /opt/airflow/dags/226 - Homework 5 - Michael Jasper.py
[2026-04-26T23:15:08.737+0000] {processor.py:914} INFO - Processing file /opt/airflow/dags/226 - Homework 5 - Michael Jasper.py for tasks to queue
[2026-04-26T23:15:08.740+0000] {logging_mixin.py:190} INFO - [2026-04-26T23:15:08.739+0000] {dagbag.py:587} INFO - Filling up the DagBag from /opt/airflow/dags/226 - Homework 5 - Michael Jasper.py
[2026-04-26T23:15:08.775+0000] {logging_mixin.py:190} INFO - [2026-04-26T23:15:08.774+0000] {base.py:84} INFO - Retrieving connection 'snowflake_conn'
[2026-04-26T23:15:08.776+0000] {logging_mixin.py:190} INFO - [2026-04-26T23:15:08.776+0000] {connection.py:413} INFO - Snowflake Connector for Python Version: 3.12.2, Python Version: 3.12.5, Platform: Linux-6.6.87.2-microsoft-standard-WSL2-x86_64-with-glibc2.36
[2026-04-26T23:15:08.777+0000] {logging_mixin.py:190} INFO - [2026-04-26T23:15:08.777+0000] {connection.py:1196} INFO - Connecting to GLOBAL Snowflake domain
[2026-04-26T23:15:08.777+0000] {logging_mixin.py:190} INFO - [2026-04-26T23:15:08.777+0000] {connection.py:1277} INFO - This connection is in OCSP Fail Open Mode. TLS Certificates would be checked for validity and revocation status. Any other Certificate Revocation related exceptions or OCSP Responder failures would be disregarded in favor of connectivity.
[2026-04-26T23:15:09.363+0000] {processor.py:925} INFO - DAG(s) 'KyotoWeather_v1' retrieved from /opt/airflow/dags/226 - Homework 5 - Michael Jasper.py
[2026-04-26T23:15:09.457+0000] {logging_mixin.py:190} INFO - [2026-04-26T23:15:09.457+0000] {dag.py:3229} INFO - Sync 1 DAGs
[2026-04-26T23:15:09.476+0000] {logging_mixin.py:190} INFO - [2026-04-26T23:15:09.476+0000] {dag.py:4156} INFO - Setting next_dagrun for KyotoWeather_v1 to 2026-04-25 07:30:00+00:00, run_after=2026-04-26 07:30:00+00:00
[2026-04-26T23:15:09.493+0000] {processor.py:208} INFO - Processing /opt/airflow/dags/226 - Homework 5 - Michael Jasper.py took 0.763 seconds
[2026-04-26T23:15:39.788+0000] {processor.py:186} INFO - Started process (PID=718) to work on /opt/airflow/dags/226 - Homework 5 - Michael Jasper.py
[2026-04-26T23:15:39.789+0000] {processor.py:914} INFO - Processing file /opt/airflow/dags/226 - Homework 5 - Michael Jasper.py for tasks to queue
[2026-04-26T23:15:39.792+0000] {logging_mixin.py:190} INFO - [2026-04-26T23:15:39.791+0000] {dagbag.py:587} INFO - Filling up the DagBag from /opt/airflow/dags/226 - Homework 5 - Michael Jasper.py
[2026-04-26T23:15:39.831+0000] {logging_mixin.py:190} INFO - [2026-04-26T23:15:39.831+0000] {base.py:84} INFO - Retrieving connection 'snowflake_conn'
[2026-04-26T23:15:39.833+0000] {logging_mixin.py:190} INFO - [2026-04-26T23:15:39.832+0000] {connection.py:413} INFO - Snowflake Connector for Python Version: 3.12.2, Python Version: 3.12.5, Platform: Linux-6.6.87.2-microsoft-standard-WSL2-x86_64-with-glibc2.36
[2026-04-26T23:15:39.834+0000] {logging_mixin.py:190} INFO - [2026-04-26T23:15:39.834+0000] {connection.py:1196} INFO - Connecting to GLOBAL Snowflake domain
[2026-04-26T23:15:39.835+0000] {logging_mixin.py:190} INFO - [2026-04-26T23:15:39.834+0000] {connection.py:1277} INFO - This connection is in OCSP Fail Open Mode. TLS Certificates would be checked for validity and revocation status. Any other Certificate Revocation related exceptions or OCSP Responder failures would be disregarded in favor of connectivity.
[2026-04-26T23:15:40.445+0000] {processor.py:925} INFO - DAG(s) 'KyotoWeather_v1' retrieved from /opt/airflow/dags/226 - Homework 5 - Michael Jasper.py
[2026-04-26T23:15:40.553+0000] {logging_mixin.py:190} INFO - [2026-04-26T23:15:40.553+0000] {dag.py:3229} INFO - Sync 1 DAGs
[2026-04-26T23:15:40.576+0000] {logging_mixin.py:190} INFO - [2026-04-26T23:15:40.576+0000] {dag.py:4156} INFO - Setting next_dagrun for KyotoWeather_v1 to 2026-04-25 07:30:00+00:00, run_after=2026-04-26 07:30:00+00:00
[2026-04-26T23:15:40.596+0000] {processor.py:208} INFO - Processing /opt/airflow/dags/226 - Homework 5 - Michael Jasper.py took 0.814 seconds
[2026-04-26T23:16:10.711+0000] {processor.py:186} INFO - Started process (PID=771) to work on /opt/airflow/dags/226 - Homework 5 - Michael Jasper.py
[2026-04-26T23:16:10.712+0000] {processor.py:914} INFO - Processing file /opt/airflow/dags/226 - Homework 5 - Michael Jasper.py for tasks to queue
[2026-04-26T23:16:10.715+0000] {logging_mixin.py:190} INFO - [2026-04-26T23:16:10.715+0000] {dagbag.py:587} INFO - Filling up the DagBag from /opt/airflow/dags/226 - Homework 5 - Michael Jasper.py
[2026-04-26T23:16:10.750+0000] {logging_mixin.py:190} INFO - [2026-04-26T23:16:10.750+0000] {base.py:84} INFO - Retrieving connection 'snowflake_conn'
[2026-04-26T23:16:10.752+0000] {logging_mixin.py:190} INFO - [2026-04-26T23:16:10.751+0000] {connection.py:413} INFO - Snowflake Connector for Python Version: 3.12.2, Python Version: 3.12.5, Platform: Linux-6.6.87.2-microsoft-standard-WSL2-x86_64-with-glibc2.36
[2026-04-26T23:16:10.753+0000] {logging_mixin.py:190} INFO - [2026-04-26T23:16:10.753+0000] {connection.py:1196} INFO - Connecting to GLOBAL Snowflake domain
[2026-04-26T23:16:10.754+0000] {logging_mixin.py:190} INFO - [2026-04-26T23:16:10.754+0000] {connection.py:1277} INFO - This connection is in OCSP Fail Open Mode. TLS Certificates would be checked for validity and revocation status. Any other Certificate Revocation related exceptions or OCSP Responder failures would be disregarded in favor of connectivity.
[2026-04-26T23:16:11.036+0000] {processor.py:925} INFO - DAG(s) 'KyotoWeather_v1' retrieved from /opt/airflow/dags/226 - Homework 5 - Michael Jasper.py
[2026-04-26T23:16:11.140+0000] {logging_mixin.py:190} INFO - [2026-04-26T23:16:11.139+0000] {dag.py:3229} INFO - Sync 1 DAGs
[2026-04-26T23:16:11.163+0000] {logging_mixin.py:190} INFO - [2026-04-26T23:16:11.163+0000] {dag.py:4156} INFO - Setting next_dagrun for KyotoWeather_v1 to 2026-04-25 07:30:00+00:00, run_after=2026-04-26 07:30:00+00:00
[2026-04-26T23:16:11.182+0000] {processor.py:208} INFO - Processing /opt/airflow/dags/226 - Homework 5 - Michael Jasper.py took 0.477 seconds
[2026-04-26T23:16:41.453+0000] {processor.py:186} INFO - Started process (PID=826) to work on /opt/airflow/dags/226 - Homework 5 - Michael Jasper.py
[2026-04-26T23:16:41.455+0000] {processor.py:914} INFO - Processing file /opt/airflow/dags/226 - Homework 5 - Michael Jasper.py for tasks to queue
[2026-04-26T23:16:41.457+0000] {logging_mixin.py:190} INFO - [2026-04-26T23:16:41.457+0000] {dagbag.py:587} INFO - Filling up the DagBag from /opt/airflow/dags/226 - Homework 5 - Michael Jasper.py
[2026-04-26T23:16:41.493+0000] {logging_mixin.py:190} INFO - [2026-04-26T23:16:41.493+0000] {base.py:84} INFO - Retrieving connection 'snowflake_conn'
[2026-04-26T23:16:41.494+0000] {logging_mixin.py:190} INFO - [2026-04-26T23:16:41.494+0000] {connection.py:413} INFO - Snowflake Connector for Python Version: 3.12.2, Python Version: 3.12.5, Platform: Linux-6.6.87.2-microsoft-standard-WSL2-x86_64-with-glibc2.36
[2026-04-26T23:16:41.495+0000] {logging_mixin.py:190} INFO - [2026-04-26T23:16:41.495+0000] {connection.py:1196} INFO - Connecting to GLOBAL Snowflake domain
[2026-04-26T23:16:41.496+0000] {logging_mixin.py:190} INFO - [2026-04-26T23:16:41.496+0000] {connection.py:1277} INFO - This connection is in OCSP Fail Open Mode. TLS Certificates would be checked for validity and revocation status. Any other Certificate Revocation related exceptions or OCSP Responder failures would be disregarded in favor of connectivity.
[2026-04-26T23:16:42.009+0000] {processor.py:925} INFO - DAG(s) 'KyotoWeather_v1' retrieved from /opt/airflow/dags/226 - Homework 5 - Michael Jasper.py
[2026-04-26T23:16:42.103+0000] {logging_mixin.py:190} INFO - [2026-04-26T23:16:42.102+0000] {dag.py:3229} INFO - Sync 1 DAGs
[2026-04-26T23:16:42.122+0000] {logging_mixin.py:190} INFO - [2026-04-26T23:16:42.122+0000] {dag.py:4156} INFO - Setting next_dagrun for KyotoWeather_v1 to 2026-04-25 07:30:00+00:00, run_after=2026-04-26 07:30:00+00:00
[2026-04-26T23:16:42.147+0000] {processor.py:208} INFO - Processing /opt/airflow/dags/226 - Homework 5 - Michael Jasper.py took 0.699 seconds
[2026-04-26T23:17:12.522+0000] {processor.py:186} INFO - Started process (PID=883) to work on /opt/airflow/dags/226 - Homework 5 - Michael Jasper.py
[2026-04-26T23:17:12.524+0000] {processor.py:914} INFO - Processing file /opt/airflow/dags/226 - Homework 5 - Michael Jasper.py for tasks to queue
[2026-04-26T23:17:12.526+0000] {logging_mixin.py:190} INFO - [2026-04-26T23:17:12.526+0000] {dagbag.py:587} INFO - Filling up the DagBag from /opt/airflow/dags/226 - Homework 5 - Michael Jasper.py
[2026-04-26T23:17:12.562+0000] {logging_mixin.py:190} INFO - [2026-04-26T23:17:12.562+0000] {base.py:84} INFO - Retrieving connection 'snowflake_conn'
[2026-04-26T23:17:12.564+0000] {logging_mixin.py:190} INFO - [2026-04-26T23:17:12.564+0000] {connection.py:413} INFO - Snowflake Connector for Python Version: 3.12.2, Python Version: 3.12.5, Platform: Linux-6.6.87.2-microsoft-standard-WSL2-x86_64-with-glibc2.36
[2026-04-26T23:17:12.565+0000] {logging_mixin.py:190} INFO - [2026-04-26T23:17:12.565+0000] {connection.py:1196} INFO - Connecting to GLOBAL Snowflake domain
[2026-04-26T23:17:12.566+0000] {logging_mixin.py:190} INFO - [2026-04-26T23:17:12.566+0000] {connection.py:1277} INFO - This connection is in OCSP Fail Open Mode. TLS Certificates would be checked for validity and revocation status. Any other Certificate Revocation related exceptions or OCSP Responder failures would be disregarded in favor of connectivity.
[2026-04-26T23:17:13.059+0000] {processor.py:925} INFO - DAG(s) 'KyotoWeather_v1' retrieved from /opt/airflow/dags/226 - Homework 5 - Michael Jasper.py
[2026-04-26T23:17:13.171+0000] {logging_mixin.py:190} INFO - [2026-04-26T23:17:13.170+0000] {dag.py:3229} INFO - Sync 1 DAGs
[2026-04-26T23:17:13.191+0000] {logging_mixin.py:190} INFO - [2026-04-26T23:17:13.191+0000] {dag.py:4156} INFO - Setting next_dagrun for KyotoWeather_v1 to 2026-04-25 07:30:00+00:00, run_after=2026-04-26 07:30:00+00:00
[2026-04-26T23:17:13.210+0000] {processor.py:208} INFO - Processing /opt/airflow/dags/226 - Homework 5 - Michael Jasper.py took 0.694 seconds
[2026-04-26T23:17:43.439+0000] {processor.py:186} INFO - Started process (PID=946) to work on /opt/airflow/dags/226 - Homework 5 - Michael Jasper.py
[2026-04-26T23:17:43.441+0000] {processor.py:914} INFO - Processing file /opt/airflow/dags/226 - Homework 5 - Michael Jasper.py for tasks to queue
[2026-04-26T23:17:43.444+0000] {logging_mixin.py:190} INFO - [2026-04-26T23:17:43.443+0000] {dagbag.py:587} INFO - Filling up the DagBag from /opt/airflow/dags/226 - Homework 5 - Michael Jasper.py
[2026-04-26T23:17:43.483+0000] {logging_mixin.py:190} INFO - [2026-04-26T23:17:43.483+0000] {base.py:84} INFO - Retrieving connection 'snowflake_conn'
[2026-04-26T23:17:43.484+0000] {logging_mixin.py:190} INFO - [2026-04-26T23:17:43.484+0000] {connection.py:413} INFO - Snowflake Connector for Python Version: 3.12.2, Python Version: 3.12.5, Platform: Linux-6.6.87.2-microsoft-standard-WSL2-x86_64-with-glibc2.36
[2026-04-26T23:17:43.485+0000] {logging_mixin.py:190} INFO - [2026-04-26T23:17:43.485+0000] {connection.py:1196} INFO - Connecting to GLOBAL Snowflake domain
[2026-04-26T23:17:43.486+0000] {logging_mixin.py:190} INFO - [2026-04-26T23:17:43.486+0000] {connection.py:1277} INFO - This connection is in OCSP Fail Open Mode. TLS Certificates would be checked for validity and revocation status. Any other Certificate Revocation related exceptions or OCSP Responder failures would be disregarded in favor of connectivity.
[2026-04-26T23:17:43.975+0000] {processor.py:925} INFO - DAG(s) 'KyotoWeather_v1' retrieved from /opt/airflow/dags/226 - Homework 5 - Michael Jasper.py
[2026-04-26T23:17:44.083+0000] {logging_mixin.py:190} INFO - [2026-04-26T23:17:44.082+0000] {dag.py:3229} INFO - Sync 1 DAGs
[2026-04-26T23:17:44.105+0000] {logging_mixin.py:190} INFO - [2026-04-26T23:17:44.105+0000] {dag.py:4156} INFO - Setting next_dagrun for KyotoWeather_v1 to 2026-04-25 07:30:00+00:00, run_after=2026-04-26 07:30:00+00:00
[2026-04-26T23:17:44.135+0000] {processor.py:208} INFO - Processing /opt/airflow/dags/226 - Homework 5 - Michael Jasper.py took 0.703 seconds
[2026-04-26T23:18:14.876+0000] {processor.py:186} INFO - Started process (PID=1003) to work on /opt/airflow/dags/226 - Homework 5 - Michael Jasper.py
[2026-04-26T23:18:14.877+0000] {processor.py:914} INFO - Processing file /opt/airflow/dags/226 - Homework 5 - Michael Jasper.py for tasks to queue
[2026-04-26T23:18:14.880+0000] {logging_mixin.py:190} INFO - [2026-04-26T23:18:14.879+0000] {dagbag.py:587} INFO - Filling up the DagBag from /opt/airflow/dags/226 - Homework 5 - Michael Jasper.py
[2026-04-26T23:18:14.916+0000] {logging_mixin.py:190} INFO - [2026-04-26T23:18:14.916+0000] {base.py:84} INFO - Retrieving connection 'snowflake_conn'
[2026-04-26T23:18:14.918+0000] {logging_mixin.py:190} INFO - [2026-04-26T23:18:14.918+0000] {connection.py:413} INFO - Snowflake Connector for Python Version: 3.12.2, Python Version: 3.12.5, Platform: Linux-6.6.87.2-microsoft-standard-WSL2-x86_64-with-glibc2.36
[2026-04-26T23:18:14.919+0000] {logging_mixin.py:190} INFO - [2026-04-26T23:18:14.919+0000] {connection.py:1196} INFO - Connecting to GLOBAL Snowflake domain
[2026-04-26T23:18:14.920+0000] {logging_mixin.py:190} INFO - [2026-04-26T23:18:14.920+0000] {connection.py:1277} INFO - This connection is in OCSP Fail Open Mode. TLS Certificates would be checked for validity and revocation status. Any other Certificate Revocation related exceptions or OCSP Responder failures would be disregarded in favor of connectivity.
[2026-04-26T23:18:15.220+0000] {processor.py:925} INFO - DAG(s) 'KyotoWeather_v1' retrieved from /opt/airflow/dags/226 - Homework 5 - Michael Jasper.py
[2026-04-26T23:18:15.314+0000] {logging_mixin.py:190} INFO - [2026-04-26T23:18:15.313+0000] {dag.py:3229} INFO - Sync 1 DAGs
[2026-04-26T23:18:15.334+0000] {logging_mixin.py:190} INFO - [2026-04-26T23:18:15.333+0000] {dag.py:4156} INFO - Setting next_dagrun for KyotoWeather_v1 to 2026-04-25 07:30:00+00:00, run_after=2026-04-26 07:30:00+00:00
[2026-04-26T23:18:15.351+0000] {processor.py:208} INFO - Processing /opt/airflow/dags/226 - Homework 5 - Michael Jasper.py took 0.481 seconds
[2026-04-26T23:18:46.450+0000] {processor.py:186} INFO - Started process (PID=1062) to work on /opt/airflow/dags/226 - Homework 5 - Michael Jasper.py
[2026-04-26T23:18:46.451+0000] {processor.py:914} INFO - Processing file /opt/airflow/dags/226 - Homework 5 - Michael Jasper.py for tasks to queue
[2026-04-26T23:18:46.453+0000] {logging_mixin.py:190} INFO - [2026-04-26T23:18:46.453+0000] {dagbag.py:587} INFO - Filling up the DagBag from /opt/airflow/dags/226 - Homework 5 - Michael Jasper.py
[2026-04-26T23:18:46.490+0000] {logging_mixin.py:190} INFO - [2026-04-26T23:18:46.490+0000] {base.py:84} INFO - Retrieving connection 'snowflake_conn'
[2026-04-26T23:18:46.492+0000] {logging_mixin.py:190} INFO - [2026-04-26T23:18:46.491+0000] {connection.py:413} INFO - Snowflake Connector for Python Version: 3.12.2, Python Version: 3.12.5, Platform: Linux-6.6.87.2-microsoft-standard-WSL2-x86_64-with-glibc2.36
[2026-04-26T23:18:46.493+0000] {logging_mixin.py:190} INFO - [2026-04-26T23:18:46.493+0000] {connection.py:1196} INFO - Connecting to GLOBAL Snowflake domain
[2026-04-26T23:18:46.493+0000] {logging_mixin.py:190} INFO - [2026-04-26T23:18:46.493+0000] {connection.py:1277} INFO - This connection is in OCSP Fail Open Mode. TLS Certificates would be checked for validity and revocation status. Any other Certificate Revocation related exceptions or OCSP Responder failures would be disregarded in favor of connectivity.
[2026-04-26T23:18:47.276+0000] {processor.py:925} INFO - DAG(s) 'KyotoWeather_v1' retrieved from /opt/airflow/dags/226 - Homework 5 - Michael Jasper.py
[2026-04-26T23:18:47.382+0000] {logging_mixin.py:190} INFO - [2026-04-26T23:18:47.381+0000] {dag.py:3229} INFO - Sync 1 DAGs
[2026-04-26T23:18:47.405+0000] {logging_mixin.py:190} INFO - [2026-04-26T23:18:47.404+0000] {dag.py:4156} INFO - Setting next_dagrun for KyotoWeather_v1 to 2026-04-25 07:30:00+00:00, run_after=2026-04-26 07:30:00+00:00
[2026-04-26T23:18:47.424+0000] {processor.py:208} INFO - Processing /opt/airflow/dags/226 - Homework 5 - Michael Jasper.py took 0.980 seconds
[2026-04-26T23:19:18.260+0000] {processor.py:186} INFO - Started process (PID=1119) to work on /opt/airflow/dags/226 - Homework 5 - Michael Jasper.py
[2026-04-26T23:19:18.261+0000] {processor.py:914} INFO - Processing file /opt/airflow/dags/226 - Homework 5 - Michael Jasper.py for tasks to queue
[2026-04-26T23:19:18.263+0000] {logging_mixin.py:190} INFO - [2026-04-26T23:19:18.263+0000] {dagbag.py:587} INFO - Filling up the DagBag from /opt/airflow/dags/226 - Homework 5 - Michael Jasper.py
[2026-04-26T23:19:18.298+0000] {logging_mixin.py:190} INFO - [2026-04-26T23:19:18.298+0000] {base.py:84} INFO - Retrieving connection 'snowflake_conn'
[2026-04-26T23:19:18.299+0000] {logging_mixin.py:190} INFO - [2026-04-26T23:19:18.299+0000] {connection.py:413} INFO - Snowflake Connector for Python Version: 3.12.2, Python Version: 3.12.5, Platform: Linux-6.6.87.2-microsoft-standard-WSL2-x86_64-with-glibc2.36
[2026-04-26T23:19:18.300+0000] {logging_mixin.py:190} INFO - [2026-04-26T23:19:18.300+0000] {connection.py:1196} INFO - Connecting to GLOBAL Snowflake domain
[2026-04-26T23:19:18.301+0000] {logging_mixin.py:190} INFO - [2026-04-26T23:19:18.301+0000] {connection.py:1277} INFO - This connection is in OCSP Fail Open Mode. TLS Certificates would be checked for validity and revocation status. Any other Certificate Revocation related exceptions or OCSP Responder failures would be disregarded in favor of connectivity.
[2026-04-26T23:19:18.757+0000] {processor.py:925} INFO - DAG(s) 'KyotoWeather_v1' retrieved from /opt/airflow/dags/226 - Homework 5 - Michael Jasper.py
[2026-04-26T23:19:18.853+0000] {logging_mixin.py:190} INFO - [2026-04-26T23:19:18.852+0000] {dag.py:3229} INFO - Sync 1 DAGs
[2026-04-26T23:19:18.872+0000] {logging_mixin.py:190} INFO - [2026-04-26T23:19:18.872+0000] {dag.py:4156} INFO - Setting next_dagrun for KyotoWeather_v1 to 2026-04-25 07:30:00+00:00, run_after=2026-04-26 07:30:00+00:00
[2026-04-26T23:19:18.902+0000] {processor.py:208} INFO - Processing /opt/airflow/dags/226 - Homework 5 - Michael Jasper.py took 0.647 seconds
[2026-04-26T23:19:48.986+0000] {processor.py:186} INFO - Started process (PID=1176) to work on /opt/airflow/dags/226 - Homework 5 - Michael Jasper.py
[2026-04-26T23:19:48.987+0000] {processor.py:914} INFO - Processing file /opt/airflow/dags/226 - Homework 5 - Michael Jasper.py for tasks to queue
[2026-04-26T23:19:48.989+0000] {logging_mixin.py:190} INFO - [2026-04-26T23:19:48.989+0000] {dagbag.py:587} INFO - Filling up the DagBag from /opt/airflow/dags/226 - Homework 5 - Michael Jasper.py
[2026-04-26T23:19:49.025+0000] {logging_mixin.py:190} INFO - [2026-04-26T23:19:49.025+0000] {base.py:84} INFO - Retrieving connection 'snowflake_conn'
[2026-04-26T23:19:49.027+0000] {logging_mixin.py:190} INFO - [2026-04-26T23:19:49.027+0000] {connection.py:413} INFO - Snowflake Connector for Python Version: 3.12.2, Python Version: 3.12.5, Platform: Linux-6.6.87.2-microsoft-standard-WSL2-x86_64-with-glibc2.36
[2026-04-26T23:19:49.028+0000] {logging_mixin.py:190} INFO - [2026-04-26T23:19:49.028+0000] {connection.py:1196} INFO - Connecting to GLOBAL Snowflake domain
[2026-04-26T23:19:49.028+0000] {logging_mixin.py:190} INFO - [2026-04-26T23:19:49.028+0000] {connection.py:1277} INFO - This connection is in OCSP Fail Open Mode. TLS Certificates would be checked for validity and revocation status. Any other Certificate Revocation related exceptions or OCSP Responder failures would be disregarded in favor of connectivity.
[2026-04-26T23:19:48.921+0000] {processor.py:925} INFO - DAG(s) 'KyotoWeather_v1' retrieved from /opt/airflow/dags/226 - Homework 5 - Michael Jasper.py
[2026-04-26T23:19:49.024+0000] {logging_mixin.py:190} INFO - [2026-04-26T23:19:49.024+0000] {dag.py:3229} INFO - Sync 1 DAGs
[2026-04-26T23:19:49.045+0000] {logging_mixin.py:190} INFO - [2026-04-26T23:19:49.044+0000] {dag.py:4156} INFO - Setting next_dagrun for KyotoWeather_v1 to 2026-04-25 07:30:00+00:00, run_after=2026-04-26 07:30:00+00:00
[2026-04-26T23:19:49.065+0000] {processor.py:208} INFO - Processing /opt/airflow/dags/226 - Homework 5 - Michael Jasper.py took 0.656 seconds
[2026-04-26T23:20:18.068+0000] {processor.py:186} INFO - Started process (PID=1223) to work on /opt/airflow/dags/226 - Homework 5 - Michael Jasper.py
[2026-04-26T23:20:18.069+0000] {processor.py:914} INFO - Processing file /opt/airflow/dags/226 - Homework 5 - Michael Jasper.py for tasks to queue
[2026-04-26T23:20:18.073+0000] {logging_mixin.py:190} INFO - [2026-04-26T23:20:18.072+0000] {dagbag.py:587} INFO - Filling up the DagBag from /opt/airflow/dags/226 - Homework 5 - Michael Jasper.py
[2026-04-26T23:20:18.107+0000] {logging_mixin.py:190} INFO - [2026-04-26T23:20:18.107+0000] {base.py:84} INFO - Retrieving connection 'snowflake_conn'
[2026-04-26T23:20:18.113+0000] {logging_mixin.py:190} INFO - [2026-04-26T23:20:18.112+0000] {connection.py:413} INFO - Snowflake Connector for Python Version: 3.12.2, Python Version: 3.12.5, Platform: Linux-6.6.87.2-microsoft-standard-WSL2-x86_64-with-glibc2.36
[2026-04-26T23:20:18.114+0000] {logging_mixin.py:190} INFO - [2026-04-26T23:20:18.114+0000] {connection.py:1196} INFO - Connecting to GLOBAL Snowflake domain
[2026-04-26T23:20:18.115+0000] {logging_mixin.py:190} INFO - [2026-04-26T23:20:18.115+0000] {connection.py:1277} INFO - This connection is in OCSP Fail Open Mode. TLS Certificates would be checked for validity and revocation status. Any other Certificate Revocation related exceptions or OCSP Responder failures would be disregarded in favor of connectivity.
[2026-04-26T23:20:18.653+0000] {processor.py:925} INFO - DAG(s) 'KyotoWeather_v1' retrieved from /opt/airflow/dags/226 - Homework 5 - Michael Jasper.py
[2026-04-26T23:20:18.657+0000] {logging_mixin.py:190} INFO - [2026-04-26T23:20:18.657+0000] {dag.py:3229} INFO - Sync 1 DAGs
[2026-04-26T23:20:18.681+0000] {logging_mixin.py:190} INFO - [2026-04-26T23:20:18.681+0000] {dag.py:4156} INFO - Setting next_dagrun for KyotoWeather_v1 to 2026-04-25 07:30:00+00:00, run_after=2026-04-26 07:30:00+00:00
[2026-04-26T23:20:18.712+0000] {processor.py:208} INFO - Processing /opt/airflow/dags/226 - Homework 5 - Michael Jasper.py took 0.650 seconds
[2026-04-26T23:20:49.660+0000] {processor.py:186} INFO - Started process (PID=1284) to work on /opt/airflow/dags/226 - Homework 5 - Michael Jasper.py
[2026-04-26T23:20:49.661+0000] {processor.py:914} INFO - Processing file /opt/airflow/dags/226 - Homework 5 - Michael Jasper.py for tasks to queue
[2026-04-26T23:20:49.664+0000] {logging_mixin.py:190} INFO - [2026-04-26T23:20:49.664+0000] {dagbag.py:587} INFO - Filling up the DagBag from /opt/airflow/dags/226 - Homework 5 - Michael Jasper.py
[2026-04-26T23:20:49.703+0000] {logging_mixin.py:190} INFO - [2026-04-26T23:20:49.702+0000] {base.py:84} INFO - Retrieving connection 'snowflake_conn'
[2026-04-26T23:20:49.704+0000] {logging_mixin.py:190} INFO - [2026-04-26T23:20:49.704+0000] {connection.py:413} INFO - Snowflake Connector for Python Version: 3.12.2, Python Version: 3.12.5, Platform: Linux-6.6.87.2-microsoft-standard-WSL2-x86_64-with-glibc2.36
[2026-04-26T23:20:49.705+0000] {logging_mixin.py:190} INFO - [2026-04-26T23:20:49.705+0000] {connection.py:1196} INFO - Connecting to GLOBAL Snowflake domain
[2026-04-26T23:20:49.706+0000] {logging_mixin.py:190} INFO - [2026-04-26T23:20:49.706+0000] {connection.py:1277} INFO - This connection is in OCSP Fail Open Mode. TLS Certificates would be checked for validity and revocation status. Any other Certificate Revocation related exceptions or OCSP Responder failures would be disregarded in favor of connectivity.
[2026-04-26T23:20:50.242+0000] {processor.py:925} INFO - DAG(s) 'KyotoWeather_v1' retrieved from /opt/airflow/dags/226 - Homework 5 - Michael Jasper.py
[2026-04-26T23:20:50.350+0000] {logging_mixin.py:190} INFO - [2026-04-26T23:20:50.350+0000] {dag.py:3229} INFO - Sync 1 DAGs
[2026-04-26T23:20:50.371+0000] {logging_mixin.py:190} INFO - [2026-04-26T23:20:50.371+0000] {dag.py:4156} INFO - Setting next_dagrun for KyotoWeather_v1 to 2026-04-25 07:30:00+00:00, run_after=2026-04-26 07:30:00+00:00
[2026-04-26T23:20:50.389+0000] {processor.py:208} INFO - Processing /opt/airflow/dags/226 - Homework 5 - Michael Jasper.py took 0.736 seconds
[2026-04-26T23:21:22.026+0000] {processor.py:186} INFO - Started process (PID=1347) to work on /opt/airflow/dags/226 - Homework 5 - Michael Jasper.py
[2026-04-26T23:21:22.027+0000] {processor.py:914} INFO - Processing file /opt/airflow/dags/226 - Homework 5 - Michael Jasper.py for tasks to queue
[2026-04-26T23:21:22.030+0000] {logging_mixin.py:190} INFO - [2026-04-26T23:21:22.030+0000] {dagbag.py:587} INFO - Filling up the DagBag from /opt/airflow/dags/226 - Homework 5 - Michael Jasper.py
[2026-04-26T23:21:22.066+0000] {logging_mixin.py:190} INFO - [2026-04-26T23:21:22.066+0000] {base.py:84} INFO - Retrieving connection 'snowflake_conn'
[2026-04-26T23:21:22.067+0000] {logging_mixin.py:190} INFO - [2026-04-26T23:21:22.067+0000] {connection.py:413} INFO - Snowflake Connector for Python Version: 3.12.2, Python Version: 3.12.5, Platform: Linux-6.6.87.2-microsoft-standard-WSL2-x86_64-with-glibc2.36
[2026-04-26T23:21:22.068+0000] {logging_mixin.py:190} INFO - [2026-04-26T23:21:22.068+0000] {connection.py:1196} INFO - Connecting to GLOBAL Snowflake domain
[2026-04-26T23:21:22.069+0000] {logging_mixin.py:190} INFO - [2026-04-26T23:21:22.069+0000] {connection.py:1277} INFO - This connection is in OCSP Fail Open Mode. TLS Certificates would be checked for validity and revocation status. Any other Certificate Revocation related exceptions or OCSP Responder failures would be disregarded in favor of connectivity.
[2026-04-26T23:21:22.350+0000] {processor.py:925} INFO - DAG(s) 'KyotoWeather_v1' retrieved from /opt/airflow/dags/226 - Homework 5 - Michael Jasper.py
[2026-04-26T23:21:22.446+0000] {logging_mixin.py:190} INFO - [2026-04-26T23:21:22.445+0000] {dag.py:3229} INFO - Sync 1 DAGs
[2026-04-26T23:21:22.467+0000] {logging_mixin.py:190} INFO - [2026-04-26T23:21:22.466+0000] {dag.py:4156} INFO - Setting next_dagrun for KyotoWeather_v1 to 2026-04-25 07:30:00+00:00, run_after=2026-04-26 07:30:00+00:00
[2026-04-26T23:21:22.485+0000] {processor.py:208} INFO - Processing /opt/airflow/dags/226 - Homework 5 - Michael Jasper.py took 0.466 seconds
[2026-04-26T23:21:53.605+0000] {processor.py:186} INFO - Started process (PID=1404) to work on /opt/airflow/dags/226 - Homework 5 - Michael Jasper.py
[2026-04-26T23:21:53.606+0000] {processor.py:914} INFO - Processing file /opt/airflow/dags/226 - Homework 5 - Michael Jasper.py for tasks to queue
[2026-04-26T23:21:53.608+0000] {logging_mixin.py:190} INFO - [2026-04-26T23:21:53.608+0000] {dagbag.py:587} INFO - Filling up the DagBag from /opt/airflow/dags/226 - Homework 5 - Michael Jasper.py
[2026-04-26T23:21:53.642+0000] {logging_mixin.py:190} INFO - [2026-04-26T23:21:53.642+0000] {base.py:84} INFO - Retrieving connection 'snowflake_conn'
[2026-04-26T23:21:53.644+0000] {logging_mixin.py:190} INFO - [2026-04-26T23:21:53.644+0000] {connection.py:413} INFO - Snowflake Connector for Python Version: 3.12.2, Python Version: 3.12.5, Platform: Linux-6.6.87.2-microsoft-standard-WSL2-x86_64-with-glibc2.36
[2026-04-26T23:21:53.645+0000] {logging_mixin.py:190} INFO - [2026-04-26T23:21:53.645+0000] {connection.py:1196} INFO - Connecting to GLOBAL Snowflake domain
[2026-04-26T23:21:53.645+0000] {logging_mixin.py:190} INFO - [2026-04-26T23:21:53.645+0000] {connection.py:1277} INFO - This connection is in OCSP Fail Open Mode. TLS Certificates would be checked for validity and revocation status. Any other Certificate Revocation related exceptions or OCSP Responder failures would be disregarded in favor of connectivity.
[2026-04-26T23:21:53.896+0000] {processor.py:925} INFO - DAG(s) 'KyotoWeather_v1' retrieved from /opt/airflow/dags/226 - Homework 5 - Michael Jasper.py
[2026-04-26T23:21:53.995+0000] {logging_mixin.py:190} INFO - [2026-04-26T23:21:53.994+0000] {dag.py:3229} INFO - Sync 1 DAGs
[2026-04-26T23:21:54.014+0000] {logging_mixin.py:190} INFO - [2026-04-26T23:21:54.013+0000] {dag.py:4156} INFO - Setting next_dagrun for KyotoWeather_v1 to 2026-04-25 07:30:00+00:00, run_after=2026-04-26 07:30:00+00:00
[2026-04-26T23:21:54.046+0000] {processor.py:208} INFO - Processing /opt/airflow/dags/226 - Homework 5 - Michael Jasper.py took 0.448 seconds
[2026-04-26T23:22:24.716+0000] {processor.py:186} INFO - Started process (PID=1461) to work on /opt/airflow/dags/226 - Homework 5 - Michael Jasper.py
[2026-04-26T23:22:24.717+0000] {processor.py:914} INFO - Processing file /opt/airflow/dags/226 - Homework 5 - Michael Jasper.py for tasks to queue
[2026-04-26T23:22:24.720+0000] {logging_mixin.py:190} INFO - [2026-04-26T23:22:24.720+0000] {dagbag.py:587} INFO - Filling up the DagBag from /opt/airflow/dags/226 - Homework 5 - Michael Jasper.py
[2026-04-26T23:22:24.756+0000] {logging_mixin.py:190} INFO - [2026-04-26T23:22:24.756+0000] {base.py:84} INFO - Retrieving connection 'snowflake_conn'
[2026-04-26T23:22:24.757+0000] {logging_mixin.py:190} INFO - [2026-04-26T23:22:24.757+0000] {connection.py:413} INFO - Snowflake Connector for Python Version: 3.12.2, Python Version: 3.12.5, Platform: Linux-6.6.87.2-microsoft-standard-WSL2-x86_64-with-glibc2.36
[2026-04-26T23:22:24.759+0000] {logging_mixin.py:190} INFO - [2026-04-26T23:22:24.758+0000] {connection.py:1196} INFO - Connecting to GLOBAL Snowflake domain
[2026-04-26T23:22:24.759+0000] {logging_mixin.py:190} INFO - [2026-04-26T23:22:24.759+0000] {connection.py:1277} INFO - This connection is in OCSP Fail Open Mode. TLS Certificates would be checked for validity and revocation status. Any other Certificate Revocation related exceptions or OCSP Responder failures would be disregarded in favor of connectivity.
[2026-04-26T23:22:25.305+0000] {processor.py:925} INFO - DAG(s) 'KyotoWeather_v1' retrieved from /opt/airflow/dags/226 - Homework 5 - Michael Jasper.py
[2026-04-26T23:22:25.401+0000] {logging_mixin.py:190} INFO - [2026-04-26T23:22:25.400+0000] {dag.py:3229} INFO - Sync 1 DAGs
[2026-04-26T23:22:25.420+0000] {logging_mixin.py:190} INFO - [2026-04-26T23:22:25.419+0000] {dag.py:4156} INFO - Setting next_dagrun for KyotoWeather_v1 to 2026-04-25 07:30:00+00:00, run_after=2026-04-26 07:30:00+00:00
[2026-04-26T23:22:25.452+0000] {processor.py:208} INFO - Processing /opt/airflow/dags/226 - Homework 5 - Michael Jasper.py took 0.742 seconds
[2026-04-26T23:22:56.035+0000] {processor.py:186} INFO - Started process (PID=1520) to work on /opt/airflow/dags/226 - Homework 5 - Michael Jasper.py
[2026-04-26T23:22:56.036+0000] {processor.py:914} INFO - Processing file /opt/airflow/dags/226 - Homework 5 - Michael Jasper.py for tasks to queue
[2026-04-26T23:22:56.039+0000] {logging_mixin.py:190} INFO - [2026-04-26T23:22:56.038+0000] {dagbag.py:587} INFO - Filling up the DagBag from /opt/airflow/dags/226 - Homework 5 - Michael Jasper.py
[2026-04-26T23:22:56.074+0000] {logging_mixin.py:190} INFO - [2026-04-26T23:22:56.074+0000] {base.py:84} INFO - Retrieving connection 'snowflake_conn'
[2026-04-26T23:22:56.076+0000] {logging_mixin.py:190} INFO - [2026-04-26T23:22:56.075+0000] {connection.py:413} INFO - Snowflake Connector for Python Version: 3.12.2, Python Version: 3.12.5, Platform: Linux-6.6.87.2-microsoft-standard-WSL2-x86_64-with-glibc2.36
[2026-04-26T23:22:56.077+0000] {logging_mixin.py:190} INFO - [2026-04-26T23:22:56.077+0000] {connection.py:1196} INFO - Connecting to GLOBAL Snowflake domain
[2026-04-26T23:22:56.078+0000] {logging_mixin.py:190} INFO - [2026-04-26T23:22:56.077+0000] {connection.py:1277} INFO - This connection is in OCSP Fail Open Mode. TLS Certificates would be checked for validity and revocation status. Any other Certificate Revocation related exceptions or OCSP Responder failures would be disregarded in favor of connectivity.
[2026-04-26T23:22:56.400+0000] {processor.py:925} INFO - DAG(s) 'KyotoWeather_v1' retrieved from /opt/airflow/dags/226 - Homework 5 - Michael Jasper.py
[2026-04-26T23:22:56.496+0000] {logging_mixin.py:190} INFO - [2026-04-26T23:22:56.496+0000] {dag.py:3229} INFO - Sync 1 DAGs
[2026-04-26T23:22:56.517+0000] {logging_mixin.py:190} INFO - [2026-04-26T23:22:56.516+0000] {dag.py:4156} INFO - Setting next_dagrun for KyotoWeather_v1 to 2026-04-25 07:30:00+00:00, run_after=2026-04-26 07:30:00+00:00
[2026-04-26T23:22:56.535+0000] {processor.py:208} INFO - Processing /opt/airflow/dags/226 - Homework 5 - Michael Jasper.py took 0.507 seconds
[2026-04-26T23:23:27.447+0000] {processor.py:186} INFO - Started process (PID=1583) to work on /opt/airflow/dags/226 - Homework 5 - Michael Jasper.py
[2026-04-26T23:23:27.448+0000] {processor.py:914} INFO - Processing file /opt/airflow/dags/226 - Homework 5 - Michael Jasper.py for tasks to queue
[2026-04-26T23:23:27.451+0000] {logging_mixin.py:190} INFO - [2026-04-26T23:23:27.450+0000] {dagbag.py:587} INFO - Filling up the DagBag from /opt/airflow/dags/226 - Homework 5 - Michael Jasper.py
[2026-04-26T23:23:27.486+0000] {logging_mixin.py:190} INFO - [2026-04-26T23:23:27.486+0000] {base.py:84} INFO - Retrieving connection 'snowflake_conn'
[2026-04-26T23:23:27.488+0000] {logging_mixin.py:190} INFO - [2026-04-26T23:23:27.488+0000] {connection.py:413} INFO - Snowflake Connector for Python Version: 3.12.2, Python Version: 3.12.5, Platform: Linux-6.6.87.2-microsoft-standard-WSL2-x86_64-with-glibc2.36
[2026-04-26T23:23:27.489+0000] {logging_mixin.py:190} INFO - [2026-04-26T23:23:27.489+0000] {connection.py:1196} INFO - Connecting to GLOBAL Snowflake domain
[2026-04-26T23:23:27.490+0000] {logging_mixin.py:190} INFO - [2026-04-26T23:23:27.490+0000] {connection.py:1277} INFO - This connection is in OCSP Fail Open Mode. TLS Certificates would be checked for validity and revocation status. Any other Certificate Revocation related exceptions or OCSP Responder failures would be disregarded in favor of connectivity.
[2026-04-26T23:23:28.003+0000] {processor.py:925} INFO - DAG(s) 'KyotoWeather_v1' retrieved from /opt/airflow/dags/226 - Homework 5 - Michael Jasper.py
[2026-04-26T23:23:28.098+0000] {logging_mixin.py:190} INFO - [2026-04-26T23:23:28.098+0000] {dag.py:3229} INFO - Sync 1 DAGs
[2026-04-26T23:23:28.118+0000] {logging_mixin.py:190} INFO - [2026-04-26T23:23:28.118+0000] {dag.py:4156} INFO - Setting next_dagrun for KyotoWeather_v1 to 2026-04-25 07:30:00+00:00, run_after=2026-04-26 07:30:00+00:00
[2026-04-26T23:23:28.136+0000] {processor.py:208} INFO - Processing /opt/airflow/dags/226 - Homework 5 - Michael Jasper.py took 0.695 seconds
[2026-04-26T23:23:58.852+0000] {processor.py:186} INFO - Started process (PID=1640) to work on /opt/airflow/dags/226 - Homework 5 - Michael Jasper.py
[2026-04-26T23:23:58.854+0000] {processor.py:914} INFO - Processing file /opt/airflow/dags/226 - Homework 5 - Michael Jasper.py for tasks to queue
[2026-04-26T23:23:58.856+0000] {logging_mixin.py:190} INFO - [2026-04-26T23:23:58.856+0000] {dagbag.py:587} INFO - Filling up the DagBag from /opt/airflow/dags/226 - Homework 5 - Michael Jasper.py
[2026-04-26T23:23:58.892+0000] {logging_mixin.py:190} INFO - [2026-04-26T23:23:58.892+0000] {base.py:84} INFO - Retrieving connection 'snowflake_conn'
[2026-04-26T23:23:58.893+0000] {logging_mixin.py:190} INFO - [2026-04-26T23:23:58.893+0000] {connection.py:413} INFO - Snowflake Connector for Python Version: 3.12.2, Python Version: 3.12.5, Platform: Linux-6.6.87.2-microsoft-standard-WSL2-x86_64-with-glibc2.36
[2026-04-26T23:23:58.895+0000] {logging_mixin.py:190} INFO - [2026-04-26T23:23:58.894+0000] {connection.py:1196} INFO - Connecting to GLOBAL Snowflake domain
[2026-04-26T23:23:58.895+0000] {logging_mixin.py:190} INFO - [2026-04-26T23:23:58.895+0000] {connection.py:1277} INFO - This connection is in OCSP Fail Open Mode. TLS Certificates would be checked for validity and revocation status. Any other Certificate Revocation related exceptions or OCSP Responder failures would be disregarded in favor of connectivity.
[2026-04-26T23:23:59.370+0000] {processor.py:925} INFO - DAG(s) 'KyotoWeather_v1' retrieved from /opt/airflow/dags/226 - Homework 5 - Michael Jasper.py
[2026-04-26T23:23:59.477+0000] {logging_mixin.py:190} INFO - [2026-04-26T23:23:59.477+0000] {dag.py:3229} INFO - Sync 1 DAGs
[2026-04-26T23:23:59.499+0000] {logging_mixin.py:190} INFO - [2026-04-26T23:23:59.498+0000] {dag.py:4156} INFO - Setting next_dagrun for KyotoWeather_v1 to 2026-04-25 07:30:00+00:00, run_after=2026-04-26 07:30:00+00:00
[2026-04-26T23:23:59.517+0000] {processor.py:208} INFO - Processing /opt/airflow/dags/226 - Homework 5 - Michael Jasper.py took 0.671 seconds
[2026-04-26T23:24:30.123+0000] {processor.py:186} INFO - Started process (PID=1695) to work on /opt/airflow/dags/226 - Homework 5 - Michael Jasper.py
[2026-04-26T23:24:30.124+0000] {processor.py:914} INFO - Processing file /opt/airflow/dags/226 - Homework 5 - Michael Jasper.py for tasks to queue
[2026-04-26T23:24:30.127+0000] {logging_mixin.py:190} INFO - [2026-04-26T23:24:30.126+0000] {dagbag.py:587} INFO - Filling up the DagBag from /opt/airflow/dags/226 - Homework 5 - Michael Jasper.py
[2026-04-26T23:24:30.163+0000] {logging_mixin.py:190} INFO - [2026-04-26T23:24:30.163+0000] {base.py:84} INFO - Retrieving connection 'snowflake_conn'
[2026-04-26T23:24:30.164+0000] {logging_mixin.py:190} INFO - [2026-04-26T23:24:30.164+0000] {connection.py:413} INFO - Snowflake Connector for Python Version: 3.12.2, Python Version: 3.12.5, Platform: Linux-6.6.87.2-microsoft-standard-WSL2-x86_64-with-glibc2.36
[2026-04-26T23:24:30.166+0000] {logging_mixin.py:190} INFO - [2026-04-26T23:24:30.166+0000] {connection.py:1196} INFO - Connecting to GLOBAL Snowflake domain
[2026-04-26T23:24:30.167+0000] {logging_mixin.py:190} INFO - [2026-04-26T23:24:30.166+0000] {connection.py:1277} INFO - This connection is in OCSP Fail Open Mode. TLS Certificates would be checked for validity and revocation status. Any other Certificate Revocation related exceptions or OCSP Responder failures would be disregarded in favor of connectivity.
[2026-04-26T23:24:30.900+0000] {processor.py:925} INFO - DAG(s) 'KyotoWeather_v1' retrieved from /opt/airflow/dags/226 - Homework 5 - Michael Jasper.py
[2026-04-26T23:24:30.995+0000] {logging_mixin.py:190} INFO - [2026-04-26T23:24:30.995+0000] {dag.py:3229} INFO - Sync 1 DAGs
[2026-04-26T23:24:31.015+0000] {logging_mixin.py:190} INFO - [2026-04-26T23:24:31.015+0000] {dag.py:4156} INFO - Setting next_dagrun for KyotoWeather_v1 to 2026-04-25 07:30:00+00:00, run_after=2026-04-26 07:30:00+00:00
[2026-04-26T23:24:31.035+0000] {processor.py:208} INFO - Processing /opt/airflow/dags/226 - Homework 5 - Michael Jasper.py took 0.918 seconds
[2026-04-26T23:25:01.789+0000] {processor.py:186} INFO - Started process (PID=1755) to work on /opt/airflow/dags/226 - Homework 5 - Michael Jasper.py
[2026-04-26T23:25:01.790+0000] {processor.py:914} INFO - Processing file /opt/airflow/dags/226 - Homework 5 - Michael Jasper.py for tasks to queue
[2026-04-26T23:25:01.793+0000] {logging_mixin.py:190} INFO - [2026-04-26T23:25:01.792+0000] {dagbag.py:587} INFO - Filling up the DagBag from /opt/airflow/dags/226 - Homework 5 - Michael Jasper.py
[2026-04-26T23:25:01.829+0000] {logging_mixin.py:190} INFO - [2026-04-26T23:25:01.828+0000] {base.py:84} INFO - Retrieving connection 'snowflake_conn'
[2026-04-26T23:25:01.830+0000] {logging_mixin.py:190} INFO - [2026-04-26T23:25:01.830+0000] {connection.py:413} INFO - Snowflake Connector for Python Version: 3.12.2, Python Version: 3.12.5, Platform: Linux-6.6.87.2-microsoft-standard-WSL2-x86_64-with-glibc2.36
[2026-04-26T23:25:01.831+0000] {logging_mixin.py:190} INFO - [2026-04-26T23:25:01.831+0000] {connection.py:1196} INFO - Connecting to GLOBAL Snowflake domain
[2026-04-26T23:25:01.832+0000] {logging_mixin.py:190} INFO - [2026-04-26T23:25:01.832+0000] {connection.py:1277} INFO - This connection is in OCSP Fail Open Mode. TLS Certificates would be checked for validity and revocation status. Any other Certificate Revocation related exceptions or OCSP Responder failures would be disregarded in favor of connectivity.
[2026-04-26T23:25:02.285+0000] {processor.py:925} INFO - DAG(s) 'KyotoWeather_v1' retrieved from /opt/airflow/dags/226 - Homework 5 - Michael Jasper.py
[2026-04-26T23:25:02.393+0000] {logging_mixin.py:190} INFO - [2026-04-26T23:25:02.392+0000] {dag.py:3229} INFO - Sync 1 DAGs
[2026-04-26T23:25:02.416+0000] {logging_mixin.py:190} INFO - [2026-04-26T23:25:02.416+0000] {dag.py:4156} INFO - Setting next_dagrun for KyotoWeather_v1 to 2026-04-25 07:30:00+00:00, run_after=2026-04-26 07:30:00+00:00
[2026-04-26T23:25:02.436+0000] {processor.py:208} INFO - Processing /opt/airflow/dags/226 - Homework 5 - Michael Jasper.py took 0.653 seconds
[2026-04-26T23:25:33.340+0000] {processor.py:186} INFO - Started process (PID=1812) to work on /opt/airflow/dags/226 - Homework 5 - Michael Jasper.py
[2026-04-26T23:25:33.341+0000] {processor.py:914} INFO - Processing file /opt/airflow/dags/226 - Homework 5 - Michael Jasper.py for tasks to queue
[2026-04-26T23:25:33.344+0000] {logging_mixin.py:190} INFO - [2026-04-26T23:25:33.344+0000] {dagbag.py:587} INFO - Filling up the DagBag from /opt/airflow/dags/226 - Homework 5 - Michael Jasper.py
[2026-04-26T23:25:33.380+0000] {logging_mixin.py:190} INFO - [2026-04-26T23:25:33.380+0000] {base.py:84} INFO - Retrieving connection 'snowflake_conn'
[2026-04-26T23:25:33.382+0000] {logging_mixin.py:190} INFO - [2026-04-26T23:25:33.381+0000] {connection.py:413} INFO - Snowflake Connector for Python Version: 3.12.2, Python Version: 3.12.5, Platform: Linux-6.6.87.2-microsoft-standard-WSL2-x86_64-with-glibc2.36
[2026-04-26T23:25:33.383+0000] {logging_mixin.py:190} INFO - [2026-04-26T23:25:33.382+0000] {connection.py:1196} INFO - Connecting to GLOBAL Snowflake domain
[2026-04-26T23:25:33.383+0000] {logging_mixin.py:190} INFO - [2026-04-26T23:25:33.383+0000] {connection.py:1277} INFO - This connection is in OCSP Fail Open Mode. TLS Certificates would be checked for validity and revocation status. Any other Certificate Revocation related exceptions or OCSP Responder failures would be disregarded in favor of connectivity.
[2026-04-26T23:25:33.856+0000] {processor.py:925} INFO - DAG(s) 'KyotoWeather_v1' retrieved from /opt/airflow/dags/226 - Homework 5 - Michael Jasper.py
[2026-04-26T23:25:33.962+0000] {logging_mixin.py:190} INFO - [2026-04-26T23:25:33.962+0000] {dag.py:3229} INFO - Sync 1 DAGs
[2026-04-26T23:25:33.984+0000] {logging_mixin.py:190} INFO - [2026-04-26T23:25:33.983+0000] {dag.py:4156} INFO - Setting next_dagrun for KyotoWeather_v1 to 2026-04-25 07:30:00+00:00, run_after=2026-04-26 07:30:00+00:00
[2026-04-26T23:25:34.003+0000] {processor.py:208} INFO - Processing /opt/airflow/dags/226 - Homework 5 - Michael Jasper.py took 0.669 seconds
[2026-04-26T23:26:04.619+0000] {processor.py:186} INFO - Started process (PID=1869) to work on /opt/airflow/dags/226 - Homework 5 - Michael Jasper.py
[2026-04-26T23:26:04.621+0000] {processor.py:914} INFO - Processing file /opt/airflow/dags/226 - Homework 5 - Michael Jasper.py for tasks to queue
[2026-04-26T23:26:04.624+0000] {logging_mixin.py:190} INFO - [2026-04-26T23:26:04.623+0000] {dagbag.py:587} INFO - Filling up the DagBag from /opt/airflow/dags/226 - Homework 5 - Michael Jasper.py
[2026-04-26T23:26:04.658+0000] {logging_mixin.py:190} INFO - [2026-04-26T23:26:04.658+0000] {base.py:84} INFO - Retrieving connection 'snowflake_conn'
[2026-04-26T23:26:04.659+0000] {logging_mixin.py:190} INFO - [2026-04-26T23:26:04.659+0000] {connection.py:413} INFO - Snowflake Connector for Python Version: 3.12.2, Python Version: 3.12.5, Platform: Linux-6.6.87.2-microsoft-standard-WSL2-x86_64-with-glibc2.36
[2026-04-26T23:26:04.660+0000] {logging_mixin.py:190} INFO - [2026-04-26T23:26:04.660+0000] {connection.py:1196} INFO - Connecting to GLOBAL Snowflake domain
[2026-04-26T23:26:04.661+0000] {logging_mixin.py:190} INFO - [2026-04-26T23:26:04.661+0000] {connection.py:1277} INFO - This connection is in OCSP Fail Open Mode. TLS Certificates would be checked for validity and revocation status. Any other Certificate Revocation related exceptions or OCSP Responder failures would be disregarded in favor of connectivity.
[2026-04-26T23:26:05.788+0000] {processor.py:925} INFO - DAG(s) 'KyotoWeather_v1' retrieved from /opt/airflow/dags/226 - Homework 5 - Michael Jasper.py
[2026-04-26T23:26:05.894+0000] {logging_mixin.py:190} INFO - [2026-04-26T23:26:05.894+0000] {dag.py:3229} INFO - Sync 1 DAGs
[2026-04-26T23:26:05.918+0000] {logging_mixin.py:190} INFO - [2026-04-26T23:26:05.918+0000] {dag.py:4156} INFO - Setting next_dagrun for KyotoWeather_v1 to 2026-04-25 07:30:00+00:00, run_after=2026-04-26 07:30:00+00:00
[2026-04-26T23:26:05.939+0000] {processor.py:208} INFO - Processing /opt/airflow/dags/226 - Homework 5 - Michael Jasper.py took 1.325 seconds
[2026-04-26T23:26:36.527+0000] {processor.py:186} INFO - Started process (PID=1927) to work on /opt/airflow/dags/226 - Homework 5 - Michael Jasper.py
[2026-04-26T23:26:36.529+0000] {processor.py:914} INFO - Processing file /opt/airflow/dags/226 - Homework 5 - Michael Jasper.py for tasks to queue
[2026-04-26T23:26:36.532+0000] {logging_mixin.py:190} INFO - [2026-04-26T23:26:36.531+0000] {dagbag.py:587} INFO - Filling up the DagBag from /opt/airflow/dags/226 - Homework 5 - Michael Jasper.py
[2026-04-26T23:26:36.568+0000] {logging_mixin.py:190} INFO - [2026-04-26T23:26:36.567+0000] {base.py:84} INFO - Retrieving connection 'snowflake_conn'
[2026-04-26T23:26:36.569+0000] {logging_mixin.py:190} INFO - [2026-04-26T23:26:36.569+0000] {connection.py:413} INFO - Snowflake Connector for Python Version: 3.12.2, Python Version: 3.12.5, Platform: Linux-6.6.87.2-microsoft-standard-WSL2-x86_64-with-glibc2.36
[2026-04-26T23:26:36.570+0000] {logging_mixin.py:190} INFO - [2026-04-26T23:26:36.570+0000] {connection.py:1196} INFO - Connecting to GLOBAL Snowflake domain
[2026-04-26T23:26:36.571+0000] {logging_mixin.py:190} INFO - [2026-04-26T23:26:36.570+0000] {connection.py:1277} INFO - This connection is in OCSP Fail Open Mode. TLS Certificates would be checked for validity and revocation status. Any other Certificate Revocation related exceptions or OCSP Responder failures would be disregarded in favor of connectivity.
[2026-04-26T23:26:37.711+0000] {processor.py:925} INFO - DAG(s) 'KyotoWeather_v1' retrieved from /opt/airflow/dags/226 - Homework 5 - Michael Jasper.py
[2026-04-26T23:26:37.817+0000] {logging_mixin.py:190} INFO - [2026-04-26T23:26:37.816+0000] {dag.py:3229} INFO - Sync 1 DAGs
[2026-04-26T23:26:37.840+0000] {logging_mixin.py:190} INFO - [2026-04-26T23:26:37.840+0000] {dag.py:4156} INFO - Setting next_dagrun for KyotoWeather_v1 to 2026-04-25 07:30:00+00:00, run_after=2026-04-26 07:30:00+00:00
[2026-04-26T23:26:37.859+0000] {processor.py:208} INFO - Processing /opt/airflow/dags/226 - Homework 5 - Michael Jasper.py took 1.339 seconds
[2026-04-26T23:27:57.393+0000] {processor.py:186} INFO - Started process (PID=268) to work on /opt/airflow/dags/226 - Homework 5 - Michael Jasper.py
[2026-04-26T23:27:57.395+0000] {processor.py:914} INFO - Processing file /opt/airflow/dags/226 - Homework 5 - Michael Jasper.py for tasks to queue
[2026-04-26T23:27:57.397+0000] {logging_mixin.py:190} INFO - [2026-04-26T23:27:57.397+0000] {dagbag.py:587} INFO - Filling up the DagBag from /opt/airflow/dags/226 - Homework 5 - Michael Jasper.py
[2026-04-26T23:27:57.435+0000] {logging_mixin.py:190} INFO - [2026-04-26T23:27:57.435+0000] {base.py:84} INFO - Retrieving connection 'snowflake_conn'
[2026-04-26T23:27:57.437+0000] {logging_mixin.py:190} INFO - [2026-04-26T23:27:57.436+0000] {connection.py:413} INFO - Snowflake Connector for Python Version: 3.12.2, Python Version: 3.12.5, Platform: Linux-6.6.87.2-microsoft-standard-WSL2-x86_64-with-glibc2.36
[2026-04-26T23:27:57.438+0000] {logging_mixin.py:190} INFO - [2026-04-26T23:27:57.438+0000] {connection.py:1196} INFO - Connecting to GLOBAL Snowflake domain
[2026-04-26T23:27:57.438+0000] {logging_mixin.py:190} INFO - [2026-04-26T23:27:57.438+0000] {connection.py:1277} INFO - This connection is in OCSP Fail Open Mode. TLS Certificates would be checked for validity and revocation status. Any other Certificate Revocation related exceptions or OCSP Responder failures would be disregarded in favor of connectivity.
[2026-04-26T23:27:57.685+0000] {processor.py:925} INFO - DAG(s) 'KyotoWeather_v1' retrieved from /opt/airflow/dags/226 - Homework 5 - Michael Jasper.py
[2026-04-26T23:27:57.786+0000] {logging_mixin.py:190} INFO - [2026-04-26T23:27:57.786+0000] {dag.py:3229} INFO - Sync 1 DAGs
[2026-04-26T23:27:57.806+0000] {logging_mixin.py:190} INFO - [2026-04-26T23:27:57.806+0000] {dag.py:4156} INFO - Setting next_dagrun for KyotoWeather_v1 to 2026-04-25 07:30:00+00:00, run_after=2026-04-26 07:30:00+00:00
[2026-04-26T23:27:57.837+0000] {processor.py:208} INFO - Processing /opt/airflow/dags/226 - Homework 5 - Michael Jasper.py took 0.450 seconds
