[2026-04-26T22:59:07.987+0000] {processor.py:186} INFO - Started process (PID=259) to work on /opt/airflow/dags/Hello_World_Docker.py
[2026-04-26T22:59:07.988+0000] {processor.py:914} INFO - Processing file /opt/airflow/dags/Hello_World_Docker.py for tasks to queue
[2026-04-26T22:59:07.991+0000] {logging_mixin.py:190} INFO - [2026-04-26T22:59:07.991+0000] {dagbag.py:587} INFO - Filling up the DagBag from /opt/airflow/dags/Hello_World_Docker.py
[2026-04-26T22:59:08.012+0000] {processor.py:925} INFO - DAG(s) 'HelloWorld_docker' retrieved from /opt/airflow/dags/Hello_World_Docker.py
[2026-04-26T22:59:08.040+0000] {logging_mixin.py:190} INFO - [2026-04-26T22:59:08.040+0000] {dag.py:3229} INFO - Sync 1 DAGs
[2026-04-26T22:59:08.063+0000] {logging_mixin.py:190} INFO - [2026-04-26T22:59:08.063+0000] {dag.py:4156} INFO - Setting next_dagrun for HelloWorld_docker to 2026-04-25 02:00:00+00:00, run_after=2026-04-26 02:00:00+00:00
[2026-04-26T22:59:08.081+0000] {processor.py:208} INFO - Processing /opt/airflow/dags/Hello_World_Docker.py took 0.099 seconds
[2026-04-26T22:59:38.675+0000] {processor.py:186} INFO - Started process (PID=312) to work on /opt/airflow/dags/Hello_World_Docker.py
[2026-04-26T22:59:38.676+0000] {processor.py:914} INFO - Processing file /opt/airflow/dags/Hello_World_Docker.py for tasks to queue
[2026-04-26T22:59:38.680+0000] {logging_mixin.py:190} INFO - [2026-04-26T22:59:38.679+0000] {dagbag.py:587} INFO - Filling up the DagBag from /opt/airflow/dags/Hello_World_Docker.py
[2026-04-26T22:59:38.700+0000] {processor.py:925} INFO - DAG(s) 'HelloWorld_docker' retrieved from /opt/airflow/dags/Hello_World_Docker.py
[2026-04-26T22:59:38.731+0000] {logging_mixin.py:190} INFO - [2026-04-26T22:59:38.731+0000] {dag.py:3229} INFO - Sync 1 DAGs
[2026-04-26T22:59:38.756+0000] {logging_mixin.py:190} INFO - [2026-04-26T22:59:38.755+0000] {dag.py:4156} INFO - Setting next_dagrun for HelloWorld_docker to 2026-04-25 02:00:00+00:00, run_after=2026-04-26 02:00:00+00:00
[2026-04-26T22:59:38.787+0000] {processor.py:208} INFO - Processing /opt/airflow/dags/Hello_World_Docker.py took 0.119 seconds
[2026-04-26T23:00:08.976+0000] {processor.py:186} INFO - Started process (PID=366) to work on /opt/airflow/dags/Hello_World_Docker.py
[2026-04-26T23:00:08.977+0000] {processor.py:914} INFO - Processing file /opt/airflow/dags/Hello_World_Docker.py for tasks to queue
[2026-04-26T23:00:08.981+0000] {logging_mixin.py:190} INFO - [2026-04-26T23:00:08.981+0000] {dagbag.py:587} INFO - Filling up the DagBag from /opt/airflow/dags/Hello_World_Docker.py
[2026-04-26T23:00:09.003+0000] {processor.py:925} INFO - DAG(s) 'HelloWorld_docker' retrieved from /opt/airflow/dags/Hello_World_Docker.py
[2026-04-26T23:00:09.038+0000] {logging_mixin.py:190} INFO - [2026-04-26T23:00:09.037+0000] {dag.py:3229} INFO - Sync 1 DAGs
[2026-04-26T23:00:09.064+0000] {logging_mixin.py:190} INFO - [2026-04-26T23:00:09.063+0000] {dag.py:4156} INFO - Setting next_dagrun for HelloWorld_docker to 2026-04-25 02:00:00+00:00, run_after=2026-04-26 02:00:00+00:00
[2026-04-26T23:00:09.084+0000] {processor.py:208} INFO - Processing /opt/airflow/dags/Hello_World_Docker.py took 0.116 seconds
[2026-04-26T23:00:39.789+0000] {processor.py:186} INFO - Started process (PID=423) to work on /opt/airflow/dags/Hello_World_Docker.py
[2026-04-26T23:00:39.790+0000] {processor.py:914} INFO - Processing file /opt/airflow/dags/Hello_World_Docker.py for tasks to queue
[2026-04-26T23:00:39.793+0000] {logging_mixin.py:190} INFO - [2026-04-26T23:00:39.793+0000] {dagbag.py:587} INFO - Filling up the DagBag from /opt/airflow/dags/Hello_World_Docker.py
[2026-04-26T23:00:39.816+0000] {processor.py:925} INFO - DAG(s) 'HelloWorld_docker' retrieved from /opt/airflow/dags/Hello_World_Docker.py
[2026-04-26T23:00:39.848+0000] {logging_mixin.py:190} INFO - [2026-04-26T23:00:39.847+0000] {dag.py:3229} INFO - Sync 1 DAGs
[2026-04-26T23:00:39.874+0000] {logging_mixin.py:190} INFO - [2026-04-26T23:00:39.873+0000] {dag.py:4156} INFO - Setting next_dagrun for HelloWorld_docker to 2026-04-25 02:00:00+00:00, run_after=2026-04-26 02:00:00+00:00
[2026-04-26T23:00:39.894+0000] {processor.py:208} INFO - Processing /opt/airflow/dags/Hello_World_Docker.py took 0.111 seconds
[2026-04-26T23:01:10.272+0000] {processor.py:186} INFO - Started process (PID=480) to work on /opt/airflow/dags/Hello_World_Docker.py
[2026-04-26T23:01:10.273+0000] {processor.py:914} INFO - Processing file /opt/airflow/dags/Hello_World_Docker.py for tasks to queue
[2026-04-26T23:01:10.276+0000] {logging_mixin.py:190} INFO - [2026-04-26T23:01:10.275+0000] {dagbag.py:587} INFO - Filling up the DagBag from /opt/airflow/dags/Hello_World_Docker.py
[2026-04-26T23:01:10.293+0000] {processor.py:925} INFO - DAG(s) 'HelloWorld_docker' retrieved from /opt/airflow/dags/Hello_World_Docker.py
[2026-04-26T23:01:10.319+0000] {logging_mixin.py:190} INFO - [2026-04-26T23:01:10.318+0000] {dag.py:3229} INFO - Sync 1 DAGs
[2026-04-26T23:01:10.340+0000] {logging_mixin.py:190} INFO - [2026-04-26T23:01:10.339+0000] {dag.py:4156} INFO - Setting next_dagrun for HelloWorld_docker to 2026-04-25 02:00:00+00:00, run_after=2026-04-26 02:00:00+00:00
[2026-04-26T23:01:10.356+0000] {processor.py:208} INFO - Processing /opt/airflow/dags/Hello_World_Docker.py took 0.089 seconds
[2026-04-26T23:01:40.963+0000] {processor.py:186} INFO - Started process (PID=537) to work on /opt/airflow/dags/Hello_World_Docker.py
[2026-04-26T23:01:40.964+0000] {processor.py:914} INFO - Processing file /opt/airflow/dags/Hello_World_Docker.py for tasks to queue
[2026-04-26T23:01:40.967+0000] {logging_mixin.py:190} INFO - [2026-04-26T23:01:40.967+0000] {dagbag.py:587} INFO - Filling up the DagBag from /opt/airflow/dags/Hello_World_Docker.py
[2026-04-26T23:01:40.984+0000] {processor.py:925} INFO - DAG(s) 'HelloWorld_docker' retrieved from /opt/airflow/dags/Hello_World_Docker.py
[2026-04-26T23:01:41.009+0000] {logging_mixin.py:190} INFO - [2026-04-26T23:01:41.008+0000] {dag.py:3229} INFO - Sync 1 DAGs
[2026-04-26T23:01:41.029+0000] {logging_mixin.py:190} INFO - [2026-04-26T23:01:41.029+0000] {dag.py:4156} INFO - Setting next_dagrun for HelloWorld_docker to 2026-04-25 02:00:00+00:00, run_after=2026-04-26 02:00:00+00:00
[2026-04-26T23:01:41.057+0000] {processor.py:208} INFO - Processing /opt/airflow/dags/Hello_World_Docker.py took 0.099 seconds
[2026-04-26T23:02:11.169+0000] {processor.py:186} INFO - Started process (PID=594) to work on /opt/airflow/dags/Hello_World_Docker.py
[2026-04-26T23:02:11.171+0000] {processor.py:914} INFO - Processing file /opt/airflow/dags/Hello_World_Docker.py for tasks to queue
[2026-04-26T23:02:11.173+0000] {logging_mixin.py:190} INFO - [2026-04-26T23:02:11.173+0000] {dagbag.py:587} INFO - Filling up the DagBag from /opt/airflow/dags/Hello_World_Docker.py
[2026-04-26T23:02:11.193+0000] {processor.py:925} INFO - DAG(s) 'HelloWorld_docker' retrieved from /opt/airflow/dags/Hello_World_Docker.py
[2026-04-26T23:02:11.223+0000] {logging_mixin.py:190} INFO - [2026-04-26T23:02:11.222+0000] {dag.py:3229} INFO - Sync 1 DAGs
[2026-04-26T23:02:11.250+0000] {logging_mixin.py:190} INFO - [2026-04-26T23:02:11.250+0000] {dag.py:4156} INFO - Setting next_dagrun for HelloWorld_docker to 2026-04-25 02:00:00+00:00, run_after=2026-04-26 02:00:00+00:00
[2026-04-26T23:02:11.270+0000] {processor.py:208} INFO - Processing /opt/airflow/dags/Hello_World_Docker.py took 0.106 seconds
[2026-04-26T23:13:34.381+0000] {processor.py:186} INFO - Started process (PID=479) to work on /opt/airflow/dags/Hello_World_Docker.py
[2026-04-26T23:13:34.382+0000] {processor.py:914} INFO - Processing file /opt/airflow/dags/Hello_World_Docker.py for tasks to queue
[2026-04-26T23:13:34.386+0000] {logging_mixin.py:190} INFO - [2026-04-26T23:13:34.385+0000] {dagbag.py:587} INFO - Filling up the DagBag from /opt/airflow/dags/Hello_World_Docker.py
[2026-04-26T23:13:34.405+0000] {processor.py:925} INFO - DAG(s) 'HelloWorld_docker' retrieved from /opt/airflow/dags/Hello_World_Docker.py
[2026-04-26T23:13:34.434+0000] {logging_mixin.py:190} INFO - [2026-04-26T23:13:34.433+0000] {dag.py:3229} INFO - Sync 1 DAGs
[2026-04-26T23:13:34.458+0000] {logging_mixin.py:190} INFO - [2026-04-26T23:13:34.458+0000] {dag.py:4156} INFO - Setting next_dagrun for HelloWorld_docker to 2026-04-25 02:00:00+00:00, run_after=2026-04-26 02:00:00+00:00
[2026-04-26T23:13:34.477+0000] {processor.py:208} INFO - Processing /opt/airflow/dags/Hello_World_Docker.py took 0.103 seconds
[2026-04-26T23:14:05.964+0000] {processor.py:186} INFO - Started process (PID=549) to work on /opt/airflow/dags/Hello_World_Docker.py
[2026-04-26T23:14:05.965+0000] {processor.py:914} INFO - Processing file /opt/airflow/dags/Hello_World_Docker.py for tasks to queue
[2026-04-26T23:14:05.967+0000] {logging_mixin.py:190} INFO - [2026-04-26T23:14:05.967+0000] {dagbag.py:587} INFO - Filling up the DagBag from /opt/airflow/dags/Hello_World_Docker.py
[2026-04-26T23:14:05.987+0000] {processor.py:925} INFO - DAG(s) 'HelloWorld_docker' retrieved from /opt/airflow/dags/Hello_World_Docker.py
[2026-04-26T23:14:06.015+0000] {logging_mixin.py:190} INFO - [2026-04-26T23:14:06.014+0000] {dag.py:3229} INFO - Sync 1 DAGs
[2026-04-26T23:14:06.038+0000] {logging_mixin.py:190} INFO - [2026-04-26T23:14:06.038+0000] {dag.py:4156} INFO - Setting next_dagrun for HelloWorld_docker to 2026-04-25 02:00:00+00:00, run_after=2026-04-26 02:00:00+00:00
[2026-04-26T23:14:06.059+0000] {processor.py:208} INFO - Processing /opt/airflow/dags/Hello_World_Docker.py took 0.101 seconds
[2026-04-26T23:14:35.721+0000] {processor.py:186} INFO - Started process (PID=589) to work on /opt/airflow/dags/Hello_World_Docker.py
[2026-04-26T23:14:35.723+0000] {processor.py:914} INFO - Processing file /opt/airflow/dags/Hello_World_Docker.py for tasks to queue
[2026-04-26T23:14:35.726+0000] {logging_mixin.py:190} INFO - [2026-04-26T23:14:35.726+0000] {dagbag.py:587} INFO - Filling up the DagBag from /opt/airflow/dags/Hello_World_Docker.py
[2026-04-26T23:14:35.748+0000] {processor.py:925} INFO - DAG(s) 'HelloWorld_docker' retrieved from /opt/airflow/dags/Hello_World_Docker.py
[2026-04-26T23:14:35.781+0000] {logging_mixin.py:190} INFO - [2026-04-26T23:14:35.779+0000] {dag.py:3229} INFO - Sync 1 DAGs
[2026-04-26T23:14:35.809+0000] {logging_mixin.py:190} INFO - [2026-04-26T23:14:35.809+0000] {dag.py:4156} INFO - Setting next_dagrun for HelloWorld_docker to 2026-04-25 02:00:00+00:00, run_after=2026-04-26 02:00:00+00:00
[2026-04-26T23:14:35.830+0000] {processor.py:208} INFO - Processing /opt/airflow/dags/Hello_World_Docker.py took 0.119 seconds
[2026-04-26T23:15:06.065+0000] {processor.py:186} INFO - Started process (PID=640) to work on /opt/airflow/dags/Hello_World_Docker.py
[2026-04-26T23:15:06.066+0000] {processor.py:914} INFO - Processing file /opt/airflow/dags/Hello_World_Docker.py for tasks to queue
[2026-04-26T23:15:06.070+0000] {logging_mixin.py:190} INFO - [2026-04-26T23:15:06.069+0000] {dagbag.py:587} INFO - Filling up the DagBag from /opt/airflow/dags/Hello_World_Docker.py
[2026-04-26T23:15:06.094+0000] {processor.py:925} INFO - DAG(s) 'HelloWorld_docker' retrieved from /opt/airflow/dags/Hello_World_Docker.py
[2026-04-26T23:15:06.128+0000] {logging_mixin.py:190} INFO - [2026-04-26T23:15:06.128+0000] {dag.py:3229} INFO - Sync 1 DAGs
[2026-04-26T23:15:06.154+0000] {logging_mixin.py:190} INFO - [2026-04-26T23:15:06.154+0000] {dag.py:4156} INFO - Setting next_dagrun for HelloWorld_docker to 2026-04-25 02:00:00+00:00, run_after=2026-04-26 02:00:00+00:00
[2026-04-26T23:15:06.173+0000] {processor.py:208} INFO - Processing /opt/airflow/dags/Hello_World_Docker.py took 0.116 seconds
[2026-04-26T23:15:36.510+0000] {processor.py:186} INFO - Started process (PID=694) to work on /opt/airflow/dags/Hello_World_Docker.py
[2026-04-26T23:15:36.511+0000] {processor.py:914} INFO - Processing file /opt/airflow/dags/Hello_World_Docker.py for tasks to queue
[2026-04-26T23:15:36.514+0000] {logging_mixin.py:190} INFO - [2026-04-26T23:15:36.513+0000] {dagbag.py:587} INFO - Filling up the DagBag from /opt/airflow/dags/Hello_World_Docker.py
[2026-04-26T23:15:36.533+0000] {processor.py:925} INFO - DAG(s) 'HelloWorld_docker' retrieved from /opt/airflow/dags/Hello_World_Docker.py
[2026-04-26T23:15:36.562+0000] {logging_mixin.py:190} INFO - [2026-04-26T23:15:36.561+0000] {dag.py:3229} INFO - Sync 1 DAGs
[2026-04-26T23:15:36.587+0000] {logging_mixin.py:190} INFO - [2026-04-26T23:15:36.587+0000] {dag.py:4156} INFO - Setting next_dagrun for HelloWorld_docker to 2026-04-25 02:00:00+00:00, run_after=2026-04-26 02:00:00+00:00
[2026-04-26T23:15:36.606+0000] {processor.py:208} INFO - Processing /opt/airflow/dags/Hello_World_Docker.py took 0.102 seconds
[2026-04-26T23:16:06.782+0000] {processor.py:186} INFO - Started process (PID=751) to work on /opt/airflow/dags/Hello_World_Docker.py
[2026-04-26T23:16:06.783+0000] {processor.py:914} INFO - Processing file /opt/airflow/dags/Hello_World_Docker.py for tasks to queue
[2026-04-26T23:16:06.786+0000] {logging_mixin.py:190} INFO - [2026-04-26T23:16:06.785+0000] {dagbag.py:587} INFO - Filling up the DagBag from /opt/airflow/dags/Hello_World_Docker.py
[2026-04-26T23:16:06.805+0000] {processor.py:925} INFO - DAG(s) 'HelloWorld_docker' retrieved from /opt/airflow/dags/Hello_World_Docker.py
[2026-04-26T23:16:06.834+0000] {logging_mixin.py:190} INFO - [2026-04-26T23:16:06.834+0000] {dag.py:3229} INFO - Sync 1 DAGs
[2026-04-26T23:16:06.861+0000] {logging_mixin.py:190} INFO - [2026-04-26T23:16:06.860+0000] {dag.py:4156} INFO - Setting next_dagrun for HelloWorld_docker to 2026-04-25 02:00:00+00:00, run_after=2026-04-26 02:00:00+00:00
[2026-04-26T23:16:06.880+0000] {processor.py:208} INFO - Processing /opt/airflow/dags/Hello_World_Docker.py took 0.105 seconds
[2026-04-26T23:16:37.234+0000] {processor.py:186} INFO - Started process (PID=808) to work on /opt/airflow/dags/Hello_World_Docker.py
[2026-04-26T23:16:37.236+0000] {processor.py:914} INFO - Processing file /opt/airflow/dags/Hello_World_Docker.py for tasks to queue
[2026-04-26T23:16:37.238+0000] {logging_mixin.py:190} INFO - [2026-04-26T23:16:37.238+0000] {dagbag.py:587} INFO - Filling up the DagBag from /opt/airflow/dags/Hello_World_Docker.py
[2026-04-26T23:16:37.257+0000] {processor.py:925} INFO - DAG(s) 'HelloWorld_docker' retrieved from /opt/airflow/dags/Hello_World_Docker.py
[2026-04-26T23:16:37.288+0000] {logging_mixin.py:190} INFO - [2026-04-26T23:16:37.287+0000] {dag.py:3229} INFO - Sync 1 DAGs
[2026-04-26T23:16:37.314+0000] {logging_mixin.py:190} INFO - [2026-04-26T23:16:37.314+0000] {dag.py:4156} INFO - Setting next_dagrun for HelloWorld_docker to 2026-04-25 02:00:00+00:00, run_after=2026-04-26 02:00:00+00:00
[2026-04-26T23:16:37.346+0000] {processor.py:208} INFO - Processing /opt/airflow/dags/Hello_World_Docker.py took 0.117 seconds
[2026-04-26T23:17:07.542+0000] {processor.py:186} INFO - Started process (PID=865) to work on /opt/airflow/dags/Hello_World_Docker.py
[2026-04-26T23:17:07.544+0000] {processor.py:914} INFO - Processing file /opt/airflow/dags/Hello_World_Docker.py for tasks to queue
[2026-04-26T23:17:07.546+0000] {logging_mixin.py:190} INFO - [2026-04-26T23:17:07.546+0000] {dagbag.py:587} INFO - Filling up the DagBag from /opt/airflow/dags/Hello_World_Docker.py
[2026-04-26T23:17:07.565+0000] {processor.py:925} INFO - DAG(s) 'HelloWorld_docker' retrieved from /opt/airflow/dags/Hello_World_Docker.py
[2026-04-26T23:17:07.596+0000] {logging_mixin.py:190} INFO - [2026-04-26T23:17:07.595+0000] {dag.py:3229} INFO - Sync 1 DAGs
[2026-04-26T23:17:07.621+0000] {logging_mixin.py:190} INFO - [2026-04-26T23:17:07.620+0000] {dag.py:4156} INFO - Setting next_dagrun for HelloWorld_docker to 2026-04-25 02:00:00+00:00, run_after=2026-04-26 02:00:00+00:00
[2026-04-26T23:17:07.639+0000] {processor.py:208} INFO - Processing /opt/airflow/dags/Hello_World_Docker.py took 0.103 seconds
[2026-04-26T23:17:38.414+0000] {processor.py:186} INFO - Started process (PID=922) to work on /opt/airflow/dags/Hello_World_Docker.py
[2026-04-26T23:17:38.415+0000] {processor.py:914} INFO - Processing file /opt/airflow/dags/Hello_World_Docker.py for tasks to queue
[2026-04-26T23:17:38.418+0000] {logging_mixin.py:190} INFO - [2026-04-26T23:17:38.417+0000] {dagbag.py:587} INFO - Filling up the DagBag from /opt/airflow/dags/Hello_World_Docker.py
[2026-04-26T23:17:38.440+0000] {processor.py:925} INFO - DAG(s) 'HelloWorld_docker' retrieved from /opt/airflow/dags/Hello_World_Docker.py
[2026-04-26T23:17:38.473+0000] {logging_mixin.py:190} INFO - [2026-04-26T23:17:38.472+0000] {dag.py:3229} INFO - Sync 1 DAGs
[2026-04-26T23:17:38.503+0000] {logging_mixin.py:190} INFO - [2026-04-26T23:17:38.502+0000] {dag.py:4156} INFO - Setting next_dagrun for HelloWorld_docker to 2026-04-25 02:00:00+00:00, run_after=2026-04-26 02:00:00+00:00
[2026-04-26T23:17:38.524+0000] {processor.py:208} INFO - Processing /opt/airflow/dags/Hello_World_Docker.py took 0.117 seconds
[2026-04-26T23:18:08.980+0000] {processor.py:186} INFO - Started process (PID=979) to work on /opt/airflow/dags/Hello_World_Docker.py
[2026-04-26T23:18:08.982+0000] {processor.py:914} INFO - Processing file /opt/airflow/dags/Hello_World_Docker.py for tasks to queue
[2026-04-26T23:18:08.989+0000] {logging_mixin.py:190} INFO - [2026-04-26T23:18:08.989+0000] {dagbag.py:587} INFO - Filling up the DagBag from /opt/airflow/dags/Hello_World_Docker.py
[2026-04-26T23:18:09.013+0000] {processor.py:925} INFO - DAG(s) 'HelloWorld_docker' retrieved from /opt/airflow/dags/Hello_World_Docker.py
[2026-04-26T23:18:09.047+0000] {logging_mixin.py:190} INFO - [2026-04-26T23:18:09.046+0000] {dag.py:3229} INFO - Sync 1 DAGs
[2026-04-26T23:18:09.073+0000] {logging_mixin.py:190} INFO - [2026-04-26T23:18:09.073+0000] {dag.py:4156} INFO - Setting next_dagrun for HelloWorld_docker to 2026-04-25 02:00:00+00:00, run_after=2026-04-26 02:00:00+00:00
[2026-04-26T23:18:09.105+0000] {processor.py:208} INFO - Processing /opt/airflow/dags/Hello_World_Docker.py took 0.133 seconds
[2026-04-26T23:18:39.407+0000] {processor.py:186} INFO - Started process (PID=1036) to work on /opt/airflow/dags/Hello_World_Docker.py
[2026-04-26T23:18:39.409+0000] {processor.py:914} INFO - Processing file /opt/airflow/dags/Hello_World_Docker.py for tasks to queue
[2026-04-26T23:18:39.412+0000] {logging_mixin.py:190} INFO - [2026-04-26T23:18:39.411+0000] {dagbag.py:587} INFO - Filling up the DagBag from /opt/airflow/dags/Hello_World_Docker.py
[2026-04-26T23:18:39.433+0000] {processor.py:925} INFO - DAG(s) 'HelloWorld_docker' retrieved from /opt/airflow/dags/Hello_World_Docker.py
[2026-04-26T23:18:39.470+0000] {logging_mixin.py:190} INFO - [2026-04-26T23:18:39.469+0000] {dag.py:3229} INFO - Sync 1 DAGs
[2026-04-26T23:18:39.499+0000] {logging_mixin.py:190} INFO - [2026-04-26T23:18:39.499+0000] {dag.py:4156} INFO - Setting next_dagrun for HelloWorld_docker to 2026-04-25 02:00:00+00:00, run_after=2026-04-26 02:00:00+00:00
[2026-04-26T23:18:39.535+0000] {processor.py:208} INFO - Processing /opt/airflow/dags/Hello_World_Docker.py took 0.135 seconds
[2026-04-26T23:19:10.218+0000] {processor.py:186} INFO - Started process (PID=1099) to work on /opt/airflow/dags/Hello_World_Docker.py
[2026-04-26T23:19:10.220+0000] {processor.py:914} INFO - Processing file /opt/airflow/dags/Hello_World_Docker.py for tasks to queue
[2026-04-26T23:19:10.222+0000] {logging_mixin.py:190} INFO - [2026-04-26T23:19:10.222+0000] {dagbag.py:587} INFO - Filling up the DagBag from /opt/airflow/dags/Hello_World_Docker.py
[2026-04-26T23:19:10.242+0000] {processor.py:925} INFO - DAG(s) 'HelloWorld_docker' retrieved from /opt/airflow/dags/Hello_World_Docker.py
[2026-04-26T23:19:10.272+0000] {logging_mixin.py:190} INFO - [2026-04-26T23:19:10.271+0000] {dag.py:3229} INFO - Sync 1 DAGs
[2026-04-26T23:19:10.298+0000] {logging_mixin.py:190} INFO - [2026-04-26T23:19:10.298+0000] {dag.py:4156} INFO - Setting next_dagrun for HelloWorld_docker to 2026-04-25 02:00:00+00:00, run_after=2026-04-26 02:00:00+00:00
[2026-04-26T23:19:10.318+0000] {processor.py:208} INFO - Processing /opt/airflow/dags/Hello_World_Docker.py took 0.105 seconds
[2026-04-26T23:19:41.050+0000] {processor.py:186} INFO - Started process (PID=1156) to work on /opt/airflow/dags/Hello_World_Docker.py
[2026-04-26T23:19:41.051+0000] {processor.py:914} INFO - Processing file /opt/airflow/dags/Hello_World_Docker.py for tasks to queue
[2026-04-26T23:19:41.053+0000] {logging_mixin.py:190} INFO - [2026-04-26T23:19:41.053+0000] {dagbag.py:587} INFO - Filling up the DagBag from /opt/airflow/dags/Hello_World_Docker.py
[2026-04-26T23:19:41.073+0000] {processor.py:925} INFO - DAG(s) 'HelloWorld_docker' retrieved from /opt/airflow/dags/Hello_World_Docker.py
[2026-04-26T23:19:41.103+0000] {logging_mixin.py:190} INFO - [2026-04-26T23:19:41.103+0000] {dag.py:3229} INFO - Sync 1 DAGs
[2026-04-26T23:19:41.130+0000] {logging_mixin.py:190} INFO - [2026-04-26T23:19:41.129+0000] {dag.py:4156} INFO - Setting next_dagrun for HelloWorld_docker to 2026-04-25 02:00:00+00:00, run_after=2026-04-26 02:00:00+00:00
[2026-04-26T23:19:41.158+0000] {processor.py:208} INFO - Processing /opt/airflow/dags/Hello_World_Docker.py took 0.114 seconds
[2026-04-26T23:20:11.433+0000] {processor.py:186} INFO - Started process (PID=1213) to work on /opt/airflow/dags/Hello_World_Docker.py
[2026-04-26T23:20:11.434+0000] {processor.py:914} INFO - Processing file /opt/airflow/dags/Hello_World_Docker.py for tasks to queue
[2026-04-26T23:20:11.437+0000] {logging_mixin.py:190} INFO - [2026-04-26T23:20:11.437+0000] {dagbag.py:587} INFO - Filling up the DagBag from /opt/airflow/dags/Hello_World_Docker.py
[2026-04-26T23:20:11.458+0000] {processor.py:925} INFO - DAG(s) 'HelloWorld_docker' retrieved from /opt/airflow/dags/Hello_World_Docker.py
[2026-04-26T23:20:11.485+0000] {logging_mixin.py:190} INFO - [2026-04-26T23:20:11.484+0000] {dag.py:3229} INFO - Sync 1 DAGs
[2026-04-26T23:20:11.511+0000] {logging_mixin.py:190} INFO - [2026-04-26T23:20:11.510+0000] {dag.py:4156} INFO - Setting next_dagrun for HelloWorld_docker to 2026-04-25 02:00:00+00:00, run_after=2026-04-26 02:00:00+00:00
[2026-04-26T23:20:11.531+0000] {processor.py:208} INFO - Processing /opt/airflow/dags/Hello_World_Docker.py took 0.104 seconds
[2026-04-26T23:20:41.982+0000] {processor.py:186} INFO - Started process (PID=1271) to work on /opt/airflow/dags/Hello_World_Docker.py
[2026-04-26T23:20:41.983+0000] {processor.py:914} INFO - Processing file /opt/airflow/dags/Hello_World_Docker.py for tasks to queue
[2026-04-26T23:20:41.986+0000] {logging_mixin.py:190} INFO - [2026-04-26T23:20:41.986+0000] {dagbag.py:587} INFO - Filling up the DagBag from /opt/airflow/dags/Hello_World_Docker.py
[2026-04-26T23:20:42.005+0000] {processor.py:925} INFO - DAG(s) 'HelloWorld_docker' retrieved from /opt/airflow/dags/Hello_World_Docker.py
[2026-04-26T23:20:42.035+0000] {logging_mixin.py:190} INFO - [2026-04-26T23:20:42.034+0000] {dag.py:3229} INFO - Sync 1 DAGs
[2026-04-26T23:20:42.061+0000] {logging_mixin.py:190} INFO - [2026-04-26T23:20:42.060+0000] {dag.py:4156} INFO - Setting next_dagrun for HelloWorld_docker to 2026-04-25 02:00:00+00:00, run_after=2026-04-26 02:00:00+00:00
[2026-04-26T23:20:42.080+0000] {processor.py:208} INFO - Processing /opt/airflow/dags/Hello_World_Docker.py took 0.104 seconds
[2026-04-26T23:21:12.544+0000] {processor.py:186} INFO - Started process (PID=1329) to work on /opt/airflow/dags/Hello_World_Docker.py
[2026-04-26T23:21:12.545+0000] {processor.py:914} INFO - Processing file /opt/airflow/dags/Hello_World_Docker.py for tasks to queue
[2026-04-26T23:21:12.548+0000] {logging_mixin.py:190} INFO - [2026-04-26T23:21:12.548+0000] {dagbag.py:587} INFO - Filling up the DagBag from /opt/airflow/dags/Hello_World_Docker.py
[2026-04-26T23:21:12.568+0000] {processor.py:925} INFO - DAG(s) 'HelloWorld_docker' retrieved from /opt/airflow/dags/Hello_World_Docker.py
[2026-04-26T23:21:12.599+0000] {logging_mixin.py:190} INFO - [2026-04-26T23:21:12.598+0000] {dag.py:3229} INFO - Sync 1 DAGs
[2026-04-26T23:21:12.626+0000] {logging_mixin.py:190} INFO - [2026-04-26T23:21:12.626+0000] {dag.py:4156} INFO - Setting next_dagrun for HelloWorld_docker to 2026-04-25 02:00:00+00:00, run_after=2026-04-26 02:00:00+00:00
[2026-04-26T23:21:12.657+0000] {processor.py:208} INFO - Processing /opt/airflow/dags/Hello_World_Docker.py took 0.119 seconds
[2026-04-26T23:21:43.381+0000] {processor.py:186} INFO - Started process (PID=1386) to work on /opt/airflow/dags/Hello_World_Docker.py
[2026-04-26T23:21:43.382+0000] {processor.py:914} INFO - Processing file /opt/airflow/dags/Hello_World_Docker.py for tasks to queue
[2026-04-26T23:21:43.384+0000] {logging_mixin.py:190} INFO - [2026-04-26T23:21:43.384+0000] {dagbag.py:587} INFO - Filling up the DagBag from /opt/airflow/dags/Hello_World_Docker.py
[2026-04-26T23:21:43.404+0000] {processor.py:925} INFO - DAG(s) 'HelloWorld_docker' retrieved from /opt/airflow/dags/Hello_World_Docker.py
[2026-04-26T23:21:43.435+0000] {logging_mixin.py:190} INFO - [2026-04-26T23:21:43.434+0000] {dag.py:3229} INFO - Sync 1 DAGs
[2026-04-26T23:21:43.461+0000] {logging_mixin.py:190} INFO - [2026-04-26T23:21:43.461+0000] {dag.py:4156} INFO - Setting next_dagrun for HelloWorld_docker to 2026-04-25 02:00:00+00:00, run_after=2026-04-26 02:00:00+00:00
[2026-04-26T23:21:43.481+0000] {processor.py:208} INFO - Processing /opt/airflow/dags/Hello_World_Docker.py took 0.106 seconds
[2026-04-26T23:22:13.640+0000] {processor.py:186} INFO - Started process (PID=1443) to work on /opt/airflow/dags/Hello_World_Docker.py
[2026-04-26T23:22:13.641+0000] {processor.py:914} INFO - Processing file /opt/airflow/dags/Hello_World_Docker.py for tasks to queue
[2026-04-26T23:22:13.643+0000] {logging_mixin.py:190} INFO - [2026-04-26T23:22:13.643+0000] {dagbag.py:587} INFO - Filling up the DagBag from /opt/airflow/dags/Hello_World_Docker.py
[2026-04-26T23:22:13.664+0000] {processor.py:925} INFO - DAG(s) 'HelloWorld_docker' retrieved from /opt/airflow/dags/Hello_World_Docker.py
[2026-04-26T23:22:13.698+0000] {logging_mixin.py:190} INFO - [2026-04-26T23:22:13.697+0000] {dag.py:3229} INFO - Sync 1 DAGs
[2026-04-26T23:22:13.726+0000] {logging_mixin.py:190} INFO - [2026-04-26T23:22:13.725+0000] {dag.py:4156} INFO - Setting next_dagrun for HelloWorld_docker to 2026-04-25 02:00:00+00:00, run_after=2026-04-26 02:00:00+00:00
[2026-04-26T23:22:13.760+0000] {processor.py:208} INFO - Processing /opt/airflow/dags/Hello_World_Docker.py took 0.126 seconds
[2026-04-26T23:22:43.847+0000] {processor.py:186} INFO - Started process (PID=1500) to work on /opt/airflow/dags/Hello_World_Docker.py
[2026-04-26T23:22:43.848+0000] {processor.py:914} INFO - Processing file /opt/airflow/dags/Hello_World_Docker.py for tasks to queue
[2026-04-26T23:22:43.851+0000] {logging_mixin.py:190} INFO - [2026-04-26T23:22:43.851+0000] {dagbag.py:587} INFO - Filling up the DagBag from /opt/airflow/dags/Hello_World_Docker.py
[2026-04-26T23:22:43.874+0000] {processor.py:925} INFO - DAG(s) 'HelloWorld_docker' retrieved from /opt/airflow/dags/Hello_World_Docker.py
[2026-04-26T23:22:43.908+0000] {logging_mixin.py:190} INFO - [2026-04-26T23:22:43.908+0000] {dag.py:3229} INFO - Sync 1 DAGs
[2026-04-26T23:22:43.937+0000] {logging_mixin.py:190} INFO - [2026-04-26T23:22:43.937+0000] {dag.py:4156} INFO - Setting next_dagrun for HelloWorld_docker to 2026-04-25 02:00:00+00:00, run_after=2026-04-26 02:00:00+00:00
[2026-04-26T23:22:43.956+0000] {processor.py:208} INFO - Processing /opt/airflow/dags/Hello_World_Docker.py took 0.115 seconds
[2026-04-26T23:23:14.264+0000] {processor.py:186} INFO - Started process (PID=1557) to work on /opt/airflow/dags/Hello_World_Docker.py
[2026-04-26T23:23:14.265+0000] {processor.py:914} INFO - Processing file /opt/airflow/dags/Hello_World_Docker.py for tasks to queue
[2026-04-26T23:23:14.268+0000] {logging_mixin.py:190} INFO - [2026-04-26T23:23:14.267+0000] {dagbag.py:587} INFO - Filling up the DagBag from /opt/airflow/dags/Hello_World_Docker.py
[2026-04-26T23:23:14.287+0000] {processor.py:925} INFO - DAG(s) 'HelloWorld_docker' retrieved from /opt/airflow/dags/Hello_World_Docker.py
[2026-04-26T23:23:14.320+0000] {logging_mixin.py:190} INFO - [2026-04-26T23:23:14.320+0000] {dag.py:3229} INFO - Sync 1 DAGs
[2026-04-26T23:23:14.346+0000] {logging_mixin.py:190} INFO - [2026-04-26T23:23:14.346+0000] {dag.py:4156} INFO - Setting next_dagrun for HelloWorld_docker to 2026-04-25 02:00:00+00:00, run_after=2026-04-26 02:00:00+00:00
[2026-04-26T23:23:14.379+0000] {processor.py:208} INFO - Processing /opt/airflow/dags/Hello_World_Docker.py took 0.121 seconds
[2026-04-26T23:23:44.483+0000] {processor.py:186} INFO - Started process (PID=1614) to work on /opt/airflow/dags/Hello_World_Docker.py
[2026-04-26T23:23:44.484+0000] {processor.py:914} INFO - Processing file /opt/airflow/dags/Hello_World_Docker.py for tasks to queue
[2026-04-26T23:23:44.487+0000] {logging_mixin.py:190} INFO - [2026-04-26T23:23:44.487+0000] {dagbag.py:587} INFO - Filling up the DagBag from /opt/airflow/dags/Hello_World_Docker.py
[2026-04-26T23:23:44.507+0000] {processor.py:925} INFO - DAG(s) 'HelloWorld_docker' retrieved from /opt/airflow/dags/Hello_World_Docker.py
[2026-04-26T23:23:44.540+0000] {logging_mixin.py:190} INFO - [2026-04-26T23:23:44.540+0000] {dag.py:3229} INFO - Sync 1 DAGs
[2026-04-26T23:23:44.567+0000] {logging_mixin.py:190} INFO - [2026-04-26T23:23:44.566+0000] {dag.py:4156} INFO - Setting next_dagrun for HelloWorld_docker to 2026-04-25 02:00:00+00:00, run_after=2026-04-26 02:00:00+00:00
[2026-04-26T23:23:44.586+0000] {processor.py:208} INFO - Processing /opt/airflow/dags/Hello_World_Docker.py took 0.109 seconds
[2026-04-26T23:24:14.856+0000] {processor.py:186} INFO - Started process (PID=1671) to work on /opt/airflow/dags/Hello_World_Docker.py
[2026-04-26T23:24:14.857+0000] {processor.py:914} INFO - Processing file /opt/airflow/dags/Hello_World_Docker.py for tasks to queue
[2026-04-26T23:24:14.860+0000] {logging_mixin.py:190} INFO - [2026-04-26T23:24:14.859+0000] {dagbag.py:587} INFO - Filling up the DagBag from /opt/airflow/dags/Hello_World_Docker.py
[2026-04-26T23:24:14.882+0000] {processor.py:925} INFO - DAG(s) 'HelloWorld_docker' retrieved from /opt/airflow/dags/Hello_World_Docker.py
[2026-04-26T23:24:14.917+0000] {logging_mixin.py:190} INFO - [2026-04-26T23:24:14.916+0000] {dag.py:3229} INFO - Sync 1 DAGs
[2026-04-26T23:24:14.944+0000] {logging_mixin.py:190} INFO - [2026-04-26T23:24:14.944+0000] {dag.py:4156} INFO - Setting next_dagrun for HelloWorld_docker to 2026-04-25 02:00:00+00:00, run_after=2026-04-26 02:00:00+00:00
[2026-04-26T23:24:14.964+0000] {processor.py:208} INFO - Processing /opt/airflow/dags/Hello_World_Docker.py took 0.113 seconds
[2026-04-26T23:24:45.254+0000] {processor.py:186} INFO - Started process (PID=1728) to work on /opt/airflow/dags/Hello_World_Docker.py
[2026-04-26T23:24:45.255+0000] {processor.py:914} INFO - Processing file /opt/airflow/dags/Hello_World_Docker.py for tasks to queue
[2026-04-26T23:24:45.258+0000] {logging_mixin.py:190} INFO - [2026-04-26T23:24:45.258+0000] {dagbag.py:587} INFO - Filling up the DagBag from /opt/airflow/dags/Hello_World_Docker.py
[2026-04-26T23:24:45.278+0000] {processor.py:925} INFO - DAG(s) 'HelloWorld_docker' retrieved from /opt/airflow/dags/Hello_World_Docker.py
[2026-04-26T23:24:45.307+0000] {logging_mixin.py:190} INFO - [2026-04-26T23:24:45.306+0000] {dag.py:3229} INFO - Sync 1 DAGs
[2026-04-26T23:24:45.336+0000] {logging_mixin.py:190} INFO - [2026-04-26T23:24:45.336+0000] {dag.py:4156} INFO - Setting next_dagrun for HelloWorld_docker to 2026-04-25 02:00:00+00:00, run_after=2026-04-26 02:00:00+00:00
[2026-04-26T23:24:45.356+0000] {processor.py:208} INFO - Processing /opt/airflow/dags/Hello_World_Docker.py took 0.109 seconds
[2026-04-26T23:25:15.578+0000] {processor.py:186} INFO - Started process (PID=1786) to work on /opt/airflow/dags/Hello_World_Docker.py
[2026-04-26T23:25:15.579+0000] {processor.py:914} INFO - Processing file /opt/airflow/dags/Hello_World_Docker.py for tasks to queue
[2026-04-26T23:25:15.582+0000] {logging_mixin.py:190} INFO - [2026-04-26T23:25:15.582+0000] {dagbag.py:587} INFO - Filling up the DagBag from /opt/airflow/dags/Hello_World_Docker.py
[2026-04-26T23:25:15.603+0000] {processor.py:925} INFO - DAG(s) 'HelloWorld_docker' retrieved from /opt/airflow/dags/Hello_World_Docker.py
[2026-04-26T23:25:15.630+0000] {logging_mixin.py:190} INFO - [2026-04-26T23:25:15.630+0000] {dag.py:3229} INFO - Sync 1 DAGs
[2026-04-26T23:25:15.652+0000] {logging_mixin.py:190} INFO - [2026-04-26T23:25:15.652+0000] {dag.py:4156} INFO - Setting next_dagrun for HelloWorld_docker to 2026-04-25 02:00:00+00:00, run_after=2026-04-26 02:00:00+00:00
[2026-04-26T23:25:15.670+0000] {processor.py:208} INFO - Processing /opt/airflow/dags/Hello_World_Docker.py took 0.098 seconds
[2026-04-26T23:25:46.303+0000] {processor.py:186} INFO - Started process (PID=1825) to work on /opt/airflow/dags/Hello_World_Docker.py
[2026-04-26T23:25:46.304+0000] {processor.py:914} INFO - Processing file /opt/airflow/dags/Hello_World_Docker.py for tasks to queue
[2026-04-26T23:25:46.307+0000] {logging_mixin.py:190} INFO - [2026-04-26T23:25:46.306+0000] {dagbag.py:587} INFO - Filling up the DagBag from /opt/airflow/dags/Hello_World_Docker.py
[2026-04-26T23:25:46.333+0000] {processor.py:925} INFO - DAG(s) 'HelloWorld_docker' retrieved from /opt/airflow/dags/Hello_World_Docker.py
[2026-04-26T23:25:46.368+0000] {logging_mixin.py:190} INFO - [2026-04-26T23:25:46.367+0000] {dag.py:3229} INFO - Sync 1 DAGs
[2026-04-26T23:25:46.391+0000] {logging_mixin.py:190} INFO - [2026-04-26T23:25:46.390+0000] {dag.py:4156} INFO - Setting next_dagrun for HelloWorld_docker to 2026-04-25 02:00:00+00:00, run_after=2026-04-26 02:00:00+00:00
[2026-04-26T23:25:46.413+0000] {processor.py:208} INFO - Processing /opt/airflow/dags/Hello_World_Docker.py took 0.117 seconds
[2026-04-26T23:26:17.013+0000] {processor.py:186} INFO - Started process (PID=1886) to work on /opt/airflow/dags/Hello_World_Docker.py
[2026-04-26T23:26:17.014+0000] {processor.py:914} INFO - Processing file /opt/airflow/dags/Hello_World_Docker.py for tasks to queue
[2026-04-26T23:26:17.017+0000] {logging_mixin.py:190} INFO - [2026-04-26T23:26:17.017+0000] {dagbag.py:587} INFO - Filling up the DagBag from /opt/airflow/dags/Hello_World_Docker.py
[2026-04-26T23:26:17.038+0000] {processor.py:925} INFO - DAG(s) 'HelloWorld_docker' retrieved from /opt/airflow/dags/Hello_World_Docker.py
[2026-04-26T23:26:17.070+0000] {logging_mixin.py:190} INFO - [2026-04-26T23:26:17.069+0000] {dag.py:3229} INFO - Sync 1 DAGs
[2026-04-26T23:26:17.101+0000] {logging_mixin.py:190} INFO - [2026-04-26T23:26:17.101+0000] {dag.py:4156} INFO - Setting next_dagrun for HelloWorld_docker to 2026-04-25 02:00:00+00:00, run_after=2026-04-26 02:00:00+00:00
[2026-04-26T23:26:17.132+0000] {processor.py:208} INFO - Processing /opt/airflow/dags/Hello_World_Docker.py took 0.125 seconds
[2026-04-26T23:26:48.115+0000] {processor.py:186} INFO - Started process (PID=1943) to work on /opt/airflow/dags/Hello_World_Docker.py
[2026-04-26T23:26:48.116+0000] {processor.py:914} INFO - Processing file /opt/airflow/dags/Hello_World_Docker.py for tasks to queue
[2026-04-26T23:26:48.119+0000] {logging_mixin.py:190} INFO - [2026-04-26T23:26:48.119+0000] {dagbag.py:587} INFO - Filling up the DagBag from /opt/airflow/dags/Hello_World_Docker.py
[2026-04-26T23:26:48.139+0000] {processor.py:925} INFO - DAG(s) 'HelloWorld_docker' retrieved from /opt/airflow/dags/Hello_World_Docker.py
[2026-04-26T23:26:48.171+0000] {logging_mixin.py:190} INFO - [2026-04-26T23:26:48.170+0000] {dag.py:3229} INFO - Sync 1 DAGs
[2026-04-26T23:26:48.196+0000] {logging_mixin.py:190} INFO - [2026-04-26T23:26:48.196+0000] {dag.py:4156} INFO - Setting next_dagrun for HelloWorld_docker to 2026-04-25 02:00:00+00:00, run_after=2026-04-26 02:00:00+00:00
[2026-04-26T23:26:48.227+0000] {processor.py:208} INFO - Processing /opt/airflow/dags/Hello_World_Docker.py took 0.118 seconds
[2026-04-26T23:27:56.258+0000] {processor.py:186} INFO - Started process (PID=236) to work on /opt/airflow/dags/Hello_World_Docker.py
[2026-04-26T23:27:56.259+0000] {processor.py:914} INFO - Processing file /opt/airflow/dags/Hello_World_Docker.py for tasks to queue
[2026-04-26T23:27:56.262+0000] {logging_mixin.py:190} INFO - [2026-04-26T23:27:56.262+0000] {dagbag.py:587} INFO - Filling up the DagBag from /opt/airflow/dags/Hello_World_Docker.py
[2026-04-26T23:27:56.283+0000] {processor.py:925} INFO - DAG(s) 'HelloWorld_docker' retrieved from /opt/airflow/dags/Hello_World_Docker.py
[2026-04-26T23:27:56.319+0000] {logging_mixin.py:190} INFO - [2026-04-26T23:27:56.319+0000] {dag.py:3229} INFO - Sync 1 DAGs
[2026-04-26T23:27:56.346+0000] {logging_mixin.py:190} INFO - [2026-04-26T23:27:56.345+0000] {dag.py:4156} INFO - Setting next_dagrun for HelloWorld_docker to 2026-04-25 02:00:00+00:00, run_after=2026-04-26 02:00:00+00:00
[2026-04-26T23:27:56.377+0000] {processor.py:208} INFO - Processing /opt/airflow/dags/Hello_World_Docker.py took 0.125 seconds
