[2026-04-23T04:09:22.375+0000] {local_task_job_runner.py:123} INFO - ::group::Pre task execution logs
[2026-04-23T04:09:22.394+0000] {taskinstance.py:2612} INFO - Dependencies all met for dep_context=non-requeueable deps ti=<TaskInstance: BuildELT_dbt.dbt_run manual__2026-04-23T04:09:21.894813+00:00 [queued]>
[2026-04-23T04:09:22.403+0000] {taskinstance.py:2612} INFO - Dependencies all met for dep_context=requeueable deps ti=<TaskInstance: BuildELT_dbt.dbt_run manual__2026-04-23T04:09:21.894813+00:00 [queued]>
[2026-04-23T04:09:22.403+0000] {taskinstance.py:2865} INFO - Starting attempt 1 of 1
[2026-04-23T04:09:22.419+0000] {taskinstance.py:2888} INFO - Executing <Task(BashOperator): dbt_run> on 2026-04-23 04:09:21.894813+00:00
[2026-04-23T04:09:22.429+0000] {standard_task_runner.py:104} INFO - Running: ['***', 'tasks', 'run', 'BuildELT_dbt', 'dbt_run', 'manual__2026-04-23T04:09:21.894813+00:00', '--job-id', '47', '--raw', '--subdir', 'DAGS_FOLDER/build_elt_with_dbt.py', '--cfg-path', '/tmp/tmpfyx_5pk8']
[2026-04-23T04:09:22.432+0000] {standard_task_runner.py:105} INFO - Job 47: Subtask dbt_run
[2026-04-23T04:09:22.433+0000] {logging_mixin.py:190} WARNING - /home/***/.local/lib/python3.12/site-packages/***/task/task_runner/standard_task_runner.py:70 DeprecationWarning: This process (pid=38855) is multi-threaded, use of fork() may lead to deadlocks in the child.
[2026-04-23T04:09:22.434+0000] {standard_task_runner.py:72} INFO - Started process 38856 to run task
[2026-04-23T04:09:22.485+0000] {task_command.py:467} INFO - Running <TaskInstance: BuildELT_dbt.dbt_run manual__2026-04-23T04:09:21.894813+00:00 [running]> on host aa30302fbfc5
[2026-04-23T04:09:22.586+0000] {taskinstance.py:3131} INFO - Exporting env vars: AIRFLOW_CTX_DAG_OWNER='***' AIRFLOW_CTX_DAG_ID='BuildELT_dbt' AIRFLOW_CTX_TASK_ID='dbt_run' AIRFLOW_CTX_EXECUTION_DATE='2026-04-23T04:09:21.894813+00:00' AIRFLOW_CTX_TRY_NUMBER='1' AIRFLOW_CTX_DAG_RUN_ID='manual__2026-04-23T04:09:21.894813+00:00'
[2026-04-23T04:09:22.587+0000] {taskinstance.py:731} INFO - ::endgroup::
[2026-04-23T04:09:22.608+0000] {subprocess.py:63} INFO - Tmp dir root location: /tmp
[2026-04-23T04:09:22.610+0000] {subprocess.py:75} INFO - Running command: ['/usr/bin/bash', '-c', '/home/***/.local/bin/dbt run --profiles-dir /opt/***/dbt --project-dir /opt/***/dbt']
[2026-04-23T04:09:22.625+0000] {subprocess.py:86} INFO - Output:
[2026-04-23T04:09:24.695+0000] {subprocess.py:93} INFO - [0m04:09:24  Running with dbt=1.8.7
[2026-04-23T04:09:25.736+0000] {subprocess.py:93} INFO - [0m04:09:25  Registered adapter: snowflake=1.8.1
[2026-04-23T04:09:26.430+0000] {subprocess.py:93} INFO - [0m04:09:26  Found 3 models, 3 data tests, 2 snapshots, 3 sources, 454 macros
[2026-04-23T04:09:26.433+0000] {subprocess.py:93} INFO - [0m04:09:26
[2026-04-23T04:09:29.259+0000] {subprocess.py:93} INFO - [0m04:09:29  Concurrency: 1 threads (target='dev')
[2026-04-23T04:09:29.260+0000] {subprocess.py:93} INFO - [0m04:09:29
[2026-04-23T04:09:29.290+0000] {subprocess.py:93} INFO - [0m04:09:29  1 of 2 START sql table model analytics.average_temps ........................... [RUN]
[2026-04-23T04:09:32.954+0000] {subprocess.py:93} INFO - [0m04:09:32  1 of 2 OK created sql table model analytics.average_temps ...................... [[32mSUCCESS 1[0m in 3.66s]
[2026-04-23T04:09:32.956+0000] {subprocess.py:93} INFO - [0m04:09:32  2 of 2 START sql table model analytics.weather_code_distribution ............... [RUN]
[2026-04-23T04:09:35.205+0000] {subprocess.py:93} INFO - [0m04:09:35  2 of 2 OK created sql table model analytics.weather_code_distribution .......... [[32mSUCCESS 1[0m in 2.25s]
[2026-04-23T04:09:35.209+0000] {subprocess.py:93} INFO - [0m04:09:35
[2026-04-23T04:09:35.210+0000] {subprocess.py:93} INFO - [0m04:09:35  Finished running 2 table models in 0 hours 0 minutes and 8.77 seconds (8.77s).
[2026-04-23T04:09:35.261+0000] {subprocess.py:93} INFO - [0m04:09:35
[2026-04-23T04:09:35.261+0000] {subprocess.py:93} INFO - [0m04:09:35  [32mCompleted successfully[0m
[2026-04-23T04:09:35.262+0000] {subprocess.py:93} INFO - [0m04:09:35
[2026-04-23T04:09:35.262+0000] {subprocess.py:93} INFO - [0m04:09:35  Done. PASS=2 WARN=0 ERROR=0 SKIP=0 TOTAL=2
[2026-04-23T04:09:36.070+0000] {subprocess.py:97} INFO - Command exited with return code 0
[2026-04-23T04:09:36.111+0000] {taskinstance.py:340} INFO - ::group::Post task execution logs
[2026-04-23T04:09:36.112+0000] {taskinstance.py:352} INFO - Marking task as SUCCESS. dag_id=BuildELT_dbt, task_id=dbt_run, run_id=manual__2026-04-23T04:09:21.894813+00:00, execution_date=20260423T040921, start_date=20260423T040922, end_date=20260423T040936
[2026-04-23T04:09:36.145+0000] {local_task_job_runner.py:266} INFO - Task exited with return code 0
[2026-04-23T04:09:36.173+0000] {taskinstance.py:3900} INFO - 1 downstream tasks scheduled from follow-on schedule check
[2026-04-23T04:09:36.175+0000] {local_task_job_runner.py:245} INFO - ::endgroup::
