[2026-04-23T08:03:54.982+0000] {local_task_job_runner.py:123} INFO - ::group::Pre task execution logs
[2026-04-23T08:03:55.000+0000] {taskinstance.py:2612} INFO - Dependencies all met for dep_context=non-requeueable deps ti=<TaskInstance: BuildELT_dbt.dbt_run manual__2026-04-23T08:03:54.438332+00:00 [queued]>
[2026-04-23T08:03:55.009+0000] {taskinstance.py:2612} INFO - Dependencies all met for dep_context=requeueable deps ti=<TaskInstance: BuildELT_dbt.dbt_run manual__2026-04-23T08:03:54.438332+00:00 [queued]>
[2026-04-23T08:03:55.010+0000] {taskinstance.py:2865} INFO - Starting attempt 1 of 1
[2026-04-23T08:03:55.024+0000] {taskinstance.py:2888} INFO - Executing <Task(BashOperator): dbt_run> on 2026-04-23 08:03:54.438332+00:00
[2026-04-23T08:03:55.033+0000] {standard_task_runner.py:104} INFO - Running: ['***', 'tasks', 'run', 'BuildELT_dbt', 'dbt_run', 'manual__2026-04-23T08:03:54.438332+00:00', '--job-id', '72', '--raw', '--subdir', 'DAGS_FOLDER/build_elt_with_dbt.py', '--cfg-path', '/tmp/tmpoihx01af']
[2026-04-23T08:03:55.037+0000] {standard_task_runner.py:105} INFO - Job 72: Subtask dbt_run
[2026-04-23T08:03:55.037+0000] {logging_mixin.py:190} WARNING - /home/***/.local/lib/python3.12/site-packages/***/task/task_runner/standard_task_runner.py:70 DeprecationWarning: This process (pid=51418) is multi-threaded, use of fork() may lead to deadlocks in the child.
[2026-04-23T08:03:55.038+0000] {standard_task_runner.py:72} INFO - Started process 51419 to run task
[2026-04-23T08:03:55.093+0000] {task_command.py:467} INFO - Running <TaskInstance: BuildELT_dbt.dbt_run manual__2026-04-23T08:03:54.438332+00:00 [running]> on host aa30302fbfc5
[2026-04-23T08:03:55.185+0000] {taskinstance.py:3131} INFO - Exporting env vars: AIRFLOW_CTX_DAG_OWNER='***' AIRFLOW_CTX_DAG_ID='BuildELT_dbt' AIRFLOW_CTX_TASK_ID='dbt_run' AIRFLOW_CTX_EXECUTION_DATE='2026-04-23T08:03:54.438332+00:00' AIRFLOW_CTX_TRY_NUMBER='1' AIRFLOW_CTX_DAG_RUN_ID='manual__2026-04-23T08:03:54.438332+00:00'
[2026-04-23T08:03:55.186+0000] {taskinstance.py:731} INFO - ::endgroup::
[2026-04-23T08:03:55.205+0000] {subprocess.py:63} INFO - Tmp dir root location: /tmp
[2026-04-23T08:03:55.207+0000] {subprocess.py:75} INFO - Running command: ['/usr/bin/bash', '-c', '/home/***/.local/bin/dbt run --profiles-dir /opt/***/dbt --project-dir /opt/***/dbt']
[2026-04-23T08:03:55.222+0000] {subprocess.py:86} INFO - Output:
[2026-04-23T08:03:57.253+0000] {subprocess.py:93} INFO - [0m08:03:57  Running with dbt=1.8.7
[2026-04-23T08:03:58.343+0000] {subprocess.py:93} INFO - [0m08:03:58  Registered adapter: snowflake=1.8.1
[2026-04-23T08:03:58.876+0000] {subprocess.py:93} INFO - [0m08:03:58  Found 5 models, 5 data tests, 4 snapshots, 5 sources, 454 macros
[2026-04-23T08:03:58.880+0000] {subprocess.py:93} INFO - [0m08:03:58
[2026-04-23T08:04:02.043+0000] {subprocess.py:93} INFO - [0m08:04:02  Concurrency: 1 threads (target='dev')
[2026-04-23T08:04:02.044+0000] {subprocess.py:93} INFO - [0m08:04:02
[2026-04-23T08:04:02.073+0000] {subprocess.py:93} INFO - [0m08:04:02  1 of 4 START sql table model analytics.average_temps ........................... [RUN]
[2026-04-23T08:04:04.229+0000] {subprocess.py:93} INFO - [0m08:04:04  1 of 4 OK created sql table model analytics.average_temps ...................... [[32mSUCCESS 1[0m in 2.15s]
[2026-04-23T08:04:04.231+0000] {subprocess.py:93} INFO - [0m08:04:04  2 of 4 START sql table model analytics.percent_rainy_days_monthly .............. [RUN]
[2026-04-23T08:04:06.460+0000] {subprocess.py:93} INFO - [0m08:04:06  2 of 4 OK created sql table model analytics.percent_rainy_days_monthly ......... [[32mSUCCESS 1[0m in 2.23s]
[2026-04-23T08:04:06.462+0000] {subprocess.py:93} INFO - [0m08:04:06  3 of 4 START sql table model analytics.weather_code_distribution ............... [RUN]
[2026-04-23T08:04:10.647+0000] {subprocess.py:93} INFO - [0m08:04:10  3 of 4 OK created sql table model analytics.weather_code_distribution .......... [[32mSUCCESS 1[0m in 4.18s]
[2026-04-23T08:04:10.650+0000] {subprocess.py:93} INFO - [0m08:04:10  4 of 4 START sql table model analytics.weather_weekly_precipitation ............ [RUN]
[2026-04-23T08:04:14.675+0000] {subprocess.py:93} INFO - [0m08:04:14  4 of 4 OK created sql table model analytics.weather_weekly_precipitation ....... [[32mSUCCESS 1[0m in 4.02s]
[2026-04-23T08:04:14.679+0000] {subprocess.py:93} INFO - [0m08:04:14
[2026-04-23T08:04:14.680+0000] {subprocess.py:93} INFO - [0m08:04:14  Finished running 4 table models in 0 hours 0 minutes and 15.80 seconds (15.80s).
[2026-04-23T08:04:14.731+0000] {subprocess.py:93} INFO - [0m08:04:14
[2026-04-23T08:04:14.732+0000] {subprocess.py:93} INFO - [0m08:04:14  [32mCompleted successfully[0m
[2026-04-23T08:04:14.732+0000] {subprocess.py:93} INFO - [0m08:04:14
[2026-04-23T08:04:14.733+0000] {subprocess.py:93} INFO - [0m08:04:14  Done. PASS=4 WARN=0 ERROR=0 SKIP=0 TOTAL=4
[2026-04-23T08:04:15.498+0000] {subprocess.py:97} INFO - Command exited with return code 0
[2026-04-23T08:04:15.524+0000] {taskinstance.py:340} INFO - ::group::Post task execution logs
[2026-04-23T08:04:15.525+0000] {taskinstance.py:352} INFO - Marking task as SUCCESS. dag_id=BuildELT_dbt, task_id=dbt_run, run_id=manual__2026-04-23T08:03:54.438332+00:00, execution_date=20260423T080354, start_date=20260423T080355, end_date=20260423T080415
[2026-04-23T08:04:15.563+0000] {local_task_job_runner.py:266} INFO - Task exited with return code 0
[2026-04-23T08:04:15.590+0000] {taskinstance.py:3900} INFO - 1 downstream tasks scheduled from follow-on schedule check
[2026-04-23T08:04:15.592+0000] {local_task_job_runner.py:245} INFO - ::endgroup::
