[2026-04-23T22:40:40.051+0000] {local_task_job_runner.py:123} INFO - ::group::Pre task execution logs
[2026-04-23T22:40:40.072+0000] {taskinstance.py:2612} INFO - Dependencies all met for dep_context=non-requeueable deps ti=<TaskInstance: BuildELT_dbt.dbt_run scheduled__2026-04-22T08:00:00+00:00 [queued]>
[2026-04-23T22:40:40.082+0000] {taskinstance.py:2612} INFO - Dependencies all met for dep_context=requeueable deps ti=<TaskInstance: BuildELT_dbt.dbt_run scheduled__2026-04-22T08:00:00+00:00 [queued]>
[2026-04-23T22:40:40.082+0000] {taskinstance.py:2865} INFO - Starting attempt 1 of 1
[2026-04-23T22:40:40.098+0000] {taskinstance.py:2888} INFO - Executing <Task(BashOperator): dbt_run> on 2026-04-22 08:00:00+00:00
[2026-04-23T22:40:40.107+0000] {standard_task_runner.py:104} INFO - Running: ['***', 'tasks', 'run', 'BuildELT_dbt', 'dbt_run', 'scheduled__2026-04-22T08:00:00+00:00', '--job-id', '97', '--raw', '--subdir', 'DAGS_FOLDER/build_elt_with_dbt.py', '--cfg-path', '/tmp/tmpipgqrc3d']
[2026-04-23T22:40:40.111+0000] {standard_task_runner.py:105} INFO - Job 97: Subtask dbt_run
[2026-04-23T22:40:40.112+0000] {logging_mixin.py:190} WARNING - /home/***/.local/lib/python3.12/site-packages/***/task/task_runner/standard_task_runner.py:70 DeprecationWarning: This process (pid=77781) is multi-threaded, use of fork() may lead to deadlocks in the child.
[2026-04-23T22:40:40.114+0000] {standard_task_runner.py:72} INFO - Started process 77782 to run task
[2026-04-23T22:40:40.159+0000] {task_command.py:467} INFO - Running <TaskInstance: BuildELT_dbt.dbt_run scheduled__2026-04-22T08:00:00+00:00 [running]> on host aa30302fbfc5
[2026-04-23T22:40:40.262+0000] {taskinstance.py:3131} INFO - Exporting env vars: AIRFLOW_CTX_DAG_OWNER='***' AIRFLOW_CTX_DAG_ID='BuildELT_dbt' AIRFLOW_CTX_TASK_ID='dbt_run' AIRFLOW_CTX_EXECUTION_DATE='2026-04-22T08:00:00+00:00' AIRFLOW_CTX_TRY_NUMBER='1' AIRFLOW_CTX_DAG_RUN_ID='scheduled__2026-04-22T08:00:00+00:00'
[2026-04-23T22:40:40.263+0000] {taskinstance.py:731} INFO - ::endgroup::
[2026-04-23T22:40:40.295+0000] {subprocess.py:63} INFO - Tmp dir root location: /tmp
[2026-04-23T22:40:40.297+0000] {subprocess.py:75} INFO - Running command: ['/usr/bin/bash', '-c', '/home/***/.local/bin/dbt run --profiles-dir /opt/***/dbt --project-dir /opt/***/dbt']
[2026-04-23T22:40:40.311+0000] {subprocess.py:86} INFO - Output:
[2026-04-23T22:40:42.649+0000] {subprocess.py:93} INFO - [0m22:40:42  Running with dbt=1.8.7
[2026-04-23T22:40:44.083+0000] {subprocess.py:93} INFO - [0m22:40:44  Registered adapter: snowflake=1.8.1
[2026-04-23T22:40:45.037+0000] {subprocess.py:93} INFO - [0m22:40:45  Found 5 models, 5 data tests, 4 snapshots, 5 sources, 454 macros
[2026-04-23T22:40:45.040+0000] {subprocess.py:93} INFO - [0m22:40:45
[2026-04-23T22:40:48.743+0000] {subprocess.py:93} INFO - [0m22:40:48  Concurrency: 1 threads (target='dev')
[2026-04-23T22:40:48.744+0000] {subprocess.py:93} INFO - [0m22:40:48
[2026-04-23T22:40:48.776+0000] {subprocess.py:93} INFO - [0m22:40:48  1 of 4 START sql table model analytics.average_temps ........................... [RUN]
[2026-04-23T22:40:52.864+0000] {subprocess.py:93} INFO - [0m22:40:52  1 of 4 OK created sql table model analytics.average_temps ...................... [[32mSUCCESS 1[0m in 4.09s]
[2026-04-23T22:40:52.866+0000] {subprocess.py:93} INFO - [0m22:40:52  2 of 4 START sql table model analytics.percent_rainy_days_monthly .............. [RUN]
[2026-04-23T22:40:54.444+0000] {subprocess.py:93} INFO - [0m22:40:54  2 of 4 OK created sql table model analytics.percent_rainy_days_monthly ......... [[32mSUCCESS 1[0m in 1.58s]
[2026-04-23T22:40:54.446+0000] {subprocess.py:93} INFO - [0m22:40:54  3 of 4 START sql table model analytics.weather_code_distribution ............... [RUN]
[2026-04-23T22:40:57.228+0000] {subprocess.py:93} INFO - [0m22:40:57  3 of 4 OK created sql table model analytics.weather_code_distribution .......... [[32mSUCCESS 1[0m in 2.78s]
[2026-04-23T22:40:57.231+0000] {subprocess.py:93} INFO - [0m22:40:57  4 of 4 START sql table model analytics.weather_weekly_precipitation ............ [RUN]
[2026-04-23T22:40:58.921+0000] {subprocess.py:93} INFO - [0m22:40:58  4 of 4 OK created sql table model analytics.weather_weekly_precipitation ....... [[32mSUCCESS 1[0m in 1.69s]
[2026-04-23T22:40:58.925+0000] {subprocess.py:93} INFO - [0m22:40:58
[2026-04-23T22:40:58.925+0000] {subprocess.py:93} INFO - [0m22:40:58  Finished running 4 table models in 0 hours 0 minutes and 13.88 seconds (13.88s).
[2026-04-23T22:40:59.062+0000] {subprocess.py:93} INFO - [0m22:40:59
[2026-04-23T22:40:59.063+0000] {subprocess.py:93} INFO - [0m22:40:59  [32mCompleted successfully[0m
[2026-04-23T22:40:59.063+0000] {subprocess.py:93} INFO - [0m22:40:59
[2026-04-23T22:40:59.064+0000] {subprocess.py:93} INFO - [0m22:40:59  Done. PASS=4 WARN=0 ERROR=0 SKIP=0 TOTAL=4
[2026-04-23T22:40:59.822+0000] {subprocess.py:97} INFO - Command exited with return code 0
[2026-04-23T22:40:59.861+0000] {taskinstance.py:340} INFO - ::group::Post task execution logs
[2026-04-23T22:40:59.862+0000] {taskinstance.py:352} INFO - Marking task as SUCCESS. dag_id=BuildELT_dbt, task_id=dbt_run, run_id=scheduled__2026-04-22T08:00:00+00:00, execution_date=20260422T080000, start_date=20260423T224040, end_date=20260423T224059
[2026-04-23T22:40:59.924+0000] {local_task_job_runner.py:266} INFO - Task exited with return code 0
[2026-04-23T22:40:59.949+0000] {taskinstance.py:3900} INFO - 1 downstream tasks scheduled from follow-on schedule check
[2026-04-23T22:40:59.951+0000] {local_task_job_runner.py:245} INFO - ::endgroup::
