[2026-04-23T00:14:47.605+0000] {local_task_job_runner.py:123} INFO - ::group::Pre task execution logs
[2026-04-23T00:14:47.635+0000] {taskinstance.py:2612} INFO - Dependencies all met for dep_context=non-requeueable deps ti=<TaskInstance: BuildELT_dbt.dbt_run manual__2026-04-23T00:14:46.366908+00:00 [queued]>
[2026-04-23T00:14:47.649+0000] {taskinstance.py:2612} INFO - Dependencies all met for dep_context=requeueable deps ti=<TaskInstance: BuildELT_dbt.dbt_run manual__2026-04-23T00:14:46.366908+00:00 [queued]>
[2026-04-23T00:14:47.651+0000] {taskinstance.py:2865} INFO - Starting attempt 1 of 1
[2026-04-23T00:14:47.673+0000] {taskinstance.py:2888} INFO - Executing <Task(BashOperator): dbt_run> on 2026-04-23 00:14:46.366908+00:00
[2026-04-23T00:14:47.687+0000] {standard_task_runner.py:104} INFO - Running: ['***', 'tasks', 'run', 'BuildELT_dbt', 'dbt_run', 'manual__2026-04-23T00:14:46.366908+00:00', '--job-id', '18', '--raw', '--subdir', 'DAGS_FOLDER/build_elt_with_dbt.py', '--cfg-path', '/tmp/tmpfsf6hd0x']
[2026-04-23T00:14:47.691+0000] {standard_task_runner.py:105} INFO - Job 18: Subtask dbt_run
[2026-04-23T00:14:47.691+0000] {logging_mixin.py:190} WARNING - /home/***/.local/lib/python3.12/site-packages/***/task/task_runner/standard_task_runner.py:70 DeprecationWarning: This process (pid=31285) is multi-threaded, use of fork() may lead to deadlocks in the child.
[2026-04-23T00:14:47.693+0000] {standard_task_runner.py:72} INFO - Started process 31286 to run task
[2026-04-23T00:14:47.760+0000] {task_command.py:467} INFO - Running <TaskInstance: BuildELT_dbt.dbt_run manual__2026-04-23T00:14:46.366908+00:00 [running]> on host aa30302fbfc5
[2026-04-23T00:14:47.904+0000] {taskinstance.py:3131} INFO - Exporting env vars: AIRFLOW_CTX_DAG_OWNER='***' AIRFLOW_CTX_DAG_ID='BuildELT_dbt' AIRFLOW_CTX_TASK_ID='dbt_run' AIRFLOW_CTX_EXECUTION_DATE='2026-04-23T00:14:46.366908+00:00' AIRFLOW_CTX_TRY_NUMBER='1' AIRFLOW_CTX_DAG_RUN_ID='manual__2026-04-23T00:14:46.366908+00:00'
[2026-04-23T00:14:47.906+0000] {taskinstance.py:731} INFO - ::endgroup::
[2026-04-23T00:14:47.948+0000] {subprocess.py:63} INFO - Tmp dir root location: /tmp
[2026-04-23T00:14:47.951+0000] {subprocess.py:75} INFO - Running command: ['/usr/bin/bash', '-c', '/home/***/.local/bin/dbt run --profiles-dir /opt/***/dbt --project-dir /opt/***/dbt']
[2026-04-23T00:14:47.967+0000] {subprocess.py:86} INFO - Output:
[2026-04-23T00:14:50.856+0000] {subprocess.py:93} INFO - [0m00:14:50  Running with dbt=1.8.7
[2026-04-23T00:14:52.645+0000] {subprocess.py:93} INFO - [0m00:14:52  Registered adapter: snowflake=1.8.1
[2026-04-23T00:14:54.021+0000] {subprocess.py:93} INFO - [0m00:14:54  Found 3 models, 2 snapshots, 2 data tests, 3 sources, 454 macros
[2026-04-23T00:14:54.025+0000] {subprocess.py:93} INFO - [0m00:14:54
[2026-04-23T00:14:57.571+0000] {subprocess.py:93} INFO - [0m00:14:57  Concurrency: 1 threads (target='dev')
[2026-04-23T00:14:57.573+0000] {subprocess.py:93} INFO - [0m00:14:57
[2026-04-23T00:14:57.671+0000] {subprocess.py:93} INFO - [0m00:14:57  1 of 2 START sql table model analytics.average_temps ........................... [RUN]
[2026-04-23T00:14:58.878+0000] {subprocess.py:93} INFO - [0m00:14:58  1 of 2 ERROR creating sql table model analytics.average_temps .................. [[31mERROR[0m in 1.20s]
[2026-04-23T00:14:58.883+0000] {subprocess.py:93} INFO - [0m00:14:58  2 of 2 START sql table model analytics.weather_code_distribution ............... [RUN]
[2026-04-23T00:15:00.423+0000] {subprocess.py:93} INFO - [0m00:15:00  2 of 2 ERROR creating sql table model analytics.weather_code_distribution ...... [[31mERROR[0m in 1.54s]
[2026-04-23T00:15:00.432+0000] {subprocess.py:93} INFO - [0m00:15:00
[2026-04-23T00:15:00.433+0000] {subprocess.py:93} INFO - [0m00:15:00  Finished running 2 table models in 0 hours 0 minutes and 6.41 seconds (6.41s).
[2026-04-23T00:15:00.534+0000] {subprocess.py:93} INFO - [0m00:15:00
[2026-04-23T00:15:00.536+0000] {subprocess.py:93} INFO - [0m00:15:00  [31mCompleted with 2 errors and 0 warnings:[0m
[2026-04-23T00:15:00.537+0000] {subprocess.py:93} INFO - [0m00:15:00
[2026-04-23T00:15:00.538+0000] {subprocess.py:93} INFO - [0m00:15:00    Database Error in model average_temps (models/analytics/average_temps.sql)
[2026-04-23T00:15:00.539+0000] {subprocess.py:93} INFO -   000904 (42000): SQL compilation error: error line 4 at position 60
[2026-04-23T00:15:00.540+0000] {subprocess.py:93} INFO -   invalid identifier 'PERCIPITATION'
[2026-04-23T00:15:00.540+0000] {subprocess.py:93} INFO -   compiled code at target/run/build_mau/models/analytics/average_temps.sql
[2026-04-23T00:15:00.541+0000] {subprocess.py:93} INFO - [0m00:15:00
[2026-04-23T00:15:00.542+0000] {subprocess.py:93} INFO - [0m00:15:00    Database Error in model weather_code_distribution (models/analytics/weather_code_distribution.sql)
[2026-04-23T00:15:00.543+0000] {subprocess.py:93} INFO -   000904 (42000): SQL compilation error: error line 4 at position 60
[2026-04-23T00:15:00.544+0000] {subprocess.py:93} INFO -   invalid identifier 'PERCIPITATION'
[2026-04-23T00:15:00.544+0000] {subprocess.py:93} INFO -   compiled code at target/run/build_mau/models/analytics/weather_code_distribution.sql
[2026-04-23T00:15:00.545+0000] {subprocess.py:93} INFO - [0m00:15:00
[2026-04-23T00:15:00.546+0000] {subprocess.py:93} INFO - [0m00:15:00  Done. PASS=0 WARN=0 ERROR=2 SKIP=0 TOTAL=2
[2026-04-23T00:15:01.535+0000] {subprocess.py:97} INFO - Command exited with return code 1
[2026-04-23T00:15:01.556+0000] {taskinstance.py:3310} ERROR - Task failed with exception
Traceback (most recent call last):
  File "/home/airflow/.local/lib/python3.12/site-packages/airflow/models/taskinstance.py", line 767, in _execute_task
    result = _execute_callable(context=context, **execute_callable_kwargs)
             ^^^^^^^^^^^^^^^^^^^^^^^^^^^^^^^^^^^^^^^^^^^^^^^^^^^^^^^^^^^^^
  File "/home/airflow/.local/lib/python3.12/site-packages/airflow/models/taskinstance.py", line 733, in _execute_callable
    return ExecutionCallableRunner(
           ^^^^^^^^^^^^^^^^^^^^^^^^
  File "/home/airflow/.local/lib/python3.12/site-packages/airflow/utils/operator_helpers.py", line 252, in run
    return self.func(*args, **kwargs)
           ^^^^^^^^^^^^^^^^^^^^^^^^^^
  File "/home/airflow/.local/lib/python3.12/site-packages/airflow/models/baseoperator.py", line 406, in wrapper
    return func(self, *args, **kwargs)
           ^^^^^^^^^^^^^^^^^^^^^^^^^^^
  File "/home/airflow/.local/lib/python3.12/site-packages/airflow/operators/bash.py", line 249, in execute
    raise AirflowException(
airflow.exceptions.AirflowException: Bash command failed. The command returned a non-zero exit code 1.
[2026-04-23T00:15:01.569+0000] {taskinstance.py:1225} INFO - Marking task as FAILED. dag_id=BuildELT_dbt, task_id=dbt_run, run_id=manual__2026-04-23T00:14:46.366908+00:00, execution_date=20260423T001446, start_date=20260423T001447, end_date=20260423T001501
[2026-04-23T00:15:01.593+0000] {taskinstance.py:340} INFO - ::group::Post task execution logs
[2026-04-23T00:15:01.594+0000] {standard_task_runner.py:124} ERROR - Failed to execute job 18 for task dbt_run (Bash command failed. The command returned a non-zero exit code 1.; 31286)
Traceback (most recent call last):
  File "/home/airflow/.local/lib/python3.12/site-packages/airflow/task/task_runner/standard_task_runner.py", line 117, in _start_by_fork
    ret = args.func(args, dag=self.dag)
          ^^^^^^^^^^^^^^^^^^^^^^^^^^^^^
  File "/home/airflow/.local/lib/python3.12/site-packages/airflow/cli/cli_config.py", line 49, in command
    return func(*args, **kwargs)
           ^^^^^^^^^^^^^^^^^^^^^
  File "/home/airflow/.local/lib/python3.12/site-packages/airflow/utils/cli.py", line 115, in wrapper
    return f(*args, **kwargs)
           ^^^^^^^^^^^^^^^^^^
  File "/home/airflow/.local/lib/python3.12/site-packages/airflow/cli/commands/task_command.py", line 483, in task_run
    task_return_code = _run_task_by_selected_method(args, _dag, ti)
                       ^^^^^^^^^^^^^^^^^^^^^^^^^^^^^^^^^^^^^^^^^^^^
  File "/home/airflow/.local/lib/python3.12/site-packages/airflow/cli/commands/task_command.py", line 256, in _run_task_by_selected_method
    return _run_raw_task(args, ti)
           ^^^^^^^^^^^^^^^^^^^^^^^
  File "/home/airflow/.local/lib/python3.12/site-packages/airflow/cli/commands/task_command.py", line 341, in _run_raw_task
    return ti._run_raw_task(
           ^^^^^^^^^^^^^^^^^
  File "/home/airflow/.local/lib/python3.12/site-packages/airflow/utils/session.py", line 97, in wrapper
    return func(*args, session=session, **kwargs)
           ^^^^^^^^^^^^^^^^^^^^^^^^^^^^^^^^^^^^^^
  File "/home/airflow/.local/lib/python3.12/site-packages/airflow/models/taskinstance.py", line 3004, in _run_raw_task
    return _run_raw_task(
           ^^^^^^^^^^^^^^
  File "/home/airflow/.local/lib/python3.12/site-packages/airflow/models/taskinstance.py", line 273, in _run_raw_task
    TaskInstance._execute_task_with_callbacks(
  File "/home/airflow/.local/lib/python3.12/site-packages/airflow/models/taskinstance.py", line 3158, in _execute_task_with_callbacks
    result = self._execute_task(context, task_orig)
             ^^^^^^^^^^^^^^^^^^^^^^^^^^^^^^^^^^^^^^
  File "/home/airflow/.local/lib/python3.12/site-packages/airflow/models/taskinstance.py", line 3182, in _execute_task
    return _execute_task(self, context, task_orig)
           ^^^^^^^^^^^^^^^^^^^^^^^^^^^^^^^^^^^^^^^
  File "/home/airflow/.local/lib/python3.12/site-packages/airflow/models/taskinstance.py", line 767, in _execute_task
    result = _execute_callable(context=context, **execute_callable_kwargs)
             ^^^^^^^^^^^^^^^^^^^^^^^^^^^^^^^^^^^^^^^^^^^^^^^^^^^^^^^^^^^^^
  File "/home/airflow/.local/lib/python3.12/site-packages/airflow/models/taskinstance.py", line 733, in _execute_callable
    return ExecutionCallableRunner(
           ^^^^^^^^^^^^^^^^^^^^^^^^
  File "/home/airflow/.local/lib/python3.12/site-packages/airflow/utils/operator_helpers.py", line 252, in run
    return self.func(*args, **kwargs)
           ^^^^^^^^^^^^^^^^^^^^^^^^^^
  File "/home/airflow/.local/lib/python3.12/site-packages/airflow/models/baseoperator.py", line 406, in wrapper
    return func(self, *args, **kwargs)
           ^^^^^^^^^^^^^^^^^^^^^^^^^^^
  File "/home/airflow/.local/lib/python3.12/site-packages/airflow/operators/bash.py", line 249, in execute
    raise AirflowException(
airflow.exceptions.AirflowException: Bash command failed. The command returned a non-zero exit code 1.
[2026-04-23T00:15:01.658+0000] {local_task_job_runner.py:266} INFO - Task exited with return code 1
[2026-04-23T00:15:01.698+0000] {taskinstance.py:3900} INFO - 0 downstream tasks scheduled from follow-on schedule check
[2026-04-23T00:15:01.705+0000] {local_task_job_runner.py:245} INFO - ::endgroup::
