[2026-04-23T00:35:05.089+0000] {local_task_job_runner.py:123} INFO - ::group::Pre task execution logs
[2026-04-23T00:35:05.117+0000] {taskinstance.py:2612} INFO - Dependencies all met for dep_context=non-requeueable deps ti=<TaskInstance: Open_Meteo.transform scheduled__2026-04-21T07:30:00+00:00 [queued]>
[2026-04-23T00:35:05.130+0000] {taskinstance.py:2612} INFO - Dependencies all met for dep_context=requeueable deps ti=<TaskInstance: Open_Meteo.transform scheduled__2026-04-21T07:30:00+00:00 [queued]>
[2026-04-23T00:35:05.132+0000] {taskinstance.py:2865} INFO - Starting attempt 1 of 1
[2026-04-23T00:35:05.149+0000] {taskinstance.py:2888} INFO - Executing <Task(_PythonDecoratedOperator): transform> on 2026-04-21 07:30:00+00:00
[2026-04-23T00:35:05.166+0000] {logging_mixin.py:190} WARNING - /home/***/.local/lib/python3.12/site-packages/***/task/task_runner/standard_task_runner.py:70 DeprecationWarning: This process (pid=33723) is multi-threaded, use of fork() may lead to deadlocks in the child.
[2026-04-23T00:35:05.166+0000] {standard_task_runner.py:104} INFO - Running: ['***', 'tasks', 'run', 'Open_Meteo', 'transform', 'scheduled__2026-04-21T07:30:00+00:00', '--job-id', '27', '--raw', '--subdir', 'DAGS_FOLDER/226 - lab 1 - Open Meteo.py', '--cfg-path', '/tmp/tmpu6j0avu8']
[2026-04-23T00:35:05.169+0000] {standard_task_runner.py:72} INFO - Started process 33726 to run task
[2026-04-23T00:35:05.169+0000] {standard_task_runner.py:105} INFO - Job 27: Subtask transform
[2026-04-23T00:35:05.265+0000] {task_command.py:467} INFO - Running <TaskInstance: Open_Meteo.transform scheduled__2026-04-21T07:30:00+00:00 [running]> on host aa30302fbfc5
[2026-04-23T00:35:05.583+0000] {taskinstance.py:3131} INFO - Exporting env vars: AIRFLOW_CTX_DAG_OWNER='***' AIRFLOW_CTX_DAG_ID='Open_Meteo' AIRFLOW_CTX_TASK_ID='transform' AIRFLOW_CTX_EXECUTION_DATE='2026-04-21T07:30:00+00:00' AIRFLOW_CTX_TRY_NUMBER='1' AIRFLOW_CTX_DAG_RUN_ID='scheduled__2026-04-21T07:30:00+00:00'
[2026-04-23T00:35:05.585+0000] {taskinstance.py:731} INFO - ::endgroup::
[2026-04-23T00:35:05.607+0000] {python.py:240} INFO - Done. Returned value was: [[37.347546, -121.88084, '2026-02-22', 'San Jose', 19.9, 6.7, 0.0, '3'], [37.347546, -121.88084, '2026-02-23', 'San Jose', 22.3, 6.7, 0.0, '3'], [37.347546, -121.88084, '2026-02-24', 'San Jose', 22.1, 12.6, 0.1, '51'], [37.347546, -121.88084, '2026-02-25', 'San Jose', 21.8, 15.2, 0.0, '3'], [37.347546, -121.88084, '2026-02-26', 'San Jose', 22.0, 12.3, 0.0, '45'], [37.347546, -121.88084, '2026-02-27', 'San Jose', 25.8, 12.0, 0.0, '3'], [37.347546, -121.88084, '2026-02-28', 'San Jose', 26.6, 13.2, 0.0, '3'], [37.347546, -121.88084, '2026-03-01', 'San Jose', 25.2, 12.9, 0.0, '3'], [37.347546, -121.88084, '2026-03-02', 'San Jose', 19.5, 11.4, 0.0, '3'], [37.347546, -121.88084, '2026-03-03', 'San Jose', 20.5, 11.9, 0.0, '3'], [37.347546, -121.88084, '2026-03-04', 'San Jose', 19.4, 10.3, 0.0, '3'], [37.347546, -121.88084, '2026-03-05', 'San Jose', 18.8, 6.4, 0.0, '1'], [37.347546, -121.88084, '2026-03-06', 'San Jose', 21.6, 7.7, 0.0, '0'], [37.347546, -121.88084, '2026-03-07', 'San Jose', 24.3, 7.9, 0.0, '1'], [37.347546, -121.88084, '2026-03-08', 'San Jose', 25.3, 10.1, 0.0, '0'], [37.347546, -121.88084, '2026-03-09', 'San Jose', 23.8, 10.0, 0.0, '3'], [37.347546, -121.88084, '2026-03-10', 'San Jose', 21.8, 9.6, 0.0, '45'], [37.347546, -121.88084, '2026-03-11', 'San Jose', 23.8, 6.7, 0.0, '2'], [37.347546, -121.88084, '2026-03-12', 'San Jose', 25.5, 8.4, 0.0, '1'], [37.347546, -121.88084, '2026-03-13', 'San Jose', 24.8, 8.3, 0.0, '3'], [37.347546, -121.88084, '2026-03-14', 'San Jose', 22.8, 8.9, 0.0, '45'], [37.347546, -121.88084, '2026-03-15', 'San Jose', 27.6, 9.9, 0.0, '45'], [37.347546, -121.88084, '2026-03-16', 'San Jose', 30.6, 10.5, 0.0, '2'], [37.347546, -121.88084, '2026-03-17', 'San Jose', 31.1, 12.3, 0.0, '2'], [37.347546, -121.88084, '2026-03-18', 'San Jose', 31.4, 14.4, 0.0, '0'], [37.347546, -121.88084, '2026-03-19', 'San Jose', 30.6, 13.8, 0.0, '1'], [37.347546, -121.88084, '2026-03-20', 'San Jose', 32.0, 13.3, 0.0, '0'], [37.347546, -121.88084, '2026-03-21', 'San Jose', 32.0, 14.7, 0.0, '3'], [37.347546, -121.88084, '2026-03-22', 'San Jose', 26.8, 9.9, 0.0, '0'], [37.347546, -121.88084, '2026-03-23', 'San Jose', 27.6, 10.6, 0.0, '3'], [37.347546, -121.88084, '2026-03-24', 'San Jose', 27.1, 10.8, 0.0, '0'], [37.347546, -121.88084, '2026-03-25', 'San Jose', 27.0, 9.5, 0.0, '3'], [37.347546, -121.88084, '2026-03-26', 'San Jose', 24.3, 8.8, 0.0, '3'], [37.347546, -121.88084, '2026-03-27', 'San Jose', 27.7, 10.1, 0.0, '3'], [37.347546, -121.88084, '2026-03-28', 'San Jose', 27.6, 10.0, 0.0, '3'], [37.347546, -121.88084, '2026-03-29', 'San Jose', 29.8, 11.0, 0.0, '3'], [37.347546, -121.88084, '2026-03-30', 'San Jose', 29.1, 12.6, 0.0, '3'], [37.347546, -121.88084, '2026-03-31', 'San Jose', 23.0, 14.9, 0.4, '51'], [37.347546, -121.88084, '2026-04-01', 'San Jose', 19.3, 13.5, 0.0, '3'], [37.347546, -121.88084, '2026-04-02', 'San Jose', 18.3, 10.3, 0.5, '51'], [37.347546, -121.88084, '2026-04-03', 'San Jose', 24.3, 6.5, 0.0, '2'], [37.347546, -121.88084, '2026-04-04', 'San Jose', 29.2, 8.9, 0.0, '2'], [37.347546, -121.88084, '2026-04-05', 'San Jose', 30.7, 11.0, 0.0, '3'], [37.347546, -121.88084, '2026-04-06', 'San Jose', 27.7, 11.9, 0.0, '3'], [37.347546, -121.88084, '2026-04-07', 'San Jose', 22.0, 10.8, 0.0, '3'], [37.347546, -121.88084, '2026-04-08', 'San Jose', 25.2, 10.6, 0.0, '3'], [37.347546, -121.88084, '2026-04-09', 'San Jose', 24.7, 13.5, 0.0, '3'], [37.347546, -121.88084, '2026-04-10', 'San Jose', 23.0, 14.1, 2.8, '61'], [37.347546, -121.88084, '2026-04-11', 'San Jose', 18.4, 13.1, 1.8, '53'], [37.347546, -121.88084, '2026-04-12', 'San Jose', 15.0, 10.1, 21.9, '65'], [37.347546, -121.88084, '2026-04-13', 'San Jose', 18.4, 10.5, 0.0, '3'], [37.347546, -121.88084, '2026-04-14', 'San Jose', 18.4, 8.7, 0.0, '3'], [37.347546, -121.88084, '2026-04-15', 'San Jose', 19.0, 8.4, 0.0, '3'], [37.347546, -121.88084, '2026-04-16', 'San Jose', 21.0, 9.8, 0.0, '3'], [37.347546, -121.88084, '2026-04-17', 'San Jose', 22.6, 9.3, 0.0, '3'], [37.347546, -121.88084, '2026-04-18', 'San Jose', 25.2, 8.5, 0.0, '3'], [37.347546, -121.88084, '2026-04-19', 'San Jose', 24.4, 10.7, 0.0, '3'], [37.347546, -121.88084, '2026-04-20', 'San Jose', 23.0, 9.8, 0.1, '51'], [37.347546, -121.88084, '2026-04-21', 'San Jose', 16.8, 12.3, 15.7, '81'], [37.347546, -121.88084, '2026-04-22', 'San Jose', 17.7, 9.1, 0.2, '51'], [39.135197, -120.096176, '2026-02-22', 'Lake Tahoe', -5.0, -8.9, 0.0, '3'], [39.135197, -120.096176, '2026-02-23', 'Lake Tahoe', -1.7, -11.6, 0.0, '2'], [39.135197, -120.096176, '2026-02-24', 'Lake Tahoe', -1.7, -6.8, 15.7, '63'], [39.135197, -120.096176, '2026-02-25', 'Lake Tahoe', -2.4, -6.2, 12.1, '61'], [39.135197, -120.096176, '2026-02-26', 'Lake Tahoe', -1.4, -6.2, 0.0, '3'], [39.135197, -120.096176, '2026-02-27', 'Lake Tahoe', 0.1, -8.6, 0.0, '45'], [39.135197, -120.096176, '2026-02-28', 'Lake Tahoe', 0.7, -6.8, 0.0, '45'], [39.135197, -120.096176, '2026-03-01', 'Lake Tahoe', 0.2, -6.4, 0.1, '51'], [39.135197, -120.096176, '2026-03-02', 'Lake Tahoe', -4.8, -9.3, 0.0, '45'], [39.135197, -120.096176, '2026-03-03', 'Lake Tahoe', -3.5, -9.5, 0.0, '45'], [39.135197, -120.096176, '2026-03-04', 'Lake Tahoe', -2.5, -9.0, 0.0, '3'], [39.135197, -120.096176, '2026-03-05', 'Lake Tahoe', -8.1, -12.8, 0.2, '71'], [39.135197, -120.096176, '2026-03-06', 'Lake Tahoe', -8.2, -12.6, 0.0, '3'], [39.135197, -120.096176, '2026-03-07', 'Lake Tahoe', -5.7, -10.3, 0.0, '0'], [39.135197, -120.096176, '2026-03-08', 'Lake Tahoe', -2.3, -7.3, 0.0, '0'], [39.135197, -120.096176, '2026-03-09', 'Lake Tahoe', 0.9, -10.6, 0.0, '3'], [39.135197, -120.096176, '2026-03-10', 'Lake Tahoe', -0.6, -7.1, 0.0, '3'], [39.135197, -120.096176, '2026-03-11', 'Lake Tahoe', -0.7, -12.0, 0.0, '3'], [39.135197, -120.096176, '2026-03-12', 'Lake Tahoe', 0.0, -11.3, 0.0, '3'], [39.135197, -120.096176, '2026-03-13', 'Lake Tahoe', 2.5, -10.3, 0.0, '3'], [39.135197, -120.096176, '2026-03-14', 'Lake Tahoe', 0.4, -5.7, 0.0, '3'], [39.135197, -120.096176, '2026-03-15', 'Lake Tahoe', 0.0, -8.2, 0.0, '45'], [39.135197, -120.096176, '2026-03-16', 'Lake Tahoe', 1.4, -9.7, 0.0, '3'], [39.135197, -120.096176, '2026-03-17', 'Lake Tahoe', 2.7, -8.7, 0.0, '45'], [39.135197, -120.096176, '2026-03-18', 'Lake Tahoe', 2.0, -6.9, 0.0, '45'], [39.135197, -120.096176, '2026-03-19', 'Lake Tahoe', 4.3, -6.1, 0.0, '1'], [39.135197, -120.096176, '2026-03-20', 'Lake Tahoe', 2.7, -9.0, 0.0, '45'], [39.135197, -120.096176, '2026-03-21', 'Lake Tahoe', 4.7, -6.4, 0.0, '3'], [39.135197, -120.096176, '2026-03-22', 'Lake Tahoe', 5.1, -6.7, 0.0, '2'], [39.135197, -120.096176, '2026-03-23', 'Lake Tahoe', 3.3, -2.9, 0.0, '3'], [39.135197, -120.096176, '2026-03-24', 'Lake Tahoe', 5.0, -5.4, 0.0, '2'], [39.135197, -120.096176, '2026-03-25', 'Lake Tahoe', 5.0, -7.8, 0.0, '2'], [39.135197, -120.096176, '2026-03-26', 'Lake Tahoe', 2.7, -9.3, 0.0, '3'], [39.135197, -120.096176, '2026-03-27', 'Lake Tahoe', 0.1, -6.6, 0.0, '3'], [39.135197, -120.096176, '2026-03-28', 'Lake Tahoe', 3.5, -6.4, 0.0, '3'], [39.135197, -120.096176, '2026-03-29', 'Lake Tahoe', 3.4, -8.9, 0.0, '2'], [39.135197, -120.096176, '2026-03-30', 'Lake Tahoe', 3.0, -7.4, 0.0, '3'], [39.135197, -120.096176, '2026-03-31', 'Lake Tahoe', -0.2, -7.0, 1.5, '53'], [39.135197, -120.096176, '2026-04-01', 'Lake Tahoe', -7.3, -10.5, 9.5, '75'], [39.135197, -120.096176, '2026-04-02', 'Lake Tahoe', -7.0, -12.5, 12.0, '73'], [39.135197, -120.096176, '2026-04-03', 'Lake Tahoe', -4.3, -12.2, 0.0, '0'], [39.135197, -120.096176, '2026-04-04', 'Lake Tahoe', -0.1, -9.3, 0.0, '0'], [39.135197, -120.096176, '2026-04-05', 'Lake Tahoe', 0.3, -9.1, 0.0, '3'], [39.135197, -120.096176, '2026-04-06', 'Lake Tahoe', 3.0, -8.3, 0.0, '3'], [39.135197, -120.096176, '2026-04-07', 'Lake Tahoe', 2.5, -8.3, 0.0, '45'], [39.135197, -120.096176, '2026-04-08', 'Lake Tahoe', 3.2, -8.7, 0.0, '3'], [39.135197, -120.096176, '2026-04-09', 'Lake Tahoe', 0.8, -6.8, 0.4, '51'], [39.135197, -120.096176, '2026-04-10', 'Lake Tahoe', -1.3, -9.8, 11.7, '75'], [39.135197, -120.096176, '2026-04-11', 'Lake Tahoe', -7.0, -10.2, 9.7, '73'], [39.135197, -120.096176, '2026-04-12', 'Lake Tahoe', -6.9, -13.1, 15.9, '75'], [39.135197, -120.096176, '2026-04-13', 'Lake Tahoe', -7.5, -12.9, 5.4, '73'], [39.135197, -120.096176, '2026-04-14', 'Lake Tahoe', -5.5, -10.8, 0.0, '45'], [39.135197, -120.096176, '2026-04-15', 'Lake Tahoe', -4.9, -8.9, 0.0, '3'], [39.135197, -120.096176, '2026-04-16', 'Lake Tahoe', -5.0, -9.5, 0.0, '3'], [39.135197, -120.096176, '2026-04-17', 'Lake Tahoe', -5.4, -14.3, 0.0, '0'], [39.135197, -120.096176, '2026-04-18', 'Lake Tahoe', -1.3, -8.8, 0.0, '3'], [39.135197, -120.096176, '2026-04-19', 'Lake Tahoe', 1.8, -7.2, 0.0, '45'], [39.135197, -120.096176, '2026-04-20', 'Lake Tahoe', 0.9, -4.7, 0.0, '3'], [39.135197, -120.096176, '2026-04-21', 'Lake Tahoe', -0.9, -11.5, 4.7, '75'], [39.135197, -120.096176, '2026-04-22', 'Lake Tahoe', -9.0, -12.9, 2.3, '73']]
[2026-04-23T00:35:05.650+0000] {taskinstance.py:340} INFO - ::group::Post task execution logs
[2026-04-23T00:35:05.651+0000] {taskinstance.py:352} INFO - Marking task as SUCCESS. dag_id=Open_Meteo, task_id=transform, run_id=scheduled__2026-04-21T07:30:00+00:00, execution_date=20260421T073000, start_date=20260423T003505, end_date=20260423T003505
[2026-04-23T00:35:05.727+0000] {local_task_job_runner.py:266} INFO - Task exited with return code 0
[2026-04-23T00:35:05.744+0000] {taskinstance.py:3925} ERROR - Error scheduling downstream tasks. Skipping it as this is entirely optional optimisation. There might be various reasons for it, please take a look at the stack trace to figure out if the root cause can be diagnosed and fixed. See the issue https://github.com/apache/***/issues/39717 for details and an example problem. If you would like to get help in solving root cause, open discussion with all details with your managed service support or in Airflow repository.
Traceback (most recent call last):
  File "/home/airflow/.local/lib/python3.12/site-packages/airflow/models/taskinstance.py", line 3921, in schedule_downstream_tasks
    return TaskInstance._schedule_downstream_tasks(
           ^^^^^^^^^^^^^^^^^^^^^^^^^^^^^^^^^^^^^^^^
  File "/home/airflow/.local/lib/python3.12/site-packages/airflow/utils/session.py", line 94, in wrapper
    return func(*args, **kwargs)
           ^^^^^^^^^^^^^^^^^^^^^
  File "/home/airflow/.local/lib/python3.12/site-packages/airflow/models/taskinstance.py", line 3870, in _schedule_downstream_tasks
    partial_dag = task.dag.partial_subset(
                  ^^^^^^^^^^^^^^^^^^^^^^^^
  File "/home/airflow/.local/lib/python3.12/site-packages/airflow/models/dag.py", line 2664, in partial_subset
    t.task_id: _deepcopy_task(t)
               ^^^^^^^^^^^^^^^^^
  File "/home/airflow/.local/lib/python3.12/site-packages/airflow/models/dag.py", line 2661, in _deepcopy_task
    return copy.deepcopy(t, memo)
           ^^^^^^^^^^^^^^^^^^^^^^
  File "/usr/local/lib/python3.12/copy.py", line 143, in deepcopy
    y = copier(memo)
        ^^^^^^^^^^^^
  File "/home/airflow/.local/lib/python3.12/site-packages/airflow/models/baseoperator.py", line 1388, in __deepcopy__
    setattr(result, k, copy.deepcopy(v, memo))
                       ^^^^^^^^^^^^^^^^^^^^^^
  File "/usr/local/lib/python3.12/copy.py", line 136, in deepcopy
    y = copier(x, memo)
        ^^^^^^^^^^^^^^^
  File "/usr/local/lib/python3.12/copy.py", line 221, in _deepcopy_dict
    y[deepcopy(key, memo)] = deepcopy(value, memo)
                             ^^^^^^^^^^^^^^^^^^^^^
  File "/usr/local/lib/python3.12/copy.py", line 136, in deepcopy
    y = copier(x, memo)
        ^^^^^^^^^^^^^^^
  File "/usr/local/lib/python3.12/copy.py", line 201, in _deepcopy_tuple
    y = [deepcopy(a, memo) for a in x]
         ^^^^^^^^^^^^^^^^^
  File "/usr/local/lib/python3.12/copy.py", line 162, in deepcopy
    y = _reconstruct(x, memo, *rv)
        ^^^^^^^^^^^^^^^^^^^^^^^^^^
  File "/usr/local/lib/python3.12/copy.py", line 259, in _reconstruct
    state = deepcopy(state, memo)
            ^^^^^^^^^^^^^^^^^^^^^
  File "/usr/local/lib/python3.12/copy.py", line 136, in deepcopy
    y = copier(x, memo)
        ^^^^^^^^^^^^^^^
  File "/usr/local/lib/python3.12/copy.py", line 221, in _deepcopy_dict
    y[deepcopy(key, memo)] = deepcopy(value, memo)
                             ^^^^^^^^^^^^^^^^^^^^^
  File "/usr/local/lib/python3.12/copy.py", line 151, in deepcopy
    rv = reductor(4)
         ^^^^^^^^^^^
TypeError: cannot pickle '_thread.lock' object
[2026-04-23T00:35:05.752+0000] {local_task_job_runner.py:245} INFO - ::endgroup::
