[2026-04-23T07:27:41.308+0000] {local_task_job_runner.py:123} INFO - ::group::Pre task execution logs
[2026-04-23T07:27:41.327+0000] {taskinstance.py:2612} INFO - Dependencies all met for dep_context=non-requeueable deps ti=<TaskInstance: BuildELT_dbt.dbt_run manual__2026-04-23T07:27:40.038369+00:00 [queued]>
[2026-04-23T07:27:41.335+0000] {taskinstance.py:2612} INFO - Dependencies all met for dep_context=requeueable deps ti=<TaskInstance: BuildELT_dbt.dbt_run manual__2026-04-23T07:27:40.038369+00:00 [queued]>
[2026-04-23T07:27:41.336+0000] {taskinstance.py:2865} INFO - Starting attempt 1 of 1
[2026-04-23T07:27:41.350+0000] {taskinstance.py:2888} INFO - Executing <Task(BashOperator): dbt_run> on 2026-04-23 07:27:40.038369+00:00
[2026-04-23T07:27:41.360+0000] {standard_task_runner.py:104} INFO - Running: ['***', 'tasks', 'run', 'BuildELT_dbt', 'dbt_run', 'manual__2026-04-23T07:27:40.038369+00:00', '--job-id', '66', '--raw', '--subdir', 'DAGS_FOLDER/build_elt_with_dbt.py', '--cfg-path', '/tmp/tmpypa6sg4d']
[2026-04-23T07:27:41.363+0000] {standard_task_runner.py:105} INFO - Job 66: Subtask dbt_run
[2026-04-23T07:27:41.364+0000] {logging_mixin.py:190} WARNING - /home/***/.local/lib/python3.12/site-packages/***/task/task_runner/standard_task_runner.py:70 DeprecationWarning: This process (pid=47252) is multi-threaded, use of fork() may lead to deadlocks in the child.
[2026-04-23T07:27:41.365+0000] {standard_task_runner.py:72} INFO - Started process 47253 to run task
[2026-04-23T07:27:41.410+0000] {task_command.py:467} INFO - Running <TaskInstance: BuildELT_dbt.dbt_run manual__2026-04-23T07:27:40.038369+00:00 [running]> on host aa30302fbfc5
[2026-04-23T07:27:41.498+0000] {taskinstance.py:3131} INFO - Exporting env vars: AIRFLOW_CTX_DAG_OWNER='***' AIRFLOW_CTX_DAG_ID='BuildELT_dbt' AIRFLOW_CTX_TASK_ID='dbt_run' AIRFLOW_CTX_EXECUTION_DATE='2026-04-23T07:27:40.038369+00:00' AIRFLOW_CTX_TRY_NUMBER='1' AIRFLOW_CTX_DAG_RUN_ID='manual__2026-04-23T07:27:40.038369+00:00'
[2026-04-23T07:27:41.499+0000] {taskinstance.py:731} INFO - ::endgroup::
[2026-04-23T07:27:41.515+0000] {subprocess.py:63} INFO - Tmp dir root location: /tmp
[2026-04-23T07:27:41.516+0000] {subprocess.py:75} INFO - Running command: ['/usr/bin/bash', '-c', '/home/***/.local/bin/dbt run --profiles-dir /opt/***/dbt --project-dir /opt/***/dbt']
[2026-04-23T07:27:41.530+0000] {subprocess.py:86} INFO - Output:
[2026-04-23T07:27:43.626+0000] {subprocess.py:93} INFO - [0m07:27:43  Running with dbt=1.8.7
[2026-04-23T07:27:44.600+0000] {subprocess.py:93} INFO - [0m07:27:44  Registered adapter: snowflake=1.8.1
[2026-04-23T07:27:45.160+0000] {subprocess.py:93} INFO - [0m07:27:45  Found 5 models, 5 data tests, 4 snapshots, 5 sources, 454 macros
[2026-04-23T07:27:45.163+0000] {subprocess.py:93} INFO - [0m07:27:45
[2026-04-23T07:27:47.940+0000] {subprocess.py:93} INFO - [0m07:27:47  Concurrency: 1 threads (target='dev')
[2026-04-23T07:27:47.941+0000] {subprocess.py:93} INFO - [0m07:27:47
[2026-04-23T07:27:47.972+0000] {subprocess.py:93} INFO - [0m07:27:47  1 of 4 START sql table model analytics.average_temps ........................... [RUN]
[2026-04-23T07:27:51.129+0000] {subprocess.py:93} INFO - [0m07:27:51  1 of 4 OK created sql table model analytics.average_temps ...................... [[32mSUCCESS 1[0m in 3.15s]
[2026-04-23T07:27:51.132+0000] {subprocess.py:93} INFO - [0m07:27:51  2 of 4 START sql table model analytics.percent_rainy_days_monthly .............. [RUN]
[2026-04-23T07:27:53.326+0000] {subprocess.py:93} INFO - [0m07:27:53  2 of 4 OK created sql table model analytics.percent_rainy_days_monthly ......... [[32mSUCCESS 1[0m in 2.19s]
[2026-04-23T07:27:53.328+0000] {subprocess.py:93} INFO - [0m07:27:53  3 of 4 START sql table model analytics.weather_code_distribution ............... [RUN]
[2026-04-23T07:27:55.252+0000] {subprocess.py:93} INFO - [0m07:27:55  3 of 4 OK created sql table model analytics.weather_code_distribution .......... [[32mSUCCESS 1[0m in 1.92s]
[2026-04-23T07:27:55.255+0000] {subprocess.py:93} INFO - [0m07:27:55  4 of 4 START sql table model analytics.weather_weekly_precipitation ............ [RUN]
[2026-04-23T07:27:57.151+0000] {subprocess.py:93} INFO - [0m07:27:57  4 of 4 OK created sql table model analytics.weather_weekly_precipitation ....... [[32mSUCCESS 1[0m in 1.89s]
[2026-04-23T07:27:57.155+0000] {subprocess.py:93} INFO - [0m07:27:57
[2026-04-23T07:27:57.156+0000] {subprocess.py:93} INFO - [0m07:27:57  Finished running 4 table models in 0 hours 0 minutes and 11.99 seconds (11.99s).
[2026-04-23T07:27:57.207+0000] {subprocess.py:93} INFO - [0m07:27:57
[2026-04-23T07:27:57.208+0000] {subprocess.py:93} INFO - [0m07:27:57  [32mCompleted successfully[0m
[2026-04-23T07:27:57.208+0000] {subprocess.py:93} INFO - [0m07:27:57
[2026-04-23T07:27:57.209+0000] {subprocess.py:93} INFO - [0m07:27:57  Done. PASS=4 WARN=0 ERROR=0 SKIP=0 TOTAL=4
[2026-04-23T07:27:57.957+0000] {subprocess.py:97} INFO - Command exited with return code 0
[2026-04-23T07:27:57.991+0000] {taskinstance.py:340} INFO - ::group::Post task execution logs
[2026-04-23T07:27:57.992+0000] {taskinstance.py:352} INFO - Marking task as SUCCESS. dag_id=BuildELT_dbt, task_id=dbt_run, run_id=manual__2026-04-23T07:27:40.038369+00:00, execution_date=20260423T072740, start_date=20260423T072741, end_date=20260423T072757
[2026-04-23T07:27:58.032+0000] {local_task_job_runner.py:266} INFO - Task exited with return code 0
[2026-04-23T07:27:58.060+0000] {taskinstance.py:3900} INFO - 1 downstream tasks scheduled from follow-on schedule check
[2026-04-23T07:27:58.062+0000] {local_task_job_runner.py:245} INFO - ::endgroup::
