[2026-04-23T22:41:13.317+0000] {local_task_job_runner.py:123} INFO - ::group::Pre task execution logs
[2026-04-23T22:41:13.334+0000] {taskinstance.py:2612} INFO - Dependencies all met for dep_context=non-requeueable deps ti=<TaskInstance: BuildELT_dbt.dbt_snapshot scheduled__2026-04-22T08:00:00+00:00 [queued]>
[2026-04-23T22:41:13.342+0000] {taskinstance.py:2612} INFO - Dependencies all met for dep_context=requeueable deps ti=<TaskInstance: BuildELT_dbt.dbt_snapshot scheduled__2026-04-22T08:00:00+00:00 [queued]>
[2026-04-23T22:41:13.342+0000] {taskinstance.py:2865} INFO - Starting attempt 1 of 1
[2026-04-23T22:41:13.355+0000] {taskinstance.py:2888} INFO - Executing <Task(BashOperator): dbt_snapshot> on 2026-04-22 08:00:00+00:00
[2026-04-23T22:41:13.364+0000] {standard_task_runner.py:104} INFO - Running: ['***', 'tasks', 'run', 'BuildELT_dbt', 'dbt_snapshot', 'scheduled__2026-04-22T08:00:00+00:00', '--job-id', '99', '--raw', '--subdir', 'DAGS_FOLDER/build_elt_with_dbt.py', '--cfg-path', '/tmp/tmpb2r_xtwi']
[2026-04-23T22:41:13.367+0000] {standard_task_runner.py:105} INFO - Job 99: Subtask dbt_snapshot
[2026-04-23T22:41:13.368+0000] {logging_mixin.py:190} WARNING - /home/***/.local/lib/python3.12/site-packages/***/task/task_runner/standard_task_runner.py:70 DeprecationWarning: This process (pid=77909) is multi-threaded, use of fork() may lead to deadlocks in the child.
[2026-04-23T22:41:13.369+0000] {standard_task_runner.py:72} INFO - Started process 77910 to run task
[2026-04-23T22:41:13.414+0000] {task_command.py:467} INFO - Running <TaskInstance: BuildELT_dbt.dbt_snapshot scheduled__2026-04-22T08:00:00+00:00 [running]> on host aa30302fbfc5
[2026-04-23T22:41:13.497+0000] {taskinstance.py:3131} INFO - Exporting env vars: AIRFLOW_CTX_DAG_OWNER='***' AIRFLOW_CTX_DAG_ID='BuildELT_dbt' AIRFLOW_CTX_TASK_ID='dbt_snapshot' AIRFLOW_CTX_EXECUTION_DATE='2026-04-22T08:00:00+00:00' AIRFLOW_CTX_TRY_NUMBER='1' AIRFLOW_CTX_DAG_RUN_ID='scheduled__2026-04-22T08:00:00+00:00'
[2026-04-23T22:41:13.498+0000] {taskinstance.py:731} INFO - ::endgroup::
[2026-04-23T22:41:13.513+0000] {subprocess.py:63} INFO - Tmp dir root location: /tmp
[2026-04-23T22:41:13.515+0000] {subprocess.py:75} INFO - Running command: ['/usr/bin/bash', '-c', '/home/***/.local/bin/dbt snapshot --profiles-dir /opt/***/dbt --project-dir /opt/***/dbt']
[2026-04-23T22:41:13.527+0000] {subprocess.py:86} INFO - Output:
[2026-04-23T22:41:15.356+0000] {subprocess.py:93} INFO - [0m22:41:15  Running with dbt=1.8.7
[2026-04-23T22:41:16.312+0000] {subprocess.py:93} INFO - [0m22:41:16  Registered adapter: snowflake=1.8.1
[2026-04-23T22:41:16.824+0000] {subprocess.py:93} INFO - [0m22:41:16  Found 5 models, 5 data tests, 4 snapshots, 5 sources, 454 macros
[2026-04-23T22:41:16.826+0000] {subprocess.py:93} INFO - [0m22:41:16
[2026-04-23T22:41:19.750+0000] {subprocess.py:93} INFO - [0m22:41:19  Concurrency: 1 threads (target='dev')
[2026-04-23T22:41:19.751+0000] {subprocess.py:93} INFO - [0m22:41:19
[2026-04-23T22:41:19.761+0000] {subprocess.py:93} INFO - [0m22:41:19  1 of 4 START snapshot snapshot.snapshot_average_temps .......................... [RUN]
[2026-04-23T22:41:25.583+0000] {subprocess.py:93} INFO - [0m22:41:25  1 of 4 OK snapshotted snapshot.snapshot_average_temps .......................... [[32mSUCCESS 0[0m in 5.82s]
[2026-04-23T22:41:25.585+0000] {subprocess.py:93} INFO - [0m22:41:25  2 of 4 START snapshot snapshot.snapshot_percent_rainy_days_monthly ............. [RUN]
[2026-04-23T22:41:31.195+0000] {subprocess.py:93} INFO - [0m22:41:31  2 of 4 OK snapshotted snapshot.snapshot_percent_rainy_days_monthly ............. [[32mSUCCESS 0[0m in 5.61s]
[2026-04-23T22:41:31.197+0000] {subprocess.py:93} INFO - [0m22:41:31  3 of 4 START snapshot snapshot.snapshot_weather_code_distribution .............. [RUN]
[2026-04-23T22:41:37.095+0000] {subprocess.py:93} INFO - [0m22:41:37  3 of 4 OK snapshotted snapshot.snapshot_weather_code_distribution .............. [[32mSUCCESS 0[0m in 5.90s]
[2026-04-23T22:41:37.097+0000] {subprocess.py:93} INFO - [0m22:41:37  4 of 4 START snapshot snapshot.snapshot_weather_weekly_precipitation ........... [RUN]
[2026-04-23T22:41:42.148+0000] {subprocess.py:93} INFO - [0m22:41:42  4 of 4 OK snapshotted snapshot.snapshot_weather_weekly_precipitation ........... [[32mSUCCESS 0[0m in 5.05s]
[2026-04-23T22:41:42.152+0000] {subprocess.py:93} INFO - [0m22:41:42
[2026-04-23T22:41:42.153+0000] {subprocess.py:93} INFO - [0m22:41:42  Finished running 4 snapshots in 0 hours 0 minutes and 25.33 seconds (25.33s).
[2026-04-23T22:41:42.205+0000] {subprocess.py:93} INFO - [0m22:41:42
[2026-04-23T22:41:42.206+0000] {subprocess.py:93} INFO - [0m22:41:42  [32mCompleted successfully[0m
[2026-04-23T22:41:42.206+0000] {subprocess.py:93} INFO - [0m22:41:42
[2026-04-23T22:41:42.207+0000] {subprocess.py:93} INFO - [0m22:41:42  Done. PASS=4 WARN=0 ERROR=0 SKIP=0 TOTAL=4
[2026-04-23T22:41:42.972+0000] {subprocess.py:97} INFO - Command exited with return code 0
[2026-04-23T22:41:43.014+0000] {taskinstance.py:340} INFO - ::group::Post task execution logs
[2026-04-23T22:41:43.014+0000] {taskinstance.py:352} INFO - Marking task as SUCCESS. dag_id=BuildELT_dbt, task_id=dbt_snapshot, run_id=scheduled__2026-04-22T08:00:00+00:00, execution_date=20260422T080000, start_date=20260423T224113, end_date=20260423T224143
[2026-04-23T22:41:43.058+0000] {local_task_job_runner.py:266} INFO - Task exited with return code 0
[2026-04-23T22:41:43.076+0000] {taskinstance.py:3900} INFO - 0 downstream tasks scheduled from follow-on schedule check
[2026-04-23T22:41:43.077+0000] {local_task_job_runner.py:245} INFO - ::endgroup::
