[2026-04-23T08:57:11.822+0000] {local_task_job_runner.py:123} INFO - ::group::Pre task execution logs
[2026-04-23T08:57:11.841+0000] {taskinstance.py:2612} INFO - Dependencies all met for dep_context=non-requeueable deps ti=<TaskInstance: BuildELT_dbt.dbt_run manual__2026-04-23T08:57:11.414133+00:00 [queued]>
[2026-04-23T08:57:11.850+0000] {taskinstance.py:2612} INFO - Dependencies all met for dep_context=requeueable deps ti=<TaskInstance: BuildELT_dbt.dbt_run manual__2026-04-23T08:57:11.414133+00:00 [queued]>
[2026-04-23T08:57:11.851+0000] {taskinstance.py:2865} INFO - Starting attempt 1 of 1
[2026-04-23T08:57:11.865+0000] {taskinstance.py:2888} INFO - Executing <Task(BashOperator): dbt_run> on 2026-04-23 08:57:11.414133+00:00
[2026-04-23T08:57:11.875+0000] {standard_task_runner.py:104} INFO - Running: ['***', 'tasks', 'run', 'BuildELT_dbt', 'dbt_run', 'manual__2026-04-23T08:57:11.414133+00:00', '--job-id', '88', '--raw', '--subdir', 'DAGS_FOLDER/build_elt_with_dbt.py', '--cfg-path', '/tmp/tmps95mqsdg']
[2026-04-23T08:57:11.879+0000] {standard_task_runner.py:105} INFO - Job 88: Subtask dbt_run
[2026-04-23T08:57:11.880+0000] {logging_mixin.py:190} WARNING - /home/***/.local/lib/python3.12/site-packages/***/task/task_runner/standard_task_runner.py:70 DeprecationWarning: This process (pid=57716) is multi-threaded, use of fork() may lead to deadlocks in the child.
[2026-04-23T08:57:11.881+0000] {standard_task_runner.py:72} INFO - Started process 57719 to run task
[2026-04-23T08:57:11.933+0000] {task_command.py:467} INFO - Running <TaskInstance: BuildELT_dbt.dbt_run manual__2026-04-23T08:57:11.414133+00:00 [running]> on host aa30302fbfc5
[2026-04-23T08:57:11.278+0000] {taskinstance.py:3131} INFO - Exporting env vars: AIRFLOW_CTX_DAG_OWNER='***' AIRFLOW_CTX_DAG_ID='BuildELT_dbt' AIRFLOW_CTX_TASK_ID='dbt_run' AIRFLOW_CTX_EXECUTION_DATE='2026-04-23T08:57:11.414133+00:00' AIRFLOW_CTX_TRY_NUMBER='1' AIRFLOW_CTX_DAG_RUN_ID='manual__2026-04-23T08:57:11.414133+00:00'
[2026-04-23T08:57:11.279+0000] {taskinstance.py:731} INFO - ::endgroup::
[2026-04-23T08:57:11.295+0000] {subprocess.py:63} INFO - Tmp dir root location: /tmp
[2026-04-23T08:57:11.298+0000] {subprocess.py:75} INFO - Running command: ['/usr/bin/bash', '-c', '/home/***/.local/bin/dbt run --profiles-dir /opt/***/dbt --project-dir /opt/***/dbt']
[2026-04-23T08:57:11.312+0000] {subprocess.py:86} INFO - Output:
[2026-04-23T08:57:12.239+0000] {subprocess.py:93} INFO - [0m08:57:12  Running with dbt=1.8.7
[2026-04-23T08:57:13.299+0000] {subprocess.py:93} INFO - [0m08:57:13  Registered adapter: snowflake=1.8.1
[2026-04-23T08:57:13.833+0000] {subprocess.py:93} INFO - [0m08:57:13  Found 5 models, 5 data tests, 4 snapshots, 5 sources, 454 macros
[2026-04-23T08:57:13.836+0000] {subprocess.py:93} INFO - [0m08:57:13
[2026-04-23T08:57:17.497+0000] {subprocess.py:93} INFO - [0m08:57:17  Concurrency: 1 threads (target='dev')
[2026-04-23T08:57:17.497+0000] {subprocess.py:93} INFO - [0m08:57:17
[2026-04-23T08:57:17.528+0000] {subprocess.py:93} INFO - [0m08:57:17  1 of 4 START sql table model analytics.average_temps ........................... [RUN]
[2026-04-23T08:57:21.142+0000] {subprocess.py:93} INFO - [0m08:57:21  1 of 4 OK created sql table model analytics.average_temps ...................... [[32mSUCCESS 1[0m in 3.61s]
[2026-04-23T08:57:21.145+0000] {subprocess.py:93} INFO - [0m08:57:21  2 of 4 START sql table model analytics.percent_rainy_days_monthly .............. [RUN]
[2026-04-23T08:57:23.429+0000] {subprocess.py:93} INFO - [0m08:57:23  2 of 4 OK created sql table model analytics.percent_rainy_days_monthly ......... [[32mSUCCESS 1[0m in 2.28s]
[2026-04-23T08:57:23.432+0000] {subprocess.py:93} INFO - [0m08:57:23  3 of 4 START sql table model analytics.weather_code_distribution ............... [RUN]
[2026-04-23T08:57:25.789+0000] {subprocess.py:93} INFO - [0m08:57:25  3 of 4 OK created sql table model analytics.weather_code_distribution .......... [[32mSUCCESS 1[0m in 2.36s]
[2026-04-23T08:57:25.792+0000] {subprocess.py:93} INFO - [0m08:57:25  4 of 4 START sql table model analytics.weather_weekly_precipitation ............ [RUN]
[2026-04-23T08:57:29.114+0000] {subprocess.py:93} INFO - [0m08:57:29  4 of 4 OK created sql table model analytics.weather_weekly_precipitation ....... [[32mSUCCESS 1[0m in 3.32s]
[2026-04-23T08:57:29.118+0000] {subprocess.py:93} INFO - [0m08:57:29
[2026-04-23T08:57:29.119+0000] {subprocess.py:93} INFO - [0m08:57:29  Finished running 4 table models in 0 hours 0 minutes and 15.28 seconds (15.28s).
[2026-04-23T08:57:29.172+0000] {subprocess.py:93} INFO - [0m08:57:29
[2026-04-23T08:57:29.172+0000] {subprocess.py:93} INFO - [0m08:57:29  [32mCompleted successfully[0m
[2026-04-23T08:57:29.173+0000] {subprocess.py:93} INFO - [0m08:57:29
[2026-04-23T08:57:29.173+0000] {subprocess.py:93} INFO - [0m08:57:29  Done. PASS=4 WARN=0 ERROR=0 SKIP=0 TOTAL=4
[2026-04-23T08:57:30.031+0000] {subprocess.py:97} INFO - Command exited with return code 0
[2026-04-23T08:57:30.059+0000] {taskinstance.py:340} INFO - ::group::Post task execution logs
[2026-04-23T08:57:30.060+0000] {taskinstance.py:352} INFO - Marking task as SUCCESS. dag_id=BuildELT_dbt, task_id=dbt_run, run_id=manual__2026-04-23T08:57:11.414133+00:00, execution_date=20260423T085711, start_date=20260423T085711, end_date=20260423T085730
[2026-04-23T08:57:30.114+0000] {local_task_job_runner.py:266} INFO - Task exited with return code 0
[2026-04-23T08:57:30.125+0000] {local_task_job_runner.py:245} INFO - ::endgroup::
