[2026-04-20T20:41:56.680+0000] {local_task_job_runner.py:123} INFO - ::group::Pre task execution logs
[2026-04-20T20:41:56.709+0000] {taskinstance.py:2612} INFO - Dependencies all met for dep_context=non-requeueable deps ti=<TaskInstance: BuildELT_dbt.dbt_snapshot manual__2026-04-20T20:41:24.143875+00:00 [queued]>
[2026-04-20T20:41:56.725+0000] {taskinstance.py:2612} INFO - Dependencies all met for dep_context=requeueable deps ti=<TaskInstance: BuildELT_dbt.dbt_snapshot manual__2026-04-20T20:41:24.143875+00:00 [queued]>
[2026-04-20T20:41:56.726+0000] {taskinstance.py:2865} INFO - Starting attempt 1 of 1
[2026-04-20T20:41:56.751+0000] {taskinstance.py:2888} INFO - Executing <Task(BashOperator): dbt_snapshot> on 2026-04-20 20:41:24.143875+00:00
[2026-04-20T20:41:56.765+0000] {standard_task_runner.py:104} INFO - Running: ['***', 'tasks', 'run', 'BuildELT_dbt', 'dbt_snapshot', 'manual__2026-04-20T20:41:24.143875+00:00', '--job-id', '14', '--raw', '--subdir', 'DAGS_FOLDER/build_elt_with_dbt.py', '--cfg-path', '/tmp/tmpixa5_19l']
[2026-04-20T20:41:56.769+0000] {standard_task_runner.py:105} INFO - Job 14: Subtask dbt_snapshot
[2026-04-20T20:41:56.770+0000] {logging_mixin.py:190} WARNING - /home/***/.local/lib/python3.12/site-packages/***/task/task_runner/standard_task_runner.py:70 DeprecationWarning: This process (pid=5938) is multi-threaded, use of fork() may lead to deadlocks in the child.
[2026-04-20T20:41:56.772+0000] {standard_task_runner.py:72} INFO - Started process 5939 to run task
[2026-04-20T20:41:56.851+0000] {task_command.py:467} INFO - Running <TaskInstance: BuildELT_dbt.dbt_snapshot manual__2026-04-20T20:41:24.143875+00:00 [running]> on host aa30302fbfc5
[2026-04-20T20:41:56.981+0000] {taskinstance.py:3131} INFO - Exporting env vars: AIRFLOW_CTX_DAG_OWNER='***' AIRFLOW_CTX_DAG_ID='BuildELT_dbt' AIRFLOW_CTX_TASK_ID='dbt_snapshot' AIRFLOW_CTX_EXECUTION_DATE='2026-04-20T20:41:24.143875+00:00' AIRFLOW_CTX_TRY_NUMBER='1' AIRFLOW_CTX_DAG_RUN_ID='manual__2026-04-20T20:41:24.143875+00:00'
[2026-04-20T20:41:56.982+0000] {taskinstance.py:731} INFO - ::endgroup::
[2026-04-20T20:41:57.011+0000] {subprocess.py:63} INFO - Tmp dir root location: /tmp
[2026-04-20T20:41:57.013+0000] {subprocess.py:75} INFO - Running command: ['/usr/bin/bash', '-c', '/home/***/.local/bin/dbt snapshot --profiles-dir /opt/***/dbt --project-dir /opt/***/dbt']
[2026-04-20T20:41:57.032+0000] {subprocess.py:86} INFO - Output:
[2026-04-20T20:42:00.792+0000] {subprocess.py:93} INFO - [0m20:42:00  Running with dbt=1.8.7
[2026-04-20T20:42:02.633+0000] {subprocess.py:93} INFO - [0m20:42:02  Registered adapter: snowflake=1.8.1
[2026-04-20T20:42:03.637+0000] {subprocess.py:93} INFO - [0m20:42:03  Found 3 models, 1 snapshot, 2 data tests, 3 sources, 454 macros
[2026-04-20T20:42:03.641+0000] {subprocess.py:93} INFO - [0m20:42:03
[2026-04-20T20:42:06.766+0000] {subprocess.py:93} INFO - [0m20:42:06  Concurrency: 1 threads (target='dev')
[2026-04-20T20:42:06.767+0000] {subprocess.py:93} INFO - [0m20:42:06
[2026-04-20T20:42:06.789+0000] {subprocess.py:93} INFO - [0m20:42:06  1 of 1 START snapshot snapshot.snapshot_session_summary ........................ [RUN]
[2026-04-20T20:42:11.239+0000] {subprocess.py:93} INFO - [0m20:42:11  1 of 1 OK snapshotted snapshot.snapshot_session_summary ........................ [[32mSUCCESS 0[0m in 4.44s]
[2026-04-20T20:42:11.248+0000] {subprocess.py:93} INFO - [0m20:42:11
[2026-04-20T20:42:11.249+0000] {subprocess.py:93} INFO - [0m20:42:11  Finished running 1 snapshot in 0 hours 0 minutes and 7.60 seconds (7.60s).
[2026-04-20T20:42:11.352+0000] {subprocess.py:93} INFO - [0m20:42:11
[2026-04-20T20:42:11.353+0000] {subprocess.py:93} INFO - [0m20:42:11  [32mCompleted successfully[0m
[2026-04-20T20:42:11.355+0000] {subprocess.py:93} INFO - [0m20:42:11
[2026-04-20T20:42:11.356+0000] {subprocess.py:93} INFO - [0m20:42:11  Done. PASS=1 WARN=0 ERROR=0 SKIP=0 TOTAL=1
[2026-04-20T20:42:12.242+0000] {subprocess.py:97} INFO - Command exited with return code 0
[2026-04-20T20:42:12.342+0000] {taskinstance.py:340} INFO - ::group::Post task execution logs
[2026-04-20T20:42:12.344+0000] {taskinstance.py:352} INFO - Marking task as SUCCESS. dag_id=BuildELT_dbt, task_id=dbt_snapshot, run_id=manual__2026-04-20T20:41:24.143875+00:00, execution_date=20260420T204124, start_date=20260420T204156, end_date=20260420T204212
[2026-04-20T20:42:12.415+0000] {local_task_job_runner.py:266} INFO - Task exited with return code 0
[2026-04-20T20:42:12.444+0000] {taskinstance.py:3900} INFO - 0 downstream tasks scheduled from follow-on schedule check
[2026-04-20T20:42:12.449+0000] {local_task_job_runner.py:245} INFO - ::endgroup::
