[2026-04-23T07:09:05.386+0000] {local_task_job_runner.py:123} INFO - ::group::Pre task execution logs
[2026-04-23T07:09:05.402+0000] {taskinstance.py:2612} INFO - Dependencies all met for dep_context=non-requeueable deps ti=<TaskInstance: BuildELT_dbt.dbt_run manual__2026-04-23T07:09:04.070039+00:00 [queued]>
[2026-04-23T07:09:05.411+0000] {taskinstance.py:2612} INFO - Dependencies all met for dep_context=requeueable deps ti=<TaskInstance: BuildELT_dbt.dbt_run manual__2026-04-23T07:09:04.070039+00:00 [queued]>
[2026-04-23T07:09:05.412+0000] {taskinstance.py:2865} INFO - Starting attempt 1 of 1
[2026-04-23T07:09:05.425+0000] {taskinstance.py:2888} INFO - Executing <Task(BashOperator): dbt_run> on 2026-04-23 07:09:04.070039+00:00
[2026-04-23T07:09:05.435+0000] {standard_task_runner.py:104} INFO - Running: ['***', 'tasks', 'run', 'BuildELT_dbt', 'dbt_run', 'manual__2026-04-23T07:09:04.070039+00:00', '--job-id', '57', '--raw', '--subdir', 'DAGS_FOLDER/build_elt_with_dbt.py', '--cfg-path', '/tmp/tmp5eur118m']
[2026-04-23T07:09:05.439+0000] {standard_task_runner.py:105} INFO - Job 57: Subtask dbt_run
[2026-04-23T07:09:05.439+0000] {logging_mixin.py:190} WARNING - /home/***/.local/lib/python3.12/site-packages/***/task/task_runner/standard_task_runner.py:70 DeprecationWarning: This process (pid=44965) is multi-threaded, use of fork() may lead to deadlocks in the child.
[2026-04-23T07:09:05.440+0000] {standard_task_runner.py:72} INFO - Started process 44966 to run task
[2026-04-23T07:09:05.495+0000] {task_command.py:467} INFO - Running <TaskInstance: BuildELT_dbt.dbt_run manual__2026-04-23T07:09:04.070039+00:00 [running]> on host aa30302fbfc5
[2026-04-23T07:09:05.589+0000] {taskinstance.py:3131} INFO - Exporting env vars: AIRFLOW_CTX_DAG_OWNER='***' AIRFLOW_CTX_DAG_ID='BuildELT_dbt' AIRFLOW_CTX_TASK_ID='dbt_run' AIRFLOW_CTX_EXECUTION_DATE='2026-04-23T07:09:04.070039+00:00' AIRFLOW_CTX_TRY_NUMBER='1' AIRFLOW_CTX_DAG_RUN_ID='manual__2026-04-23T07:09:04.070039+00:00'
[2026-04-23T07:09:05.592+0000] {taskinstance.py:731} INFO - ::endgroup::
[2026-04-23T07:09:05.612+0000] {subprocess.py:63} INFO - Tmp dir root location: /tmp
[2026-04-23T07:09:05.613+0000] {subprocess.py:75} INFO - Running command: ['/usr/bin/bash', '-c', '/home/***/.local/bin/dbt run --profiles-dir /opt/***/dbt --project-dir /opt/***/dbt']
[2026-04-23T07:09:05.626+0000] {subprocess.py:86} INFO - Output:
[2026-04-23T07:09:07.590+0000] {subprocess.py:93} INFO - [0m07:09:07  Running with dbt=1.8.7
[2026-04-23T07:09:08.607+0000] {subprocess.py:93} INFO - [0m07:09:08  Registered adapter: snowflake=1.8.1
[2026-04-23T07:09:09.153+0000] {subprocess.py:93} INFO - [0m07:09:09  Found 5 models, 5 data tests, 4 snapshots, 5 sources, 454 macros
[2026-04-23T07:09:09.156+0000] {subprocess.py:93} INFO - [0m07:09:09
[2026-04-23T07:09:12.688+0000] {subprocess.py:93} INFO - [0m07:09:12  Concurrency: 1 threads (target='dev')
[2026-04-23T07:09:12.688+0000] {subprocess.py:93} INFO - [0m07:09:12
[2026-04-23T07:09:12.718+0000] {subprocess.py:93} INFO - [0m07:09:12  1 of 4 START sql table model analytics.average_temps ........................... [RUN]
[2026-04-23T07:09:14.014+0000] {subprocess.py:93} INFO - [0m07:09:14  1 of 4 OK created sql table model analytics.average_temps ...................... [[32mSUCCESS 1[0m in 1.29s]
[2026-04-23T07:09:14.016+0000] {subprocess.py:93} INFO - [0m07:09:14  2 of 4 START sql table model analytics.percent_rainy_days_monthly .............. [RUN]
[2026-04-23T07:09:16.664+0000] {subprocess.py:93} INFO - [0m07:09:16  2 of 4 OK created sql table model analytics.percent_rainy_days_monthly ......... [[32mSUCCESS 1[0m in 2.65s]
[2026-04-23T07:09:16.666+0000] {subprocess.py:93} INFO - [0m07:09:16  3 of 4 START sql table model analytics.weather_code_distribution ............... [RUN]
[2026-04-23T07:09:18.882+0000] {subprocess.py:93} INFO - [0m07:09:18  3 of 4 OK created sql table model analytics.weather_code_distribution .......... [[32mSUCCESS 1[0m in 2.21s]
[2026-04-23T07:09:18.884+0000] {subprocess.py:93} INFO - [0m07:09:18  4 of 4 START sql table model analytics.weather_weekly_precipitation ............ [RUN]
[2026-04-23T07:09:22.041+0000] {subprocess.py:93} INFO - [0m07:09:22  4 of 4 OK created sql table model analytics.weather_weekly_precipitation ....... [[32mSUCCESS 1[0m in 3.15s]
[2026-04-23T07:09:22.046+0000] {subprocess.py:93} INFO - [0m07:09:22
[2026-04-23T07:09:22.046+0000] {subprocess.py:93} INFO - [0m07:09:22  Finished running 4 table models in 0 hours 0 minutes and 12.89 seconds (12.89s).
[2026-04-23T07:09:22.100+0000] {subprocess.py:93} INFO - [0m07:09:22
[2026-04-23T07:09:22.100+0000] {subprocess.py:93} INFO - [0m07:09:22  [32mCompleted successfully[0m
[2026-04-23T07:09:22.101+0000] {subprocess.py:93} INFO - [0m07:09:22
[2026-04-23T07:09:22.101+0000] {subprocess.py:93} INFO - [0m07:09:22  Done. PASS=4 WARN=0 ERROR=0 SKIP=0 TOTAL=4
[2026-04-23T07:09:22.906+0000] {subprocess.py:97} INFO - Command exited with return code 0
[2026-04-23T07:09:22.933+0000] {taskinstance.py:340} INFO - ::group::Post task execution logs
[2026-04-23T07:09:22.934+0000] {taskinstance.py:352} INFO - Marking task as SUCCESS. dag_id=BuildELT_dbt, task_id=dbt_run, run_id=manual__2026-04-23T07:09:04.070039+00:00, execution_date=20260423T070904, start_date=20260423T070905, end_date=20260423T070922
[2026-04-23T07:09:22.985+0000] {local_task_job_runner.py:266} INFO - Task exited with return code 0
[2026-04-23T07:09:23.011+0000] {taskinstance.py:3900} INFO - 1 downstream tasks scheduled from follow-on schedule check
[2026-04-23T07:09:23.013+0000] {local_task_job_runner.py:245} INFO - ::endgroup::
