[2026-04-27T02:12:41.764+0000] {processor.py:186} INFO - Started process (PID=268) to work on /opt/airflow/dags/226 - lab 1 - ML Forcast.py
[2026-04-27T02:12:41.766+0000] {processor.py:914} INFO - Processing file /opt/airflow/dags/226 - lab 1 - ML Forcast.py for tasks to queue
[2026-04-27T02:12:41.770+0000] {logging_mixin.py:190} INFO - [2026-04-27T02:12:41.770+0000] {dagbag.py:587} INFO - Filling up the DagBag from /opt/airflow/dags/226 - lab 1 - ML Forcast.py
[2026-04-27T02:12:41.795+0000] {processor.py:925} INFO - DAG(s) 'ML_forecast' retrieved from /opt/airflow/dags/226 - lab 1 - ML Forcast.py
[2026-04-27T02:12:41.825+0000] {logging_mixin.py:190} INFO - [2026-04-27T02:12:41.825+0000] {dag.py:3229} INFO - Sync 1 DAGs
[2026-04-27T02:12:41.848+0000] {logging_mixin.py:190} INFO - [2026-04-27T02:12:41.847+0000] {dag.py:4156} INFO - Setting next_dagrun for ML_forecast to 2026-04-25 07:30:00+00:00, run_after=2026-04-26 07:30:00+00:00
[2026-04-27T02:12:41.868+0000] {processor.py:208} INFO - Processing /opt/airflow/dags/226 - lab 1 - ML Forcast.py took 0.109 seconds
[2026-04-27T02:13:12.838+0000] {processor.py:186} INFO - Started process (PID=338) to work on /opt/airflow/dags/226 - lab 1 - ML Forcast.py
[2026-04-27T02:13:12.839+0000] {processor.py:914} INFO - Processing file /opt/airflow/dags/226 - lab 1 - ML Forcast.py for tasks to queue
[2026-04-27T02:13:12.842+0000] {logging_mixin.py:190} INFO - [2026-04-27T02:13:12.841+0000] {dagbag.py:587} INFO - Filling up the DagBag from /opt/airflow/dags/226 - lab 1 - ML Forcast.py
[2026-04-27T02:13:12.859+0000] {processor.py:925} INFO - DAG(s) 'ML_forecast' retrieved from /opt/airflow/dags/226 - lab 1 - ML Forcast.py
[2026-04-27T02:13:12.886+0000] {logging_mixin.py:190} INFO - [2026-04-27T02:13:12.885+0000] {dag.py:3229} INFO - Sync 1 DAGs
[2026-04-27T02:13:12.910+0000] {logging_mixin.py:190} INFO - [2026-04-27T02:13:12.909+0000] {dag.py:4156} INFO - Setting next_dagrun for ML_forecast to 2026-04-25 07:30:00+00:00, run_after=2026-04-26 07:30:00+00:00
[2026-04-27T02:13:12.929+0000] {processor.py:208} INFO - Processing /opt/airflow/dags/226 - lab 1 - ML Forcast.py took 0.107 seconds
[2026-04-27T02:13:43.431+0000] {processor.py:186} INFO - Started process (PID=374) to work on /opt/airflow/dags/226 - lab 1 - ML Forcast.py
[2026-04-27T02:13:43.432+0000] {processor.py:914} INFO - Processing file /opt/airflow/dags/226 - lab 1 - ML Forcast.py for tasks to queue
[2026-04-27T02:13:43.434+0000] {logging_mixin.py:190} INFO - [2026-04-27T02:13:43.434+0000] {dagbag.py:587} INFO - Filling up the DagBag from /opt/airflow/dags/226 - lab 1 - ML Forcast.py
[2026-04-27T02:13:43.454+0000] {processor.py:925} INFO - DAG(s) 'ML_forecast' retrieved from /opt/airflow/dags/226 - lab 1 - ML Forcast.py
[2026-04-27T02:13:43.480+0000] {logging_mixin.py:190} INFO - [2026-04-27T02:13:43.479+0000] {dag.py:3229} INFO - Sync 1 DAGs
[2026-04-27T02:13:43.499+0000] {logging_mixin.py:190} INFO - [2026-04-27T02:13:43.499+0000] {dag.py:4156} INFO - Setting next_dagrun for ML_forecast to 2026-04-25 07:30:00+00:00, run_after=2026-04-26 07:30:00+00:00
[2026-04-27T02:13:43.516+0000] {processor.py:208} INFO - Processing /opt/airflow/dags/226 - lab 1 - ML Forcast.py took 0.090 seconds
[2026-04-27T02:13:58.864+0000] {processor.py:186} INFO - Started process (PID=261) to work on /opt/airflow/dags/226 - lab 1 - ML Forcast.py
[2026-04-27T02:13:58.871+0000] {processor.py:914} INFO - Processing file /opt/airflow/dags/226 - lab 1 - ML Forcast.py for tasks to queue
[2026-04-27T02:13:58.874+0000] {logging_mixin.py:190} INFO - [2026-04-27T02:13:58.874+0000] {dagbag.py:587} INFO - Filling up the DagBag from /opt/airflow/dags/226 - lab 1 - ML Forcast.py
[2026-04-27T02:13:58.894+0000] {processor.py:925} INFO - DAG(s) 'ML_forecast' retrieved from /opt/airflow/dags/226 - lab 1 - ML Forcast.py
[2026-04-27T02:13:58.923+0000] {logging_mixin.py:190} INFO - [2026-04-27T02:13:58.922+0000] {dag.py:3229} INFO - Sync 1 DAGs
[2026-04-27T02:13:58.944+0000] {logging_mixin.py:190} INFO - [2026-04-27T02:13:58.944+0000] {dag.py:4156} INFO - Setting next_dagrun for ML_forecast to 2026-04-25 07:30:00+00:00, run_after=2026-04-26 07:30:00+00:00
[2026-04-27T02:13:58.961+0000] {processor.py:208} INFO - Processing /opt/airflow/dags/226 - lab 1 - ML Forcast.py took 0.105 seconds
[2026-04-27T02:14:30.108+0000] {processor.py:186} INFO - Started process (PID=331) to work on /opt/airflow/dags/226 - lab 1 - ML Forcast.py
[2026-04-27T02:14:30.109+0000] {processor.py:914} INFO - Processing file /opt/airflow/dags/226 - lab 1 - ML Forcast.py for tasks to queue
[2026-04-27T02:14:30.112+0000] {logging_mixin.py:190} INFO - [2026-04-27T02:14:30.112+0000] {dagbag.py:587} INFO - Filling up the DagBag from /opt/airflow/dags/226 - lab 1 - ML Forcast.py
[2026-04-27T02:14:30.136+0000] {processor.py:925} INFO - DAG(s) 'ML_forecast' retrieved from /opt/airflow/dags/226 - lab 1 - ML Forcast.py
[2026-04-27T02:14:30.166+0000] {logging_mixin.py:190} INFO - [2026-04-27T02:14:30.165+0000] {dag.py:3229} INFO - Sync 1 DAGs
[2026-04-27T02:14:30.188+0000] {logging_mixin.py:190} INFO - [2026-04-27T02:14:30.188+0000] {dag.py:4156} INFO - Setting next_dagrun for ML_forecast to 2026-04-25 07:30:00+00:00, run_after=2026-04-26 07:30:00+00:00
[2026-04-27T02:14:30.207+0000] {processor.py:208} INFO - Processing /opt/airflow/dags/226 - lab 1 - ML Forcast.py took 0.107 seconds
[2026-04-27T02:15:01.459+0000] {processor.py:186} INFO - Started process (PID=369) to work on /opt/airflow/dags/226 - lab 1 - ML Forcast.py
[2026-04-27T02:15:01.460+0000] {processor.py:914} INFO - Processing file /opt/airflow/dags/226 - lab 1 - ML Forcast.py for tasks to queue
[2026-04-27T02:15:01.463+0000] {logging_mixin.py:190} INFO - [2026-04-27T02:15:01.462+0000] {dagbag.py:587} INFO - Filling up the DagBag from /opt/airflow/dags/226 - lab 1 - ML Forcast.py
[2026-04-27T02:15:01.481+0000] {processor.py:925} INFO - DAG(s) 'ML_forecast' retrieved from /opt/airflow/dags/226 - lab 1 - ML Forcast.py
[2026-04-27T02:15:01.507+0000] {logging_mixin.py:190} INFO - [2026-04-27T02:15:01.506+0000] {dag.py:3229} INFO - Sync 1 DAGs
[2026-04-27T02:15:01.528+0000] {logging_mixin.py:190} INFO - [2026-04-27T02:15:01.528+0000] {dag.py:4156} INFO - Setting next_dagrun for ML_forecast to 2026-04-25 07:30:00+00:00, run_after=2026-04-26 07:30:00+00:00
[2026-04-27T02:15:01.546+0000] {processor.py:208} INFO - Processing /opt/airflow/dags/226 - lab 1 - ML Forcast.py took 0.092 seconds
[2026-04-27T22:51:47.711+0000] {processor.py:186} INFO - Started process (PID=275) to work on /opt/airflow/dags/226 - lab 1 - ML Forcast.py
[2026-04-27T22:51:47.713+0000] {processor.py:914} INFO - Processing file /opt/airflow/dags/226 - lab 1 - ML Forcast.py for tasks to queue
[2026-04-27T22:51:47.716+0000] {logging_mixin.py:190} INFO - [2026-04-27T22:51:47.715+0000] {dagbag.py:587} INFO - Filling up the DagBag from /opt/airflow/dags/226 - lab 1 - ML Forcast.py
[2026-04-27T22:51:47.736+0000] {processor.py:925} INFO - DAG(s) 'ML_forecast' retrieved from /opt/airflow/dags/226 - lab 1 - ML Forcast.py
[2026-04-27T22:51:47.768+0000] {logging_mixin.py:190} INFO - [2026-04-27T22:51:47.767+0000] {dag.py:3229} INFO - Sync 1 DAGs
[2026-04-27T22:51:47.794+0000] {logging_mixin.py:190} INFO - [2026-04-27T22:51:47.794+0000] {dag.py:4156} INFO - Setting next_dagrun for ML_forecast to 2026-04-26 07:30:00+00:00, run_after=2026-04-27 07:30:00+00:00
[2026-04-27T22:51:47.815+0000] {processor.py:208} INFO - Processing /opt/airflow/dags/226 - lab 1 - ML Forcast.py took 0.110 seconds
[2026-04-27T22:52:19.235+0000] {processor.py:186} INFO - Started process (PID=365) to work on /opt/airflow/dags/226 - lab 1 - ML Forcast.py
[2026-04-27T22:52:19.237+0000] {processor.py:914} INFO - Processing file /opt/airflow/dags/226 - lab 1 - ML Forcast.py for tasks to queue
[2026-04-27T22:52:19.240+0000] {logging_mixin.py:190} INFO - [2026-04-27T22:52:19.239+0000] {dagbag.py:587} INFO - Filling up the DagBag from /opt/airflow/dags/226 - lab 1 - ML Forcast.py
[2026-04-27T22:52:19.261+0000] {processor.py:925} INFO - DAG(s) 'ML_forecast' retrieved from /opt/airflow/dags/226 - lab 1 - ML Forcast.py
[2026-04-27T22:52:19.289+0000] {logging_mixin.py:190} INFO - [2026-04-27T22:52:19.288+0000] {dag.py:3229} INFO - Sync 1 DAGs
[2026-04-27T22:52:19.314+0000] {logging_mixin.py:190} INFO - [2026-04-27T22:52:19.313+0000] {dag.py:4156} INFO - Setting next_dagrun for ML_forecast to 2026-04-26 07:30:00+00:00, run_after=2026-04-27 07:30:00+00:00
[2026-04-27T22:52:19.339+0000] {processor.py:208} INFO - Processing /opt/airflow/dags/226 - lab 1 - ML Forcast.py took 0.110 seconds
[2026-04-27T22:52:50.630+0000] {processor.py:186} INFO - Started process (PID=428) to work on /opt/airflow/dags/226 - lab 1 - ML Forcast.py
[2026-04-27T22:52:50.631+0000] {processor.py:914} INFO - Processing file /opt/airflow/dags/226 - lab 1 - ML Forcast.py for tasks to queue
[2026-04-27T22:52:50.634+0000] {logging_mixin.py:190} INFO - [2026-04-27T22:52:50.633+0000] {dagbag.py:587} INFO - Filling up the DagBag from /opt/airflow/dags/226 - lab 1 - ML Forcast.py
[2026-04-27T22:52:50.654+0000] {processor.py:925} INFO - DAG(s) 'ML_forecast' retrieved from /opt/airflow/dags/226 - lab 1 - ML Forcast.py
[2026-04-27T22:52:50.683+0000] {logging_mixin.py:190} INFO - [2026-04-27T22:52:50.682+0000] {dag.py:3229} INFO - Sync 1 DAGs
[2026-04-27T22:52:50.705+0000] {logging_mixin.py:190} INFO - [2026-04-27T22:52:50.704+0000] {dag.py:4156} INFO - Setting next_dagrun for ML_forecast to 2026-04-26 07:30:00+00:00, run_after=2026-04-27 07:30:00+00:00
[2026-04-27T22:52:50.733+0000] {processor.py:208} INFO - Processing /opt/airflow/dags/226 - lab 1 - ML Forcast.py took 0.110 seconds
[2026-04-27T22:53:21.108+0000] {processor.py:186} INFO - Started process (PID=542) to work on /opt/airflow/dags/226 - lab 1 - ML Forcast.py
[2026-04-27T22:53:21.109+0000] {processor.py:914} INFO - Processing file /opt/airflow/dags/226 - lab 1 - ML Forcast.py for tasks to queue
[2026-04-27T22:53:21.112+0000] {logging_mixin.py:190} INFO - [2026-04-27T22:53:21.111+0000] {dagbag.py:587} INFO - Filling up the DagBag from /opt/airflow/dags/226 - lab 1 - ML Forcast.py
[2026-04-27T22:53:21.131+0000] {processor.py:925} INFO - DAG(s) 'ML_forecast' retrieved from /opt/airflow/dags/226 - lab 1 - ML Forcast.py
[2026-04-27T22:53:21.159+0000] {logging_mixin.py:190} INFO - [2026-04-27T22:53:21.158+0000] {dag.py:3229} INFO - Sync 1 DAGs
[2026-04-27T22:53:21.180+0000] {logging_mixin.py:190} INFO - [2026-04-27T22:53:21.180+0000] {dag.py:4156} INFO - Setting next_dagrun for ML_forecast to 2026-04-26 07:30:00+00:00, run_after=2026-04-27 07:30:00+00:00
[2026-04-27T22:53:21.198+0000] {processor.py:208} INFO - Processing /opt/airflow/dags/226 - lab 1 - ML Forcast.py took 0.095 seconds
[2026-04-27T22:53:51.270+0000] {processor.py:186} INFO - Started process (PID=605) to work on /opt/airflow/dags/226 - lab 1 - ML Forcast.py
[2026-04-27T22:53:51.271+0000] {processor.py:914} INFO - Processing file /opt/airflow/dags/226 - lab 1 - ML Forcast.py for tasks to queue
[2026-04-27T22:53:51.275+0000] {logging_mixin.py:190} INFO - [2026-04-27T22:53:51.274+0000] {dagbag.py:587} INFO - Filling up the DagBag from /opt/airflow/dags/226 - lab 1 - ML Forcast.py
[2026-04-27T22:53:51.298+0000] {processor.py:925} INFO - DAG(s) 'ML_forecast' retrieved from /opt/airflow/dags/226 - lab 1 - ML Forcast.py
[2026-04-27T22:53:51.333+0000] {logging_mixin.py:190} INFO - [2026-04-27T22:53:51.332+0000] {dag.py:3229} INFO - Sync 1 DAGs
[2026-04-27T22:53:51.362+0000] {logging_mixin.py:190} INFO - [2026-04-27T22:53:51.362+0000] {dag.py:4156} INFO - Setting next_dagrun for ML_forecast to 2026-04-26 07:30:00+00:00, run_after=2026-04-27 07:30:00+00:00
[2026-04-27T22:53:51.386+0000] {processor.py:208} INFO - Processing /opt/airflow/dags/226 - lab 1 - ML Forcast.py took 0.123 seconds
[2026-04-27T22:54:20.739+0000] {processor.py:186} INFO - Started process (PID=680) to work on /opt/airflow/dags/226 - lab 1 - ML Forcast.py
[2026-04-27T22:54:20.740+0000] {processor.py:914} INFO - Processing file /opt/airflow/dags/226 - lab 1 - ML Forcast.py for tasks to queue
[2026-04-27T22:54:20.743+0000] {logging_mixin.py:190} INFO - [2026-04-27T22:54:20.742+0000] {dagbag.py:587} INFO - Filling up the DagBag from /opt/airflow/dags/226 - lab 1 - ML Forcast.py
[2026-04-27T22:54:20.764+0000] {processor.py:925} INFO - DAG(s) 'ML_forecast' retrieved from /opt/airflow/dags/226 - lab 1 - ML Forcast.py
[2026-04-27T22:54:20.791+0000] {logging_mixin.py:190} INFO - [2026-04-27T22:54:20.790+0000] {dag.py:3229} INFO - Sync 1 DAGs
[2026-04-27T22:54:20.814+0000] {logging_mixin.py:190} INFO - [2026-04-27T22:54:20.814+0000] {dag.py:4156} INFO - Setting next_dagrun for ML_forecast to 2026-04-26 07:30:00+00:00, run_after=2026-04-27 07:30:00+00:00
[2026-04-27T22:54:20.832+0000] {processor.py:208} INFO - Processing /opt/airflow/dags/226 - lab 1 - ML Forcast.py took 0.098 seconds
[2026-04-27T22:54:51.035+0000] {processor.py:186} INFO - Started process (PID=756) to work on /opt/airflow/dags/226 - lab 1 - ML Forcast.py
[2026-04-27T22:54:51.036+0000] {processor.py:914} INFO - Processing file /opt/airflow/dags/226 - lab 1 - ML Forcast.py for tasks to queue
[2026-04-27T22:54:51.040+0000] {logging_mixin.py:190} INFO - [2026-04-27T22:54:51.040+0000] {dagbag.py:587} INFO - Filling up the DagBag from /opt/airflow/dags/226 - lab 1 - ML Forcast.py
[2026-04-27T22:54:51.064+0000] {processor.py:925} INFO - DAG(s) 'ML_forecast' retrieved from /opt/airflow/dags/226 - lab 1 - ML Forcast.py
[2026-04-27T22:54:51.094+0000] {logging_mixin.py:190} INFO - [2026-04-27T22:54:51.094+0000] {dag.py:3229} INFO - Sync 1 DAGs
[2026-04-27T22:54:51.120+0000] {logging_mixin.py:190} INFO - [2026-04-27T22:54:51.120+0000] {dag.py:4156} INFO - Setting next_dagrun for ML_forecast to 2026-04-26 07:30:00+00:00, run_after=2026-04-27 07:30:00+00:00
[2026-04-27T22:54:51.149+0000] {processor.py:208} INFO - Processing /opt/airflow/dags/226 - lab 1 - ML Forcast.py took 0.120 seconds
[2026-04-27T22:55:21.262+0000] {processor.py:186} INFO - Started process (PID=831) to work on /opt/airflow/dags/226 - lab 1 - ML Forcast.py
[2026-04-27T22:55:21.263+0000] {processor.py:914} INFO - Processing file /opt/airflow/dags/226 - lab 1 - ML Forcast.py for tasks to queue
[2026-04-27T22:55:21.266+0000] {logging_mixin.py:190} INFO - [2026-04-27T22:55:21.265+0000] {dagbag.py:587} INFO - Filling up the DagBag from /opt/airflow/dags/226 - lab 1 - ML Forcast.py
[2026-04-27T22:55:21.284+0000] {processor.py:925} INFO - DAG(s) 'ML_forecast' retrieved from /opt/airflow/dags/226 - lab 1 - ML Forcast.py
[2026-04-27T22:55:21.310+0000] {logging_mixin.py:190} INFO - [2026-04-27T22:55:21.309+0000] {dag.py:3229} INFO - Sync 1 DAGs
[2026-04-27T22:55:21.334+0000] {logging_mixin.py:190} INFO - [2026-04-27T22:55:21.334+0000] {dag.py:4156} INFO - Setting next_dagrun for ML_forecast to 2026-04-26 07:30:00+00:00, run_after=2026-04-27 07:30:00+00:00
[2026-04-27T22:55:21.352+0000] {processor.py:208} INFO - Processing /opt/airflow/dags/226 - lab 1 - ML Forcast.py took 0.094 seconds
[2026-04-27T22:55:51.500+0000] {processor.py:186} INFO - Started process (PID=909) to work on /opt/airflow/dags/226 - lab 1 - ML Forcast.py
[2026-04-27T22:55:51.501+0000] {processor.py:914} INFO - Processing file /opt/airflow/dags/226 - lab 1 - ML Forcast.py for tasks to queue
[2026-04-27T22:55:51.505+0000] {logging_mixin.py:190} INFO - [2026-04-27T22:55:51.504+0000] {dagbag.py:587} INFO - Filling up the DagBag from /opt/airflow/dags/226 - lab 1 - ML Forcast.py
[2026-04-27T22:55:51.524+0000] {processor.py:925} INFO - DAG(s) 'ML_forecast' retrieved from /opt/airflow/dags/226 - lab 1 - ML Forcast.py
[2026-04-27T22:55:51.551+0000] {logging_mixin.py:190} INFO - [2026-04-27T22:55:51.550+0000] {dag.py:3229} INFO - Sync 1 DAGs
[2026-04-27T22:55:51.576+0000] {logging_mixin.py:190} INFO - [2026-04-27T22:55:51.576+0000] {dag.py:4156} INFO - Setting next_dagrun for ML_forecast to 2026-04-26 07:30:00+00:00, run_after=2026-04-27 07:30:00+00:00
[2026-04-27T22:55:51.607+0000] {processor.py:208} INFO - Processing /opt/airflow/dags/226 - lab 1 - ML Forcast.py took 0.112 seconds
[2026-04-27T22:56:21.757+0000] {processor.py:186} INFO - Started process (PID=987) to work on /opt/airflow/dags/226 - lab 1 - ML Forcast.py
[2026-04-27T22:56:21.758+0000] {processor.py:914} INFO - Processing file /opt/airflow/dags/226 - lab 1 - ML Forcast.py for tasks to queue
[2026-04-27T22:56:21.761+0000] {logging_mixin.py:190} INFO - [2026-04-27T22:56:21.760+0000] {dagbag.py:587} INFO - Filling up the DagBag from /opt/airflow/dags/226 - lab 1 - ML Forcast.py
[2026-04-27T22:56:21.779+0000] {processor.py:925} INFO - DAG(s) 'ML_forecast' retrieved from /opt/airflow/dags/226 - lab 1 - ML Forcast.py
[2026-04-27T22:56:21.804+0000] {logging_mixin.py:190} INFO - [2026-04-27T22:56:21.803+0000] {dag.py:3229} INFO - Sync 1 DAGs
[2026-04-27T22:56:21.824+0000] {logging_mixin.py:190} INFO - [2026-04-27T22:56:21.823+0000] {dag.py:4156} INFO - Setting next_dagrun for ML_forecast to 2026-04-26 07:30:00+00:00, run_after=2026-04-27 07:30:00+00:00
[2026-04-27T22:56:21.843+0000] {processor.py:208} INFO - Processing /opt/airflow/dags/226 - lab 1 - ML Forcast.py took 0.091 seconds
[2026-04-27T22:56:52.061+0000] {processor.py:186} INFO - Started process (PID=1065) to work on /opt/airflow/dags/226 - lab 1 - ML Forcast.py
[2026-04-27T22:56:52.062+0000] {processor.py:914} INFO - Processing file /opt/airflow/dags/226 - lab 1 - ML Forcast.py for tasks to queue
[2026-04-27T22:56:52.065+0000] {logging_mixin.py:190} INFO - [2026-04-27T22:56:52.064+0000] {dagbag.py:587} INFO - Filling up the DagBag from /opt/airflow/dags/226 - lab 1 - ML Forcast.py
[2026-04-27T22:56:52.083+0000] {processor.py:925} INFO - DAG(s) 'ML_forecast' retrieved from /opt/airflow/dags/226 - lab 1 - ML Forcast.py
[2026-04-27T22:56:52.109+0000] {logging_mixin.py:190} INFO - [2026-04-27T22:56:52.109+0000] {dag.py:3229} INFO - Sync 1 DAGs
[2026-04-27T22:56:52.132+0000] {logging_mixin.py:190} INFO - [2026-04-27T22:56:52.131+0000] {dag.py:4156} INFO - Setting next_dagrun for ML_forecast to 2026-04-26 07:30:00+00:00, run_after=2026-04-27 07:30:00+00:00
[2026-04-27T22:56:52.148+0000] {processor.py:208} INFO - Processing /opt/airflow/dags/226 - lab 1 - ML Forcast.py took 0.092 seconds
[2026-04-27T22:57:22.441+0000] {processor.py:186} INFO - Started process (PID=1289) to work on /opt/airflow/dags/226 - lab 1 - ML Forcast.py
[2026-04-27T22:57:22.442+0000] {processor.py:914} INFO - Processing file /opt/airflow/dags/226 - lab 1 - ML Forcast.py for tasks to queue
[2026-04-27T22:57:22.445+0000] {logging_mixin.py:190} INFO - [2026-04-27T22:57:22.445+0000] {dagbag.py:587} INFO - Filling up the DagBag from /opt/airflow/dags/226 - lab 1 - ML Forcast.py
[2026-04-27T22:57:22.468+0000] {processor.py:925} INFO - DAG(s) 'ML_forecast' retrieved from /opt/airflow/dags/226 - lab 1 - ML Forcast.py
[2026-04-27T22:57:22.496+0000] {logging_mixin.py:190} INFO - [2026-04-27T22:57:22.495+0000] {dag.py:3229} INFO - Sync 1 DAGs
[2026-04-27T22:57:22.520+0000] {logging_mixin.py:190} INFO - [2026-04-27T22:57:22.520+0000] {dag.py:4156} INFO - Setting next_dagrun for ML_forecast to 2026-04-26 07:30:00+00:00, run_after=2026-04-27 07:30:00+00:00
[2026-04-27T22:57:22.539+0000] {processor.py:208} INFO - Processing /opt/airflow/dags/226 - lab 1 - ML Forcast.py took 0.104 seconds
[2026-04-27T22:57:52.654+0000] {processor.py:186} INFO - Started process (PID=1390) to work on /opt/airflow/dags/226 - lab 1 - ML Forcast.py
[2026-04-27T22:57:52.656+0000] {processor.py:914} INFO - Processing file /opt/airflow/dags/226 - lab 1 - ML Forcast.py for tasks to queue
[2026-04-27T22:57:52.661+0000] {logging_mixin.py:190} INFO - [2026-04-27T22:57:52.661+0000] {dagbag.py:587} INFO - Filling up the DagBag from /opt/airflow/dags/226 - lab 1 - ML Forcast.py
[2026-04-27T22:57:52.699+0000] {processor.py:925} INFO - DAG(s) 'ML_forecast' retrieved from /opt/airflow/dags/226 - lab 1 - ML Forcast.py
[2026-04-27T22:57:52.751+0000] {logging_mixin.py:190} INFO - [2026-04-27T22:57:52.749+0000] {dag.py:3229} INFO - Sync 1 DAGs
[2026-04-27T22:57:52.800+0000] {logging_mixin.py:190} INFO - [2026-04-27T22:57:52.800+0000] {dag.py:4156} INFO - Setting next_dagrun for ML_forecast to 2026-04-26 07:30:00+00:00, run_after=2026-04-27 07:30:00+00:00
[2026-04-27T22:57:52.837+0000] {processor.py:208} INFO - Processing /opt/airflow/dags/226 - lab 1 - ML Forcast.py took 0.195 seconds
[2026-04-27T22:58:22.933+0000] {processor.py:186} INFO - Started process (PID=1488) to work on /opt/airflow/dags/226 - lab 1 - ML Forcast.py
[2026-04-27T22:58:22.934+0000] {processor.py:914} INFO - Processing file /opt/airflow/dags/226 - lab 1 - ML Forcast.py for tasks to queue
[2026-04-27T22:58:22.937+0000] {logging_mixin.py:190} INFO - [2026-04-27T22:58:22.937+0000] {dagbag.py:587} INFO - Filling up the DagBag from /opt/airflow/dags/226 - lab 1 - ML Forcast.py
[2026-04-27T22:58:22.957+0000] {processor.py:925} INFO - DAG(s) 'ML_forecast' retrieved from /opt/airflow/dags/226 - lab 1 - ML Forcast.py
[2026-04-27T22:58:22.986+0000] {logging_mixin.py:190} INFO - [2026-04-27T22:58:22.985+0000] {dag.py:3229} INFO - Sync 1 DAGs
[2026-04-27T22:58:23.009+0000] {logging_mixin.py:190} INFO - [2026-04-27T22:58:23.009+0000] {dag.py:4156} INFO - Setting next_dagrun for ML_forecast to 2026-04-26 07:30:00+00:00, run_after=2026-04-27 07:30:00+00:00
[2026-04-27T22:58:23.029+0000] {processor.py:208} INFO - Processing /opt/airflow/dags/226 - lab 1 - ML Forcast.py took 0.104 seconds
[2026-04-27T22:58:53.724+0000] {processor.py:186} INFO - Started process (PID=1592) to work on /opt/airflow/dags/226 - lab 1 - ML Forcast.py
[2026-04-27T22:58:53.725+0000] {processor.py:914} INFO - Processing file /opt/airflow/dags/226 - lab 1 - ML Forcast.py for tasks to queue
[2026-04-27T22:58:53.728+0000] {logging_mixin.py:190} INFO - [2026-04-27T22:58:53.728+0000] {dagbag.py:587} INFO - Filling up the DagBag from /opt/airflow/dags/226 - lab 1 - ML Forcast.py
[2026-04-27T22:58:53.752+0000] {processor.py:925} INFO - DAG(s) 'ML_forecast' retrieved from /opt/airflow/dags/226 - lab 1 - ML Forcast.py
[2026-04-27T22:58:53.785+0000] {logging_mixin.py:190} INFO - [2026-04-27T22:58:53.785+0000] {dag.py:3229} INFO - Sync 1 DAGs
[2026-04-27T22:58:53.811+0000] {logging_mixin.py:190} INFO - [2026-04-27T22:58:53.811+0000] {dag.py:4156} INFO - Setting next_dagrun for ML_forecast to 2026-04-26 07:30:00+00:00, run_after=2026-04-27 07:30:00+00:00
[2026-04-27T22:58:53.843+0000] {processor.py:208} INFO - Processing /opt/airflow/dags/226 - lab 1 - ML Forcast.py took 0.126 seconds
[2026-04-27T22:59:24.681+0000] {processor.py:186} INFO - Started process (PID=1670) to work on /opt/airflow/dags/226 - lab 1 - ML Forcast.py
[2026-04-27T22:59:24.682+0000] {processor.py:914} INFO - Processing file /opt/airflow/dags/226 - lab 1 - ML Forcast.py for tasks to queue
[2026-04-27T22:59:24.685+0000] {logging_mixin.py:190} INFO - [2026-04-27T22:59:24.685+0000] {dagbag.py:587} INFO - Filling up the DagBag from /opt/airflow/dags/226 - lab 1 - ML Forcast.py
[2026-04-27T22:59:24.705+0000] {processor.py:925} INFO - DAG(s) 'ML_forecast' retrieved from /opt/airflow/dags/226 - lab 1 - ML Forcast.py
[2026-04-27T22:59:24.730+0000] {logging_mixin.py:190} INFO - [2026-04-27T22:59:24.729+0000] {dag.py:3229} INFO - Sync 1 DAGs
[2026-04-27T22:59:24.754+0000] {logging_mixin.py:190} INFO - [2026-04-27T22:59:24.754+0000] {dag.py:4156} INFO - Setting next_dagrun for ML_forecast to 2026-04-26 07:30:00+00:00, run_after=2026-04-27 07:30:00+00:00
[2026-04-27T22:59:24.773+0000] {processor.py:208} INFO - Processing /opt/airflow/dags/226 - lab 1 - ML Forcast.py took 0.096 seconds
[2026-04-27T22:59:54.891+0000] {processor.py:186} INFO - Started process (PID=1768) to work on /opt/airflow/dags/226 - lab 1 - ML Forcast.py
[2026-04-27T22:59:54.892+0000] {processor.py:914} INFO - Processing file /opt/airflow/dags/226 - lab 1 - ML Forcast.py for tasks to queue
[2026-04-27T22:59:54.895+0000] {logging_mixin.py:190} INFO - [2026-04-27T22:59:54.894+0000] {dagbag.py:587} INFO - Filling up the DagBag from /opt/airflow/dags/226 - lab 1 - ML Forcast.py
[2026-04-27T22:59:54.916+0000] {processor.py:925} INFO - DAG(s) 'ML_forecast' retrieved from /opt/airflow/dags/226 - lab 1 - ML Forcast.py
[2026-04-27T22:59:54.944+0000] {logging_mixin.py:190} INFO - [2026-04-27T22:59:54.944+0000] {dag.py:3229} INFO - Sync 1 DAGs
[2026-04-27T22:59:54.966+0000] {logging_mixin.py:190} INFO - [2026-04-27T22:59:54.966+0000] {dag.py:4156} INFO - Setting next_dagrun for ML_forecast to 2026-04-26 07:30:00+00:00, run_after=2026-04-27 07:30:00+00:00
[2026-04-27T22:59:54.984+0000] {processor.py:208} INFO - Processing /opt/airflow/dags/226 - lab 1 - ML Forcast.py took 0.100 seconds
[2026-04-27T23:00:25.102+0000] {processor.py:186} INFO - Started process (PID=1875) to work on /opt/airflow/dags/226 - lab 1 - ML Forcast.py
[2026-04-27T23:00:25.103+0000] {processor.py:914} INFO - Processing file /opt/airflow/dags/226 - lab 1 - ML Forcast.py for tasks to queue
[2026-04-27T23:00:25.108+0000] {logging_mixin.py:190} INFO - [2026-04-27T23:00:25.107+0000] {dagbag.py:587} INFO - Filling up the DagBag from /opt/airflow/dags/226 - lab 1 - ML Forcast.py
[2026-04-27T23:00:25.135+0000] {processor.py:925} INFO - DAG(s) 'ML_forecast' retrieved from /opt/airflow/dags/226 - lab 1 - ML Forcast.py
[2026-04-27T23:00:25.170+0000] {logging_mixin.py:190} INFO - [2026-04-27T23:00:25.170+0000] {dag.py:3229} INFO - Sync 1 DAGs
[2026-04-27T23:00:25.199+0000] {logging_mixin.py:190} INFO - [2026-04-27T23:00:25.198+0000] {dag.py:4156} INFO - Setting next_dagrun for ML_forecast to 2026-04-26 07:30:00+00:00, run_after=2026-04-27 07:30:00+00:00
[2026-04-27T23:00:25.222+0000] {processor.py:208} INFO - Processing /opt/airflow/dags/226 - lab 1 - ML Forcast.py took 0.129 seconds
[2026-04-27T23:00:55.365+0000] {processor.py:186} INFO - Started process (PID=1996) to work on /opt/airflow/dags/226 - lab 1 - ML Forcast.py
[2026-04-27T23:00:55.366+0000] {processor.py:914} INFO - Processing file /opt/airflow/dags/226 - lab 1 - ML Forcast.py for tasks to queue
[2026-04-27T23:00:55.369+0000] {logging_mixin.py:190} INFO - [2026-04-27T23:00:55.368+0000] {dagbag.py:587} INFO - Filling up the DagBag from /opt/airflow/dags/226 - lab 1 - ML Forcast.py
[2026-04-27T23:00:55.390+0000] {processor.py:925} INFO - DAG(s) 'ML_forecast' retrieved from /opt/airflow/dags/226 - lab 1 - ML Forcast.py
[2026-04-27T23:00:55.420+0000] {logging_mixin.py:190} INFO - [2026-04-27T23:00:55.419+0000] {dag.py:3229} INFO - Sync 1 DAGs
[2026-04-27T23:00:55.442+0000] {logging_mixin.py:190} INFO - [2026-04-27T23:00:55.442+0000] {dag.py:4156} INFO - Setting next_dagrun for ML_forecast to 2026-04-26 07:30:00+00:00, run_after=2026-04-27 07:30:00+00:00
[2026-04-27T23:00:55.473+0000] {processor.py:208} INFO - Processing /opt/airflow/dags/226 - lab 1 - ML Forcast.py took 0.114 seconds
[2026-04-27T23:01:25.996+0000] {processor.py:186} INFO - Started process (PID=2074) to work on /opt/airflow/dags/226 - lab 1 - ML Forcast.py
[2026-04-27T23:01:25.997+0000] {processor.py:914} INFO - Processing file /opt/airflow/dags/226 - lab 1 - ML Forcast.py for tasks to queue
[2026-04-27T23:01:26.000+0000] {logging_mixin.py:190} INFO - [2026-04-27T23:01:25.999+0000] {dagbag.py:587} INFO - Filling up the DagBag from /opt/airflow/dags/226 - lab 1 - ML Forcast.py
[2026-04-27T23:01:26.019+0000] {processor.py:925} INFO - DAG(s) 'ML_forecast' retrieved from /opt/airflow/dags/226 - lab 1 - ML Forcast.py
[2026-04-27T23:01:26.046+0000] {logging_mixin.py:190} INFO - [2026-04-27T23:01:26.045+0000] {dag.py:3229} INFO - Sync 1 DAGs
[2026-04-27T23:01:26.068+0000] {logging_mixin.py:190} INFO - [2026-04-27T23:01:26.067+0000] {dag.py:4156} INFO - Setting next_dagrun for ML_forecast to 2026-04-26 07:30:00+00:00, run_after=2026-04-27 07:30:00+00:00
[2026-04-27T23:01:26.084+0000] {processor.py:208} INFO - Processing /opt/airflow/dags/226 - lab 1 - ML Forcast.py took 0.094 seconds
[2026-04-27T23:01:56.897+0000] {processor.py:186} INFO - Started process (PID=2151) to work on /opt/airflow/dags/226 - lab 1 - ML Forcast.py
[2026-04-27T23:01:56.898+0000] {processor.py:914} INFO - Processing file /opt/airflow/dags/226 - lab 1 - ML Forcast.py for tasks to queue
[2026-04-27T23:01:56.901+0000] {logging_mixin.py:190} INFO - [2026-04-27T23:01:56.900+0000] {dagbag.py:587} INFO - Filling up the DagBag from /opt/airflow/dags/226 - lab 1 - ML Forcast.py
[2026-04-27T23:01:56.920+0000] {processor.py:925} INFO - DAG(s) 'ML_forecast' retrieved from /opt/airflow/dags/226 - lab 1 - ML Forcast.py
[2026-04-27T23:01:56.944+0000] {logging_mixin.py:190} INFO - [2026-04-27T23:01:56.944+0000] {dag.py:3229} INFO - Sync 1 DAGs
[2026-04-27T23:01:56.969+0000] {logging_mixin.py:190} INFO - [2026-04-27T23:01:56.969+0000] {dag.py:4156} INFO - Setting next_dagrun for ML_forecast to 2026-04-26 07:30:00+00:00, run_after=2026-04-27 07:30:00+00:00
[2026-04-27T23:01:56.987+0000] {processor.py:208} INFO - Processing /opt/airflow/dags/226 - lab 1 - ML Forcast.py took 0.094 seconds
[2026-04-27T23:02:27.181+0000] {processor.py:186} INFO - Started process (PID=2210) to work on /opt/airflow/dags/226 - lab 1 - ML Forcast.py
[2026-04-27T23:02:27.182+0000] {processor.py:914} INFO - Processing file /opt/airflow/dags/226 - lab 1 - ML Forcast.py for tasks to queue
[2026-04-27T23:02:27.184+0000] {logging_mixin.py:190} INFO - [2026-04-27T23:02:27.184+0000] {dagbag.py:587} INFO - Filling up the DagBag from /opt/airflow/dags/226 - lab 1 - ML Forcast.py
[2026-04-27T23:02:27.205+0000] {processor.py:925} INFO - DAG(s) 'ML_forecast' retrieved from /opt/airflow/dags/226 - lab 1 - ML Forcast.py
[2026-04-27T23:02:27.229+0000] {logging_mixin.py:190} INFO - [2026-04-27T23:02:27.229+0000] {dag.py:3229} INFO - Sync 1 DAGs
[2026-04-27T23:02:27.250+0000] {logging_mixin.py:190} INFO - [2026-04-27T23:02:27.250+0000] {dag.py:4156} INFO - Setting next_dagrun for ML_forecast to 2026-04-26 07:30:00+00:00, run_after=2026-04-27 07:30:00+00:00
[2026-04-27T23:02:27.267+0000] {processor.py:208} INFO - Processing /opt/airflow/dags/226 - lab 1 - ML Forcast.py took 0.091 seconds
[2026-04-27T23:02:57.798+0000] {processor.py:186} INFO - Started process (PID=2288) to work on /opt/airflow/dags/226 - lab 1 - ML Forcast.py
[2026-04-27T23:02:57.798+0000] {processor.py:914} INFO - Processing file /opt/airflow/dags/226 - lab 1 - ML Forcast.py for tasks to queue
[2026-04-27T23:02:57.801+0000] {logging_mixin.py:190} INFO - [2026-04-27T23:02:57.800+0000] {dagbag.py:587} INFO - Filling up the DagBag from /opt/airflow/dags/226 - lab 1 - ML Forcast.py
[2026-04-27T23:02:57.819+0000] {processor.py:925} INFO - DAG(s) 'ML_forecast' retrieved from /opt/airflow/dags/226 - lab 1 - ML Forcast.py
[2026-04-27T23:02:57.844+0000] {logging_mixin.py:190} INFO - [2026-04-27T23:02:57.844+0000] {dag.py:3229} INFO - Sync 1 DAGs
[2026-04-27T23:02:57.865+0000] {logging_mixin.py:190} INFO - [2026-04-27T23:02:57.865+0000] {dag.py:4156} INFO - Setting next_dagrun for ML_forecast to 2026-04-26 07:30:00+00:00, run_after=2026-04-27 07:30:00+00:00
[2026-04-27T23:02:57.882+0000] {processor.py:208} INFO - Processing /opt/airflow/dags/226 - lab 1 - ML Forcast.py took 0.089 seconds
[2026-04-27T23:03:28.096+0000] {processor.py:186} INFO - Started process (PID=2366) to work on /opt/airflow/dags/226 - lab 1 - ML Forcast.py
[2026-04-27T23:03:28.097+0000] {processor.py:914} INFO - Processing file /opt/airflow/dags/226 - lab 1 - ML Forcast.py for tasks to queue
[2026-04-27T23:03:28.100+0000] {logging_mixin.py:190} INFO - [2026-04-27T23:03:28.099+0000] {dagbag.py:587} INFO - Filling up the DagBag from /opt/airflow/dags/226 - lab 1 - ML Forcast.py
[2026-04-27T23:03:28.119+0000] {processor.py:925} INFO - DAG(s) 'ML_forecast' retrieved from /opt/airflow/dags/226 - lab 1 - ML Forcast.py
[2026-04-27T23:03:28.143+0000] {logging_mixin.py:190} INFO - [2026-04-27T23:03:28.143+0000] {dag.py:3229} INFO - Sync 1 DAGs
[2026-04-27T23:03:28.164+0000] {logging_mixin.py:190} INFO - [2026-04-27T23:03:28.164+0000] {dag.py:4156} INFO - Setting next_dagrun for ML_forecast to 2026-04-26 07:30:00+00:00, run_after=2026-04-27 07:30:00+00:00
[2026-04-27T23:03:28.181+0000] {processor.py:208} INFO - Processing /opt/airflow/dags/226 - lab 1 - ML Forcast.py took 0.089 seconds
[2026-04-27T23:03:58.732+0000] {processor.py:186} INFO - Started process (PID=2426) to work on /opt/airflow/dags/226 - lab 1 - ML Forcast.py
[2026-04-27T23:03:58.733+0000] {processor.py:914} INFO - Processing file /opt/airflow/dags/226 - lab 1 - ML Forcast.py for tasks to queue
[2026-04-27T23:03:58.736+0000] {logging_mixin.py:190} INFO - [2026-04-27T23:03:58.736+0000] {dagbag.py:587} INFO - Filling up the DagBag from /opt/airflow/dags/226 - lab 1 - ML Forcast.py
[2026-04-27T23:03:58.759+0000] {processor.py:925} INFO - DAG(s) 'ML_forecast' retrieved from /opt/airflow/dags/226 - lab 1 - ML Forcast.py
[2026-04-27T23:03:58.790+0000] {logging_mixin.py:190} INFO - [2026-04-27T23:03:58.790+0000] {dag.py:3229} INFO - Sync 1 DAGs
[2026-04-27T23:03:58.813+0000] {logging_mixin.py:190} INFO - [2026-04-27T23:03:58.813+0000] {dag.py:4156} INFO - Setting next_dagrun for ML_forecast to 2026-04-26 07:30:00+00:00, run_after=2026-04-27 07:30:00+00:00
[2026-04-27T23:03:58.831+0000] {processor.py:208} INFO - Processing /opt/airflow/dags/226 - lab 1 - ML Forcast.py took 0.107 seconds
[2026-04-27T23:04:29.810+0000] {processor.py:186} INFO - Started process (PID=2501) to work on /opt/airflow/dags/226 - lab 1 - ML Forcast.py
[2026-04-27T23:04:29.811+0000] {processor.py:914} INFO - Processing file /opt/airflow/dags/226 - lab 1 - ML Forcast.py for tasks to queue
[2026-04-27T23:04:29.814+0000] {logging_mixin.py:190} INFO - [2026-04-27T23:04:29.814+0000] {dagbag.py:587} INFO - Filling up the DagBag from /opt/airflow/dags/226 - lab 1 - ML Forcast.py
[2026-04-27T23:04:29.836+0000] {processor.py:925} INFO - DAG(s) 'ML_forecast' retrieved from /opt/airflow/dags/226 - lab 1 - ML Forcast.py
[2026-04-27T23:04:29.864+0000] {logging_mixin.py:190} INFO - [2026-04-27T23:04:29.864+0000] {dag.py:3229} INFO - Sync 1 DAGs
[2026-04-27T23:04:29.887+0000] {logging_mixin.py:190} INFO - [2026-04-27T23:04:29.887+0000] {dag.py:4156} INFO - Setting next_dagrun for ML_forecast to 2026-04-26 07:30:00+00:00, run_after=2026-04-27 07:30:00+00:00
[2026-04-27T23:04:29.906+0000] {processor.py:208} INFO - Processing /opt/airflow/dags/226 - lab 1 - ML Forcast.py took 0.103 seconds
[2026-04-27T23:05:00.079+0000] {processor.py:186} INFO - Started process (PID=2579) to work on /opt/airflow/dags/226 - lab 1 - ML Forcast.py
[2026-04-27T23:05:00.080+0000] {processor.py:914} INFO - Processing file /opt/airflow/dags/226 - lab 1 - ML Forcast.py for tasks to queue
[2026-04-27T23:05:00.082+0000] {logging_mixin.py:190} INFO - [2026-04-27T23:05:00.082+0000] {dagbag.py:587} INFO - Filling up the DagBag from /opt/airflow/dags/226 - lab 1 - ML Forcast.py
[2026-04-27T23:05:00.101+0000] {processor.py:925} INFO - DAG(s) 'ML_forecast' retrieved from /opt/airflow/dags/226 - lab 1 - ML Forcast.py
[2026-04-27T23:05:00.126+0000] {logging_mixin.py:190} INFO - [2026-04-27T23:05:00.125+0000] {dag.py:3229} INFO - Sync 1 DAGs
[2026-04-27T23:05:00.146+0000] {logging_mixin.py:190} INFO - [2026-04-27T23:05:00.146+0000] {dag.py:4156} INFO - Setting next_dagrun for ML_forecast to 2026-04-26 07:30:00+00:00, run_after=2026-04-27 07:30:00+00:00
[2026-04-27T23:05:00.163+0000] {processor.py:208} INFO - Processing /opt/airflow/dags/226 - lab 1 - ML Forcast.py took 0.090 seconds
[2026-04-27T23:05:30.386+0000] {processor.py:186} INFO - Started process (PID=2657) to work on /opt/airflow/dags/226 - lab 1 - ML Forcast.py
[2026-04-27T23:05:30.387+0000] {processor.py:914} INFO - Processing file /opt/airflow/dags/226 - lab 1 - ML Forcast.py for tasks to queue
[2026-04-27T23:05:30.391+0000] {logging_mixin.py:190} INFO - [2026-04-27T23:05:30.390+0000] {dagbag.py:587} INFO - Filling up the DagBag from /opt/airflow/dags/226 - lab 1 - ML Forcast.py
[2026-04-27T23:05:30.416+0000] {processor.py:925} INFO - DAG(s) 'ML_forecast' retrieved from /opt/airflow/dags/226 - lab 1 - ML Forcast.py
[2026-04-27T23:05:30.448+0000] {logging_mixin.py:190} INFO - [2026-04-27T23:05:30.447+0000] {dag.py:3229} INFO - Sync 1 DAGs
[2026-04-27T23:05:30.475+0000] {logging_mixin.py:190} INFO - [2026-04-27T23:05:30.475+0000] {dag.py:4156} INFO - Setting next_dagrun for ML_forecast to 2026-04-26 07:30:00+00:00, run_after=2026-04-27 07:30:00+00:00
[2026-04-27T23:05:30.500+0000] {processor.py:208} INFO - Processing /opt/airflow/dags/226 - lab 1 - ML Forcast.py took 0.122 seconds
[2026-04-27T23:06:00.644+0000] {processor.py:186} INFO - Started process (PID=2735) to work on /opt/airflow/dags/226 - lab 1 - ML Forcast.py
[2026-04-27T23:06:00.645+0000] {processor.py:914} INFO - Processing file /opt/airflow/dags/226 - lab 1 - ML Forcast.py for tasks to queue
[2026-04-27T23:06:00.648+0000] {logging_mixin.py:190} INFO - [2026-04-27T23:06:00.648+0000] {dagbag.py:587} INFO - Filling up the DagBag from /opt/airflow/dags/226 - lab 1 - ML Forcast.py
[2026-04-27T23:06:00.668+0000] {processor.py:925} INFO - DAG(s) 'ML_forecast' retrieved from /opt/airflow/dags/226 - lab 1 - ML Forcast.py
[2026-04-27T23:06:00.700+0000] {logging_mixin.py:190} INFO - [2026-04-27T23:06:00.699+0000] {dag.py:3229} INFO - Sync 1 DAGs
[2026-04-27T23:06:00.725+0000] {logging_mixin.py:190} INFO - [2026-04-27T23:06:00.724+0000] {dag.py:4156} INFO - Setting next_dagrun for ML_forecast to 2026-04-26 07:30:00+00:00, run_after=2026-04-27 07:30:00+00:00
[2026-04-27T23:06:00.743+0000] {processor.py:208} INFO - Processing /opt/airflow/dags/226 - lab 1 - ML Forcast.py took 0.105 seconds
[2026-04-27T23:06:31.576+0000] {processor.py:186} INFO - Started process (PID=2819) to work on /opt/airflow/dags/226 - lab 1 - ML Forcast.py
[2026-04-27T23:06:31.577+0000] {processor.py:914} INFO - Processing file /opt/airflow/dags/226 - lab 1 - ML Forcast.py for tasks to queue
[2026-04-27T23:06:31.579+0000] {logging_mixin.py:190} INFO - [2026-04-27T23:06:31.579+0000] {dagbag.py:587} INFO - Filling up the DagBag from /opt/airflow/dags/226 - lab 1 - ML Forcast.py
[2026-04-27T23:06:31.600+0000] {processor.py:925} INFO - DAG(s) 'ML_forecast' retrieved from /opt/airflow/dags/226 - lab 1 - ML Forcast.py
[2026-04-27T23:06:31.627+0000] {logging_mixin.py:190} INFO - [2026-04-27T23:06:31.627+0000] {dag.py:3229} INFO - Sync 1 DAGs
[2026-04-27T23:06:31.657+0000] {logging_mixin.py:190} INFO - [2026-04-27T23:06:31.657+0000] {dag.py:4156} INFO - Setting next_dagrun for ML_forecast to 2026-04-26 07:30:00+00:00, run_after=2026-04-27 07:30:00+00:00
[2026-04-27T23:06:31.676+0000] {processor.py:208} INFO - Processing /opt/airflow/dags/226 - lab 1 - ML Forcast.py took 0.106 seconds
[2026-04-27T23:07:01.858+0000] {processor.py:186} INFO - Started process (PID=2897) to work on /opt/airflow/dags/226 - lab 1 - ML Forcast.py
[2026-04-27T23:07:01.859+0000] {processor.py:914} INFO - Processing file /opt/airflow/dags/226 - lab 1 - ML Forcast.py for tasks to queue
[2026-04-27T23:07:01.862+0000] {logging_mixin.py:190} INFO - [2026-04-27T23:07:01.861+0000] {dagbag.py:587} INFO - Filling up the DagBag from /opt/airflow/dags/226 - lab 1 - ML Forcast.py
[2026-04-27T23:07:01.885+0000] {processor.py:925} INFO - DAG(s) 'ML_forecast' retrieved from /opt/airflow/dags/226 - lab 1 - ML Forcast.py
[2026-04-27T23:07:01.914+0000] {logging_mixin.py:190} INFO - [2026-04-27T23:07:01.913+0000] {dag.py:3229} INFO - Sync 1 DAGs
[2026-04-27T23:07:01.934+0000] {logging_mixin.py:190} INFO - [2026-04-27T23:07:01.934+0000] {dag.py:4156} INFO - Setting next_dagrun for ML_forecast to 2026-04-26 07:30:00+00:00, run_after=2026-04-27 07:30:00+00:00
[2026-04-27T23:07:01.951+0000] {processor.py:208} INFO - Processing /opt/airflow/dags/226 - lab 1 - ML Forcast.py took 0.099 seconds
[2026-04-27T23:07:32.120+0000] {processor.py:186} INFO - Started process (PID=2958) to work on /opt/airflow/dags/226 - lab 1 - ML Forcast.py
[2026-04-27T23:07:32.121+0000] {processor.py:914} INFO - Processing file /opt/airflow/dags/226 - lab 1 - ML Forcast.py for tasks to queue
[2026-04-27T23:07:32.125+0000] {logging_mixin.py:190} INFO - [2026-04-27T23:07:32.124+0000] {dagbag.py:587} INFO - Filling up the DagBag from /opt/airflow/dags/226 - lab 1 - ML Forcast.py
[2026-04-27T23:07:32.147+0000] {processor.py:925} INFO - DAG(s) 'ML_forecast' retrieved from /opt/airflow/dags/226 - lab 1 - ML Forcast.py
[2026-04-27T23:07:32.182+0000] {logging_mixin.py:190} INFO - [2026-04-27T23:07:32.182+0000] {dag.py:3229} INFO - Sync 1 DAGs
[2026-04-27T23:07:32.209+0000] {logging_mixin.py:190} INFO - [2026-04-27T23:07:32.208+0000] {dag.py:4156} INFO - Setting next_dagrun for ML_forecast to 2026-04-26 07:30:00+00:00, run_after=2026-04-27 07:30:00+00:00
[2026-04-27T23:07:32.227+0000] {processor.py:208} INFO - Processing /opt/airflow/dags/226 - lab 1 - ML Forcast.py took 0.115 seconds
[2026-04-27T23:08:03.179+0000] {processor.py:186} INFO - Started process (PID=3033) to work on /opt/airflow/dags/226 - lab 1 - ML Forcast.py
[2026-04-27T23:08:03.180+0000] {processor.py:914} INFO - Processing file /opt/airflow/dags/226 - lab 1 - ML Forcast.py for tasks to queue
[2026-04-27T23:08:03.182+0000] {logging_mixin.py:190} INFO - [2026-04-27T23:08:03.182+0000] {dagbag.py:587} INFO - Filling up the DagBag from /opt/airflow/dags/226 - lab 1 - ML Forcast.py
[2026-04-27T23:08:03.201+0000] {processor.py:925} INFO - DAG(s) 'ML_forecast' retrieved from /opt/airflow/dags/226 - lab 1 - ML Forcast.py
[2026-04-27T23:08:03.229+0000] {logging_mixin.py:190} INFO - [2026-04-27T23:08:03.229+0000] {dag.py:3229} INFO - Sync 1 DAGs
[2026-04-27T23:08:03.250+0000] {logging_mixin.py:190} INFO - [2026-04-27T23:08:03.250+0000] {dag.py:4156} INFO - Setting next_dagrun for ML_forecast to 2026-04-26 07:30:00+00:00, run_after=2026-04-27 07:30:00+00:00
[2026-04-27T23:08:03.266+0000] {processor.py:208} INFO - Processing /opt/airflow/dags/226 - lab 1 - ML Forcast.py took 0.093 seconds
[2026-04-27T23:08:33.609+0000] {processor.py:186} INFO - Started process (PID=3112) to work on /opt/airflow/dags/226 - lab 1 - ML Forcast.py
[2026-04-27T23:08:33.611+0000] {processor.py:914} INFO - Processing file /opt/airflow/dags/226 - lab 1 - ML Forcast.py for tasks to queue
[2026-04-27T23:08:33.613+0000] {logging_mixin.py:190} INFO - [2026-04-27T23:08:33.613+0000] {dagbag.py:587} INFO - Filling up the DagBag from /opt/airflow/dags/226 - lab 1 - ML Forcast.py
[2026-04-27T23:08:33.634+0000] {processor.py:925} INFO - DAG(s) 'ML_forecast' retrieved from /opt/airflow/dags/226 - lab 1 - ML Forcast.py
[2026-04-27T23:08:33.660+0000] {logging_mixin.py:190} INFO - [2026-04-27T23:08:33.659+0000] {dag.py:3229} INFO - Sync 1 DAGs
[2026-04-27T23:08:33.683+0000] {logging_mixin.py:190} INFO - [2026-04-27T23:08:33.683+0000] {dag.py:4156} INFO - Setting next_dagrun for ML_forecast to 2026-04-26 07:30:00+00:00, run_after=2026-04-27 07:30:00+00:00
[2026-04-27T23:08:33.699+0000] {processor.py:208} INFO - Processing /opt/airflow/dags/226 - lab 1 - ML Forcast.py took 0.096 seconds
[2026-04-27T23:09:03.988+0000] {processor.py:186} INFO - Started process (PID=3185) to work on /opt/airflow/dags/226 - lab 1 - ML Forcast.py
[2026-04-27T23:09:03.989+0000] {processor.py:914} INFO - Processing file /opt/airflow/dags/226 - lab 1 - ML Forcast.py for tasks to queue
[2026-04-27T23:09:03.991+0000] {logging_mixin.py:190} INFO - [2026-04-27T23:09:03.991+0000] {dagbag.py:587} INFO - Filling up the DagBag from /opt/airflow/dags/226 - lab 1 - ML Forcast.py
[2026-04-27T23:09:04.013+0000] {processor.py:925} INFO - DAG(s) 'ML_forecast' retrieved from /opt/airflow/dags/226 - lab 1 - ML Forcast.py
[2026-04-27T23:09:04.042+0000] {logging_mixin.py:190} INFO - [2026-04-27T23:09:04.042+0000] {dag.py:3229} INFO - Sync 1 DAGs
[2026-04-27T23:09:04.068+0000] {logging_mixin.py:190} INFO - [2026-04-27T23:09:04.068+0000] {dag.py:4156} INFO - Setting next_dagrun for ML_forecast to 2026-04-26 07:30:00+00:00, run_after=2026-04-27 07:30:00+00:00
[2026-04-27T23:09:04.087+0000] {processor.py:208} INFO - Processing /opt/airflow/dags/226 - lab 1 - ML Forcast.py took 0.106 seconds
[2026-04-27T23:09:34.493+0000] {processor.py:186} INFO - Started process (PID=3261) to work on /opt/airflow/dags/226 - lab 1 - ML Forcast.py
[2026-04-27T23:09:34.494+0000] {processor.py:914} INFO - Processing file /opt/airflow/dags/226 - lab 1 - ML Forcast.py for tasks to queue
[2026-04-27T23:09:34.496+0000] {logging_mixin.py:190} INFO - [2026-04-27T23:09:34.496+0000] {dagbag.py:587} INFO - Filling up the DagBag from /opt/airflow/dags/226 - lab 1 - ML Forcast.py
[2026-04-27T23:09:34.517+0000] {processor.py:925} INFO - DAG(s) 'ML_forecast' retrieved from /opt/airflow/dags/226 - lab 1 - ML Forcast.py
[2026-04-27T23:09:34.544+0000] {logging_mixin.py:190} INFO - [2026-04-27T23:09:34.543+0000] {dag.py:3229} INFO - Sync 1 DAGs
[2026-04-27T23:09:34.567+0000] {logging_mixin.py:190} INFO - [2026-04-27T23:09:34.567+0000] {dag.py:4156} INFO - Setting next_dagrun for ML_forecast to 2026-04-26 07:30:00+00:00, run_after=2026-04-27 07:30:00+00:00
[2026-04-27T23:09:34.583+0000] {processor.py:208} INFO - Processing /opt/airflow/dags/226 - lab 1 - ML Forcast.py took 0.097 seconds
[2026-04-27T23:10:05.159+0000] {processor.py:186} INFO - Started process (PID=3334) to work on /opt/airflow/dags/226 - lab 1 - ML Forcast.py
[2026-04-27T23:10:05.160+0000] {processor.py:914} INFO - Processing file /opt/airflow/dags/226 - lab 1 - ML Forcast.py for tasks to queue
[2026-04-27T23:10:05.163+0000] {logging_mixin.py:190} INFO - [2026-04-27T23:10:05.162+0000] {dagbag.py:587} INFO - Filling up the DagBag from /opt/airflow/dags/226 - lab 1 - ML Forcast.py
[2026-04-27T23:10:05.182+0000] {processor.py:925} INFO - DAG(s) 'ML_forecast' retrieved from /opt/airflow/dags/226 - lab 1 - ML Forcast.py
[2026-04-27T23:10:05.207+0000] {logging_mixin.py:190} INFO - [2026-04-27T23:10:05.206+0000] {dag.py:3229} INFO - Sync 1 DAGs
[2026-04-27T23:10:05.228+0000] {logging_mixin.py:190} INFO - [2026-04-27T23:10:05.228+0000] {dag.py:4156} INFO - Setting next_dagrun for ML_forecast to 2026-04-26 07:30:00+00:00, run_after=2026-04-27 07:30:00+00:00
[2026-04-27T23:10:05.245+0000] {processor.py:208} INFO - Processing /opt/airflow/dags/226 - lab 1 - ML Forcast.py took 0.092 seconds
[2026-04-27T23:10:35.985+0000] {processor.py:186} INFO - Started process (PID=3413) to work on /opt/airflow/dags/226 - lab 1 - ML Forcast.py
[2026-04-27T23:10:35.986+0000] {processor.py:914} INFO - Processing file /opt/airflow/dags/226 - lab 1 - ML Forcast.py for tasks to queue
[2026-04-27T23:10:35.989+0000] {logging_mixin.py:190} INFO - [2026-04-27T23:10:35.989+0000] {dagbag.py:587} INFO - Filling up the DagBag from /opt/airflow/dags/226 - lab 1 - ML Forcast.py
[2026-04-27T23:10:36.009+0000] {processor.py:925} INFO - DAG(s) 'ML_forecast' retrieved from /opt/airflow/dags/226 - lab 1 - ML Forcast.py
[2026-04-27T23:10:36.034+0000] {logging_mixin.py:190} INFO - [2026-04-27T23:10:36.034+0000] {dag.py:3229} INFO - Sync 1 DAGs
[2026-04-27T23:10:36.057+0000] {logging_mixin.py:190} INFO - [2026-04-27T23:10:36.057+0000] {dag.py:4156} INFO - Setting next_dagrun for ML_forecast to 2026-04-26 07:30:00+00:00, run_after=2026-04-27 07:30:00+00:00
[2026-04-27T23:10:36.073+0000] {processor.py:208} INFO - Processing /opt/airflow/dags/226 - lab 1 - ML Forcast.py took 0.093 seconds
[2026-04-27T23:11:06.923+0000] {processor.py:186} INFO - Started process (PID=3475) to work on /opt/airflow/dags/226 - lab 1 - ML Forcast.py
[2026-04-27T23:11:06.924+0000] {processor.py:914} INFO - Processing file /opt/airflow/dags/226 - lab 1 - ML Forcast.py for tasks to queue
[2026-04-27T23:11:06.927+0000] {logging_mixin.py:190} INFO - [2026-04-27T23:11:06.927+0000] {dagbag.py:587} INFO - Filling up the DagBag from /opt/airflow/dags/226 - lab 1 - ML Forcast.py
[2026-04-27T23:11:06.946+0000] {processor.py:925} INFO - DAG(s) 'ML_forecast' retrieved from /opt/airflow/dags/226 - lab 1 - ML Forcast.py
[2026-04-27T23:11:06.972+0000] {logging_mixin.py:190} INFO - [2026-04-27T23:11:06.971+0000] {dag.py:3229} INFO - Sync 1 DAGs
[2026-04-27T23:11:06.993+0000] {logging_mixin.py:190} INFO - [2026-04-27T23:11:06.992+0000] {dag.py:4156} INFO - Setting next_dagrun for ML_forecast to 2026-04-26 07:30:00+00:00, run_after=2026-04-27 07:30:00+00:00
[2026-04-27T23:11:07.010+0000] {processor.py:208} INFO - Processing /opt/airflow/dags/226 - lab 1 - ML Forcast.py took 0.092 seconds
[2026-04-27T23:11:38.312+0000] {processor.py:186} INFO - Started process (PID=3548) to work on /opt/airflow/dags/226 - lab 1 - ML Forcast.py
[2026-04-27T23:11:38.313+0000] {processor.py:914} INFO - Processing file /opt/airflow/dags/226 - lab 1 - ML Forcast.py for tasks to queue
[2026-04-27T23:11:38.315+0000] {logging_mixin.py:190} INFO - [2026-04-27T23:11:38.315+0000] {dagbag.py:587} INFO - Filling up the DagBag from /opt/airflow/dags/226 - lab 1 - ML Forcast.py
[2026-04-27T23:11:38.335+0000] {processor.py:925} INFO - DAG(s) 'ML_forecast' retrieved from /opt/airflow/dags/226 - lab 1 - ML Forcast.py
[2026-04-27T23:11:38.360+0000] {logging_mixin.py:190} INFO - [2026-04-27T23:11:38.360+0000] {dag.py:3229} INFO - Sync 1 DAGs
[2026-04-27T23:11:38.381+0000] {logging_mixin.py:190} INFO - [2026-04-27T23:11:38.381+0000] {dag.py:4156} INFO - Setting next_dagrun for ML_forecast to 2026-04-26 07:30:00+00:00, run_after=2026-04-27 07:30:00+00:00
[2026-04-27T23:11:38.398+0000] {processor.py:208} INFO - Processing /opt/airflow/dags/226 - lab 1 - ML Forcast.py took 0.092 seconds
[2026-04-27T23:12:11.118+0000] {processor.py:186} INFO - Started process (PID=3631) to work on /opt/airflow/dags/226 - lab 1 - ML Forcast.py
[2026-04-27T23:12:11.119+0000] {processor.py:914} INFO - Processing file /opt/airflow/dags/226 - lab 1 - ML Forcast.py for tasks to queue
[2026-04-27T23:12:11.123+0000] {logging_mixin.py:190} INFO - [2026-04-27T23:12:11.122+0000] {dagbag.py:587} INFO - Filling up the DagBag from /opt/airflow/dags/226 - lab 1 - ML Forcast.py
[2026-04-27T23:12:11.141+0000] {processor.py:925} INFO - DAG(s) 'ML_forecast' retrieved from /opt/airflow/dags/226 - lab 1 - ML Forcast.py
[2026-04-27T23:12:11.167+0000] {logging_mixin.py:190} INFO - [2026-04-27T23:12:11.166+0000] {dag.py:3229} INFO - Sync 1 DAGs
[2026-04-27T23:12:11.188+0000] {logging_mixin.py:190} INFO - [2026-04-27T23:12:11.187+0000] {dag.py:4156} INFO - Setting next_dagrun for ML_forecast to 2026-04-26 07:30:00+00:00, run_after=2026-04-27 07:30:00+00:00
[2026-04-27T23:12:11.204+0000] {processor.py:208} INFO - Processing /opt/airflow/dags/226 - lab 1 - ML Forcast.py took 0.091 seconds
[2026-04-27T23:12:41.571+0000] {processor.py:186} INFO - Started process (PID=3688) to work on /opt/airflow/dags/226 - lab 1 - ML Forcast.py
[2026-04-27T23:12:41.572+0000] {processor.py:914} INFO - Processing file /opt/airflow/dags/226 - lab 1 - ML Forcast.py for tasks to queue
[2026-04-27T23:12:41.576+0000] {logging_mixin.py:190} INFO - [2026-04-27T23:12:41.575+0000] {dagbag.py:587} INFO - Filling up the DagBag from /opt/airflow/dags/226 - lab 1 - ML Forcast.py
[2026-04-27T23:12:41.597+0000] {processor.py:925} INFO - DAG(s) 'ML_forecast' retrieved from /opt/airflow/dags/226 - lab 1 - ML Forcast.py
[2026-04-27T23:12:41.624+0000] {logging_mixin.py:190} INFO - [2026-04-27T23:12:41.623+0000] {dag.py:3229} INFO - Sync 1 DAGs
[2026-04-27T23:12:41.645+0000] {logging_mixin.py:190} INFO - [2026-04-27T23:12:41.645+0000] {dag.py:4156} INFO - Setting next_dagrun for ML_forecast to 2026-04-26 07:30:00+00:00, run_after=2026-04-27 07:30:00+00:00
[2026-04-27T23:12:41.663+0000] {processor.py:208} INFO - Processing /opt/airflow/dags/226 - lab 1 - ML Forcast.py took 0.099 seconds
[2026-04-27T23:13:11.881+0000] {processor.py:186} INFO - Started process (PID=3761) to work on /opt/airflow/dags/226 - lab 1 - ML Forcast.py
[2026-04-27T23:13:11.882+0000] {processor.py:914} INFO - Processing file /opt/airflow/dags/226 - lab 1 - ML Forcast.py for tasks to queue
[2026-04-27T23:13:11.885+0000] {logging_mixin.py:190} INFO - [2026-04-27T23:13:11.884+0000] {dagbag.py:587} INFO - Filling up the DagBag from /opt/airflow/dags/226 - lab 1 - ML Forcast.py
[2026-04-27T23:13:11.904+0000] {processor.py:925} INFO - DAG(s) 'ML_forecast' retrieved from /opt/airflow/dags/226 - lab 1 - ML Forcast.py
[2026-04-27T23:13:11.929+0000] {logging_mixin.py:190} INFO - [2026-04-27T23:13:11.928+0000] {dag.py:3229} INFO - Sync 1 DAGs
[2026-04-27T23:13:11.953+0000] {logging_mixin.py:190} INFO - [2026-04-27T23:13:11.952+0000] {dag.py:4156} INFO - Setting next_dagrun for ML_forecast to 2026-04-26 07:30:00+00:00, run_after=2026-04-27 07:30:00+00:00
[2026-04-27T23:13:11.973+0000] {processor.py:208} INFO - Processing /opt/airflow/dags/226 - lab 1 - ML Forcast.py took 0.097 seconds
[2026-04-27T23:13:42.942+0000] {processor.py:186} INFO - Started process (PID=3839) to work on /opt/airflow/dags/226 - lab 1 - ML Forcast.py
[2026-04-27T23:13:42.943+0000] {processor.py:914} INFO - Processing file /opt/airflow/dags/226 - lab 1 - ML Forcast.py for tasks to queue
[2026-04-27T23:13:42.945+0000] {logging_mixin.py:190} INFO - [2026-04-27T23:13:42.945+0000] {dagbag.py:587} INFO - Filling up the DagBag from /opt/airflow/dags/226 - lab 1 - ML Forcast.py
[2026-04-27T23:13:42.965+0000] {processor.py:925} INFO - DAG(s) 'ML_forecast' retrieved from /opt/airflow/dags/226 - lab 1 - ML Forcast.py
[2026-04-27T23:13:42.990+0000] {logging_mixin.py:190} INFO - [2026-04-27T23:13:42.990+0000] {dag.py:3229} INFO - Sync 1 DAGs
[2026-04-27T23:13:43.011+0000] {logging_mixin.py:190} INFO - [2026-04-27T23:13:43.011+0000] {dag.py:4156} INFO - Setting next_dagrun for ML_forecast to 2026-04-26 07:30:00+00:00, run_after=2026-04-27 07:30:00+00:00
[2026-04-27T23:13:43.028+0000] {processor.py:208} INFO - Processing /opt/airflow/dags/226 - lab 1 - ML Forcast.py took 0.092 seconds
[2026-04-27T23:14:13.782+0000] {processor.py:186} INFO - Started process (PID=3915) to work on /opt/airflow/dags/226 - lab 1 - ML Forcast.py
[2026-04-27T23:14:13.783+0000] {processor.py:914} INFO - Processing file /opt/airflow/dags/226 - lab 1 - ML Forcast.py for tasks to queue
[2026-04-27T23:14:13.786+0000] {logging_mixin.py:190} INFO - [2026-04-27T23:14:13.785+0000] {dagbag.py:587} INFO - Filling up the DagBag from /opt/airflow/dags/226 - lab 1 - ML Forcast.py
[2026-04-27T23:14:13.804+0000] {processor.py:925} INFO - DAG(s) 'ML_forecast' retrieved from /opt/airflow/dags/226 - lab 1 - ML Forcast.py
[2026-04-27T23:14:13.829+0000] {logging_mixin.py:190} INFO - [2026-04-27T23:14:13.828+0000] {dag.py:3229} INFO - Sync 1 DAGs
[2026-04-27T23:14:13.849+0000] {logging_mixin.py:190} INFO - [2026-04-27T23:14:13.849+0000] {dag.py:4156} INFO - Setting next_dagrun for ML_forecast to 2026-04-26 07:30:00+00:00, run_after=2026-04-27 07:30:00+00:00
[2026-04-27T23:14:13.877+0000] {processor.py:208} INFO - Processing /opt/airflow/dags/226 - lab 1 - ML Forcast.py took 0.100 seconds
[2026-04-27T23:14:44.243+0000] {processor.py:186} INFO - Started process (PID=3993) to work on /opt/airflow/dags/226 - lab 1 - ML Forcast.py
[2026-04-27T23:14:44.244+0000] {processor.py:914} INFO - Processing file /opt/airflow/dags/226 - lab 1 - ML Forcast.py for tasks to queue
[2026-04-27T23:14:44.247+0000] {logging_mixin.py:190} INFO - [2026-04-27T23:14:44.247+0000] {dagbag.py:587} INFO - Filling up the DagBag from /opt/airflow/dags/226 - lab 1 - ML Forcast.py
[2026-04-27T23:14:44.267+0000] {processor.py:925} INFO - DAG(s) 'ML_forecast' retrieved from /opt/airflow/dags/226 - lab 1 - ML Forcast.py
[2026-04-27T23:14:44.294+0000] {logging_mixin.py:190} INFO - [2026-04-27T23:14:44.293+0000] {dag.py:3229} INFO - Sync 1 DAGs
[2026-04-27T23:14:44.315+0000] {logging_mixin.py:190} INFO - [2026-04-27T23:14:44.315+0000] {dag.py:4156} INFO - Setting next_dagrun for ML_forecast to 2026-04-26 07:30:00+00:00, run_after=2026-04-27 07:30:00+00:00
[2026-04-27T23:14:44.345+0000] {processor.py:208} INFO - Processing /opt/airflow/dags/226 - lab 1 - ML Forcast.py took 0.108 seconds
[2026-04-27T23:15:14.795+0000] {processor.py:186} INFO - Started process (PID=4053) to work on /opt/airflow/dags/226 - lab 1 - ML Forcast.py
[2026-04-27T23:15:14.796+0000] {processor.py:914} INFO - Processing file /opt/airflow/dags/226 - lab 1 - ML Forcast.py for tasks to queue
[2026-04-27T23:15:14.799+0000] {logging_mixin.py:190} INFO - [2026-04-27T23:15:14.799+0000] {dagbag.py:587} INFO - Filling up the DagBag from /opt/airflow/dags/226 - lab 1 - ML Forcast.py
[2026-04-27T23:15:14.821+0000] {processor.py:925} INFO - DAG(s) 'ML_forecast' retrieved from /opt/airflow/dags/226 - lab 1 - ML Forcast.py
[2026-04-27T23:15:14.851+0000] {logging_mixin.py:190} INFO - [2026-04-27T23:15:14.850+0000] {dag.py:3229} INFO - Sync 1 DAGs
[2026-04-27T23:15:14.876+0000] {logging_mixin.py:190} INFO - [2026-04-27T23:15:14.876+0000] {dag.py:4156} INFO - Setting next_dagrun for ML_forecast to 2026-04-26 07:30:00+00:00, run_after=2026-04-27 07:30:00+00:00
[2026-04-27T23:15:14.907+0000] {processor.py:208} INFO - Processing /opt/airflow/dags/226 - lab 1 - ML Forcast.py took 0.120 seconds
[2026-04-27T23:15:45.790+0000] {processor.py:186} INFO - Started process (PID=4134) to work on /opt/airflow/dags/226 - lab 1 - ML Forcast.py
[2026-04-27T23:15:45.791+0000] {processor.py:914} INFO - Processing file /opt/airflow/dags/226 - lab 1 - ML Forcast.py for tasks to queue
[2026-04-27T23:15:45.793+0000] {logging_mixin.py:190} INFO - [2026-04-27T23:15:45.793+0000] {dagbag.py:587} INFO - Filling up the DagBag from /opt/airflow/dags/226 - lab 1 - ML Forcast.py
[2026-04-27T23:15:45.811+0000] {processor.py:925} INFO - DAG(s) 'ML_forecast' retrieved from /opt/airflow/dags/226 - lab 1 - ML Forcast.py
[2026-04-27T23:15:45.835+0000] {logging_mixin.py:190} INFO - [2026-04-27T23:15:45.834+0000] {dag.py:3229} INFO - Sync 1 DAGs
[2026-04-27T23:15:45.855+0000] {logging_mixin.py:190} INFO - [2026-04-27T23:15:45.855+0000] {dag.py:4156} INFO - Setting next_dagrun for ML_forecast to 2026-04-26 07:30:00+00:00, run_after=2026-04-27 07:30:00+00:00
[2026-04-27T23:15:45.885+0000] {processor.py:208} INFO - Processing /opt/airflow/dags/226 - lab 1 - ML Forcast.py took 0.100 seconds
[2026-04-27T23:16:16.547+0000] {processor.py:186} INFO - Started process (PID=4212) to work on /opt/airflow/dags/226 - lab 1 - ML Forcast.py
[2026-04-27T23:16:16.547+0000] {processor.py:914} INFO - Processing file /opt/airflow/dags/226 - lab 1 - ML Forcast.py for tasks to queue
[2026-04-27T23:16:16.550+0000] {logging_mixin.py:190} INFO - [2026-04-27T23:16:16.550+0000] {dagbag.py:587} INFO - Filling up the DagBag from /opt/airflow/dags/226 - lab 1 - ML Forcast.py
[2026-04-27T23:16:16.568+0000] {processor.py:925} INFO - DAG(s) 'ML_forecast' retrieved from /opt/airflow/dags/226 - lab 1 - ML Forcast.py
[2026-04-27T23:16:16.592+0000] {logging_mixin.py:190} INFO - [2026-04-27T23:16:16.591+0000] {dag.py:3229} INFO - Sync 1 DAGs
[2026-04-27T23:16:16.612+0000] {logging_mixin.py:190} INFO - [2026-04-27T23:16:16.612+0000] {dag.py:4156} INFO - Setting next_dagrun for ML_forecast to 2026-04-26 07:30:00+00:00, run_after=2026-04-27 07:30:00+00:00
[2026-04-27T23:16:16.643+0000] {processor.py:208} INFO - Processing /opt/airflow/dags/226 - lab 1 - ML Forcast.py took 0.101 seconds
