[2026-04-27T02:12:38.247+0000] {processor.py:186} INFO - Started process (PID=205) to work on /opt/airflow/dags/build_elt_with_dbt.py
[2026-04-27T02:12:38.248+0000] {processor.py:914} INFO - Processing file /opt/airflow/dags/build_elt_with_dbt.py for tasks to queue
[2026-04-27T02:12:38.251+0000] {logging_mixin.py:190} INFO - [2026-04-27T02:12:38.251+0000] {dagbag.py:587} INFO - Filling up the DagBag from /opt/airflow/dags/build_elt_with_dbt.py
[2026-04-27T02:12:38.297+0000] {logging_mixin.py:190} INFO - [2026-04-27T02:12:38.297+0000] {base.py:84} INFO - Retrieving connection 'snowflake_conn'
[2026-04-27T02:12:38.315+0000] {processor.py:925} INFO - DAG(s) 'BuildELT_dbt' retrieved from /opt/airflow/dags/build_elt_with_dbt.py
[2026-04-27T02:12:38.346+0000] {logging_mixin.py:190} INFO - [2026-04-27T02:12:38.345+0000] {dag.py:3229} INFO - Sync 1 DAGs
[2026-04-27T02:12:38.379+0000] {logging_mixin.py:190} INFO - [2026-04-27T02:12:38.379+0000] {dag.py:4156} INFO - Setting next_dagrun for BuildELT_dbt to 2026-04-25 08:00:00+00:00, run_after=2026-04-26 08:00:00+00:00
[2026-04-27T02:12:38.403+0000] {processor.py:208} INFO - Processing /opt/airflow/dags/build_elt_with_dbt.py took 0.164 seconds
[2026-04-27T02:13:10.027+0000] {processor.py:186} INFO - Started process (PID=299) to work on /opt/airflow/dags/build_elt_with_dbt.py
[2026-04-27T02:13:10.028+0000] {processor.py:914} INFO - Processing file /opt/airflow/dags/build_elt_with_dbt.py for tasks to queue
[2026-04-27T02:13:10.033+0000] {logging_mixin.py:190} INFO - [2026-04-27T02:13:10.032+0000] {dagbag.py:587} INFO - Filling up the DagBag from /opt/airflow/dags/build_elt_with_dbt.py
[2026-04-27T02:13:10.064+0000] {logging_mixin.py:190} INFO - [2026-04-27T02:13:10.064+0000] {base.py:84} INFO - Retrieving connection 'snowflake_conn'
[2026-04-27T02:13:10.076+0000] {processor.py:925} INFO - DAG(s) 'BuildELT_dbt' retrieved from /opt/airflow/dags/build_elt_with_dbt.py
[2026-04-27T02:13:10.096+0000] {logging_mixin.py:190} INFO - [2026-04-27T02:13:10.096+0000] {dag.py:3229} INFO - Sync 1 DAGs
[2026-04-27T02:13:10.121+0000] {logging_mixin.py:190} INFO - [2026-04-27T02:13:10.121+0000] {dag.py:4156} INFO - Setting next_dagrun for BuildELT_dbt to 2026-04-25 08:00:00+00:00, run_after=2026-04-26 08:00:00+00:00
[2026-04-27T02:13:10.140+0000] {processor.py:208} INFO - Processing /opt/airflow/dags/build_elt_with_dbt.py took 0.121 seconds
[2026-04-27T02:13:40.506+0000] {processor.py:186} INFO - Started process (PID=356) to work on /opt/airflow/dags/build_elt_with_dbt.py
[2026-04-27T02:13:40.508+0000] {processor.py:914} INFO - Processing file /opt/airflow/dags/build_elt_with_dbt.py for tasks to queue
[2026-04-27T02:13:40.511+0000] {logging_mixin.py:190} INFO - [2026-04-27T02:13:40.511+0000] {dagbag.py:587} INFO - Filling up the DagBag from /opt/airflow/dags/build_elt_with_dbt.py
[2026-04-27T02:13:40.543+0000] {logging_mixin.py:190} INFO - [2026-04-27T02:13:40.543+0000] {base.py:84} INFO - Retrieving connection 'snowflake_conn'
[2026-04-27T02:13:40.554+0000] {processor.py:925} INFO - DAG(s) 'BuildELT_dbt' retrieved from /opt/airflow/dags/build_elt_with_dbt.py
[2026-04-27T02:13:40.573+0000] {logging_mixin.py:190} INFO - [2026-04-27T02:13:40.572+0000] {dag.py:3229} INFO - Sync 1 DAGs
[2026-04-27T02:13:40.597+0000] {logging_mixin.py:190} INFO - [2026-04-27T02:13:40.597+0000] {dag.py:4156} INFO - Setting next_dagrun for BuildELT_dbt to 2026-04-25 08:00:00+00:00, run_after=2026-04-26 08:00:00+00:00
[2026-04-27T02:13:40.626+0000] {processor.py:208} INFO - Processing /opt/airflow/dags/build_elt_with_dbt.py took 0.125 seconds
[2026-04-27T02:13:56.001+0000] {processor.py:186} INFO - Started process (PID=198) to work on /opt/airflow/dags/build_elt_with_dbt.py
[2026-04-27T02:13:56.003+0000] {processor.py:914} INFO - Processing file /opt/airflow/dags/build_elt_with_dbt.py for tasks to queue
[2026-04-27T02:13:56.006+0000] {logging_mixin.py:190} INFO - [2026-04-27T02:13:56.006+0000] {dagbag.py:587} INFO - Filling up the DagBag from /opt/airflow/dags/build_elt_with_dbt.py
[2026-04-27T02:13:56.041+0000] {logging_mixin.py:190} INFO - [2026-04-27T02:13:56.041+0000] {base.py:84} INFO - Retrieving connection 'snowflake_conn'
[2026-04-27T02:13:56.052+0000] {processor.py:925} INFO - DAG(s) 'BuildELT_dbt' retrieved from /opt/airflow/dags/build_elt_with_dbt.py
[2026-04-27T02:13:56.074+0000] {logging_mixin.py:190} INFO - [2026-04-27T02:13:56.073+0000] {dag.py:3229} INFO - Sync 1 DAGs
[2026-04-27T02:13:56.103+0000] {logging_mixin.py:190} INFO - [2026-04-27T02:13:56.103+0000] {dag.py:4156} INFO - Setting next_dagrun for BuildELT_dbt to 2026-04-25 08:00:00+00:00, run_after=2026-04-26 08:00:00+00:00
[2026-04-27T02:13:56.126+0000] {processor.py:208} INFO - Processing /opt/airflow/dags/build_elt_with_dbt.py took 0.132 seconds
[2026-04-27T02:14:27.016+0000] {processor.py:186} INFO - Started process (PID=297) to work on /opt/airflow/dags/build_elt_with_dbt.py
[2026-04-27T02:14:27.018+0000] {processor.py:914} INFO - Processing file /opt/airflow/dags/build_elt_with_dbt.py for tasks to queue
[2026-04-27T02:14:27.021+0000] {logging_mixin.py:190} INFO - [2026-04-27T02:14:27.021+0000] {dagbag.py:587} INFO - Filling up the DagBag from /opt/airflow/dags/build_elt_with_dbt.py
[2026-04-27T02:14:27.051+0000] {logging_mixin.py:190} INFO - [2026-04-27T02:14:27.051+0000] {base.py:84} INFO - Retrieving connection 'snowflake_conn'
[2026-04-27T02:14:27.062+0000] {processor.py:925} INFO - DAG(s) 'BuildELT_dbt' retrieved from /opt/airflow/dags/build_elt_with_dbt.py
[2026-04-27T02:14:27.082+0000] {logging_mixin.py:190} INFO - [2026-04-27T02:14:27.081+0000] {dag.py:3229} INFO - Sync 1 DAGs
[2026-04-27T02:14:27.106+0000] {logging_mixin.py:190} INFO - [2026-04-27T02:14:27.106+0000] {dag.py:4156} INFO - Setting next_dagrun for BuildELT_dbt to 2026-04-25 08:00:00+00:00, run_after=2026-04-26 08:00:00+00:00
[2026-04-27T02:14:27.124+0000] {processor.py:208} INFO - Processing /opt/airflow/dags/build_elt_with_dbt.py took 0.116 seconds
[2026-04-27T02:14:57.517+0000] {processor.py:186} INFO - Started process (PID=354) to work on /opt/airflow/dags/build_elt_with_dbt.py
[2026-04-27T02:14:57.518+0000] {processor.py:914} INFO - Processing file /opt/airflow/dags/build_elt_with_dbt.py for tasks to queue
[2026-04-27T02:14:57.521+0000] {logging_mixin.py:190} INFO - [2026-04-27T02:14:57.520+0000] {dagbag.py:587} INFO - Filling up the DagBag from /opt/airflow/dags/build_elt_with_dbt.py
[2026-04-27T02:14:57.556+0000] {logging_mixin.py:190} INFO - [2026-04-27T02:14:57.556+0000] {base.py:84} INFO - Retrieving connection 'snowflake_conn'
[2026-04-27T02:14:57.567+0000] {processor.py:925} INFO - DAG(s) 'BuildELT_dbt' retrieved from /opt/airflow/dags/build_elt_with_dbt.py
[2026-04-27T02:14:57.588+0000] {logging_mixin.py:190} INFO - [2026-04-27T02:14:57.587+0000] {dag.py:3229} INFO - Sync 1 DAGs
[2026-04-27T02:14:57.613+0000] {logging_mixin.py:190} INFO - [2026-04-27T02:14:57.613+0000] {dag.py:4156} INFO - Setting next_dagrun for BuildELT_dbt to 2026-04-25 08:00:00+00:00, run_after=2026-04-26 08:00:00+00:00
[2026-04-27T02:14:57.634+0000] {processor.py:208} INFO - Processing /opt/airflow/dags/build_elt_with_dbt.py took 0.123 seconds
[2026-04-27T22:51:41.964+0000] {processor.py:186} INFO - Started process (PID=208) to work on /opt/airflow/dags/build_elt_with_dbt.py
[2026-04-27T22:51:41.966+0000] {processor.py:914} INFO - Processing file /opt/airflow/dags/build_elt_with_dbt.py for tasks to queue
[2026-04-27T22:51:41.968+0000] {logging_mixin.py:190} INFO - [2026-04-27T22:51:41.968+0000] {dagbag.py:587} INFO - Filling up the DagBag from /opt/airflow/dags/build_elt_with_dbt.py
[2026-04-27T22:51:42.003+0000] {logging_mixin.py:190} INFO - [2026-04-27T22:51:42.003+0000] {base.py:84} INFO - Retrieving connection 'snowflake_conn'
[2026-04-27T22:51:42.018+0000] {processor.py:925} INFO - DAG(s) 'BuildELT_dbt' retrieved from /opt/airflow/dags/build_elt_with_dbt.py
[2026-04-27T22:51:42.045+0000] {logging_mixin.py:190} INFO - [2026-04-27T22:51:42.044+0000] {dag.py:3229} INFO - Sync 1 DAGs
[2026-04-27T22:51:42.078+0000] {logging_mixin.py:190} INFO - [2026-04-27T22:51:42.078+0000] {dag.py:4156} INFO - Setting next_dagrun for BuildELT_dbt to 2026-04-26 08:00:00+00:00, run_after=2026-04-27 08:00:00+00:00
[2026-04-27T22:51:42.100+0000] {processor.py:208} INFO - Processing /opt/airflow/dags/build_elt_with_dbt.py took 0.143 seconds
[2026-04-27T22:52:12.182+0000] {processor.py:186} INFO - Started process (PID=326) to work on /opt/airflow/dags/build_elt_with_dbt.py
[2026-04-27T22:52:12.183+0000] {processor.py:914} INFO - Processing file /opt/airflow/dags/build_elt_with_dbt.py for tasks to queue
[2026-04-27T22:52:12.186+0000] {logging_mixin.py:190} INFO - [2026-04-27T22:52:12.185+0000] {dagbag.py:587} INFO - Filling up the DagBag from /opt/airflow/dags/build_elt_with_dbt.py
[2026-04-27T22:52:12.212+0000] {logging_mixin.py:190} INFO - [2026-04-27T22:52:12.212+0000] {base.py:84} INFO - Retrieving connection 'snowflake_conn'
[2026-04-27T22:52:12.221+0000] {processor.py:925} INFO - DAG(s) 'BuildELT_dbt' retrieved from /opt/airflow/dags/build_elt_with_dbt.py
[2026-04-27T22:52:12.241+0000] {logging_mixin.py:190} INFO - [2026-04-27T22:52:12.240+0000] {dag.py:3229} INFO - Sync 1 DAGs
[2026-04-27T22:52:12.265+0000] {logging_mixin.py:190} INFO - [2026-04-27T22:52:12.265+0000] {dag.py:4156} INFO - Setting next_dagrun for BuildELT_dbt to 2026-04-26 08:00:00+00:00, run_after=2026-04-27 08:00:00+00:00
[2026-04-27T22:52:12.286+0000] {processor.py:208} INFO - Processing /opt/airflow/dags/build_elt_with_dbt.py took 0.111 seconds
[2026-04-27T22:52:42.546+0000] {processor.py:186} INFO - Started process (PID=404) to work on /opt/airflow/dags/build_elt_with_dbt.py
[2026-04-27T22:52:42.547+0000] {processor.py:914} INFO - Processing file /opt/airflow/dags/build_elt_with_dbt.py for tasks to queue
[2026-04-27T22:52:42.551+0000] {logging_mixin.py:190} INFO - [2026-04-27T22:52:42.551+0000] {dagbag.py:587} INFO - Filling up the DagBag from /opt/airflow/dags/build_elt_with_dbt.py
[2026-04-27T22:52:42.583+0000] {logging_mixin.py:190} INFO - [2026-04-27T22:52:42.583+0000] {base.py:84} INFO - Retrieving connection 'snowflake_conn'
[2026-04-27T22:52:42.593+0000] {processor.py:925} INFO - DAG(s) 'BuildELT_dbt' retrieved from /opt/airflow/dags/build_elt_with_dbt.py
[2026-04-27T22:52:42.613+0000] {logging_mixin.py:190} INFO - [2026-04-27T22:52:42.613+0000] {dag.py:3229} INFO - Sync 1 DAGs
[2026-04-27T22:52:42.640+0000] {logging_mixin.py:190} INFO - [2026-04-27T22:52:42.639+0000] {dag.py:4156} INFO - Setting next_dagrun for BuildELT_dbt to 2026-04-26 08:00:00+00:00, run_after=2026-04-27 08:00:00+00:00
[2026-04-27T22:52:42.660+0000] {processor.py:208} INFO - Processing /opt/airflow/dags/build_elt_with_dbt.py took 0.122 seconds
[2026-04-27T22:53:12.999+0000] {processor.py:186} INFO - Started process (PID=503) to work on /opt/airflow/dags/build_elt_with_dbt.py
[2026-04-27T22:53:13.000+0000] {processor.py:914} INFO - Processing file /opt/airflow/dags/build_elt_with_dbt.py for tasks to queue
[2026-04-27T22:53:13.002+0000] {logging_mixin.py:190} INFO - [2026-04-27T22:53:13.002+0000] {dagbag.py:587} INFO - Filling up the DagBag from /opt/airflow/dags/build_elt_with_dbt.py
[2026-04-27T22:53:13.030+0000] {logging_mixin.py:190} INFO - [2026-04-27T22:53:13.029+0000] {base.py:84} INFO - Retrieving connection 'snowflake_conn'
[2026-04-27T22:53:13.038+0000] {processor.py:925} INFO - DAG(s) 'BuildELT_dbt' retrieved from /opt/airflow/dags/build_elt_with_dbt.py
[2026-04-27T22:53:13.054+0000] {logging_mixin.py:190} INFO - [2026-04-27T22:53:13.054+0000] {dag.py:3229} INFO - Sync 1 DAGs
[2026-04-27T22:53:13.077+0000] {logging_mixin.py:190} INFO - [2026-04-27T22:53:13.076+0000] {dag.py:4156} INFO - Setting next_dagrun for BuildELT_dbt to 2026-04-26 08:00:00+00:00, run_after=2026-04-27 08:00:00+00:00
[2026-04-27T22:53:13.096+0000] {processor.py:208} INFO - Processing /opt/airflow/dags/build_elt_with_dbt.py took 0.103 seconds
[2026-04-27T22:53:43.859+0000] {processor.py:186} INFO - Started process (PID=581) to work on /opt/airflow/dags/build_elt_with_dbt.py
[2026-04-27T22:53:43.860+0000] {processor.py:914} INFO - Processing file /opt/airflow/dags/build_elt_with_dbt.py for tasks to queue
[2026-04-27T22:53:43.863+0000] {logging_mixin.py:190} INFO - [2026-04-27T22:53:43.862+0000] {dagbag.py:587} INFO - Filling up the DagBag from /opt/airflow/dags/build_elt_with_dbt.py
[2026-04-27T22:53:43.889+0000] {logging_mixin.py:190} INFO - [2026-04-27T22:53:43.889+0000] {base.py:84} INFO - Retrieving connection 'snowflake_conn'
[2026-04-27T22:53:43.897+0000] {processor.py:925} INFO - DAG(s) 'BuildELT_dbt' retrieved from /opt/airflow/dags/build_elt_with_dbt.py
[2026-04-27T22:53:43.912+0000] {logging_mixin.py:190} INFO - [2026-04-27T22:53:43.912+0000] {dag.py:3229} INFO - Sync 1 DAGs
[2026-04-27T22:53:43.933+0000] {logging_mixin.py:190} INFO - [2026-04-27T22:53:43.933+0000] {dag.py:4156} INFO - Setting next_dagrun for BuildELT_dbt to 2026-04-26 08:00:00+00:00, run_after=2026-04-27 08:00:00+00:00
[2026-04-27T22:53:43.962+0000] {processor.py:208} INFO - Processing /opt/airflow/dags/build_elt_with_dbt.py took 0.109 seconds
[2026-04-27T22:54:14.446+0000] {processor.py:186} INFO - Started process (PID=659) to work on /opt/airflow/dags/build_elt_with_dbt.py
[2026-04-27T22:54:14.447+0000] {processor.py:914} INFO - Processing file /opt/airflow/dags/build_elt_with_dbt.py for tasks to queue
[2026-04-27T22:54:14.450+0000] {logging_mixin.py:190} INFO - [2026-04-27T22:54:14.449+0000] {dagbag.py:587} INFO - Filling up the DagBag from /opt/airflow/dags/build_elt_with_dbt.py
[2026-04-27T22:54:14.476+0000] {logging_mixin.py:190} INFO - [2026-04-27T22:54:14.476+0000] {base.py:84} INFO - Retrieving connection 'snowflake_conn'
[2026-04-27T22:54:14.484+0000] {processor.py:925} INFO - DAG(s) 'BuildELT_dbt' retrieved from /opt/airflow/dags/build_elt_with_dbt.py
[2026-04-27T22:54:14.500+0000] {logging_mixin.py:190} INFO - [2026-04-27T22:54:14.500+0000] {dag.py:3229} INFO - Sync 1 DAGs
[2026-04-27T22:54:14.523+0000] {logging_mixin.py:190} INFO - [2026-04-27T22:54:14.522+0000] {dag.py:4156} INFO - Setting next_dagrun for BuildELT_dbt to 2026-04-26 08:00:00+00:00, run_after=2026-04-27 08:00:00+00:00
[2026-04-27T22:54:14.541+0000] {processor.py:208} INFO - Processing /opt/airflow/dags/build_elt_with_dbt.py took 0.100 seconds
[2026-04-27T22:54:44.647+0000] {processor.py:186} INFO - Started process (PID=737) to work on /opt/airflow/dags/build_elt_with_dbt.py
[2026-04-27T22:54:44.648+0000] {processor.py:914} INFO - Processing file /opt/airflow/dags/build_elt_with_dbt.py for tasks to queue
[2026-04-27T22:54:44.650+0000] {logging_mixin.py:190} INFO - [2026-04-27T22:54:44.650+0000] {dagbag.py:587} INFO - Filling up the DagBag from /opt/airflow/dags/build_elt_with_dbt.py
[2026-04-27T22:54:44.676+0000] {logging_mixin.py:190} INFO - [2026-04-27T22:54:44.676+0000] {base.py:84} INFO - Retrieving connection 'snowflake_conn'
[2026-04-27T22:54:44.684+0000] {processor.py:925} INFO - DAG(s) 'BuildELT_dbt' retrieved from /opt/airflow/dags/build_elt_with_dbt.py
[2026-04-27T22:54:44.699+0000] {logging_mixin.py:190} INFO - [2026-04-27T22:54:44.699+0000] {dag.py:3229} INFO - Sync 1 DAGs
[2026-04-27T22:54:44.720+0000] {logging_mixin.py:190} INFO - [2026-04-27T22:54:44.719+0000] {dag.py:4156} INFO - Setting next_dagrun for BuildELT_dbt to 2026-04-26 08:00:00+00:00, run_after=2026-04-27 08:00:00+00:00
[2026-04-27T22:54:44.736+0000] {processor.py:208} INFO - Processing /opt/airflow/dags/build_elt_with_dbt.py took 0.095 seconds
[2026-04-27T22:55:14.842+0000] {processor.py:186} INFO - Started process (PID=815) to work on /opt/airflow/dags/build_elt_with_dbt.py
[2026-04-27T22:55:14.843+0000] {processor.py:914} INFO - Processing file /opt/airflow/dags/build_elt_with_dbt.py for tasks to queue
[2026-04-27T22:55:14.846+0000] {logging_mixin.py:190} INFO - [2026-04-27T22:55:14.845+0000] {dagbag.py:587} INFO - Filling up the DagBag from /opt/airflow/dags/build_elt_with_dbt.py
[2026-04-27T22:55:14.871+0000] {logging_mixin.py:190} INFO - [2026-04-27T22:55:14.871+0000] {base.py:84} INFO - Retrieving connection 'snowflake_conn'
[2026-04-27T22:55:14.879+0000] {processor.py:925} INFO - DAG(s) 'BuildELT_dbt' retrieved from /opt/airflow/dags/build_elt_with_dbt.py
[2026-04-27T22:55:14.898+0000] {logging_mixin.py:190} INFO - [2026-04-27T22:55:14.897+0000] {dag.py:3229} INFO - Sync 1 DAGs
[2026-04-27T22:55:14.919+0000] {logging_mixin.py:190} INFO - [2026-04-27T22:55:14.919+0000] {dag.py:4156} INFO - Setting next_dagrun for BuildELT_dbt to 2026-04-26 08:00:00+00:00, run_after=2026-04-27 08:00:00+00:00
[2026-04-27T22:55:14.935+0000] {processor.py:208} INFO - Processing /opt/airflow/dags/build_elt_with_dbt.py took 0.098 seconds
[2026-04-27T22:55:45.082+0000] {processor.py:186} INFO - Started process (PID=893) to work on /opt/airflow/dags/build_elt_with_dbt.py
[2026-04-27T22:55:45.083+0000] {processor.py:914} INFO - Processing file /opt/airflow/dags/build_elt_with_dbt.py for tasks to queue
[2026-04-27T22:55:45.086+0000] {logging_mixin.py:190} INFO - [2026-04-27T22:55:45.085+0000] {dagbag.py:587} INFO - Filling up the DagBag from /opt/airflow/dags/build_elt_with_dbt.py
[2026-04-27T22:55:45.112+0000] {logging_mixin.py:190} INFO - [2026-04-27T22:55:45.112+0000] {base.py:84} INFO - Retrieving connection 'snowflake_conn'
[2026-04-27T22:55:45.120+0000] {processor.py:925} INFO - DAG(s) 'BuildELT_dbt' retrieved from /opt/airflow/dags/build_elt_with_dbt.py
[2026-04-27T22:55:45.136+0000] {logging_mixin.py:190} INFO - [2026-04-27T22:55:45.136+0000] {dag.py:3229} INFO - Sync 1 DAGs
[2026-04-27T22:55:45.158+0000] {logging_mixin.py:190} INFO - [2026-04-27T22:55:45.158+0000] {dag.py:4156} INFO - Setting next_dagrun for BuildELT_dbt to 2026-04-26 08:00:00+00:00, run_after=2026-04-27 08:00:00+00:00
[2026-04-27T22:55:45.187+0000] {processor.py:208} INFO - Processing /opt/airflow/dags/build_elt_with_dbt.py took 0.111 seconds
[2026-04-27T22:56:15.295+0000] {processor.py:186} INFO - Started process (PID=954) to work on /opt/airflow/dags/build_elt_with_dbt.py
[2026-04-27T22:56:15.296+0000] {processor.py:914} INFO - Processing file /opt/airflow/dags/build_elt_with_dbt.py for tasks to queue
[2026-04-27T22:56:15.299+0000] {logging_mixin.py:190} INFO - [2026-04-27T22:56:15.299+0000] {dagbag.py:587} INFO - Filling up the DagBag from /opt/airflow/dags/build_elt_with_dbt.py
[2026-04-27T22:56:15.366+0000] {logging_mixin.py:190} INFO - [2026-04-27T22:56:15.365+0000] {base.py:84} INFO - Retrieving connection 'snowflake_conn'
[2026-04-27T22:56:15.385+0000] {processor.py:925} INFO - DAG(s) 'BuildELT_dbt' retrieved from /opt/airflow/dags/build_elt_with_dbt.py
[2026-04-27T22:56:15.412+0000] {logging_mixin.py:190} INFO - [2026-04-27T22:56:15.412+0000] {dag.py:3229} INFO - Sync 1 DAGs
[2026-04-27T22:56:15.438+0000] {logging_mixin.py:190} INFO - [2026-04-27T22:56:15.438+0000] {dag.py:4156} INFO - Setting next_dagrun for BuildELT_dbt to 2026-04-26 08:00:00+00:00, run_after=2026-04-27 08:00:00+00:00
[2026-04-27T22:56:15.469+0000] {processor.py:208} INFO - Processing /opt/airflow/dags/build_elt_with_dbt.py took 0.182 seconds
[2026-04-27T22:56:45.575+0000] {processor.py:186} INFO - Started process (PID=1028) to work on /opt/airflow/dags/build_elt_with_dbt.py
[2026-04-27T22:56:45.576+0000] {processor.py:914} INFO - Processing file /opt/airflow/dags/build_elt_with_dbt.py for tasks to queue
[2026-04-27T22:56:45.578+0000] {logging_mixin.py:190} INFO - [2026-04-27T22:56:45.578+0000] {dagbag.py:587} INFO - Filling up the DagBag from /opt/airflow/dags/build_elt_with_dbt.py
[2026-04-27T22:56:45.605+0000] {logging_mixin.py:190} INFO - [2026-04-27T22:56:45.605+0000] {base.py:84} INFO - Retrieving connection 'snowflake_conn'
[2026-04-27T22:56:45.614+0000] {processor.py:925} INFO - DAG(s) 'BuildELT_dbt' retrieved from /opt/airflow/dags/build_elt_with_dbt.py
[2026-04-27T22:56:45.629+0000] {logging_mixin.py:190} INFO - [2026-04-27T22:56:45.629+0000] {dag.py:3229} INFO - Sync 1 DAGs
[2026-04-27T22:56:45.650+0000] {logging_mixin.py:190} INFO - [2026-04-27T22:56:45.650+0000] {dag.py:4156} INFO - Setting next_dagrun for BuildELT_dbt to 2026-04-26 08:00:00+00:00, run_after=2026-04-27 08:00:00+00:00
[2026-04-27T22:56:45.673+0000] {processor.py:208} INFO - Processing /opt/airflow/dags/build_elt_with_dbt.py took 0.104 seconds
[2026-04-27T22:57:16.029+0000] {processor.py:186} INFO - Started process (PID=1226) to work on /opt/airflow/dags/build_elt_with_dbt.py
[2026-04-27T22:57:16.031+0000] {processor.py:914} INFO - Processing file /opt/airflow/dags/build_elt_with_dbt.py for tasks to queue
[2026-04-27T22:57:16.034+0000] {logging_mixin.py:190} INFO - [2026-04-27T22:57:16.034+0000] {dagbag.py:587} INFO - Filling up the DagBag from /opt/airflow/dags/build_elt_with_dbt.py
[2026-04-27T22:57:16.062+0000] {logging_mixin.py:190} INFO - [2026-04-27T22:57:16.062+0000] {base.py:84} INFO - Retrieving connection 'snowflake_conn'
[2026-04-27T22:57:16.070+0000] {processor.py:925} INFO - DAG(s) 'BuildELT_dbt' retrieved from /opt/airflow/dags/build_elt_with_dbt.py
[2026-04-27T22:57:16.089+0000] {logging_mixin.py:190} INFO - [2026-04-27T22:57:16.088+0000] {dag.py:3229} INFO - Sync 1 DAGs
[2026-04-27T22:57:16.112+0000] {logging_mixin.py:190} INFO - [2026-04-27T22:57:16.111+0000] {dag.py:4156} INFO - Setting next_dagrun for BuildELT_dbt to 2026-04-26 08:00:00+00:00, run_after=2026-04-27 08:00:00+00:00
[2026-04-27T22:57:16.130+0000] {processor.py:208} INFO - Processing /opt/airflow/dags/build_elt_with_dbt.py took 0.108 seconds
[2026-04-27T22:57:46.236+0000] {processor.py:186} INFO - Started process (PID=1380) to work on /opt/airflow/dags/build_elt_with_dbt.py
[2026-04-27T22:57:46.237+0000] {processor.py:914} INFO - Processing file /opt/airflow/dags/build_elt_with_dbt.py for tasks to queue
[2026-04-27T22:57:46.242+0000] {logging_mixin.py:190} INFO - [2026-04-27T22:57:46.241+0000] {dagbag.py:587} INFO - Filling up the DagBag from /opt/airflow/dags/build_elt_with_dbt.py
[2026-04-27T22:57:46.279+0000] {logging_mixin.py:190} INFO - [2026-04-27T22:57:46.279+0000] {base.py:84} INFO - Retrieving connection 'snowflake_conn'
[2026-04-27T22:57:46.296+0000] {processor.py:925} INFO - DAG(s) 'BuildELT_dbt' retrieved from /opt/airflow/dags/build_elt_with_dbt.py
[2026-04-27T22:57:46.343+0000] {logging_mixin.py:190} INFO - [2026-04-27T22:57:46.342+0000] {dag.py:3229} INFO - Sync 1 DAGs
[2026-04-27T22:57:46.391+0000] {logging_mixin.py:190} INFO - [2026-04-27T22:57:46.390+0000] {dag.py:4156} INFO - Setting next_dagrun for BuildELT_dbt to 2026-04-26 08:00:00+00:00, run_after=2026-04-27 08:00:00+00:00
[2026-04-27T22:57:46.429+0000] {processor.py:208} INFO - Processing /opt/airflow/dags/build_elt_with_dbt.py took 0.202 seconds
[2026-04-27T22:58:16.535+0000] {processor.py:186} INFO - Started process (PID=1458) to work on /opt/airflow/dags/build_elt_with_dbt.py
[2026-04-27T22:58:16.537+0000] {processor.py:914} INFO - Processing file /opt/airflow/dags/build_elt_with_dbt.py for tasks to queue
[2026-04-27T22:58:16.539+0000] {logging_mixin.py:190} INFO - [2026-04-27T22:58:16.539+0000] {dagbag.py:587} INFO - Filling up the DagBag from /opt/airflow/dags/build_elt_with_dbt.py
[2026-04-27T22:58:16.568+0000] {logging_mixin.py:190} INFO - [2026-04-27T22:58:16.567+0000] {base.py:84} INFO - Retrieving connection 'snowflake_conn'
[2026-04-27T22:58:16.576+0000] {processor.py:925} INFO - DAG(s) 'BuildELT_dbt' retrieved from /opt/airflow/dags/build_elt_with_dbt.py
[2026-04-27T22:58:16.592+0000] {logging_mixin.py:190} INFO - [2026-04-27T22:58:16.592+0000] {dag.py:3229} INFO - Sync 1 DAGs
[2026-04-27T22:58:16.615+0000] {logging_mixin.py:190} INFO - [2026-04-27T22:58:16.614+0000] {dag.py:4156} INFO - Setting next_dagrun for BuildELT_dbt to 2026-04-26 08:00:00+00:00, run_after=2026-04-27 08:00:00+00:00
[2026-04-27T22:58:16.643+0000] {processor.py:208} INFO - Processing /opt/airflow/dags/build_elt_with_dbt.py took 0.113 seconds
[2026-04-27T22:58:47.472+0000] {processor.py:186} INFO - Started process (PID=1582) to work on /opt/airflow/dags/build_elt_with_dbt.py
[2026-04-27T22:58:47.474+0000] {processor.py:914} INFO - Processing file /opt/airflow/dags/build_elt_with_dbt.py for tasks to queue
[2026-04-27T22:58:47.477+0000] {logging_mixin.py:190} INFO - [2026-04-27T22:58:47.477+0000] {dagbag.py:587} INFO - Filling up the DagBag from /opt/airflow/dags/build_elt_with_dbt.py
[2026-04-27T22:58:47.509+0000] {logging_mixin.py:190} INFO - [2026-04-27T22:58:47.509+0000] {base.py:84} INFO - Retrieving connection 'snowflake_conn'
[2026-04-27T22:58:47.520+0000] {processor.py:925} INFO - DAG(s) 'BuildELT_dbt' retrieved from /opt/airflow/dags/build_elt_with_dbt.py
[2026-04-27T22:58:47.539+0000] {logging_mixin.py:190} INFO - [2026-04-27T22:58:47.539+0000] {dag.py:3229} INFO - Sync 1 DAGs
[2026-04-27T22:58:47.564+0000] {logging_mixin.py:190} INFO - [2026-04-27T22:58:47.564+0000] {dag.py:4156} INFO - Setting next_dagrun for BuildELT_dbt to 2026-04-26 08:00:00+00:00, run_after=2026-04-27 08:00:00+00:00
[2026-04-27T22:58:47.582+0000] {processor.py:208} INFO - Processing /opt/airflow/dags/build_elt_with_dbt.py took 0.117 seconds
[2026-04-27T22:59:18.451+0000] {processor.py:186} INFO - Started process (PID=1660) to work on /opt/airflow/dags/build_elt_with_dbt.py
[2026-04-27T22:59:18.452+0000] {processor.py:914} INFO - Processing file /opt/airflow/dags/build_elt_with_dbt.py for tasks to queue
[2026-04-27T22:59:18.455+0000] {logging_mixin.py:190} INFO - [2026-04-27T22:59:18.455+0000] {dagbag.py:587} INFO - Filling up the DagBag from /opt/airflow/dags/build_elt_with_dbt.py
[2026-04-27T22:59:18.482+0000] {logging_mixin.py:190} INFO - [2026-04-27T22:59:18.482+0000] {base.py:84} INFO - Retrieving connection 'snowflake_conn'
[2026-04-27T22:59:18.490+0000] {processor.py:925} INFO - DAG(s) 'BuildELT_dbt' retrieved from /opt/airflow/dags/build_elt_with_dbt.py
[2026-04-27T22:59:18.506+0000] {logging_mixin.py:190} INFO - [2026-04-27T22:59:18.506+0000] {dag.py:3229} INFO - Sync 1 DAGs
[2026-04-27T22:59:18.529+0000] {logging_mixin.py:190} INFO - [2026-04-27T22:59:18.529+0000] {dag.py:4156} INFO - Setting next_dagrun for BuildELT_dbt to 2026-04-26 08:00:00+00:00, run_after=2026-04-27 08:00:00+00:00
[2026-04-27T22:59:18.548+0000] {processor.py:208} INFO - Processing /opt/airflow/dags/build_elt_with_dbt.py took 0.102 seconds
[2026-04-27T22:59:48.662+0000] {processor.py:186} INFO - Started process (PID=1738) to work on /opt/airflow/dags/build_elt_with_dbt.py
[2026-04-27T22:59:48.663+0000] {processor.py:914} INFO - Processing file /opt/airflow/dags/build_elt_with_dbt.py for tasks to queue
[2026-04-27T22:59:48.666+0000] {logging_mixin.py:190} INFO - [2026-04-27T22:59:48.665+0000] {dagbag.py:587} INFO - Filling up the DagBag from /opt/airflow/dags/build_elt_with_dbt.py
[2026-04-27T22:59:48.695+0000] {logging_mixin.py:190} INFO - [2026-04-27T22:59:48.694+0000] {base.py:84} INFO - Retrieving connection 'snowflake_conn'
[2026-04-27T22:59:48.704+0000] {processor.py:925} INFO - DAG(s) 'BuildELT_dbt' retrieved from /opt/airflow/dags/build_elt_with_dbt.py
[2026-04-27T22:59:48.724+0000] {logging_mixin.py:190} INFO - [2026-04-27T22:59:48.723+0000] {dag.py:3229} INFO - Sync 1 DAGs
[2026-04-27T22:59:48.752+0000] {logging_mixin.py:190} INFO - [2026-04-27T22:59:48.752+0000] {dag.py:4156} INFO - Setting next_dagrun for BuildELT_dbt to 2026-04-26 08:00:00+00:00, run_after=2026-04-27 08:00:00+00:00
[2026-04-27T22:59:48.775+0000] {processor.py:208} INFO - Processing /opt/airflow/dags/build_elt_with_dbt.py took 0.119 seconds
[2026-04-27T23:00:19.700+0000] {processor.py:186} INFO - Started process (PID=1845) to work on /opt/airflow/dags/build_elt_with_dbt.py
[2026-04-27T23:00:19.701+0000] {processor.py:914} INFO - Processing file /opt/airflow/dags/build_elt_with_dbt.py for tasks to queue
[2026-04-27T23:00:19.704+0000] {logging_mixin.py:190} INFO - [2026-04-27T23:00:19.704+0000] {dagbag.py:587} INFO - Filling up the DagBag from /opt/airflow/dags/build_elt_with_dbt.py
[2026-04-27T23:00:19.736+0000] {logging_mixin.py:190} INFO - [2026-04-27T23:00:19.736+0000] {base.py:84} INFO - Retrieving connection 'snowflake_conn'
[2026-04-27T23:00:19.746+0000] {processor.py:925} INFO - DAG(s) 'BuildELT_dbt' retrieved from /opt/airflow/dags/build_elt_with_dbt.py
[2026-04-27T23:00:19.768+0000] {logging_mixin.py:190} INFO - [2026-04-27T23:00:19.768+0000] {dag.py:3229} INFO - Sync 1 DAGs
[2026-04-27T23:00:19.795+0000] {logging_mixin.py:190} INFO - [2026-04-27T23:00:19.795+0000] {dag.py:4156} INFO - Setting next_dagrun for BuildELT_dbt to 2026-04-26 08:00:00+00:00, run_after=2026-04-27 08:00:00+00:00
[2026-04-27T23:00:19.816+0000] {processor.py:208} INFO - Processing /opt/airflow/dags/build_elt_with_dbt.py took 0.123 seconds
[2026-04-27T23:00:50.345+0000] {processor.py:186} INFO - Started process (PID=1937) to work on /opt/airflow/dags/build_elt_with_dbt.py
[2026-04-27T23:00:50.346+0000] {processor.py:914} INFO - Processing file /opt/airflow/dags/build_elt_with_dbt.py for tasks to queue
[2026-04-27T23:00:50.349+0000] {logging_mixin.py:190} INFO - [2026-04-27T23:00:50.348+0000] {dagbag.py:587} INFO - Filling up the DagBag from /opt/airflow/dags/build_elt_with_dbt.py
[2026-04-27T23:00:50.378+0000] {logging_mixin.py:190} INFO - [2026-04-27T23:00:50.378+0000] {base.py:84} INFO - Retrieving connection 'snowflake_conn'
[2026-04-27T23:00:50.386+0000] {processor.py:925} INFO - DAG(s) 'BuildELT_dbt' retrieved from /opt/airflow/dags/build_elt_with_dbt.py
[2026-04-27T23:00:50.403+0000] {logging_mixin.py:190} INFO - [2026-04-27T23:00:50.402+0000] {dag.py:3229} INFO - Sync 1 DAGs
[2026-04-27T23:00:50.424+0000] {logging_mixin.py:190} INFO - [2026-04-27T23:00:50.424+0000] {dag.py:4156} INFO - Setting next_dagrun for BuildELT_dbt to 2026-04-26 08:00:00+00:00, run_after=2026-04-27 08:00:00+00:00
[2026-04-27T23:00:50.453+0000] {processor.py:208} INFO - Processing /opt/airflow/dags/build_elt_with_dbt.py took 0.114 seconds
[2026-04-27T23:01:20.752+0000] {processor.py:186} INFO - Started process (PID=2043) to work on /opt/airflow/dags/build_elt_with_dbt.py
[2026-04-27T23:01:20.753+0000] {processor.py:914} INFO - Processing file /opt/airflow/dags/build_elt_with_dbt.py for tasks to queue
[2026-04-27T23:01:20.756+0000] {logging_mixin.py:190} INFO - [2026-04-27T23:01:20.755+0000] {dagbag.py:587} INFO - Filling up the DagBag from /opt/airflow/dags/build_elt_with_dbt.py
[2026-04-27T23:01:20.783+0000] {logging_mixin.py:190} INFO - [2026-04-27T23:01:20.783+0000] {base.py:84} INFO - Retrieving connection 'snowflake_conn'
[2026-04-27T23:01:20.791+0000] {processor.py:925} INFO - DAG(s) 'BuildELT_dbt' retrieved from /opt/airflow/dags/build_elt_with_dbt.py
[2026-04-27T23:01:20.807+0000] {logging_mixin.py:190} INFO - [2026-04-27T23:01:20.807+0000] {dag.py:3229} INFO - Sync 1 DAGs
[2026-04-27T23:01:20.827+0000] {logging_mixin.py:190} INFO - [2026-04-27T23:01:20.827+0000] {dag.py:4156} INFO - Setting next_dagrun for BuildELT_dbt to 2026-04-26 08:00:00+00:00, run_after=2026-04-27 08:00:00+00:00
[2026-04-27T23:01:20.855+0000] {processor.py:208} INFO - Processing /opt/airflow/dags/build_elt_with_dbt.py took 0.108 seconds
[2026-04-27T23:01:51.647+0000] {processor.py:186} INFO - Started process (PID=2122) to work on /opt/airflow/dags/build_elt_with_dbt.py
[2026-04-27T23:01:51.648+0000] {processor.py:914} INFO - Processing file /opt/airflow/dags/build_elt_with_dbt.py for tasks to queue
[2026-04-27T23:01:51.650+0000] {logging_mixin.py:190} INFO - [2026-04-27T23:01:51.650+0000] {dagbag.py:587} INFO - Filling up the DagBag from /opt/airflow/dags/build_elt_with_dbt.py
[2026-04-27T23:01:51.676+0000] {logging_mixin.py:190} INFO - [2026-04-27T23:01:51.676+0000] {base.py:84} INFO - Retrieving connection 'snowflake_conn'
[2026-04-27T23:01:51.684+0000] {processor.py:925} INFO - DAG(s) 'BuildELT_dbt' retrieved from /opt/airflow/dags/build_elt_with_dbt.py
[2026-04-27T23:01:51.699+0000] {logging_mixin.py:190} INFO - [2026-04-27T23:01:51.698+0000] {dag.py:3229} INFO - Sync 1 DAGs
[2026-04-27T23:01:51.719+0000] {logging_mixin.py:190} INFO - [2026-04-27T23:01:51.719+0000] {dag.py:4156} INFO - Setting next_dagrun for BuildELT_dbt to 2026-04-26 08:00:00+00:00, run_after=2026-04-27 08:00:00+00:00
[2026-04-27T23:01:51.747+0000] {processor.py:208} INFO - Processing /opt/airflow/dags/build_elt_with_dbt.py took 0.106 seconds
[2026-04-27T23:02:21.928+0000] {processor.py:186} INFO - Started process (PID=2200) to work on /opt/airflow/dags/build_elt_with_dbt.py
[2026-04-27T23:02:21.929+0000] {processor.py:914} INFO - Processing file /opt/airflow/dags/build_elt_with_dbt.py for tasks to queue
[2026-04-27T23:02:21.932+0000] {logging_mixin.py:190} INFO - [2026-04-27T23:02:21.932+0000] {dagbag.py:587} INFO - Filling up the DagBag from /opt/airflow/dags/build_elt_with_dbt.py
[2026-04-27T23:02:21.959+0000] {logging_mixin.py:190} INFO - [2026-04-27T23:02:21.959+0000] {base.py:84} INFO - Retrieving connection 'snowflake_conn'
[2026-04-27T23:02:21.967+0000] {processor.py:925} INFO - DAG(s) 'BuildELT_dbt' retrieved from /opt/airflow/dags/build_elt_with_dbt.py
[2026-04-27T23:02:21.983+0000] {logging_mixin.py:190} INFO - [2026-04-27T23:02:21.983+0000] {dag.py:3229} INFO - Sync 1 DAGs
[2026-04-27T23:02:22.004+0000] {logging_mixin.py:190} INFO - [2026-04-27T23:02:22.004+0000] {dag.py:4156} INFO - Setting next_dagrun for BuildELT_dbt to 2026-04-26 08:00:00+00:00, run_after=2026-04-27 08:00:00+00:00
[2026-04-27T23:02:22.033+0000] {processor.py:208} INFO - Processing /opt/airflow/dags/build_elt_with_dbt.py took 0.111 seconds
[2026-04-27T23:02:52.548+0000] {processor.py:186} INFO - Started process (PID=2278) to work on /opt/airflow/dags/build_elt_with_dbt.py
[2026-04-27T23:02:52.549+0000] {processor.py:914} INFO - Processing file /opt/airflow/dags/build_elt_with_dbt.py for tasks to queue
[2026-04-27T23:02:52.551+0000] {logging_mixin.py:190} INFO - [2026-04-27T23:02:52.551+0000] {dagbag.py:587} INFO - Filling up the DagBag from /opt/airflow/dags/build_elt_with_dbt.py
[2026-04-27T23:02:52.577+0000] {logging_mixin.py:190} INFO - [2026-04-27T23:02:52.577+0000] {base.py:84} INFO - Retrieving connection 'snowflake_conn'
[2026-04-27T23:02:52.585+0000] {processor.py:925} INFO - DAG(s) 'BuildELT_dbt' retrieved from /opt/airflow/dags/build_elt_with_dbt.py
[2026-04-27T23:02:52.600+0000] {logging_mixin.py:190} INFO - [2026-04-27T23:02:52.600+0000] {dag.py:3229} INFO - Sync 1 DAGs
[2026-04-27T23:02:52.622+0000] {logging_mixin.py:190} INFO - [2026-04-27T23:02:52.622+0000] {dag.py:4156} INFO - Setting next_dagrun for BuildELT_dbt to 2026-04-26 08:00:00+00:00, run_after=2026-04-27 08:00:00+00:00
[2026-04-27T23:02:52.651+0000] {processor.py:208} INFO - Processing /opt/airflow/dags/build_elt_with_dbt.py took 0.108 seconds
[2026-04-27T23:03:22.865+0000] {processor.py:186} INFO - Started process (PID=2338) to work on /opt/airflow/dags/build_elt_with_dbt.py
[2026-04-27T23:03:22.866+0000] {processor.py:914} INFO - Processing file /opt/airflow/dags/build_elt_with_dbt.py for tasks to queue
[2026-04-27T23:03:22.870+0000] {logging_mixin.py:190} INFO - [2026-04-27T23:03:22.869+0000] {dagbag.py:587} INFO - Filling up the DagBag from /opt/airflow/dags/build_elt_with_dbt.py
[2026-04-27T23:03:22.897+0000] {logging_mixin.py:190} INFO - [2026-04-27T23:03:22.897+0000] {base.py:84} INFO - Retrieving connection 'snowflake_conn'
[2026-04-27T23:03:22.907+0000] {processor.py:925} INFO - DAG(s) 'BuildELT_dbt' retrieved from /opt/airflow/dags/build_elt_with_dbt.py
[2026-04-27T23:03:22.925+0000] {logging_mixin.py:190} INFO - [2026-04-27T23:03:22.925+0000] {dag.py:3229} INFO - Sync 1 DAGs
[2026-04-27T23:03:22.949+0000] {logging_mixin.py:190} INFO - [2026-04-27T23:03:22.949+0000] {dag.py:4156} INFO - Setting next_dagrun for BuildELT_dbt to 2026-04-26 08:00:00+00:00, run_after=2026-04-27 08:00:00+00:00
[2026-04-27T23:03:22.967+0000] {processor.py:208} INFO - Processing /opt/airflow/dags/build_elt_with_dbt.py took 0.108 seconds
[2026-04-27T23:03:53.512+0000] {processor.py:186} INFO - Started process (PID=2413) to work on /opt/airflow/dags/build_elt_with_dbt.py
[2026-04-27T23:03:53.512+0000] {processor.py:914} INFO - Processing file /opt/airflow/dags/build_elt_with_dbt.py for tasks to queue
[2026-04-27T23:03:53.515+0000] {logging_mixin.py:190} INFO - [2026-04-27T23:03:53.515+0000] {dagbag.py:587} INFO - Filling up the DagBag from /opt/airflow/dags/build_elt_with_dbt.py
[2026-04-27T23:03:53.542+0000] {logging_mixin.py:190} INFO - [2026-04-27T23:03:53.542+0000] {base.py:84} INFO - Retrieving connection 'snowflake_conn'
[2026-04-27T23:03:53.550+0000] {processor.py:925} INFO - DAG(s) 'BuildELT_dbt' retrieved from /opt/airflow/dags/build_elt_with_dbt.py
[2026-04-27T23:03:53.565+0000] {logging_mixin.py:190} INFO - [2026-04-27T23:03:53.564+0000] {dag.py:3229} INFO - Sync 1 DAGs
[2026-04-27T23:03:53.585+0000] {logging_mixin.py:190} INFO - [2026-04-27T23:03:53.585+0000] {dag.py:4156} INFO - Setting next_dagrun for BuildELT_dbt to 2026-04-26 08:00:00+00:00, run_after=2026-04-27 08:00:00+00:00
[2026-04-27T23:03:53.601+0000] {processor.py:208} INFO - Processing /opt/airflow/dags/build_elt_with_dbt.py took 0.095 seconds
[2026-04-27T23:04:24.580+0000] {processor.py:186} INFO - Started process (PID=2491) to work on /opt/airflow/dags/build_elt_with_dbt.py
[2026-04-27T23:04:24.581+0000] {processor.py:914} INFO - Processing file /opt/airflow/dags/build_elt_with_dbt.py for tasks to queue
[2026-04-27T23:04:24.584+0000] {logging_mixin.py:190} INFO - [2026-04-27T23:04:24.583+0000] {dagbag.py:587} INFO - Filling up the DagBag from /opt/airflow/dags/build_elt_with_dbt.py
[2026-04-27T23:04:24.610+0000] {logging_mixin.py:190} INFO - [2026-04-27T23:04:24.610+0000] {base.py:84} INFO - Retrieving connection 'snowflake_conn'
[2026-04-27T23:04:24.618+0000] {processor.py:925} INFO - DAG(s) 'BuildELT_dbt' retrieved from /opt/airflow/dags/build_elt_with_dbt.py
[2026-04-27T23:04:24.633+0000] {logging_mixin.py:190} INFO - [2026-04-27T23:04:24.633+0000] {dag.py:3229} INFO - Sync 1 DAGs
[2026-04-27T23:04:24.655+0000] {logging_mixin.py:190} INFO - [2026-04-27T23:04:24.655+0000] {dag.py:4156} INFO - Setting next_dagrun for BuildELT_dbt to 2026-04-26 08:00:00+00:00, run_after=2026-04-27 08:00:00+00:00
[2026-04-27T23:04:24.684+0000] {processor.py:208} INFO - Processing /opt/airflow/dags/build_elt_with_dbt.py took 0.110 seconds
[2026-04-27T23:04:54.857+0000] {processor.py:186} INFO - Started process (PID=2569) to work on /opt/airflow/dags/build_elt_with_dbt.py
[2026-04-27T23:04:54.858+0000] {processor.py:914} INFO - Processing file /opt/airflow/dags/build_elt_with_dbt.py for tasks to queue
[2026-04-27T23:04:54.861+0000] {logging_mixin.py:190} INFO - [2026-04-27T23:04:54.860+0000] {dagbag.py:587} INFO - Filling up the DagBag from /opt/airflow/dags/build_elt_with_dbt.py
[2026-04-27T23:04:54.885+0000] {logging_mixin.py:190} INFO - [2026-04-27T23:04:54.885+0000] {base.py:84} INFO - Retrieving connection 'snowflake_conn'
[2026-04-27T23:04:54.893+0000] {processor.py:925} INFO - DAG(s) 'BuildELT_dbt' retrieved from /opt/airflow/dags/build_elt_with_dbt.py
[2026-04-27T23:04:54.908+0000] {logging_mixin.py:190} INFO - [2026-04-27T23:04:54.908+0000] {dag.py:3229} INFO - Sync 1 DAGs
[2026-04-27T23:04:54.928+0000] {logging_mixin.py:190} INFO - [2026-04-27T23:04:54.928+0000] {dag.py:4156} INFO - Setting next_dagrun for BuildELT_dbt to 2026-04-26 08:00:00+00:00, run_after=2026-04-27 08:00:00+00:00
[2026-04-27T23:04:54.950+0000] {processor.py:208} INFO - Processing /opt/airflow/dags/build_elt_with_dbt.py took 0.097 seconds
[2026-04-27T23:05:25.130+0000] {processor.py:186} INFO - Started process (PID=2647) to work on /opt/airflow/dags/build_elt_with_dbt.py
[2026-04-27T23:05:25.131+0000] {processor.py:914} INFO - Processing file /opt/airflow/dags/build_elt_with_dbt.py for tasks to queue
[2026-04-27T23:05:25.133+0000] {logging_mixin.py:190} INFO - [2026-04-27T23:05:25.133+0000] {dagbag.py:587} INFO - Filling up the DagBag from /opt/airflow/dags/build_elt_with_dbt.py
[2026-04-27T23:05:25.164+0000] {logging_mixin.py:190} INFO - [2026-04-27T23:05:25.164+0000] {base.py:84} INFO - Retrieving connection 'snowflake_conn'
[2026-04-27T23:05:25.173+0000] {processor.py:925} INFO - DAG(s) 'BuildELT_dbt' retrieved from /opt/airflow/dags/build_elt_with_dbt.py
[2026-04-27T23:05:25.191+0000] {logging_mixin.py:190} INFO - [2026-04-27T23:05:25.191+0000] {dag.py:3229} INFO - Sync 1 DAGs
[2026-04-27T23:05:25.216+0000] {logging_mixin.py:190} INFO - [2026-04-27T23:05:25.215+0000] {dag.py:4156} INFO - Setting next_dagrun for BuildELT_dbt to 2026-04-26 08:00:00+00:00, run_after=2026-04-27 08:00:00+00:00
[2026-04-27T23:05:25.238+0000] {processor.py:208} INFO - Processing /opt/airflow/dags/build_elt_with_dbt.py took 0.114 seconds
[2026-04-27T23:05:55.525+0000] {processor.py:186} INFO - Started process (PID=2723) to work on /opt/airflow/dags/build_elt_with_dbt.py
[2026-04-27T23:05:55.526+0000] {processor.py:914} INFO - Processing file /opt/airflow/dags/build_elt_with_dbt.py for tasks to queue
[2026-04-27T23:05:55.529+0000] {logging_mixin.py:190} INFO - [2026-04-27T23:05:55.528+0000] {dagbag.py:587} INFO - Filling up the DagBag from /opt/airflow/dags/build_elt_with_dbt.py
[2026-04-27T23:05:55.561+0000] {logging_mixin.py:190} INFO - [2026-04-27T23:05:55.561+0000] {base.py:84} INFO - Retrieving connection 'snowflake_conn'
[2026-04-27T23:05:55.570+0000] {processor.py:925} INFO - DAG(s) 'BuildELT_dbt' retrieved from /opt/airflow/dags/build_elt_with_dbt.py
[2026-04-27T23:05:55.588+0000] {logging_mixin.py:190} INFO - [2026-04-27T23:05:55.587+0000] {dag.py:3229} INFO - Sync 1 DAGs
[2026-04-27T23:05:55.611+0000] {logging_mixin.py:190} INFO - [2026-04-27T23:05:55.611+0000] {dag.py:4156} INFO - Setting next_dagrun for BuildELT_dbt to 2026-04-26 08:00:00+00:00, run_after=2026-04-27 08:00:00+00:00
[2026-04-27T23:05:55.628+0000] {processor.py:208} INFO - Processing /opt/airflow/dags/build_elt_with_dbt.py took 0.109 seconds
[2026-04-27T23:06:26.213+0000] {processor.py:186} INFO - Started process (PID=2793) to work on /opt/airflow/dags/build_elt_with_dbt.py
[2026-04-27T23:06:26.214+0000] {processor.py:914} INFO - Processing file /opt/airflow/dags/build_elt_with_dbt.py for tasks to queue
[2026-04-27T23:06:26.217+0000] {logging_mixin.py:190} INFO - [2026-04-27T23:06:26.216+0000] {dagbag.py:587} INFO - Filling up the DagBag from /opt/airflow/dags/build_elt_with_dbt.py
[2026-04-27T23:06:26.245+0000] {logging_mixin.py:190} INFO - [2026-04-27T23:06:26.244+0000] {base.py:84} INFO - Retrieving connection 'snowflake_conn'
[2026-04-27T23:06:26.252+0000] {processor.py:925} INFO - DAG(s) 'BuildELT_dbt' retrieved from /opt/airflow/dags/build_elt_with_dbt.py
[2026-04-27T23:06:26.269+0000] {logging_mixin.py:190} INFO - [2026-04-27T23:06:26.269+0000] {dag.py:3229} INFO - Sync 1 DAGs
[2026-04-27T23:06:26.292+0000] {logging_mixin.py:190} INFO - [2026-04-27T23:06:26.291+0000] {dag.py:4156} INFO - Setting next_dagrun for BuildELT_dbt to 2026-04-26 08:00:00+00:00, run_after=2026-04-27 08:00:00+00:00
[2026-04-27T23:06:26.309+0000] {processor.py:208} INFO - Processing /opt/airflow/dags/build_elt_with_dbt.py took 0.101 seconds
[2026-04-27T23:06:56.805+0000] {processor.py:186} INFO - Started process (PID=2853) to work on /opt/airflow/dags/build_elt_with_dbt.py
[2026-04-27T23:06:56.807+0000] {processor.py:914} INFO - Processing file /opt/airflow/dags/build_elt_with_dbt.py for tasks to queue
[2026-04-27T23:06:56.810+0000] {logging_mixin.py:190} INFO - [2026-04-27T23:06:56.809+0000] {dagbag.py:587} INFO - Filling up the DagBag from /opt/airflow/dags/build_elt_with_dbt.py
[2026-04-27T23:06:56.850+0000] {logging_mixin.py:190} INFO - [2026-04-27T23:06:56.850+0000] {base.py:84} INFO - Retrieving connection 'snowflake_conn'
[2026-04-27T23:06:56.866+0000] {processor.py:925} INFO - DAG(s) 'BuildELT_dbt' retrieved from /opt/airflow/dags/build_elt_with_dbt.py
[2026-04-27T23:06:56.894+0000] {logging_mixin.py:190} INFO - [2026-04-27T23:06:56.893+0000] {dag.py:3229} INFO - Sync 1 DAGs
[2026-04-27T23:06:56.923+0000] {logging_mixin.py:190} INFO - [2026-04-27T23:06:56.922+0000] {dag.py:4156} INFO - Setting next_dagrun for BuildELT_dbt to 2026-04-26 08:00:00+00:00, run_after=2026-04-27 08:00:00+00:00
[2026-04-27T23:06:56.940+0000] {processor.py:208} INFO - Processing /opt/airflow/dags/build_elt_with_dbt.py took 0.141 seconds
[2026-04-27T23:07:27.110+0000] {processor.py:186} INFO - Started process (PID=2923) to work on /opt/airflow/dags/build_elt_with_dbt.py
[2026-04-27T23:07:27.111+0000] {processor.py:914} INFO - Processing file /opt/airflow/dags/build_elt_with_dbt.py for tasks to queue
[2026-04-27T23:07:27.114+0000] {logging_mixin.py:190} INFO - [2026-04-27T23:07:27.114+0000] {dagbag.py:587} INFO - Filling up the DagBag from /opt/airflow/dags/build_elt_with_dbt.py
[2026-04-27T23:07:27.141+0000] {logging_mixin.py:190} INFO - [2026-04-27T23:07:27.141+0000] {base.py:84} INFO - Retrieving connection 'snowflake_conn'
[2026-04-27T23:07:27.153+0000] {processor.py:925} INFO - DAG(s) 'BuildELT_dbt' retrieved from /opt/airflow/dags/build_elt_with_dbt.py
[2026-04-27T23:07:27.169+0000] {logging_mixin.py:190} INFO - [2026-04-27T23:07:27.169+0000] {dag.py:3229} INFO - Sync 1 DAGs
[2026-04-27T23:07:27.192+0000] {logging_mixin.py:190} INFO - [2026-04-27T23:07:27.192+0000] {dag.py:4156} INFO - Setting next_dagrun for BuildELT_dbt to 2026-04-26 08:00:00+00:00, run_after=2026-04-27 08:00:00+00:00
[2026-04-27T23:07:27.210+0000] {processor.py:208} INFO - Processing /opt/airflow/dags/build_elt_with_dbt.py took 0.106 seconds
[2026-04-27T23:07:57.512+0000] {processor.py:186} INFO - Started process (PID=3002) to work on /opt/airflow/dags/build_elt_with_dbt.py
[2026-04-27T23:07:57.513+0000] {processor.py:914} INFO - Processing file /opt/airflow/dags/build_elt_with_dbt.py for tasks to queue
[2026-04-27T23:07:57.516+0000] {logging_mixin.py:190} INFO - [2026-04-27T23:07:57.516+0000] {dagbag.py:587} INFO - Filling up the DagBag from /opt/airflow/dags/build_elt_with_dbt.py
[2026-04-27T23:07:57.543+0000] {logging_mixin.py:190} INFO - [2026-04-27T23:07:57.542+0000] {base.py:84} INFO - Retrieving connection 'snowflake_conn'
[2026-04-27T23:07:57.551+0000] {processor.py:925} INFO - DAG(s) 'BuildELT_dbt' retrieved from /opt/airflow/dags/build_elt_with_dbt.py
[2026-04-27T23:07:57.567+0000] {logging_mixin.py:190} INFO - [2026-04-27T23:07:57.567+0000] {dag.py:3229} INFO - Sync 1 DAGs
[2026-04-27T23:07:57.589+0000] {logging_mixin.py:190} INFO - [2026-04-27T23:07:57.589+0000] {dag.py:4156} INFO - Setting next_dagrun for BuildELT_dbt to 2026-04-26 08:00:00+00:00, run_after=2026-04-27 08:00:00+00:00
[2026-04-27T23:07:57.607+0000] {processor.py:208} INFO - Processing /opt/airflow/dags/build_elt_with_dbt.py took 0.101 seconds
[2026-04-27T23:08:28.058+0000] {processor.py:186} INFO - Started process (PID=3087) to work on /opt/airflow/dags/build_elt_with_dbt.py
[2026-04-27T23:08:28.059+0000] {processor.py:914} INFO - Processing file /opt/airflow/dags/build_elt_with_dbt.py for tasks to queue
[2026-04-27T23:08:28.062+0000] {logging_mixin.py:190} INFO - [2026-04-27T23:08:28.062+0000] {dagbag.py:587} INFO - Filling up the DagBag from /opt/airflow/dags/build_elt_with_dbt.py
[2026-04-27T23:08:28.089+0000] {logging_mixin.py:190} INFO - [2026-04-27T23:08:28.088+0000] {base.py:84} INFO - Retrieving connection 'snowflake_conn'
[2026-04-27T23:08:28.096+0000] {processor.py:925} INFO - DAG(s) 'BuildELT_dbt' retrieved from /opt/airflow/dags/build_elt_with_dbt.py
[2026-04-27T23:08:28.112+0000] {logging_mixin.py:190} INFO - [2026-04-27T23:08:28.111+0000] {dag.py:3229} INFO - Sync 1 DAGs
[2026-04-27T23:08:28.133+0000] {logging_mixin.py:190} INFO - [2026-04-27T23:08:28.133+0000] {dag.py:4156} INFO - Setting next_dagrun for BuildELT_dbt to 2026-04-26 08:00:00+00:00, run_after=2026-04-27 08:00:00+00:00
[2026-04-27T23:08:28.149+0000] {processor.py:208} INFO - Processing /opt/airflow/dags/build_elt_with_dbt.py took 0.097 seconds
[2026-04-27T23:08:58.245+0000] {processor.py:186} INFO - Started process (PID=3165) to work on /opt/airflow/dags/build_elt_with_dbt.py
[2026-04-27T23:08:58.247+0000] {processor.py:914} INFO - Processing file /opt/airflow/dags/build_elt_with_dbt.py for tasks to queue
[2026-04-27T23:08:58.249+0000] {logging_mixin.py:190} INFO - [2026-04-27T23:08:58.249+0000] {dagbag.py:587} INFO - Filling up the DagBag from /opt/airflow/dags/build_elt_with_dbt.py
[2026-04-27T23:08:58.279+0000] {logging_mixin.py:190} INFO - [2026-04-27T23:08:58.279+0000] {base.py:84} INFO - Retrieving connection 'snowflake_conn'
[2026-04-27T23:08:58.288+0000] {processor.py:925} INFO - DAG(s) 'BuildELT_dbt' retrieved from /opt/airflow/dags/build_elt_with_dbt.py
[2026-04-27T23:08:58.307+0000] {logging_mixin.py:190} INFO - [2026-04-27T23:08:58.306+0000] {dag.py:3229} INFO - Sync 1 DAGs
[2026-04-27T23:08:58.331+0000] {logging_mixin.py:190} INFO - [2026-04-27T23:08:58.330+0000] {dag.py:4156} INFO - Setting next_dagrun for BuildELT_dbt to 2026-04-26 08:00:00+00:00, run_after=2026-04-27 08:00:00+00:00
[2026-04-27T23:08:58.349+0000] {processor.py:208} INFO - Processing /opt/airflow/dags/build_elt_with_dbt.py took 0.110 seconds
[2026-04-27T23:09:28.411+0000] {processor.py:186} INFO - Started process (PID=3225) to work on /opt/airflow/dags/build_elt_with_dbt.py
[2026-04-27T23:09:28.412+0000] {processor.py:914} INFO - Processing file /opt/airflow/dags/build_elt_with_dbt.py for tasks to queue
[2026-04-27T23:09:28.417+0000] {logging_mixin.py:190} INFO - [2026-04-27T23:09:28.416+0000] {dagbag.py:587} INFO - Filling up the DagBag from /opt/airflow/dags/build_elt_with_dbt.py
[2026-04-27T23:09:28.451+0000] {logging_mixin.py:190} INFO - [2026-04-27T23:09:28.451+0000] {base.py:84} INFO - Retrieving connection 'snowflake_conn'
[2026-04-27T23:09:28.463+0000] {processor.py:925} INFO - DAG(s) 'BuildELT_dbt' retrieved from /opt/airflow/dags/build_elt_with_dbt.py
[2026-04-27T23:09:28.486+0000] {logging_mixin.py:190} INFO - [2026-04-27T23:09:28.486+0000] {dag.py:3229} INFO - Sync 1 DAGs
[2026-04-27T23:09:28.514+0000] {logging_mixin.py:190} INFO - [2026-04-27T23:09:28.513+0000] {dag.py:4156} INFO - Setting next_dagrun for BuildELT_dbt to 2026-04-26 08:00:00+00:00, run_after=2026-04-27 08:00:00+00:00
[2026-04-27T23:09:28.533+0000] {processor.py:208} INFO - Processing /opt/airflow/dags/build_elt_with_dbt.py took 0.131 seconds
[2026-04-27T23:09:59.153+0000] {processor.py:186} INFO - Started process (PID=3300) to work on /opt/airflow/dags/build_elt_with_dbt.py
[2026-04-27T23:09:59.154+0000] {processor.py:914} INFO - Processing file /opt/airflow/dags/build_elt_with_dbt.py for tasks to queue
[2026-04-27T23:09:59.157+0000] {logging_mixin.py:190} INFO - [2026-04-27T23:09:59.157+0000] {dagbag.py:587} INFO - Filling up the DagBag from /opt/airflow/dags/build_elt_with_dbt.py
[2026-04-27T23:09:59.185+0000] {logging_mixin.py:190} INFO - [2026-04-27T23:09:59.184+0000] {base.py:84} INFO - Retrieving connection 'snowflake_conn'
[2026-04-27T23:09:59.193+0000] {processor.py:925} INFO - DAG(s) 'BuildELT_dbt' retrieved from /opt/airflow/dags/build_elt_with_dbt.py
[2026-04-27T23:09:59.209+0000] {logging_mixin.py:190} INFO - [2026-04-27T23:09:59.208+0000] {dag.py:3229} INFO - Sync 1 DAGs
[2026-04-27T23:09:59.231+0000] {logging_mixin.py:190} INFO - [2026-04-27T23:09:59.231+0000] {dag.py:4156} INFO - Setting next_dagrun for BuildELT_dbt to 2026-04-26 08:00:00+00:00, run_after=2026-04-27 08:00:00+00:00
[2026-04-27T23:09:59.249+0000] {processor.py:208} INFO - Processing /opt/airflow/dags/build_elt_with_dbt.py took 0.103 seconds
[2026-04-27T23:10:29.492+0000] {processor.py:186} INFO - Started process (PID=3361) to work on /opt/airflow/dags/build_elt_with_dbt.py
[2026-04-27T23:10:29.493+0000] {processor.py:914} INFO - Processing file /opt/airflow/dags/build_elt_with_dbt.py for tasks to queue
[2026-04-27T23:10:29.497+0000] {logging_mixin.py:190} INFO - [2026-04-27T23:10:29.496+0000] {dagbag.py:587} INFO - Filling up the DagBag from /opt/airflow/dags/build_elt_with_dbt.py
[2026-04-27T23:10:29.530+0000] {logging_mixin.py:190} INFO - [2026-04-27T23:10:29.530+0000] {base.py:84} INFO - Retrieving connection 'snowflake_conn'
[2026-04-27T23:10:29.546+0000] {processor.py:925} INFO - DAG(s) 'BuildELT_dbt' retrieved from /opt/airflow/dags/build_elt_with_dbt.py
[2026-04-27T23:10:29.572+0000] {logging_mixin.py:190} INFO - [2026-04-27T23:10:29.572+0000] {dag.py:3229} INFO - Sync 1 DAGs
[2026-04-27T23:10:29.600+0000] {logging_mixin.py:190} INFO - [2026-04-27T23:10:29.599+0000] {dag.py:4156} INFO - Setting next_dagrun for BuildELT_dbt to 2026-04-26 08:00:00+00:00, run_after=2026-04-27 08:00:00+00:00
[2026-04-27T23:10:29.622+0000] {processor.py:208} INFO - Processing /opt/airflow/dags/build_elt_with_dbt.py took 0.137 seconds
[2026-04-27T23:11:00.224+0000] {processor.py:186} INFO - Started process (PID=3436) to work on /opt/airflow/dags/build_elt_with_dbt.py
[2026-04-27T23:11:00.225+0000] {processor.py:914} INFO - Processing file /opt/airflow/dags/build_elt_with_dbt.py for tasks to queue
[2026-04-27T23:11:00.228+0000] {logging_mixin.py:190} INFO - [2026-04-27T23:11:00.228+0000] {dagbag.py:587} INFO - Filling up the DagBag from /opt/airflow/dags/build_elt_with_dbt.py
[2026-04-27T23:11:00.254+0000] {logging_mixin.py:190} INFO - [2026-04-27T23:11:00.254+0000] {base.py:84} INFO - Retrieving connection 'snowflake_conn'
[2026-04-27T23:11:00.262+0000] {processor.py:925} INFO - DAG(s) 'BuildELT_dbt' retrieved from /opt/airflow/dags/build_elt_with_dbt.py
[2026-04-27T23:11:00.278+0000] {logging_mixin.py:190} INFO - [2026-04-27T23:11:00.278+0000] {dag.py:3229} INFO - Sync 1 DAGs
[2026-04-27T23:11:00.299+0000] {logging_mixin.py:190} INFO - [2026-04-27T23:11:00.299+0000] {dag.py:4156} INFO - Setting next_dagrun for BuildELT_dbt to 2026-04-26 08:00:00+00:00, run_after=2026-04-27 08:00:00+00:00
[2026-04-27T23:11:00.326+0000] {processor.py:208} INFO - Processing /opt/airflow/dags/build_elt_with_dbt.py took 0.108 seconds
[2026-04-27T23:11:31.338+0000] {processor.py:186} INFO - Started process (PID=3514) to work on /opt/airflow/dags/build_elt_with_dbt.py
[2026-04-27T23:11:31.339+0000] {processor.py:914} INFO - Processing file /opt/airflow/dags/build_elt_with_dbt.py for tasks to queue
[2026-04-27T23:11:31.342+0000] {logging_mixin.py:190} INFO - [2026-04-27T23:11:31.342+0000] {dagbag.py:587} INFO - Filling up the DagBag from /opt/airflow/dags/build_elt_with_dbt.py
[2026-04-27T23:11:31.368+0000] {logging_mixin.py:190} INFO - [2026-04-27T23:11:31.368+0000] {base.py:84} INFO - Retrieving connection 'snowflake_conn'
[2026-04-27T23:11:31.376+0000] {processor.py:925} INFO - DAG(s) 'BuildELT_dbt' retrieved from /opt/airflow/dags/build_elt_with_dbt.py
[2026-04-27T23:11:31.394+0000] {logging_mixin.py:190} INFO - [2026-04-27T23:11:31.394+0000] {dag.py:3229} INFO - Sync 1 DAGs
[2026-04-27T23:11:31.415+0000] {logging_mixin.py:190} INFO - [2026-04-27T23:11:31.415+0000] {dag.py:4156} INFO - Setting next_dagrun for BuildELT_dbt to 2026-04-26 08:00:00+00:00, run_after=2026-04-27 08:00:00+00:00
[2026-04-27T23:11:31.433+0000] {processor.py:208} INFO - Processing /opt/airflow/dags/build_elt_with_dbt.py took 0.102 seconds
[2026-04-27T23:12:02.040+0000] {processor.py:186} INFO - Started process (PID=3592) to work on /opt/airflow/dags/build_elt_with_dbt.py
[2026-04-27T23:12:02.041+0000] {processor.py:914} INFO - Processing file /opt/airflow/dags/build_elt_with_dbt.py for tasks to queue
[2026-04-27T23:12:02.044+0000] {logging_mixin.py:190} INFO - [2026-04-27T23:12:02.044+0000] {dagbag.py:587} INFO - Filling up the DagBag from /opt/airflow/dags/build_elt_with_dbt.py
[2026-04-27T23:12:02.070+0000] {logging_mixin.py:190} INFO - [2026-04-27T23:12:02.070+0000] {base.py:84} INFO - Retrieving connection 'snowflake_conn'
[2026-04-27T23:12:02.079+0000] {processor.py:925} INFO - DAG(s) 'BuildELT_dbt' retrieved from /opt/airflow/dags/build_elt_with_dbt.py
[2026-04-27T23:12:02.096+0000] {logging_mixin.py:190} INFO - [2026-04-27T23:12:02.095+0000] {dag.py:3229} INFO - Sync 1 DAGs
[2026-04-27T23:12:02.117+0000] {logging_mixin.py:190} INFO - [2026-04-27T23:12:02.116+0000] {dag.py:4156} INFO - Setting next_dagrun for BuildELT_dbt to 2026-04-26 08:00:00+00:00, run_after=2026-04-27 08:00:00+00:00
[2026-04-27T23:12:02.133+0000] {processor.py:208} INFO - Processing /opt/airflow/dags/build_elt_with_dbt.py took 0.099 seconds
[2026-04-27T23:12:32.587+0000] {processor.py:186} INFO - Started process (PID=3670) to work on /opt/airflow/dags/build_elt_with_dbt.py
[2026-04-27T23:12:32.588+0000] {processor.py:914} INFO - Processing file /opt/airflow/dags/build_elt_with_dbt.py for tasks to queue
[2026-04-27T23:12:32.591+0000] {logging_mixin.py:190} INFO - [2026-04-27T23:12:32.590+0000] {dagbag.py:587} INFO - Filling up the DagBag from /opt/airflow/dags/build_elt_with_dbt.py
[2026-04-27T23:12:32.618+0000] {logging_mixin.py:190} INFO - [2026-04-27T23:12:32.617+0000] {base.py:84} INFO - Retrieving connection 'snowflake_conn'
[2026-04-27T23:12:32.626+0000] {processor.py:925} INFO - DAG(s) 'BuildELT_dbt' retrieved from /opt/airflow/dags/build_elt_with_dbt.py
[2026-04-27T23:12:32.642+0000] {logging_mixin.py:190} INFO - [2026-04-27T23:12:32.641+0000] {dag.py:3229} INFO - Sync 1 DAGs
[2026-04-27T23:12:32.662+0000] {logging_mixin.py:190} INFO - [2026-04-27T23:12:32.662+0000] {dag.py:4156} INFO - Setting next_dagrun for BuildELT_dbt to 2026-04-26 08:00:00+00:00, run_after=2026-04-27 08:00:00+00:00
[2026-04-27T23:12:32.690+0000] {processor.py:208} INFO - Processing /opt/airflow/dags/build_elt_with_dbt.py took 0.108 seconds
[2026-04-27T23:13:03.552+0000] {processor.py:186} INFO - Started process (PID=3748) to work on /opt/airflow/dags/build_elt_with_dbt.py
[2026-04-27T23:13:03.553+0000] {processor.py:914} INFO - Processing file /opt/airflow/dags/build_elt_with_dbt.py for tasks to queue
[2026-04-27T23:13:03.555+0000] {logging_mixin.py:190} INFO - [2026-04-27T23:13:03.555+0000] {dagbag.py:587} INFO - Filling up the DagBag from /opt/airflow/dags/build_elt_with_dbt.py
[2026-04-27T23:13:03.580+0000] {logging_mixin.py:190} INFO - [2026-04-27T23:13:03.580+0000] {base.py:84} INFO - Retrieving connection 'snowflake_conn'
[2026-04-27T23:13:03.588+0000] {processor.py:925} INFO - DAG(s) 'BuildELT_dbt' retrieved from /opt/airflow/dags/build_elt_with_dbt.py
[2026-04-27T23:13:03.603+0000] {logging_mixin.py:190} INFO - [2026-04-27T23:13:03.603+0000] {dag.py:3229} INFO - Sync 1 DAGs
[2026-04-27T23:13:03.623+0000] {logging_mixin.py:190} INFO - [2026-04-27T23:13:03.623+0000] {dag.py:4156} INFO - Setting next_dagrun for BuildELT_dbt to 2026-04-26 08:00:00+00:00, run_after=2026-04-27 08:00:00+00:00
[2026-04-27T23:13:03.639+0000] {processor.py:208} INFO - Processing /opt/airflow/dags/build_elt_with_dbt.py took 0.092 seconds
[2026-04-27T23:13:33.740+0000] {processor.py:186} INFO - Started process (PID=3826) to work on /opt/airflow/dags/build_elt_with_dbt.py
[2026-04-27T23:13:33.741+0000] {processor.py:914} INFO - Processing file /opt/airflow/dags/build_elt_with_dbt.py for tasks to queue
[2026-04-27T23:13:33.745+0000] {logging_mixin.py:190} INFO - [2026-04-27T23:13:33.744+0000] {dagbag.py:587} INFO - Filling up the DagBag from /opt/airflow/dags/build_elt_with_dbt.py
[2026-04-27T23:13:33.771+0000] {logging_mixin.py:190} INFO - [2026-04-27T23:13:33.771+0000] {base.py:84} INFO - Retrieving connection 'snowflake_conn'
[2026-04-27T23:13:33.779+0000] {processor.py:925} INFO - DAG(s) 'BuildELT_dbt' retrieved from /opt/airflow/dags/build_elt_with_dbt.py
[2026-04-27T23:13:33.795+0000] {logging_mixin.py:190} INFO - [2026-04-27T23:13:33.795+0000] {dag.py:3229} INFO - Sync 1 DAGs
[2026-04-27T23:13:33.816+0000] {logging_mixin.py:190} INFO - [2026-04-27T23:13:33.816+0000] {dag.py:4156} INFO - Setting next_dagrun for BuildELT_dbt to 2026-04-26 08:00:00+00:00, run_after=2026-04-27 08:00:00+00:00
[2026-04-27T23:13:33.844+0000] {processor.py:208} INFO - Processing /opt/airflow/dags/build_elt_with_dbt.py took 0.109 seconds
[2026-04-27T23:14:04.410+0000] {processor.py:186} INFO - Started process (PID=3887) to work on /opt/airflow/dags/build_elt_with_dbt.py
[2026-04-27T23:14:04.411+0000] {processor.py:914} INFO - Processing file /opt/airflow/dags/build_elt_with_dbt.py for tasks to queue
[2026-04-27T23:14:04.414+0000] {logging_mixin.py:190} INFO - [2026-04-27T23:14:04.414+0000] {dagbag.py:587} INFO - Filling up the DagBag from /opt/airflow/dags/build_elt_with_dbt.py
[2026-04-27T23:14:04.446+0000] {logging_mixin.py:190} INFO - [2026-04-27T23:14:04.446+0000] {base.py:84} INFO - Retrieving connection 'snowflake_conn'
[2026-04-27T23:14:04.458+0000] {processor.py:925} INFO - DAG(s) 'BuildELT_dbt' retrieved from /opt/airflow/dags/build_elt_with_dbt.py
[2026-04-27T23:14:04.479+0000] {logging_mixin.py:190} INFO - [2026-04-27T23:14:04.479+0000] {dag.py:3229} INFO - Sync 1 DAGs
[2026-04-27T23:14:04.505+0000] {logging_mixin.py:190} INFO - [2026-04-27T23:14:04.505+0000] {dag.py:4156} INFO - Setting next_dagrun for BuildELT_dbt to 2026-04-26 08:00:00+00:00, run_after=2026-04-27 08:00:00+00:00
[2026-04-27T23:14:04.527+0000] {processor.py:208} INFO - Processing /opt/airflow/dags/build_elt_with_dbt.py took 0.125 seconds
[2026-04-27T23:14:34.900+0000] {processor.py:186} INFO - Started process (PID=3962) to work on /opt/airflow/dags/build_elt_with_dbt.py
[2026-04-27T23:14:34.901+0000] {processor.py:914} INFO - Processing file /opt/airflow/dags/build_elt_with_dbt.py for tasks to queue
[2026-04-27T23:14:34.904+0000] {logging_mixin.py:190} INFO - [2026-04-27T23:14:34.904+0000] {dagbag.py:587} INFO - Filling up the DagBag from /opt/airflow/dags/build_elt_with_dbt.py
[2026-04-27T23:14:34.931+0000] {logging_mixin.py:190} INFO - [2026-04-27T23:14:34.930+0000] {base.py:84} INFO - Retrieving connection 'snowflake_conn'
[2026-04-27T23:14:34.939+0000] {processor.py:925} INFO - DAG(s) 'BuildELT_dbt' retrieved from /opt/airflow/dags/build_elt_with_dbt.py
[2026-04-27T23:14:34.954+0000] {logging_mixin.py:190} INFO - [2026-04-27T23:14:34.954+0000] {dag.py:3229} INFO - Sync 1 DAGs
[2026-04-27T23:14:34.975+0000] {logging_mixin.py:190} INFO - [2026-04-27T23:14:34.975+0000] {dag.py:4156} INFO - Setting next_dagrun for BuildELT_dbt to 2026-04-26 08:00:00+00:00, run_after=2026-04-27 08:00:00+00:00
[2026-04-27T23:14:35.003+0000] {processor.py:208} INFO - Processing /opt/airflow/dags/build_elt_with_dbt.py took 0.108 seconds
[2026-04-27T23:15:05.379+0000] {processor.py:186} INFO - Started process (PID=4040) to work on /opt/airflow/dags/build_elt_with_dbt.py
[2026-04-27T23:15:05.380+0000] {processor.py:914} INFO - Processing file /opt/airflow/dags/build_elt_with_dbt.py for tasks to queue
[2026-04-27T23:15:05.382+0000] {logging_mixin.py:190} INFO - [2026-04-27T23:15:05.382+0000] {dagbag.py:587} INFO - Filling up the DagBag from /opt/airflow/dags/build_elt_with_dbt.py
[2026-04-27T23:15:05.408+0000] {logging_mixin.py:190} INFO - [2026-04-27T23:15:05.408+0000] {base.py:84} INFO - Retrieving connection 'snowflake_conn'
[2026-04-27T23:15:05.416+0000] {processor.py:925} INFO - DAG(s) 'BuildELT_dbt' retrieved from /opt/airflow/dags/build_elt_with_dbt.py
[2026-04-27T23:15:05.432+0000] {logging_mixin.py:190} INFO - [2026-04-27T23:15:05.431+0000] {dag.py:3229} INFO - Sync 1 DAGs
[2026-04-27T23:15:05.451+0000] {logging_mixin.py:190} INFO - [2026-04-27T23:15:05.451+0000] {dag.py:4156} INFO - Setting next_dagrun for BuildELT_dbt to 2026-04-26 08:00:00+00:00, run_after=2026-04-27 08:00:00+00:00
[2026-04-27T23:15:05.478+0000] {processor.py:208} INFO - Processing /opt/airflow/dags/build_elt_with_dbt.py took 0.104 seconds
[2026-04-27T23:15:36.410+0000] {processor.py:186} INFO - Started process (PID=4118) to work on /opt/airflow/dags/build_elt_with_dbt.py
[2026-04-27T23:15:36.411+0000] {processor.py:914} INFO - Processing file /opt/airflow/dags/build_elt_with_dbt.py for tasks to queue
[2026-04-27T23:15:36.413+0000] {logging_mixin.py:190} INFO - [2026-04-27T23:15:36.413+0000] {dagbag.py:587} INFO - Filling up the DagBag from /opt/airflow/dags/build_elt_with_dbt.py
[2026-04-27T23:15:36.440+0000] {logging_mixin.py:190} INFO - [2026-04-27T23:15:36.439+0000] {base.py:84} INFO - Retrieving connection 'snowflake_conn'
[2026-04-27T23:15:36.447+0000] {processor.py:925} INFO - DAG(s) 'BuildELT_dbt' retrieved from /opt/airflow/dags/build_elt_with_dbt.py
[2026-04-27T23:15:36.464+0000] {logging_mixin.py:190} INFO - [2026-04-27T23:15:36.463+0000] {dag.py:3229} INFO - Sync 1 DAGs
[2026-04-27T23:15:36.484+0000] {logging_mixin.py:190} INFO - [2026-04-27T23:15:36.484+0000] {dag.py:4156} INFO - Setting next_dagrun for BuildELT_dbt to 2026-04-26 08:00:00+00:00, run_after=2026-04-27 08:00:00+00:00
[2026-04-27T23:15:36.512+0000] {processor.py:208} INFO - Processing /opt/airflow/dags/build_elt_with_dbt.py took 0.107 seconds
[2026-04-27T23:16:07.084+0000] {processor.py:186} INFO - Started process (PID=4196) to work on /opt/airflow/dags/build_elt_with_dbt.py
[2026-04-27T23:16:07.085+0000] {processor.py:914} INFO - Processing file /opt/airflow/dags/build_elt_with_dbt.py for tasks to queue
[2026-04-27T23:16:07.088+0000] {logging_mixin.py:190} INFO - [2026-04-27T23:16:07.087+0000] {dagbag.py:587} INFO - Filling up the DagBag from /opt/airflow/dags/build_elt_with_dbt.py
[2026-04-27T23:16:07.116+0000] {logging_mixin.py:190} INFO - [2026-04-27T23:16:07.115+0000] {base.py:84} INFO - Retrieving connection 'snowflake_conn'
[2026-04-27T23:16:07.126+0000] {processor.py:925} INFO - DAG(s) 'BuildELT_dbt' retrieved from /opt/airflow/dags/build_elt_with_dbt.py
[2026-04-27T23:16:07.145+0000] {logging_mixin.py:190} INFO - [2026-04-27T23:16:07.144+0000] {dag.py:3229} INFO - Sync 1 DAGs
[2026-04-27T23:16:07.168+0000] {logging_mixin.py:190} INFO - [2026-04-27T23:16:07.167+0000] {dag.py:4156} INFO - Setting next_dagrun for BuildELT_dbt to 2026-04-26 08:00:00+00:00, run_after=2026-04-27 08:00:00+00:00
[2026-04-27T23:16:07.186+0000] {processor.py:208} INFO - Processing /opt/airflow/dags/build_elt_with_dbt.py took 0.108 seconds
[2026-04-27T23:16:37.775+0000] {processor.py:186} INFO - Started process (PID=4274) to work on /opt/airflow/dags/build_elt_with_dbt.py
[2026-04-27T23:16:37.776+0000] {processor.py:914} INFO - Processing file /opt/airflow/dags/build_elt_with_dbt.py for tasks to queue
[2026-04-27T23:16:37.779+0000] {logging_mixin.py:190} INFO - [2026-04-27T23:16:37.779+0000] {dagbag.py:587} INFO - Filling up the DagBag from /opt/airflow/dags/build_elt_with_dbt.py
[2026-04-27T23:16:37.806+0000] {logging_mixin.py:190} INFO - [2026-04-27T23:16:37.806+0000] {base.py:84} INFO - Retrieving connection 'snowflake_conn'
[2026-04-27T23:16:37.814+0000] {processor.py:925} INFO - DAG(s) 'BuildELT_dbt' retrieved from /opt/airflow/dags/build_elt_with_dbt.py
[2026-04-27T23:16:37.829+0000] {logging_mixin.py:190} INFO - [2026-04-27T23:16:37.829+0000] {dag.py:3229} INFO - Sync 1 DAGs
[2026-04-27T23:16:37.850+0000] {logging_mixin.py:190} INFO - [2026-04-27T23:16:37.850+0000] {dag.py:4156} INFO - Setting next_dagrun for BuildELT_dbt to 2026-04-26 08:00:00+00:00, run_after=2026-04-27 08:00:00+00:00
[2026-04-27T23:16:37.867+0000] {processor.py:208} INFO - Processing /opt/airflow/dags/build_elt_with_dbt.py took 0.097 seconds
