[2026-04-27T02:12:40.831+0000] {processor.py:186} INFO - Started process (PID=258) to work on /opt/airflow/dags/Hello_World_Docker.py
[2026-04-27T02:12:40.833+0000] {processor.py:914} INFO - Processing file /opt/airflow/dags/Hello_World_Docker.py for tasks to queue
[2026-04-27T02:12:40.837+0000] {logging_mixin.py:190} INFO - [2026-04-27T02:12:40.837+0000] {dagbag.py:587} INFO - Filling up the DagBag from /opt/airflow/dags/Hello_World_Docker.py
[2026-04-27T02:12:40.860+0000] {processor.py:925} INFO - DAG(s) 'HelloWorld_docker' retrieved from /opt/airflow/dags/Hello_World_Docker.py
[2026-04-27T02:12:40.896+0000] {logging_mixin.py:190} INFO - [2026-04-27T02:12:40.895+0000] {dag.py:3229} INFO - Sync 1 DAGs
[2026-04-27T02:12:40.928+0000] {logging_mixin.py:190} INFO - [2026-04-27T02:12:40.928+0000] {dag.py:4156} INFO - Setting next_dagrun for HelloWorld_docker to 2026-04-26 02:00:00+00:00, run_after=2026-04-27 02:00:00+00:00
[2026-04-27T02:12:40.950+0000] {processor.py:208} INFO - Processing /opt/airflow/dags/Hello_World_Docker.py took 0.127 seconds
[2026-04-27T02:13:11.182+0000] {processor.py:186} INFO - Started process (PID=307) to work on /opt/airflow/dags/Hello_World_Docker.py
[2026-04-27T02:13:11.184+0000] {processor.py:914} INFO - Processing file /opt/airflow/dags/Hello_World_Docker.py for tasks to queue
[2026-04-27T02:13:11.187+0000] {logging_mixin.py:190} INFO - [2026-04-27T02:13:11.187+0000] {dagbag.py:587} INFO - Filling up the DagBag from /opt/airflow/dags/Hello_World_Docker.py
[2026-04-27T02:13:11.209+0000] {processor.py:925} INFO - DAG(s) 'HelloWorld_docker' retrieved from /opt/airflow/dags/Hello_World_Docker.py
[2026-04-27T02:13:11.239+0000] {logging_mixin.py:190} INFO - [2026-04-27T02:13:11.239+0000] {dag.py:3229} INFO - Sync 1 DAGs
[2026-04-27T02:13:11.264+0000] {logging_mixin.py:190} INFO - [2026-04-27T02:13:11.264+0000] {dag.py:4156} INFO - Setting next_dagrun for HelloWorld_docker to 2026-04-26 02:00:00+00:00, run_after=2026-04-27 02:00:00+00:00
[2026-04-27T02:13:11.283+0000] {processor.py:208} INFO - Processing /opt/airflow/dags/Hello_World_Docker.py took 0.108 seconds
[2026-04-27T02:13:41.665+0000] {processor.py:186} INFO - Started process (PID=361) to work on /opt/airflow/dags/Hello_World_Docker.py
[2026-04-27T02:13:41.666+0000] {processor.py:914} INFO - Processing file /opt/airflow/dags/Hello_World_Docker.py for tasks to queue
[2026-04-27T02:13:41.668+0000] {logging_mixin.py:190} INFO - [2026-04-27T02:13:41.668+0000] {dagbag.py:587} INFO - Filling up the DagBag from /opt/airflow/dags/Hello_World_Docker.py
[2026-04-27T02:13:41.686+0000] {processor.py:925} INFO - DAG(s) 'HelloWorld_docker' retrieved from /opt/airflow/dags/Hello_World_Docker.py
[2026-04-27T02:13:41.710+0000] {logging_mixin.py:190} INFO - [2026-04-27T02:13:41.710+0000] {dag.py:3229} INFO - Sync 1 DAGs
[2026-04-27T02:13:41.730+0000] {logging_mixin.py:190} INFO - [2026-04-27T02:13:41.730+0000] {dag.py:4156} INFO - Setting next_dagrun for HelloWorld_docker to 2026-04-26 02:00:00+00:00, run_after=2026-04-27 02:00:00+00:00
[2026-04-27T02:13:41.758+0000] {processor.py:208} INFO - Processing /opt/airflow/dags/Hello_World_Docker.py took 0.098 seconds
[2026-04-27T02:13:58.337+0000] {processor.py:186} INFO - Started process (PID=236) to work on /opt/airflow/dags/Hello_World_Docker.py
[2026-04-27T02:13:58.338+0000] {processor.py:914} INFO - Processing file /opt/airflow/dags/Hello_World_Docker.py for tasks to queue
[2026-04-27T02:13:58.341+0000] {logging_mixin.py:190} INFO - [2026-04-27T02:13:58.341+0000] {dagbag.py:587} INFO - Filling up the DagBag from /opt/airflow/dags/Hello_World_Docker.py
[2026-04-27T02:13:58.361+0000] {processor.py:925} INFO - DAG(s) 'HelloWorld_docker' retrieved from /opt/airflow/dags/Hello_World_Docker.py
[2026-04-27T02:13:58.389+0000] {logging_mixin.py:190} INFO - [2026-04-27T02:13:58.389+0000] {dag.py:3229} INFO - Sync 1 DAGs
[2026-04-27T02:13:58.412+0000] {logging_mixin.py:190} INFO - [2026-04-27T02:13:58.412+0000] {dag.py:4156} INFO - Setting next_dagrun for HelloWorld_docker to 2026-04-26 02:00:00+00:00, run_after=2026-04-27 02:00:00+00:00
[2026-04-27T02:13:58.430+0000] {processor.py:208} INFO - Processing /opt/airflow/dags/Hello_World_Docker.py took 0.100 seconds
[2026-04-27T02:14:29.942+0000] {processor.py:186} INFO - Started process (PID=326) to work on /opt/airflow/dags/Hello_World_Docker.py
[2026-04-27T02:14:29.943+0000] {processor.py:914} INFO - Processing file /opt/airflow/dags/Hello_World_Docker.py for tasks to queue
[2026-04-27T02:14:29.945+0000] {logging_mixin.py:190} INFO - [2026-04-27T02:14:29.945+0000] {dagbag.py:587} INFO - Filling up the DagBag from /opt/airflow/dags/Hello_World_Docker.py
[2026-04-27T02:14:29.963+0000] {processor.py:925} INFO - DAG(s) 'HelloWorld_docker' retrieved from /opt/airflow/dags/Hello_World_Docker.py
[2026-04-27T02:14:29.992+0000] {logging_mixin.py:190} INFO - [2026-04-27T02:14:29.991+0000] {dag.py:3229} INFO - Sync 1 DAGs
[2026-04-27T02:14:30.021+0000] {logging_mixin.py:190} INFO - [2026-04-27T02:14:30.021+0000] {dag.py:4156} INFO - Setting next_dagrun for HelloWorld_docker to 2026-04-26 02:00:00+00:00, run_after=2026-04-27 02:00:00+00:00
[2026-04-27T02:14:30.050+0000] {processor.py:208} INFO - Processing /opt/airflow/dags/Hello_World_Docker.py took 0.114 seconds
[2026-04-27T02:15:00.574+0000] {processor.py:186} INFO - Started process (PID=362) to work on /opt/airflow/dags/Hello_World_Docker.py
[2026-04-27T02:15:00.575+0000] {processor.py:914} INFO - Processing file /opt/airflow/dags/Hello_World_Docker.py for tasks to queue
[2026-04-27T02:15:00.578+0000] {logging_mixin.py:190} INFO - [2026-04-27T02:15:00.578+0000] {dagbag.py:587} INFO - Filling up the DagBag from /opt/airflow/dags/Hello_World_Docker.py
[2026-04-27T02:15:00.600+0000] {processor.py:925} INFO - DAG(s) 'HelloWorld_docker' retrieved from /opt/airflow/dags/Hello_World_Docker.py
[2026-04-27T02:15:00.630+0000] {logging_mixin.py:190} INFO - [2026-04-27T02:15:00.629+0000] {dag.py:3229} INFO - Sync 1 DAGs
[2026-04-27T02:15:00.655+0000] {logging_mixin.py:190} INFO - [2026-04-27T02:15:00.654+0000] {dag.py:4156} INFO - Setting next_dagrun for HelloWorld_docker to 2026-04-26 02:00:00+00:00, run_after=2026-04-27 02:00:00+00:00
[2026-04-27T02:15:00.672+0000] {processor.py:208} INFO - Processing /opt/airflow/dags/Hello_World_Docker.py took 0.106 seconds
[2026-04-27T22:51:46.996+0000] {processor.py:186} INFO - Started process (PID=265) to work on /opt/airflow/dags/Hello_World_Docker.py
[2026-04-27T22:51:46.998+0000] {processor.py:914} INFO - Processing file /opt/airflow/dags/Hello_World_Docker.py for tasks to queue
[2026-04-27T22:51:47.000+0000] {logging_mixin.py:190} INFO - [2026-04-27T22:51:47.000+0000] {dagbag.py:587} INFO - Filling up the DagBag from /opt/airflow/dags/Hello_World_Docker.py
[2026-04-27T22:51:47.020+0000] {processor.py:925} INFO - DAG(s) 'HelloWorld_docker' retrieved from /opt/airflow/dags/Hello_World_Docker.py
[2026-04-27T22:51:47.050+0000] {logging_mixin.py:190} INFO - [2026-04-27T22:51:47.049+0000] {dag.py:3229} INFO - Sync 1 DAGs
[2026-04-27T22:51:47.075+0000] {logging_mixin.py:190} INFO - [2026-04-27T22:51:47.074+0000] {dag.py:4156} INFO - Setting next_dagrun for HelloWorld_docker to 2026-04-26 02:00:00+00:00, run_after=2026-04-27 02:00:00+00:00
[2026-04-27T22:51:47.094+0000] {processor.py:208} INFO - Processing /opt/airflow/dags/Hello_World_Docker.py took 0.103 seconds
[2026-04-27T22:52:17.407+0000] {processor.py:186} INFO - Started process (PID=339) to work on /opt/airflow/dags/Hello_World_Docker.py
[2026-04-27T22:52:17.408+0000] {processor.py:914} INFO - Processing file /opt/airflow/dags/Hello_World_Docker.py for tasks to queue
[2026-04-27T22:52:17.410+0000] {logging_mixin.py:190} INFO - [2026-04-27T22:52:17.410+0000] {dagbag.py:587} INFO - Filling up the DagBag from /opt/airflow/dags/Hello_World_Docker.py
[2026-04-27T22:52:17.428+0000] {processor.py:925} INFO - DAG(s) 'HelloWorld_docker' retrieved from /opt/airflow/dags/Hello_World_Docker.py
[2026-04-27T22:52:17.455+0000] {logging_mixin.py:190} INFO - [2026-04-27T22:52:17.455+0000] {dag.py:3229} INFO - Sync 1 DAGs
[2026-04-27T22:52:17.480+0000] {logging_mixin.py:190} INFO - [2026-04-27T22:52:17.480+0000] {dag.py:4156} INFO - Setting next_dagrun for HelloWorld_docker to 2026-04-26 02:00:00+00:00, run_after=2026-04-27 02:00:00+00:00
[2026-04-27T22:52:17.501+0000] {processor.py:208} INFO - Processing /opt/airflow/dags/Hello_World_Docker.py took 0.100 seconds
[2026-04-27T22:52:47.769+0000] {processor.py:186} INFO - Started process (PID=414) to work on /opt/airflow/dags/Hello_World_Docker.py
[2026-04-27T22:52:47.771+0000] {processor.py:914} INFO - Processing file /opt/airflow/dags/Hello_World_Docker.py for tasks to queue
[2026-04-27T22:52:47.773+0000] {logging_mixin.py:190} INFO - [2026-04-27T22:52:47.773+0000] {dagbag.py:587} INFO - Filling up the DagBag from /opt/airflow/dags/Hello_World_Docker.py
[2026-04-27T22:52:47.791+0000] {processor.py:925} INFO - DAG(s) 'HelloWorld_docker' retrieved from /opt/airflow/dags/Hello_World_Docker.py
[2026-04-27T22:52:47.817+0000] {logging_mixin.py:190} INFO - [2026-04-27T22:52:47.817+0000] {dag.py:3229} INFO - Sync 1 DAGs
[2026-04-27T22:52:47.841+0000] {logging_mixin.py:190} INFO - [2026-04-27T22:52:47.841+0000] {dag.py:4156} INFO - Setting next_dagrun for HelloWorld_docker to 2026-04-26 02:00:00+00:00, run_after=2026-04-27 02:00:00+00:00
[2026-04-27T22:52:47.858+0000] {processor.py:208} INFO - Processing /opt/airflow/dags/Hello_World_Docker.py took 0.095 seconds
[2026-04-27T22:53:17.913+0000] {processor.py:186} INFO - Started process (PID=516) to work on /opt/airflow/dags/Hello_World_Docker.py
[2026-04-27T22:53:17.915+0000] {processor.py:914} INFO - Processing file /opt/airflow/dags/Hello_World_Docker.py for tasks to queue
[2026-04-27T22:53:17.917+0000] {logging_mixin.py:190} INFO - [2026-04-27T22:53:17.917+0000] {dagbag.py:587} INFO - Filling up the DagBag from /opt/airflow/dags/Hello_World_Docker.py
[2026-04-27T22:53:17.936+0000] {processor.py:925} INFO - DAG(s) 'HelloWorld_docker' retrieved from /opt/airflow/dags/Hello_World_Docker.py
[2026-04-27T22:53:17.964+0000] {logging_mixin.py:190} INFO - [2026-04-27T22:53:17.963+0000] {dag.py:3229} INFO - Sync 1 DAGs
[2026-04-27T22:53:17.985+0000] {logging_mixin.py:190} INFO - [2026-04-27T22:53:17.985+0000] {dag.py:4156} INFO - Setting next_dagrun for HelloWorld_docker to 2026-04-26 02:00:00+00:00, run_after=2026-04-27 02:00:00+00:00
[2026-04-27T22:53:18.005+0000] {processor.py:208} INFO - Processing /opt/airflow/dags/Hello_World_Docker.py took 0.098 seconds
[2026-04-27T22:53:48.070+0000] {processor.py:186} INFO - Started process (PID=589) to work on /opt/airflow/dags/Hello_World_Docker.py
[2026-04-27T22:53:48.071+0000] {processor.py:914} INFO - Processing file /opt/airflow/dags/Hello_World_Docker.py for tasks to queue
[2026-04-27T22:53:48.074+0000] {logging_mixin.py:190} INFO - [2026-04-27T22:53:48.074+0000] {dagbag.py:587} INFO - Filling up the DagBag from /opt/airflow/dags/Hello_World_Docker.py
[2026-04-27T22:53:48.093+0000] {processor.py:925} INFO - DAG(s) 'HelloWorld_docker' retrieved from /opt/airflow/dags/Hello_World_Docker.py
[2026-04-27T22:53:48.122+0000] {logging_mixin.py:190} INFO - [2026-04-27T22:53:48.121+0000] {dag.py:3229} INFO - Sync 1 DAGs
[2026-04-27T22:53:48.146+0000] {logging_mixin.py:190} INFO - [2026-04-27T22:53:48.146+0000] {dag.py:4156} INFO - Setting next_dagrun for HelloWorld_docker to 2026-04-26 02:00:00+00:00, run_after=2026-04-27 02:00:00+00:00
[2026-04-27T22:53:48.175+0000] {processor.py:208} INFO - Processing /opt/airflow/dags/Hello_World_Docker.py took 0.111 seconds
[2026-04-27T22:54:18.526+0000] {processor.py:186} INFO - Started process (PID=664) to work on /opt/airflow/dags/Hello_World_Docker.py
[2026-04-27T22:54:18.528+0000] {processor.py:914} INFO - Processing file /opt/airflow/dags/Hello_World_Docker.py for tasks to queue
[2026-04-27T22:54:18.531+0000] {logging_mixin.py:190} INFO - [2026-04-27T22:54:18.531+0000] {dagbag.py:587} INFO - Filling up the DagBag from /opt/airflow/dags/Hello_World_Docker.py
[2026-04-27T22:54:18.549+0000] {processor.py:925} INFO - DAG(s) 'HelloWorld_docker' retrieved from /opt/airflow/dags/Hello_World_Docker.py
[2026-04-27T22:54:18.576+0000] {logging_mixin.py:190} INFO - [2026-04-27T22:54:18.575+0000] {dag.py:3229} INFO - Sync 1 DAGs
[2026-04-27T22:54:18.598+0000] {logging_mixin.py:190} INFO - [2026-04-27T22:54:18.598+0000] {dag.py:4156} INFO - Setting next_dagrun for HelloWorld_docker to 2026-04-26 02:00:00+00:00, run_after=2026-04-27 02:00:00+00:00
[2026-04-27T22:54:18.616+0000] {processor.py:208} INFO - Processing /opt/airflow/dags/Hello_World_Docker.py took 0.095 seconds
[2026-04-27T22:54:48.758+0000] {processor.py:186} INFO - Started process (PID=742) to work on /opt/airflow/dags/Hello_World_Docker.py
[2026-04-27T22:54:48.759+0000] {processor.py:914} INFO - Processing file /opt/airflow/dags/Hello_World_Docker.py for tasks to queue
[2026-04-27T22:54:48.761+0000] {logging_mixin.py:190} INFO - [2026-04-27T22:54:48.761+0000] {dagbag.py:587} INFO - Filling up the DagBag from /opt/airflow/dags/Hello_World_Docker.py
[2026-04-27T22:54:48.780+0000] {processor.py:925} INFO - DAG(s) 'HelloWorld_docker' retrieved from /opt/airflow/dags/Hello_World_Docker.py
[2026-04-27T22:54:48.805+0000] {logging_mixin.py:190} INFO - [2026-04-27T22:54:48.805+0000] {dag.py:3229} INFO - Sync 1 DAGs
[2026-04-27T22:54:48.826+0000] {logging_mixin.py:190} INFO - [2026-04-27T22:54:48.825+0000] {dag.py:4156} INFO - Setting next_dagrun for HelloWorld_docker to 2026-04-26 02:00:00+00:00, run_after=2026-04-27 02:00:00+00:00
[2026-04-27T22:54:48.855+0000] {processor.py:208} INFO - Processing /opt/airflow/dags/Hello_World_Docker.py took 0.103 seconds
[2026-04-27T22:55:18.916+0000] {processor.py:186} INFO - Started process (PID=820) to work on /opt/airflow/dags/Hello_World_Docker.py
[2026-04-27T22:55:18.917+0000] {processor.py:914} INFO - Processing file /opt/airflow/dags/Hello_World_Docker.py for tasks to queue
[2026-04-27T22:55:18.919+0000] {logging_mixin.py:190} INFO - [2026-04-27T22:55:18.919+0000] {dagbag.py:587} INFO - Filling up the DagBag from /opt/airflow/dags/Hello_World_Docker.py
[2026-04-27T22:55:18.937+0000] {processor.py:925} INFO - DAG(s) 'HelloWorld_docker' retrieved from /opt/airflow/dags/Hello_World_Docker.py
[2026-04-27T22:55:18.962+0000] {logging_mixin.py:190} INFO - [2026-04-27T22:55:18.962+0000] {dag.py:3229} INFO - Sync 1 DAGs
[2026-04-27T22:55:18.984+0000] {logging_mixin.py:190} INFO - [2026-04-27T22:55:18.984+0000] {dag.py:4156} INFO - Setting next_dagrun for HelloWorld_docker to 2026-04-26 02:00:00+00:00, run_after=2026-04-27 02:00:00+00:00
[2026-04-27T22:55:19.004+0000] {processor.py:208} INFO - Processing /opt/airflow/dags/Hello_World_Docker.py took 0.093 seconds
[2026-04-27T22:55:49.369+0000] {processor.py:186} INFO - Started process (PID=904) to work on /opt/airflow/dags/Hello_World_Docker.py
[2026-04-27T22:55:49.370+0000] {processor.py:914} INFO - Processing file /opt/airflow/dags/Hello_World_Docker.py for tasks to queue
[2026-04-27T22:55:49.373+0000] {logging_mixin.py:190} INFO - [2026-04-27T22:55:49.372+0000] {dagbag.py:587} INFO - Filling up the DagBag from /opt/airflow/dags/Hello_World_Docker.py
[2026-04-27T22:55:49.392+0000] {processor.py:925} INFO - DAG(s) 'HelloWorld_docker' retrieved from /opt/airflow/dags/Hello_World_Docker.py
[2026-04-27T22:55:49.424+0000] {logging_mixin.py:190} INFO - [2026-04-27T22:55:49.423+0000] {dag.py:3229} INFO - Sync 1 DAGs
[2026-04-27T22:55:49.451+0000] {logging_mixin.py:190} INFO - [2026-04-27T22:55:49.451+0000] {dag.py:4156} INFO - Setting next_dagrun for HelloWorld_docker to 2026-04-26 02:00:00+00:00, run_after=2026-04-27 02:00:00+00:00
[2026-04-27T22:55:49.482+0000] {processor.py:208} INFO - Processing /opt/airflow/dags/Hello_World_Docker.py took 0.118 seconds
[2026-04-27T22:56:19.582+0000] {processor.py:186} INFO - Started process (PID=982) to work on /opt/airflow/dags/Hello_World_Docker.py
[2026-04-27T22:56:19.583+0000] {processor.py:914} INFO - Processing file /opt/airflow/dags/Hello_World_Docker.py for tasks to queue
[2026-04-27T22:56:19.587+0000] {logging_mixin.py:190} INFO - [2026-04-27T22:56:19.586+0000] {dagbag.py:587} INFO - Filling up the DagBag from /opt/airflow/dags/Hello_World_Docker.py
[2026-04-27T22:56:19.607+0000] {processor.py:925} INFO - DAG(s) 'HelloWorld_docker' retrieved from /opt/airflow/dags/Hello_World_Docker.py
[2026-04-27T22:56:19.634+0000] {logging_mixin.py:190} INFO - [2026-04-27T22:56:19.634+0000] {dag.py:3229} INFO - Sync 1 DAGs
[2026-04-27T22:56:19.661+0000] {logging_mixin.py:190} INFO - [2026-04-27T22:56:19.661+0000] {dag.py:4156} INFO - Setting next_dagrun for HelloWorld_docker to 2026-04-26 02:00:00+00:00, run_after=2026-04-27 02:00:00+00:00
[2026-04-27T22:56:19.682+0000] {processor.py:208} INFO - Processing /opt/airflow/dags/Hello_World_Docker.py took 0.105 seconds
[2026-04-27T22:56:49.868+0000] {processor.py:186} INFO - Started process (PID=1042) to work on /opt/airflow/dags/Hello_World_Docker.py
[2026-04-27T22:56:49.869+0000] {processor.py:914} INFO - Processing file /opt/airflow/dags/Hello_World_Docker.py for tasks to queue
[2026-04-27T22:56:49.872+0000] {logging_mixin.py:190} INFO - [2026-04-27T22:56:49.872+0000] {dagbag.py:587} INFO - Filling up the DagBag from /opt/airflow/dags/Hello_World_Docker.py
[2026-04-27T22:56:49.892+0000] {processor.py:925} INFO - DAG(s) 'HelloWorld_docker' retrieved from /opt/airflow/dags/Hello_World_Docker.py
[2026-04-27T22:56:49.922+0000] {logging_mixin.py:190} INFO - [2026-04-27T22:56:49.921+0000] {dag.py:3229} INFO - Sync 1 DAGs
[2026-04-27T22:56:49.948+0000] {logging_mixin.py:190} INFO - [2026-04-27T22:56:49.947+0000] {dag.py:4156} INFO - Setting next_dagrun for HelloWorld_docker to 2026-04-26 02:00:00+00:00, run_after=2026-04-27 02:00:00+00:00
[2026-04-27T22:56:49.977+0000] {processor.py:208} INFO - Processing /opt/airflow/dags/Hello_World_Docker.py took 0.115 seconds
[2026-04-27T22:57:20.246+0000] {processor.py:186} INFO - Started process (PID=1255) to work on /opt/airflow/dags/Hello_World_Docker.py
[2026-04-27T22:57:20.247+0000] {processor.py:914} INFO - Processing file /opt/airflow/dags/Hello_World_Docker.py for tasks to queue
[2026-04-27T22:57:20.250+0000] {logging_mixin.py:190} INFO - [2026-04-27T22:57:20.249+0000] {dagbag.py:587} INFO - Filling up the DagBag from /opt/airflow/dags/Hello_World_Docker.py
[2026-04-27T22:57:20.270+0000] {processor.py:925} INFO - DAG(s) 'HelloWorld_docker' retrieved from /opt/airflow/dags/Hello_World_Docker.py
[2026-04-27T22:57:20.303+0000] {logging_mixin.py:190} INFO - [2026-04-27T22:57:20.303+0000] {dag.py:3229} INFO - Sync 1 DAGs
[2026-04-27T22:57:20.328+0000] {logging_mixin.py:190} INFO - [2026-04-27T22:57:20.328+0000] {dag.py:4156} INFO - Setting next_dagrun for HelloWorld_docker to 2026-04-26 02:00:00+00:00, run_after=2026-04-27 02:00:00+00:00
[2026-04-27T22:57:20.359+0000] {processor.py:208} INFO - Processing /opt/airflow/dags/Hello_World_Docker.py took 0.119 seconds
[2026-04-27T22:57:50.574+0000] {processor.py:186} INFO - Started process (PID=1385) to work on /opt/airflow/dags/Hello_World_Docker.py
[2026-04-27T22:57:50.576+0000] {processor.py:914} INFO - Processing file /opt/airflow/dags/Hello_World_Docker.py for tasks to queue
[2026-04-27T22:57:50.579+0000] {logging_mixin.py:190} INFO - [2026-04-27T22:57:50.578+0000] {dagbag.py:587} INFO - Filling up the DagBag from /opt/airflow/dags/Hello_World_Docker.py
[2026-04-27T22:57:50.600+0000] {processor.py:925} INFO - DAG(s) 'HelloWorld_docker' retrieved from /opt/airflow/dags/Hello_World_Docker.py
[2026-04-27T22:57:50.632+0000] {logging_mixin.py:190} INFO - [2026-04-27T22:57:50.632+0000] {dag.py:3229} INFO - Sync 1 DAGs
[2026-04-27T22:57:50.658+0000] {logging_mixin.py:190} INFO - [2026-04-27T22:57:50.658+0000] {dag.py:4156} INFO - Setting next_dagrun for HelloWorld_docker to 2026-04-26 02:00:00+00:00, run_after=2026-04-27 02:00:00+00:00
[2026-04-27T22:57:50.678+0000] {processor.py:208} INFO - Processing /opt/airflow/dags/Hello_World_Docker.py took 0.112 seconds
[2026-04-27T22:58:20.749+0000] {processor.py:186} INFO - Started process (PID=1465) to work on /opt/airflow/dags/Hello_World_Docker.py
[2026-04-27T22:58:20.750+0000] {processor.py:914} INFO - Processing file /opt/airflow/dags/Hello_World_Docker.py for tasks to queue
[2026-04-27T22:58:20.754+0000] {logging_mixin.py:190} INFO - [2026-04-27T22:58:20.754+0000] {dagbag.py:587} INFO - Filling up the DagBag from /opt/airflow/dags/Hello_World_Docker.py
[2026-04-27T22:58:20.774+0000] {processor.py:925} INFO - DAG(s) 'HelloWorld_docker' retrieved from /opt/airflow/dags/Hello_World_Docker.py
[2026-04-27T22:58:20.805+0000] {logging_mixin.py:190} INFO - [2026-04-27T22:58:20.804+0000] {dag.py:3229} INFO - Sync 1 DAGs
[2026-04-27T22:58:20.832+0000] {logging_mixin.py:190} INFO - [2026-04-27T22:58:20.832+0000] {dag.py:4156} INFO - Setting next_dagrun for HelloWorld_docker to 2026-04-26 02:00:00+00:00, run_after=2026-04-27 02:00:00+00:00
[2026-04-27T22:58:20.854+0000] {processor.py:208} INFO - Processing /opt/airflow/dags/Hello_World_Docker.py took 0.111 seconds
[2026-04-27T22:58:51.543+0000] {processor.py:186} INFO - Started process (PID=1587) to work on /opt/airflow/dags/Hello_World_Docker.py
[2026-04-27T22:58:51.545+0000] {processor.py:914} INFO - Processing file /opt/airflow/dags/Hello_World_Docker.py for tasks to queue
[2026-04-27T22:58:51.549+0000] {logging_mixin.py:190} INFO - [2026-04-27T22:58:51.548+0000] {dagbag.py:587} INFO - Filling up the DagBag from /opt/airflow/dags/Hello_World_Docker.py
[2026-04-27T22:58:51.570+0000] {processor.py:925} INFO - DAG(s) 'HelloWorld_docker' retrieved from /opt/airflow/dags/Hello_World_Docker.py
[2026-04-27T22:58:51.603+0000] {logging_mixin.py:190} INFO - [2026-04-27T22:58:51.602+0000] {dag.py:3229} INFO - Sync 1 DAGs
[2026-04-27T22:58:51.627+0000] {logging_mixin.py:190} INFO - [2026-04-27T22:58:51.627+0000] {dag.py:4156} INFO - Setting next_dagrun for HelloWorld_docker to 2026-04-26 02:00:00+00:00, run_after=2026-04-27 02:00:00+00:00
[2026-04-27T22:58:51.646+0000] {processor.py:208} INFO - Processing /opt/airflow/dags/Hello_World_Docker.py took 0.110 seconds
[2026-04-27T22:59:22.523+0000] {processor.py:186} INFO - Started process (PID=1665) to work on /opt/airflow/dags/Hello_World_Docker.py
[2026-04-27T22:59:22.524+0000] {processor.py:914} INFO - Processing file /opt/airflow/dags/Hello_World_Docker.py for tasks to queue
[2026-04-27T22:59:22.527+0000] {logging_mixin.py:190} INFO - [2026-04-27T22:59:22.526+0000] {dagbag.py:587} INFO - Filling up the DagBag from /opt/airflow/dags/Hello_World_Docker.py
[2026-04-27T22:59:22.546+0000] {processor.py:925} INFO - DAG(s) 'HelloWorld_docker' retrieved from /opt/airflow/dags/Hello_World_Docker.py
[2026-04-27T22:59:22.571+0000] {logging_mixin.py:190} INFO - [2026-04-27T22:59:22.571+0000] {dag.py:3229} INFO - Sync 1 DAGs
[2026-04-27T22:59:22.593+0000] {logging_mixin.py:190} INFO - [2026-04-27T22:59:22.592+0000] {dag.py:4156} INFO - Setting next_dagrun for HelloWorld_docker to 2026-04-26 02:00:00+00:00, run_after=2026-04-27 02:00:00+00:00
[2026-04-27T22:59:22.609+0000] {processor.py:208} INFO - Processing /opt/airflow/dags/Hello_World_Docker.py took 0.092 seconds
[2026-04-27T22:59:52.721+0000] {processor.py:186} INFO - Started process (PID=1763) to work on /opt/airflow/dags/Hello_World_Docker.py
[2026-04-27T22:59:52.723+0000] {processor.py:914} INFO - Processing file /opt/airflow/dags/Hello_World_Docker.py for tasks to queue
[2026-04-27T22:59:52.725+0000] {logging_mixin.py:190} INFO - [2026-04-27T22:59:52.725+0000] {dagbag.py:587} INFO - Filling up the DagBag from /opt/airflow/dags/Hello_World_Docker.py
[2026-04-27T22:59:52.745+0000] {processor.py:925} INFO - DAG(s) 'HelloWorld_docker' retrieved from /opt/airflow/dags/Hello_World_Docker.py
[2026-04-27T22:59:52.771+0000] {logging_mixin.py:190} INFO - [2026-04-27T22:59:52.770+0000] {dag.py:3229} INFO - Sync 1 DAGs
[2026-04-27T22:59:52.793+0000] {logging_mixin.py:190} INFO - [2026-04-27T22:59:52.793+0000] {dag.py:4156} INFO - Setting next_dagrun for HelloWorld_docker to 2026-04-26 02:00:00+00:00, run_after=2026-04-27 02:00:00+00:00
[2026-04-27T22:59:52.811+0000] {processor.py:208} INFO - Processing /opt/airflow/dags/Hello_World_Docker.py took 0.096 seconds
[2026-04-27T23:00:22.880+0000] {processor.py:186} INFO - Started process (PID=1870) to work on /opt/airflow/dags/Hello_World_Docker.py
[2026-04-27T23:00:22.881+0000] {processor.py:914} INFO - Processing file /opt/airflow/dags/Hello_World_Docker.py for tasks to queue
[2026-04-27T23:00:22.885+0000] {logging_mixin.py:190} INFO - [2026-04-27T23:00:22.885+0000] {dagbag.py:587} INFO - Filling up the DagBag from /opt/airflow/dags/Hello_World_Docker.py
[2026-04-27T23:00:22.909+0000] {processor.py:925} INFO - DAG(s) 'HelloWorld_docker' retrieved from /opt/airflow/dags/Hello_World_Docker.py
[2026-04-27T23:00:22.946+0000] {logging_mixin.py:190} INFO - [2026-04-27T23:00:22.946+0000] {dag.py:3229} INFO - Sync 1 DAGs
[2026-04-27T23:00:22.973+0000] {logging_mixin.py:190} INFO - [2026-04-27T23:00:22.973+0000] {dag.py:4156} INFO - Setting next_dagrun for HelloWorld_docker to 2026-04-26 02:00:00+00:00, run_after=2026-04-27 02:00:00+00:00
[2026-04-27T23:00:22.996+0000] {processor.py:208} INFO - Processing /opt/airflow/dags/Hello_World_Docker.py took 0.125 seconds
[2026-04-27T23:00:53.184+0000] {processor.py:186} INFO - Started process (PID=1967) to work on /opt/airflow/dags/Hello_World_Docker.py
[2026-04-27T23:00:53.186+0000] {processor.py:914} INFO - Processing file /opt/airflow/dags/Hello_World_Docker.py for tasks to queue
[2026-04-27T23:00:53.188+0000] {logging_mixin.py:190} INFO - [2026-04-27T23:00:53.188+0000] {dagbag.py:587} INFO - Filling up the DagBag from /opt/airflow/dags/Hello_World_Docker.py
[2026-04-27T23:00:53.206+0000] {processor.py:925} INFO - DAG(s) 'HelloWorld_docker' retrieved from /opt/airflow/dags/Hello_World_Docker.py
[2026-04-27T23:00:53.237+0000] {logging_mixin.py:190} INFO - [2026-04-27T23:00:53.236+0000] {dag.py:3229} INFO - Sync 1 DAGs
[2026-04-27T23:00:53.259+0000] {logging_mixin.py:190} INFO - [2026-04-27T23:00:53.259+0000] {dag.py:4156} INFO - Setting next_dagrun for HelloWorld_docker to 2026-04-26 02:00:00+00:00, run_after=2026-04-27 02:00:00+00:00
[2026-04-27T23:00:53.277+0000] {processor.py:208} INFO - Processing /opt/airflow/dags/Hello_World_Docker.py took 0.099 seconds
[2026-04-27T23:01:23.824+0000] {processor.py:186} INFO - Started process (PID=2051) to work on /opt/airflow/dags/Hello_World_Docker.py
[2026-04-27T23:01:23.825+0000] {processor.py:914} INFO - Processing file /opt/airflow/dags/Hello_World_Docker.py for tasks to queue
[2026-04-27T23:01:23.827+0000] {logging_mixin.py:190} INFO - [2026-04-27T23:01:23.827+0000] {dagbag.py:587} INFO - Filling up the DagBag from /opt/airflow/dags/Hello_World_Docker.py
[2026-04-27T23:01:23.847+0000] {processor.py:925} INFO - DAG(s) 'HelloWorld_docker' retrieved from /opt/airflow/dags/Hello_World_Docker.py
[2026-04-27T23:01:23.874+0000] {logging_mixin.py:190} INFO - [2026-04-27T23:01:23.873+0000] {dag.py:3229} INFO - Sync 1 DAGs
[2026-04-27T23:01:23.897+0000] {logging_mixin.py:190} INFO - [2026-04-27T23:01:23.897+0000] {dag.py:4156} INFO - Setting next_dagrun for HelloWorld_docker to 2026-04-26 02:00:00+00:00, run_after=2026-04-27 02:00:00+00:00
[2026-04-27T23:01:23.914+0000] {processor.py:208} INFO - Processing /opt/airflow/dags/Hello_World_Docker.py took 0.096 seconds
[2026-04-27T23:01:54.720+0000] {processor.py:186} INFO - Started process (PID=2127) to work on /opt/airflow/dags/Hello_World_Docker.py
[2026-04-27T23:01:54.721+0000] {processor.py:914} INFO - Processing file /opt/airflow/dags/Hello_World_Docker.py for tasks to queue
[2026-04-27T23:01:54.723+0000] {logging_mixin.py:190} INFO - [2026-04-27T23:01:54.723+0000] {dagbag.py:587} INFO - Filling up the DagBag from /opt/airflow/dags/Hello_World_Docker.py
[2026-04-27T23:01:54.741+0000] {processor.py:925} INFO - DAG(s) 'HelloWorld_docker' retrieved from /opt/airflow/dags/Hello_World_Docker.py
[2026-04-27T23:01:54.766+0000] {logging_mixin.py:190} INFO - [2026-04-27T23:01:54.766+0000] {dag.py:3229} INFO - Sync 1 DAGs
[2026-04-27T23:01:54.787+0000] {logging_mixin.py:190} INFO - [2026-04-27T23:01:54.787+0000] {dag.py:4156} INFO - Setting next_dagrun for HelloWorld_docker to 2026-04-26 02:00:00+00:00, run_after=2026-04-27 02:00:00+00:00
[2026-04-27T23:01:54.816+0000] {processor.py:208} INFO - Processing /opt/airflow/dags/Hello_World_Docker.py took 0.101 seconds
[2026-04-27T23:02:25.032+0000] {processor.py:186} INFO - Started process (PID=2205) to work on /opt/airflow/dags/Hello_World_Docker.py
[2026-04-27T23:02:25.033+0000] {processor.py:914} INFO - Processing file /opt/airflow/dags/Hello_World_Docker.py for tasks to queue
[2026-04-27T23:02:25.036+0000] {logging_mixin.py:190} INFO - [2026-04-27T23:02:25.035+0000] {dagbag.py:587} INFO - Filling up the DagBag from /opt/airflow/dags/Hello_World_Docker.py
[2026-04-27T23:02:25.054+0000] {processor.py:925} INFO - DAG(s) 'HelloWorld_docker' retrieved from /opt/airflow/dags/Hello_World_Docker.py
[2026-04-27T23:02:25.079+0000] {logging_mixin.py:190} INFO - [2026-04-27T23:02:25.079+0000] {dag.py:3229} INFO - Sync 1 DAGs
[2026-04-27T23:02:25.100+0000] {logging_mixin.py:190} INFO - [2026-04-27T23:02:25.100+0000] {dag.py:4156} INFO - Setting next_dagrun for HelloWorld_docker to 2026-04-26 02:00:00+00:00, run_after=2026-04-27 02:00:00+00:00
[2026-04-27T23:02:25.117+0000] {processor.py:208} INFO - Processing /opt/airflow/dags/Hello_World_Docker.py took 0.090 seconds
[2026-04-27T23:02:55.668+0000] {processor.py:186} INFO - Started process (PID=2283) to work on /opt/airflow/dags/Hello_World_Docker.py
[2026-04-27T23:02:55.669+0000] {processor.py:914} INFO - Processing file /opt/airflow/dags/Hello_World_Docker.py for tasks to queue
[2026-04-27T23:02:55.672+0000] {logging_mixin.py:190} INFO - [2026-04-27T23:02:55.672+0000] {dagbag.py:587} INFO - Filling up the DagBag from /opt/airflow/dags/Hello_World_Docker.py
[2026-04-27T23:02:55.691+0000] {processor.py:925} INFO - DAG(s) 'HelloWorld_docker' retrieved from /opt/airflow/dags/Hello_World_Docker.py
[2026-04-27T23:02:55.716+0000] {logging_mixin.py:190} INFO - [2026-04-27T23:02:55.716+0000] {dag.py:3229} INFO - Sync 1 DAGs
[2026-04-27T23:02:55.736+0000] {logging_mixin.py:190} INFO - [2026-04-27T23:02:55.736+0000] {dag.py:4156} INFO - Setting next_dagrun for HelloWorld_docker to 2026-04-26 02:00:00+00:00, run_after=2026-04-27 02:00:00+00:00
[2026-04-27T23:02:55.752+0000] {processor.py:208} INFO - Processing /opt/airflow/dags/Hello_World_Docker.py took 0.089 seconds
[2026-04-27T23:03:25.931+0000] {processor.py:186} INFO - Started process (PID=2361) to work on /opt/airflow/dags/Hello_World_Docker.py
[2026-04-27T23:03:25.932+0000] {processor.py:914} INFO - Processing file /opt/airflow/dags/Hello_World_Docker.py for tasks to queue
[2026-04-27T23:03:25.936+0000] {logging_mixin.py:190} INFO - [2026-04-27T23:03:25.935+0000] {dagbag.py:587} INFO - Filling up the DagBag from /opt/airflow/dags/Hello_World_Docker.py
[2026-04-27T23:03:25.955+0000] {processor.py:925} INFO - DAG(s) 'HelloWorld_docker' retrieved from /opt/airflow/dags/Hello_World_Docker.py
[2026-04-27T23:03:25.983+0000] {logging_mixin.py:190} INFO - [2026-04-27T23:03:25.982+0000] {dag.py:3229} INFO - Sync 1 DAGs
[2026-04-27T23:03:26.005+0000] {logging_mixin.py:190} INFO - [2026-04-27T23:03:26.004+0000] {dag.py:4156} INFO - Setting next_dagrun for HelloWorld_docker to 2026-04-26 02:00:00+00:00, run_after=2026-04-27 02:00:00+00:00
[2026-04-27T23:03:26.022+0000] {processor.py:208} INFO - Processing /opt/airflow/dags/Hello_World_Docker.py took 0.096 seconds
[2026-04-27T23:03:56.631+0000] {processor.py:186} INFO - Started process (PID=2421) to work on /opt/airflow/dags/Hello_World_Docker.py
[2026-04-27T23:03:56.633+0000] {processor.py:914} INFO - Processing file /opt/airflow/dags/Hello_World_Docker.py for tasks to queue
[2026-04-27T23:03:56.636+0000] {logging_mixin.py:190} INFO - [2026-04-27T23:03:56.635+0000] {dagbag.py:587} INFO - Filling up the DagBag from /opt/airflow/dags/Hello_World_Docker.py
[2026-04-27T23:03:56.658+0000] {processor.py:925} INFO - DAG(s) 'HelloWorld_docker' retrieved from /opt/airflow/dags/Hello_World_Docker.py
[2026-04-27T23:03:56.686+0000] {logging_mixin.py:190} INFO - [2026-04-27T23:03:56.685+0000] {dag.py:3229} INFO - Sync 1 DAGs
[2026-04-27T23:03:56.710+0000] {logging_mixin.py:190} INFO - [2026-04-27T23:03:56.709+0000] {dag.py:4156} INFO - Setting next_dagrun for HelloWorld_docker to 2026-04-26 02:00:00+00:00, run_after=2026-04-27 02:00:00+00:00
[2026-04-27T23:03:56.739+0000] {processor.py:208} INFO - Processing /opt/airflow/dags/Hello_World_Docker.py took 0.115 seconds
[2026-04-27T23:04:27.684+0000] {processor.py:186} INFO - Started process (PID=2496) to work on /opt/airflow/dags/Hello_World_Docker.py
[2026-04-27T23:04:27.685+0000] {processor.py:914} INFO - Processing file /opt/airflow/dags/Hello_World_Docker.py for tasks to queue
[2026-04-27T23:04:27.688+0000] {logging_mixin.py:190} INFO - [2026-04-27T23:04:27.687+0000] {dagbag.py:587} INFO - Filling up the DagBag from /opt/airflow/dags/Hello_World_Docker.py
[2026-04-27T23:04:27.705+0000] {processor.py:925} INFO - DAG(s) 'HelloWorld_docker' retrieved from /opt/airflow/dags/Hello_World_Docker.py
[2026-04-27T23:04:27.731+0000] {logging_mixin.py:190} INFO - [2026-04-27T23:04:27.731+0000] {dag.py:3229} INFO - Sync 1 DAGs
[2026-04-27T23:04:27.752+0000] {logging_mixin.py:190} INFO - [2026-04-27T23:04:27.752+0000] {dag.py:4156} INFO - Setting next_dagrun for HelloWorld_docker to 2026-04-26 02:00:00+00:00, run_after=2026-04-27 02:00:00+00:00
[2026-04-27T23:04:27.781+0000] {processor.py:208} INFO - Processing /opt/airflow/dags/Hello_World_Docker.py took 0.102 seconds
[2026-04-27T23:04:57.941+0000] {processor.py:186} INFO - Started process (PID=2574) to work on /opt/airflow/dags/Hello_World_Docker.py
[2026-04-27T23:04:57.942+0000] {processor.py:914} INFO - Processing file /opt/airflow/dags/Hello_World_Docker.py for tasks to queue
[2026-04-27T23:04:57.944+0000] {logging_mixin.py:190} INFO - [2026-04-27T23:04:57.944+0000] {dagbag.py:587} INFO - Filling up the DagBag from /opt/airflow/dags/Hello_World_Docker.py
[2026-04-27T23:04:57.963+0000] {processor.py:925} INFO - DAG(s) 'HelloWorld_docker' retrieved from /opt/airflow/dags/Hello_World_Docker.py
[2026-04-27T23:04:57.988+0000] {logging_mixin.py:190} INFO - [2026-04-27T23:04:57.987+0000] {dag.py:3229} INFO - Sync 1 DAGs
[2026-04-27T23:04:58.008+0000] {logging_mixin.py:190} INFO - [2026-04-27T23:04:58.008+0000] {dag.py:4156} INFO - Setting next_dagrun for HelloWorld_docker to 2026-04-26 02:00:00+00:00, run_after=2026-04-27 02:00:00+00:00
[2026-04-27T23:04:58.037+0000] {processor.py:208} INFO - Processing /opt/airflow/dags/Hello_World_Docker.py took 0.101 seconds
[2026-04-27T23:05:28.315+0000] {processor.py:186} INFO - Started process (PID=2652) to work on /opt/airflow/dags/Hello_World_Docker.py
[2026-04-27T23:05:28.317+0000] {processor.py:914} INFO - Processing file /opt/airflow/dags/Hello_World_Docker.py for tasks to queue
[2026-04-27T23:05:28.322+0000] {logging_mixin.py:190} INFO - [2026-04-27T23:05:28.322+0000] {dagbag.py:587} INFO - Filling up the DagBag from /opt/airflow/dags/Hello_World_Docker.py
[2026-04-27T23:05:28.346+0000] {processor.py:925} INFO - DAG(s) 'HelloWorld_docker' retrieved from /opt/airflow/dags/Hello_World_Docker.py
[2026-04-27T23:05:28.380+0000] {logging_mixin.py:190} INFO - [2026-04-27T23:05:28.379+0000] {dag.py:3229} INFO - Sync 1 DAGs
[2026-04-27T23:05:28.416+0000] {logging_mixin.py:190} INFO - [2026-04-27T23:05:28.416+0000] {dag.py:4156} INFO - Setting next_dagrun for HelloWorld_docker to 2026-04-26 02:00:00+00:00, run_after=2026-04-27 02:00:00+00:00
[2026-04-27T23:05:28.450+0000] {processor.py:208} INFO - Processing /opt/airflow/dags/Hello_World_Docker.py took 0.143 seconds
[2026-04-27T23:05:58.581+0000] {processor.py:186} INFO - Started process (PID=2730) to work on /opt/airflow/dags/Hello_World_Docker.py
[2026-04-27T23:05:58.582+0000] {processor.py:914} INFO - Processing file /opt/airflow/dags/Hello_World_Docker.py for tasks to queue
[2026-04-27T23:05:58.585+0000] {logging_mixin.py:190} INFO - [2026-04-27T23:05:58.584+0000] {dagbag.py:587} INFO - Filling up the DagBag from /opt/airflow/dags/Hello_World_Docker.py
[2026-04-27T23:05:58.605+0000] {processor.py:925} INFO - DAG(s) 'HelloWorld_docker' retrieved from /opt/airflow/dags/Hello_World_Docker.py
[2026-04-27T23:05:58.633+0000] {logging_mixin.py:190} INFO - [2026-04-27T23:05:58.632+0000] {dag.py:3229} INFO - Sync 1 DAGs
[2026-04-27T23:05:58.655+0000] {logging_mixin.py:190} INFO - [2026-04-27T23:05:58.655+0000] {dag.py:4156} INFO - Setting next_dagrun for HelloWorld_docker to 2026-04-26 02:00:00+00:00, run_after=2026-04-27 02:00:00+00:00
[2026-04-27T23:05:58.674+0000] {processor.py:208} INFO - Processing /opt/airflow/dags/Hello_World_Docker.py took 0.097 seconds
[2026-04-27T23:06:29.403+0000] {processor.py:186} INFO - Started process (PID=2808) to work on /opt/airflow/dags/Hello_World_Docker.py
[2026-04-27T23:06:29.404+0000] {processor.py:914} INFO - Processing file /opt/airflow/dags/Hello_World_Docker.py for tasks to queue
[2026-04-27T23:06:29.406+0000] {logging_mixin.py:190} INFO - [2026-04-27T23:06:29.406+0000] {dagbag.py:587} INFO - Filling up the DagBag from /opt/airflow/dags/Hello_World_Docker.py
[2026-04-27T23:06:29.432+0000] {processor.py:925} INFO - DAG(s) 'HelloWorld_docker' retrieved from /opt/airflow/dags/Hello_World_Docker.py
[2026-04-27T23:06:29.459+0000] {logging_mixin.py:190} INFO - [2026-04-27T23:06:29.458+0000] {dag.py:3229} INFO - Sync 1 DAGs
[2026-04-27T23:06:29.482+0000] {logging_mixin.py:190} INFO - [2026-04-27T23:06:29.482+0000] {dag.py:4156} INFO - Setting next_dagrun for HelloWorld_docker to 2026-04-26 02:00:00+00:00, run_after=2026-04-27 02:00:00+00:00
[2026-04-27T23:06:29.500+0000] {processor.py:208} INFO - Processing /opt/airflow/dags/Hello_World_Docker.py took 0.103 seconds
[2026-04-27T23:06:59.666+0000] {processor.py:186} INFO - Started process (PID=2890) to work on /opt/airflow/dags/Hello_World_Docker.py
[2026-04-27T23:06:59.668+0000] {processor.py:914} INFO - Processing file /opt/airflow/dags/Hello_World_Docker.py for tasks to queue
[2026-04-27T23:06:59.671+0000] {logging_mixin.py:190} INFO - [2026-04-27T23:06:59.670+0000] {dagbag.py:587} INFO - Filling up the DagBag from /opt/airflow/dags/Hello_World_Docker.py
[2026-04-27T23:06:59.693+0000] {processor.py:925} INFO - DAG(s) 'HelloWorld_docker' retrieved from /opt/airflow/dags/Hello_World_Docker.py
[2026-04-27T23:06:59.726+0000] {logging_mixin.py:190} INFO - [2026-04-27T23:06:59.725+0000] {dag.py:3229} INFO - Sync 1 DAGs
[2026-04-27T23:06:59.753+0000] {logging_mixin.py:190} INFO - [2026-04-27T23:06:59.752+0000] {dag.py:4156} INFO - Setting next_dagrun for HelloWorld_docker to 2026-04-26 02:00:00+00:00, run_after=2026-04-27 02:00:00+00:00
[2026-04-27T23:06:59.772+0000] {processor.py:208} INFO - Processing /opt/airflow/dags/Hello_World_Docker.py took 0.112 seconds
[2026-04-27T23:07:29.934+0000] {processor.py:186} INFO - Started process (PID=2948) to work on /opt/airflow/dags/Hello_World_Docker.py
[2026-04-27T23:07:29.935+0000] {processor.py:914} INFO - Processing file /opt/airflow/dags/Hello_World_Docker.py for tasks to queue
[2026-04-27T23:07:29.937+0000] {logging_mixin.py:190} INFO - [2026-04-27T23:07:29.937+0000] {dagbag.py:587} INFO - Filling up the DagBag from /opt/airflow/dags/Hello_World_Docker.py
[2026-04-27T23:07:29.957+0000] {processor.py:925} INFO - DAG(s) 'HelloWorld_docker' retrieved from /opt/airflow/dags/Hello_World_Docker.py
[2026-04-27T23:07:29.983+0000] {logging_mixin.py:190} INFO - [2026-04-27T23:07:29.983+0000] {dag.py:3229} INFO - Sync 1 DAGs
[2026-04-27T23:07:30.005+0000] {logging_mixin.py:190} INFO - [2026-04-27T23:07:30.005+0000] {dag.py:4156} INFO - Setting next_dagrun for HelloWorld_docker to 2026-04-26 02:00:00+00:00, run_after=2026-04-27 02:00:00+00:00
[2026-04-27T23:07:30.023+0000] {processor.py:208} INFO - Processing /opt/airflow/dags/Hello_World_Docker.py took 0.095 seconds
[2026-04-27T23:08:00.353+0000] {processor.py:186} INFO - Started process (PID=3018) to work on /opt/airflow/dags/Hello_World_Docker.py
[2026-04-27T23:08:00.354+0000] {processor.py:914} INFO - Processing file /opt/airflow/dags/Hello_World_Docker.py for tasks to queue
[2026-04-27T23:08:00.357+0000] {logging_mixin.py:190} INFO - [2026-04-27T23:08:00.356+0000] {dagbag.py:587} INFO - Filling up the DagBag from /opt/airflow/dags/Hello_World_Docker.py
[2026-04-27T23:08:00.375+0000] {processor.py:925} INFO - DAG(s) 'HelloWorld_docker' retrieved from /opt/airflow/dags/Hello_World_Docker.py
[2026-04-27T23:08:00.400+0000] {logging_mixin.py:190} INFO - [2026-04-27T23:08:00.399+0000] {dag.py:3229} INFO - Sync 1 DAGs
[2026-04-27T23:08:00.424+0000] {logging_mixin.py:190} INFO - [2026-04-27T23:08:00.424+0000] {dag.py:4156} INFO - Setting next_dagrun for HelloWorld_docker to 2026-04-26 02:00:00+00:00, run_after=2026-04-27 02:00:00+00:00
[2026-04-27T23:08:00.442+0000] {processor.py:208} INFO - Processing /opt/airflow/dags/Hello_World_Docker.py took 0.094 seconds
[2026-04-27T23:08:30.869+0000] {processor.py:186} INFO - Started process (PID=3097) to work on /opt/airflow/dags/Hello_World_Docker.py
[2026-04-27T23:08:30.870+0000] {processor.py:914} INFO - Processing file /opt/airflow/dags/Hello_World_Docker.py for tasks to queue
[2026-04-27T23:08:30.874+0000] {logging_mixin.py:190} INFO - [2026-04-27T23:08:30.873+0000] {dagbag.py:587} INFO - Filling up the DagBag from /opt/airflow/dags/Hello_World_Docker.py
[2026-04-27T23:08:30.892+0000] {processor.py:925} INFO - DAG(s) 'HelloWorld_docker' retrieved from /opt/airflow/dags/Hello_World_Docker.py
[2026-04-27T23:08:30.918+0000] {logging_mixin.py:190} INFO - [2026-04-27T23:08:30.918+0000] {dag.py:3229} INFO - Sync 1 DAGs
[2026-04-27T23:08:30.939+0000] {logging_mixin.py:190} INFO - [2026-04-27T23:08:30.939+0000] {dag.py:4156} INFO - Setting next_dagrun for HelloWorld_docker to 2026-04-26 02:00:00+00:00, run_after=2026-04-27 02:00:00+00:00
[2026-04-27T23:08:30.956+0000] {processor.py:208} INFO - Processing /opt/airflow/dags/Hello_World_Docker.py took 0.094 seconds
[2026-04-27T23:09:01.319+0000] {processor.py:186} INFO - Started process (PID=3173) to work on /opt/airflow/dags/Hello_World_Docker.py
[2026-04-27T23:09:01.320+0000] {processor.py:914} INFO - Processing file /opt/airflow/dags/Hello_World_Docker.py for tasks to queue
[2026-04-27T23:09:01.323+0000] {logging_mixin.py:190} INFO - [2026-04-27T23:09:01.323+0000] {dagbag.py:587} INFO - Filling up the DagBag from /opt/airflow/dags/Hello_World_Docker.py
[2026-04-27T23:09:01.344+0000] {processor.py:925} INFO - DAG(s) 'HelloWorld_docker' retrieved from /opt/airflow/dags/Hello_World_Docker.py
[2026-04-27T23:09:01.381+0000] {logging_mixin.py:190} INFO - [2026-04-27T23:09:01.381+0000] {dag.py:3229} INFO - Sync 1 DAGs
[2026-04-27T23:09:01.408+0000] {logging_mixin.py:190} INFO - [2026-04-27T23:09:01.408+0000] {dag.py:4156} INFO - Setting next_dagrun for HelloWorld_docker to 2026-04-26 02:00:00+00:00, run_after=2026-04-27 02:00:00+00:00
[2026-04-27T23:09:01.427+0000] {processor.py:208} INFO - Processing /opt/airflow/dags/Hello_World_Docker.py took 0.113 seconds
[2026-04-27T23:09:31.628+0000] {processor.py:186} INFO - Started process (PID=3248) to work on /opt/airflow/dags/Hello_World_Docker.py
[2026-04-27T23:09:31.630+0000] {processor.py:914} INFO - Processing file /opt/airflow/dags/Hello_World_Docker.py for tasks to queue
[2026-04-27T23:09:31.632+0000] {logging_mixin.py:190} INFO - [2026-04-27T23:09:31.632+0000] {dagbag.py:587} INFO - Filling up the DagBag from /opt/airflow/dags/Hello_World_Docker.py
[2026-04-27T23:09:31.653+0000] {processor.py:925} INFO - DAG(s) 'HelloWorld_docker' retrieved from /opt/airflow/dags/Hello_World_Docker.py
[2026-04-27T23:09:31.679+0000] {logging_mixin.py:190} INFO - [2026-04-27T23:09:31.678+0000] {dag.py:3229} INFO - Sync 1 DAGs
[2026-04-27T23:09:31.700+0000] {logging_mixin.py:190} INFO - [2026-04-27T23:09:31.700+0000] {dag.py:4156} INFO - Setting next_dagrun for HelloWorld_docker to 2026-04-26 02:00:00+00:00, run_after=2026-04-27 02:00:00+00:00
[2026-04-27T23:09:31.717+0000] {processor.py:208} INFO - Processing /opt/airflow/dags/Hello_World_Docker.py took 0.095 seconds
[2026-04-27T23:10:02.074+0000] {processor.py:186} INFO - Started process (PID=3326) to work on /opt/airflow/dags/Hello_World_Docker.py
[2026-04-27T23:10:02.075+0000] {processor.py:914} INFO - Processing file /opt/airflow/dags/Hello_World_Docker.py for tasks to queue
[2026-04-27T23:10:02.078+0000] {logging_mixin.py:190} INFO - [2026-04-27T23:10:02.077+0000] {dagbag.py:587} INFO - Filling up the DagBag from /opt/airflow/dags/Hello_World_Docker.py
[2026-04-27T23:10:02.096+0000] {processor.py:925} INFO - DAG(s) 'HelloWorld_docker' retrieved from /opt/airflow/dags/Hello_World_Docker.py
[2026-04-27T23:10:02.123+0000] {logging_mixin.py:190} INFO - [2026-04-27T23:10:02.122+0000] {dag.py:3229} INFO - Sync 1 DAGs
[2026-04-27T23:10:02.144+0000] {logging_mixin.py:190} INFO - [2026-04-27T23:10:02.144+0000] {dag.py:4156} INFO - Setting next_dagrun for HelloWorld_docker to 2026-04-26 02:00:00+00:00, run_after=2026-04-27 02:00:00+00:00
[2026-04-27T23:10:02.162+0000] {processor.py:208} INFO - Processing /opt/airflow/dags/Hello_World_Docker.py took 0.094 seconds
[2026-04-27T23:10:32.798+0000] {processor.py:186} INFO - Started process (PID=3387) to work on /opt/airflow/dags/Hello_World_Docker.py
[2026-04-27T23:10:32.799+0000] {processor.py:914} INFO - Processing file /opt/airflow/dags/Hello_World_Docker.py for tasks to queue
[2026-04-27T23:10:32.802+0000] {logging_mixin.py:190} INFO - [2026-04-27T23:10:32.802+0000] {dagbag.py:587} INFO - Filling up the DagBag from /opt/airflow/dags/Hello_World_Docker.py
[2026-04-27T23:10:32.821+0000] {processor.py:925} INFO - DAG(s) 'HelloWorld_docker' retrieved from /opt/airflow/dags/Hello_World_Docker.py
[2026-04-27T23:10:32.846+0000] {logging_mixin.py:190} INFO - [2026-04-27T23:10:32.846+0000] {dag.py:3229} INFO - Sync 1 DAGs
[2026-04-27T23:10:32.868+0000] {logging_mixin.py:190} INFO - [2026-04-27T23:10:32.868+0000] {dag.py:4156} INFO - Setting next_dagrun for HelloWorld_docker to 2026-04-26 02:00:00+00:00, run_after=2026-04-27 02:00:00+00:00
[2026-04-27T23:10:32.885+0000] {processor.py:208} INFO - Processing /opt/airflow/dags/Hello_World_Docker.py took 0.092 seconds
[2026-04-27T23:11:03.323+0000] {processor.py:186} INFO - Started process (PID=3444) to work on /opt/airflow/dags/Hello_World_Docker.py
[2026-04-27T23:11:03.324+0000] {processor.py:914} INFO - Processing file /opt/airflow/dags/Hello_World_Docker.py for tasks to queue
[2026-04-27T23:11:03.327+0000] {logging_mixin.py:190} INFO - [2026-04-27T23:11:03.326+0000] {dagbag.py:587} INFO - Filling up the DagBag from /opt/airflow/dags/Hello_World_Docker.py
[2026-04-27T23:11:03.345+0000] {processor.py:925} INFO - DAG(s) 'HelloWorld_docker' retrieved from /opt/airflow/dags/Hello_World_Docker.py
[2026-04-27T23:11:03.376+0000] {logging_mixin.py:190} INFO - [2026-04-27T23:11:03.375+0000] {dag.py:3229} INFO - Sync 1 DAGs
[2026-04-27T23:11:03.401+0000] {logging_mixin.py:190} INFO - [2026-04-27T23:11:03.401+0000] {dag.py:4156} INFO - Setting next_dagrun for HelloWorld_docker to 2026-04-26 02:00:00+00:00, run_after=2026-04-27 02:00:00+00:00
[2026-04-27T23:11:03.421+0000] {processor.py:208} INFO - Processing /opt/airflow/dags/Hello_World_Docker.py took 0.104 seconds
[2026-04-27T23:11:33.516+0000] {processor.py:186} INFO - Started process (PID=3519) to work on /opt/airflow/dags/Hello_World_Docker.py
[2026-04-27T23:11:33.517+0000] {processor.py:914} INFO - Processing file /opt/airflow/dags/Hello_World_Docker.py for tasks to queue
[2026-04-27T23:11:33.520+0000] {logging_mixin.py:190} INFO - [2026-04-27T23:11:33.520+0000] {dagbag.py:587} INFO - Filling up the DagBag from /opt/airflow/dags/Hello_World_Docker.py
[2026-04-27T23:11:33.538+0000] {processor.py:925} INFO - DAG(s) 'HelloWorld_docker' retrieved from /opt/airflow/dags/Hello_World_Docker.py
[2026-04-27T23:11:33.563+0000] {logging_mixin.py:190} INFO - [2026-04-27T23:11:33.563+0000] {dag.py:3229} INFO - Sync 1 DAGs
[2026-04-27T23:11:33.584+0000] {logging_mixin.py:190} INFO - [2026-04-27T23:11:33.584+0000] {dag.py:4156} INFO - Setting next_dagrun for HelloWorld_docker to 2026-04-26 02:00:00+00:00, run_after=2026-04-27 02:00:00+00:00
[2026-04-27T23:11:33.613+0000] {processor.py:208} INFO - Processing /opt/airflow/dags/Hello_World_Docker.py took 0.103 seconds
[2026-04-27T23:12:04.097+0000] {processor.py:186} INFO - Started process (PID=3597) to work on /opt/airflow/dags/Hello_World_Docker.py
[2026-04-27T23:12:04.098+0000] {processor.py:914} INFO - Processing file /opt/airflow/dags/Hello_World_Docker.py for tasks to queue
[2026-04-27T23:12:04.101+0000] {logging_mixin.py:190} INFO - [2026-04-27T23:12:04.100+0000] {dagbag.py:587} INFO - Filling up the DagBag from /opt/airflow/dags/Hello_World_Docker.py
[2026-04-27T23:12:04.119+0000] {processor.py:925} INFO - DAG(s) 'HelloWorld_docker' retrieved from /opt/airflow/dags/Hello_World_Docker.py
[2026-04-27T23:12:04.146+0000] {logging_mixin.py:190} INFO - [2026-04-27T23:12:04.145+0000] {dag.py:3229} INFO - Sync 1 DAGs
[2026-04-27T23:12:04.167+0000] {logging_mixin.py:190} INFO - [2026-04-27T23:12:04.167+0000] {dag.py:4156} INFO - Setting next_dagrun for HelloWorld_docker to 2026-04-26 02:00:00+00:00, run_after=2026-04-27 02:00:00+00:00
[2026-04-27T23:12:04.185+0000] {processor.py:208} INFO - Processing /opt/airflow/dags/Hello_World_Docker.py took 0.093 seconds
[2026-04-27T23:12:34.635+0000] {processor.py:186} INFO - Started process (PID=3675) to work on /opt/airflow/dags/Hello_World_Docker.py
[2026-04-27T23:12:34.636+0000] {processor.py:914} INFO - Processing file /opt/airflow/dags/Hello_World_Docker.py for tasks to queue
[2026-04-27T23:12:34.638+0000] {logging_mixin.py:190} INFO - [2026-04-27T23:12:34.638+0000] {dagbag.py:587} INFO - Filling up the DagBag from /opt/airflow/dags/Hello_World_Docker.py
[2026-04-27T23:12:34.657+0000] {processor.py:925} INFO - DAG(s) 'HelloWorld_docker' retrieved from /opt/airflow/dags/Hello_World_Docker.py
[2026-04-27T23:12:34.682+0000] {logging_mixin.py:190} INFO - [2026-04-27T23:12:34.682+0000] {dag.py:3229} INFO - Sync 1 DAGs
[2026-04-27T23:12:34.702+0000] {logging_mixin.py:190} INFO - [2026-04-27T23:12:34.702+0000] {dag.py:4156} INFO - Setting next_dagrun for HelloWorld_docker to 2026-04-26 02:00:00+00:00, run_after=2026-04-27 02:00:00+00:00
[2026-04-27T23:12:34.729+0000] {processor.py:208} INFO - Processing /opt/airflow/dags/Hello_World_Docker.py took 0.100 seconds
[2026-04-27T23:13:05.618+0000] {processor.py:186} INFO - Started process (PID=3753) to work on /opt/airflow/dags/Hello_World_Docker.py
[2026-04-27T23:13:05.620+0000] {processor.py:914} INFO - Processing file /opt/airflow/dags/Hello_World_Docker.py for tasks to queue
[2026-04-27T23:13:05.623+0000] {logging_mixin.py:190} INFO - [2026-04-27T23:13:05.622+0000] {dagbag.py:587} INFO - Filling up the DagBag from /opt/airflow/dags/Hello_World_Docker.py
[2026-04-27T23:13:05.642+0000] {processor.py:925} INFO - DAG(s) 'HelloWorld_docker' retrieved from /opt/airflow/dags/Hello_World_Docker.py
[2026-04-27T23:13:05.669+0000] {logging_mixin.py:190} INFO - [2026-04-27T23:13:05.668+0000] {dag.py:3229} INFO - Sync 1 DAGs
[2026-04-27T23:13:05.692+0000] {logging_mixin.py:190} INFO - [2026-04-27T23:13:05.691+0000] {dag.py:4156} INFO - Setting next_dagrun for HelloWorld_docker to 2026-04-26 02:00:00+00:00, run_after=2026-04-27 02:00:00+00:00
[2026-04-27T23:13:05.712+0000] {processor.py:208} INFO - Processing /opt/airflow/dags/Hello_World_Docker.py took 0.099 seconds
[2026-04-27T23:13:35.780+0000] {processor.py:186} INFO - Started process (PID=3831) to work on /opt/airflow/dags/Hello_World_Docker.py
[2026-04-27T23:13:35.781+0000] {processor.py:914} INFO - Processing file /opt/airflow/dags/Hello_World_Docker.py for tasks to queue
[2026-04-27T23:13:35.785+0000] {logging_mixin.py:190} INFO - [2026-04-27T23:13:35.784+0000] {dagbag.py:587} INFO - Filling up the DagBag from /opt/airflow/dags/Hello_World_Docker.py
[2026-04-27T23:13:35.803+0000] {processor.py:925} INFO - DAG(s) 'HelloWorld_docker' retrieved from /opt/airflow/dags/Hello_World_Docker.py
[2026-04-27T23:13:35.829+0000] {logging_mixin.py:190} INFO - [2026-04-27T23:13:35.829+0000] {dag.py:3229} INFO - Sync 1 DAGs
[2026-04-27T23:13:35.851+0000] {logging_mixin.py:190} INFO - [2026-04-27T23:13:35.851+0000] {dag.py:4156} INFO - Setting next_dagrun for HelloWorld_docker to 2026-04-26 02:00:00+00:00, run_after=2026-04-27 02:00:00+00:00
[2026-04-27T23:13:35.881+0000] {processor.py:208} INFO - Processing /opt/airflow/dags/Hello_World_Docker.py took 0.105 seconds
[2026-04-27T23:14:06.611+0000] {processor.py:186} INFO - Started process (PID=3910) to work on /opt/airflow/dags/Hello_World_Docker.py
[2026-04-27T23:14:06.612+0000] {processor.py:914} INFO - Processing file /opt/airflow/dags/Hello_World_Docker.py for tasks to queue
[2026-04-27T23:14:06.615+0000] {logging_mixin.py:190} INFO - [2026-04-27T23:14:06.615+0000] {dagbag.py:587} INFO - Filling up the DagBag from /opt/airflow/dags/Hello_World_Docker.py
[2026-04-27T23:14:06.634+0000] {processor.py:925} INFO - DAG(s) 'HelloWorld_docker' retrieved from /opt/airflow/dags/Hello_World_Docker.py
[2026-04-27T23:14:06.660+0000] {logging_mixin.py:190} INFO - [2026-04-27T23:14:06.659+0000] {dag.py:3229} INFO - Sync 1 DAGs
[2026-04-27T23:14:06.680+0000] {logging_mixin.py:190} INFO - [2026-04-27T23:14:06.680+0000] {dag.py:4156} INFO - Setting next_dagrun for HelloWorld_docker to 2026-04-26 02:00:00+00:00, run_after=2026-04-27 02:00:00+00:00
[2026-04-27T23:14:06.708+0000] {processor.py:208} INFO - Processing /opt/airflow/dags/Hello_World_Docker.py took 0.102 seconds
[2026-04-27T23:14:36.958+0000] {processor.py:186} INFO - Started process (PID=3970) to work on /opt/airflow/dags/Hello_World_Docker.py
[2026-04-27T23:14:36.960+0000] {processor.py:914} INFO - Processing file /opt/airflow/dags/Hello_World_Docker.py for tasks to queue
[2026-04-27T23:14:36.963+0000] {logging_mixin.py:190} INFO - [2026-04-27T23:14:36.962+0000] {dagbag.py:587} INFO - Filling up the DagBag from /opt/airflow/dags/Hello_World_Docker.py
[2026-04-27T23:14:36.984+0000] {processor.py:925} INFO - DAG(s) 'HelloWorld_docker' retrieved from /opt/airflow/dags/Hello_World_Docker.py
[2026-04-27T23:14:37.014+0000] {logging_mixin.py:190} INFO - [2026-04-27T23:14:37.013+0000] {dag.py:3229} INFO - Sync 1 DAGs
[2026-04-27T23:14:37.040+0000] {logging_mixin.py:190} INFO - [2026-04-27T23:14:37.040+0000] {dag.py:4156} INFO - Setting next_dagrun for HelloWorld_docker to 2026-04-26 02:00:00+00:00, run_after=2026-04-27 02:00:00+00:00
[2026-04-27T23:14:37.058+0000] {processor.py:208} INFO - Processing /opt/airflow/dags/Hello_World_Docker.py took 0.107 seconds
[2026-04-27T23:15:07.453+0000] {processor.py:186} INFO - Started process (PID=4045) to work on /opt/airflow/dags/Hello_World_Docker.py
[2026-04-27T23:15:07.454+0000] {processor.py:914} INFO - Processing file /opt/airflow/dags/Hello_World_Docker.py for tasks to queue
[2026-04-27T23:15:07.457+0000] {logging_mixin.py:190} INFO - [2026-04-27T23:15:07.456+0000] {dagbag.py:587} INFO - Filling up the DagBag from /opt/airflow/dags/Hello_World_Docker.py
[2026-04-27T23:15:07.476+0000] {processor.py:925} INFO - DAG(s) 'HelloWorld_docker' retrieved from /opt/airflow/dags/Hello_World_Docker.py
[2026-04-27T23:15:07.503+0000] {logging_mixin.py:190} INFO - [2026-04-27T23:15:07.503+0000] {dag.py:3229} INFO - Sync 1 DAGs
[2026-04-27T23:15:07.531+0000] {logging_mixin.py:190} INFO - [2026-04-27T23:15:07.531+0000] {dag.py:4156} INFO - Setting next_dagrun for HelloWorld_docker to 2026-04-26 02:00:00+00:00, run_after=2026-04-27 02:00:00+00:00
[2026-04-27T23:15:07.550+0000] {processor.py:208} INFO - Processing /opt/airflow/dags/Hello_World_Docker.py took 0.102 seconds
[2026-04-27T23:15:38.465+0000] {processor.py:186} INFO - Started process (PID=4123) to work on /opt/airflow/dags/Hello_World_Docker.py
[2026-04-27T23:15:38.467+0000] {processor.py:914} INFO - Processing file /opt/airflow/dags/Hello_World_Docker.py for tasks to queue
[2026-04-27T23:15:38.469+0000] {logging_mixin.py:190} INFO - [2026-04-27T23:15:38.469+0000] {dagbag.py:587} INFO - Filling up the DagBag from /opt/airflow/dags/Hello_World_Docker.py
[2026-04-27T23:15:38.488+0000] {processor.py:925} INFO - DAG(s) 'HelloWorld_docker' retrieved from /opt/airflow/dags/Hello_World_Docker.py
[2026-04-27T23:15:38.514+0000] {logging_mixin.py:190} INFO - [2026-04-27T23:15:38.514+0000] {dag.py:3229} INFO - Sync 1 DAGs
[2026-04-27T23:15:38.535+0000] {logging_mixin.py:190} INFO - [2026-04-27T23:15:38.535+0000] {dag.py:4156} INFO - Setting next_dagrun for HelloWorld_docker to 2026-04-26 02:00:00+00:00, run_after=2026-04-27 02:00:00+00:00
[2026-04-27T23:15:38.553+0000] {processor.py:208} INFO - Processing /opt/airflow/dags/Hello_World_Docker.py took 0.093 seconds
[2026-04-27T23:16:09.143+0000] {processor.py:186} INFO - Started process (PID=4201) to work on /opt/airflow/dags/Hello_World_Docker.py
[2026-04-27T23:16:09.144+0000] {processor.py:914} INFO - Processing file /opt/airflow/dags/Hello_World_Docker.py for tasks to queue
[2026-04-27T23:16:09.146+0000] {logging_mixin.py:190} INFO - [2026-04-27T23:16:09.146+0000] {dagbag.py:587} INFO - Filling up the DagBag from /opt/airflow/dags/Hello_World_Docker.py
[2026-04-27T23:16:09.164+0000] {processor.py:925} INFO - DAG(s) 'HelloWorld_docker' retrieved from /opt/airflow/dags/Hello_World_Docker.py
[2026-04-27T23:16:09.190+0000] {logging_mixin.py:190} INFO - [2026-04-27T23:16:09.189+0000] {dag.py:3229} INFO - Sync 1 DAGs
[2026-04-27T23:16:09.211+0000] {logging_mixin.py:190} INFO - [2026-04-27T23:16:09.211+0000] {dag.py:4156} INFO - Setting next_dagrun for HelloWorld_docker to 2026-04-26 02:00:00+00:00, run_after=2026-04-27 02:00:00+00:00
[2026-04-27T23:16:09.241+0000] {processor.py:208} INFO - Processing /opt/airflow/dags/Hello_World_Docker.py took 0.104 seconds
[2026-04-27T23:16:39.824+0000] {processor.py:186} INFO - Started process (PID=4279) to work on /opt/airflow/dags/Hello_World_Docker.py
[2026-04-27T23:16:39.825+0000] {processor.py:914} INFO - Processing file /opt/airflow/dags/Hello_World_Docker.py for tasks to queue
[2026-04-27T23:16:39.828+0000] {logging_mixin.py:190} INFO - [2026-04-27T23:16:39.828+0000] {dagbag.py:587} INFO - Filling up the DagBag from /opt/airflow/dags/Hello_World_Docker.py
[2026-04-27T23:16:39.846+0000] {processor.py:925} INFO - DAG(s) 'HelloWorld_docker' retrieved from /opt/airflow/dags/Hello_World_Docker.py
[2026-04-27T23:16:39.872+0000] {logging_mixin.py:190} INFO - [2026-04-27T23:16:39.871+0000] {dag.py:3229} INFO - Sync 1 DAGs
[2026-04-27T23:16:39.893+0000] {logging_mixin.py:190} INFO - [2026-04-27T23:16:39.893+0000] {dag.py:4156} INFO - Setting next_dagrun for HelloWorld_docker to 2026-04-26 02:00:00+00:00, run_after=2026-04-27 02:00:00+00:00
[2026-04-27T23:16:39.911+0000] {processor.py:208} INFO - Processing /opt/airflow/dags/Hello_World_Docker.py took 0.093 seconds
