[2026-04-23T07:23:45.826+0000] {local_task_job_runner.py:123} INFO - ::group::Pre task execution logs
[2026-04-23T07:23:45.844+0000] {taskinstance.py:2612} INFO - Dependencies all met for dep_context=non-requeueable deps ti=<TaskInstance: BuildELT_dbt.dbt_run manual__2026-04-23T07:23:45.295868+00:00 [queued]>
[2026-04-23T07:23:45.853+0000] {taskinstance.py:2612} INFO - Dependencies all met for dep_context=requeueable deps ti=<TaskInstance: BuildELT_dbt.dbt_run manual__2026-04-23T07:23:45.295868+00:00 [queued]>
[2026-04-23T07:23:45.853+0000] {taskinstance.py:2865} INFO - Starting attempt 1 of 1
[2026-04-23T07:23:45.868+0000] {taskinstance.py:2888} INFO - Executing <Task(BashOperator): dbt_run> on 2026-04-23 07:23:45.295868+00:00
[2026-04-23T07:23:45.878+0000] {standard_task_runner.py:104} INFO - Running: ['***', 'tasks', 'run', 'BuildELT_dbt', 'dbt_run', 'manual__2026-04-23T07:23:45.295868+00:00', '--job-id', '60', '--raw', '--subdir', 'DAGS_FOLDER/build_elt_with_dbt.py', '--cfg-path', '/tmp/tmpl6znt3bn']
[2026-04-23T07:23:45.882+0000] {standard_task_runner.py:105} INFO - Job 60: Subtask dbt_run
[2026-04-23T07:23:45.882+0000] {logging_mixin.py:190} WARNING - /home/***/.local/lib/python3.12/site-packages/***/task/task_runner/standard_task_runner.py:70 DeprecationWarning: This process (pid=46654) is multi-threaded, use of fork() may lead to deadlocks in the child.
[2026-04-23T07:23:45.883+0000] {standard_task_runner.py:72} INFO - Started process 46655 to run task
[2026-04-23T07:23:45.939+0000] {task_command.py:467} INFO - Running <TaskInstance: BuildELT_dbt.dbt_run manual__2026-04-23T07:23:45.295868+00:00 [running]> on host aa30302fbfc5
[2026-04-23T07:23:46.039+0000] {taskinstance.py:3131} INFO - Exporting env vars: AIRFLOW_CTX_DAG_OWNER='***' AIRFLOW_CTX_DAG_ID='BuildELT_dbt' AIRFLOW_CTX_TASK_ID='dbt_run' AIRFLOW_CTX_EXECUTION_DATE='2026-04-23T07:23:45.295868+00:00' AIRFLOW_CTX_TRY_NUMBER='1' AIRFLOW_CTX_DAG_RUN_ID='manual__2026-04-23T07:23:45.295868+00:00'
[2026-04-23T07:23:46.040+0000] {taskinstance.py:731} INFO - ::endgroup::
[2026-04-23T07:23:46.057+0000] {subprocess.py:63} INFO - Tmp dir root location: /tmp
[2026-04-23T07:23:46.059+0000] {subprocess.py:75} INFO - Running command: ['/usr/bin/bash', '-c', '/home/***/.local/bin/dbt run --profiles-dir /opt/***/dbt --project-dir /opt/***/dbt']
[2026-04-23T07:23:46.072+0000] {subprocess.py:86} INFO - Output:
[2026-04-23T07:23:48.111+0000] {subprocess.py:93} INFO - [0m07:23:48  Running with dbt=1.8.7
[2026-04-23T07:23:49.131+0000] {subprocess.py:93} INFO - [0m07:23:49  Registered adapter: snowflake=1.8.1
[2026-04-23T07:23:49.873+0000] {subprocess.py:93} INFO - [0m07:23:49  Found 5 models, 5 data tests, 4 snapshots, 5 sources, 454 macros
[2026-04-23T07:23:49.876+0000] {subprocess.py:93} INFO - [0m07:23:49
[2026-04-23T07:23:52.709+0000] {subprocess.py:93} INFO - [0m07:23:52  Concurrency: 1 threads (target='dev')
[2026-04-23T07:23:52.711+0000] {subprocess.py:93} INFO - [0m07:23:52
[2026-04-23T07:23:52.741+0000] {subprocess.py:93} INFO - [0m07:23:52  1 of 4 START sql table model analytics.average_temps ........................... [RUN]
[2026-04-23T07:23:54.343+0000] {subprocess.py:93} INFO - [0m07:23:54  1 of 4 OK created sql table model analytics.average_temps ...................... [[32mSUCCESS 1[0m in 1.60s]
[2026-04-23T07:23:54.346+0000] {subprocess.py:93} INFO - [0m07:23:54  2 of 4 START sql table model analytics.percent_rainy_days_monthly .............. [RUN]
[2026-04-23T07:23:56.814+0000] {subprocess.py:93} INFO - [0m07:23:56  2 of 4 OK created sql table model analytics.percent_rainy_days_monthly ......... [[32mSUCCESS 1[0m in 2.47s]
[2026-04-23T07:23:56.816+0000] {subprocess.py:93} INFO - [0m07:23:56  3 of 4 START sql table model analytics.weather_code_distribution ............... [RUN]
[2026-04-23T07:23:58.995+0000] {subprocess.py:93} INFO - [0m07:23:58  3 of 4 OK created sql table model analytics.weather_code_distribution .......... [[32mSUCCESS 1[0m in 2.18s]
[2026-04-23T07:23:58.997+0000] {subprocess.py:93} INFO - [0m07:23:58  4 of 4 START sql table model analytics.weather_weekly_precipitation ............ [RUN]
[2026-04-23T07:24:00.869+0000] {subprocess.py:93} INFO - [0m07:24:00  4 of 4 OK created sql table model analytics.weather_weekly_precipitation ....... [[32mSUCCESS 1[0m in 1.87s]
[2026-04-23T07:24:00.874+0000] {subprocess.py:93} INFO - [0m07:24:00
[2026-04-23T07:24:00.874+0000] {subprocess.py:93} INFO - [0m07:24:00  Finished running 4 table models in 0 hours 0 minutes and 11.00 seconds (11.00s).
[2026-04-23T07:24:00.927+0000] {subprocess.py:93} INFO - [0m07:24:00
[2026-04-23T07:24:00.927+0000] {subprocess.py:93} INFO - [0m07:24:00  [32mCompleted successfully[0m
[2026-04-23T07:24:00.928+0000] {subprocess.py:93} INFO - [0m07:24:00
[2026-04-23T07:24:00.929+0000] {subprocess.py:93} INFO - [0m07:24:00  Done. PASS=4 WARN=0 ERROR=0 SKIP=0 TOTAL=4
[2026-04-23T07:24:01.695+0000] {subprocess.py:97} INFO - Command exited with return code 0
[2026-04-23T07:24:01.736+0000] {taskinstance.py:340} INFO - ::group::Post task execution logs
[2026-04-23T07:24:01.737+0000] {taskinstance.py:352} INFO - Marking task as SUCCESS. dag_id=BuildELT_dbt, task_id=dbt_run, run_id=manual__2026-04-23T07:23:45.295868+00:00, execution_date=20260423T072345, start_date=20260423T072345, end_date=20260423T072401
[2026-04-23T07:24:01.780+0000] {local_task_job_runner.py:266} INFO - Task exited with return code 0
[2026-04-23T07:24:01.805+0000] {taskinstance.py:3900} INFO - 1 downstream tasks scheduled from follow-on schedule check
[2026-04-23T07:24:01.807+0000] {local_task_job_runner.py:245} INFO - ::endgroup::
