[2026-04-23T00:17:17.826+0000] {local_task_job_runner.py:123} INFO - ::group::Pre task execution logs
[2026-04-23T00:17:17.859+0000] {taskinstance.py:2612} INFO - Dependencies all met for dep_context=non-requeueable deps ti=<TaskInstance: BuildELT_dbt.dbt_run manual__2026-04-23T00:17:16.051924+00:00 [queued]>
[2026-04-23T00:17:17.875+0000] {taskinstance.py:2612} INFO - Dependencies all met for dep_context=requeueable deps ti=<TaskInstance: BuildELT_dbt.dbt_run manual__2026-04-23T00:17:16.051924+00:00 [queued]>
[2026-04-23T00:17:17.877+0000] {taskinstance.py:2865} INFO - Starting attempt 1 of 1
[2026-04-23T00:17:17.902+0000] {taskinstance.py:2888} INFO - Executing <Task(BashOperator): dbt_run> on 2026-04-23 00:17:16.051924+00:00
[2026-04-23T00:17:17.918+0000] {standard_task_runner.py:104} INFO - Running: ['***', 'tasks', 'run', 'BuildELT_dbt', 'dbt_run', 'manual__2026-04-23T00:17:16.051924+00:00', '--job-id', '19', '--raw', '--subdir', 'DAGS_FOLDER/build_elt_with_dbt.py', '--cfg-path', '/tmp/tmpyiu8t1yz']
[2026-04-23T00:17:17.925+0000] {standard_task_runner.py:105} INFO - Job 19: Subtask dbt_run
[2026-04-23T00:17:17.926+0000] {logging_mixin.py:190} WARNING - /home/***/.local/lib/python3.12/site-packages/***/task/task_runner/standard_task_runner.py:70 DeprecationWarning: This process (pid=31594) is multi-threaded, use of fork() may lead to deadlocks in the child.
[2026-04-23T00:17:17.928+0000] {standard_task_runner.py:72} INFO - Started process 31595 to run task
[2026-04-23T00:17:18.020+0000] {task_command.py:467} INFO - Running <TaskInstance: BuildELT_dbt.dbt_run manual__2026-04-23T00:17:16.051924+00:00 [running]> on host aa30302fbfc5
[2026-04-23T00:17:18.218+0000] {taskinstance.py:3131} INFO - Exporting env vars: AIRFLOW_CTX_DAG_OWNER='***' AIRFLOW_CTX_DAG_ID='BuildELT_dbt' AIRFLOW_CTX_TASK_ID='dbt_run' AIRFLOW_CTX_EXECUTION_DATE='2026-04-23T00:17:16.051924+00:00' AIRFLOW_CTX_TRY_NUMBER='1' AIRFLOW_CTX_DAG_RUN_ID='manual__2026-04-23T00:17:16.051924+00:00'
[2026-04-23T00:17:18.220+0000] {taskinstance.py:731} INFO - ::endgroup::
[2026-04-23T00:17:18.257+0000] {subprocess.py:63} INFO - Tmp dir root location: /tmp
[2026-04-23T00:17:18.260+0000] {subprocess.py:75} INFO - Running command: ['/usr/bin/bash', '-c', '/home/***/.local/bin/dbt run --profiles-dir /opt/***/dbt --project-dir /opt/***/dbt']
[2026-04-23T00:17:18.283+0000] {subprocess.py:86} INFO - Output:
[2026-04-23T00:17:21.979+0000] {subprocess.py:93} INFO - [0m00:17:21  Running with dbt=1.8.7
[2026-04-23T00:17:23.621+0000] {subprocess.py:93} INFO - [0m00:17:23  Registered adapter: snowflake=1.8.1
[2026-04-23T00:17:25.217+0000] {subprocess.py:93} INFO - [0m00:17:25  Found 3 models, 2 snapshots, 4 data tests, 3 sources, 454 macros
[2026-04-23T00:17:25.220+0000] {subprocess.py:93} INFO - [0m00:17:25
[2026-04-23T00:17:29.072+0000] {subprocess.py:93} INFO - [0m00:17:29  Concurrency: 1 threads (target='dev')
[2026-04-23T00:17:29.074+0000] {subprocess.py:93} INFO - [0m00:17:29
[2026-04-23T00:17:29.136+0000] {subprocess.py:93} INFO - [0m00:17:29  1 of 2 START sql table model analytics.average_temps ........................... [RUN]
[2026-04-23T00:17:32.523+0000] {subprocess.py:93} INFO - [0m00:17:32  1 of 2 OK created sql table model analytics.average_temps ...................... [[32mSUCCESS 1[0m in 3.38s]
[2026-04-23T00:17:32.528+0000] {subprocess.py:93} INFO - [0m00:17:32  2 of 2 START sql table model analytics.weather_code_distribution ............... [RUN]
[2026-04-23T00:17:35.809+0000] {subprocess.py:93} INFO - [0m00:17:35  2 of 2 OK created sql table model analytics.weather_code_distribution .......... [[32mSUCCESS 1[0m in 3.28s]
[2026-04-23T00:17:35.816+0000] {subprocess.py:93} INFO - [0m00:17:35
[2026-04-23T00:17:35.818+0000] {subprocess.py:93} INFO - [0m00:17:35  Finished running 2 table models in 0 hours 0 minutes and 10.59 seconds (10.59s).
[2026-04-23T00:17:35.930+0000] {subprocess.py:93} INFO - [0m00:17:35
[2026-04-23T00:17:35.932+0000] {subprocess.py:93} INFO - [0m00:17:35  [32mCompleted successfully[0m
[2026-04-23T00:17:35.933+0000] {subprocess.py:93} INFO - [0m00:17:35
[2026-04-23T00:17:35.934+0000] {subprocess.py:93} INFO - [0m00:17:35  Done. PASS=2 WARN=0 ERROR=0 SKIP=0 TOTAL=2
[2026-04-23T00:17:37.197+0000] {subprocess.py:97} INFO - Command exited with return code 0
[2026-04-23T00:17:37.281+0000] {taskinstance.py:340} INFO - ::group::Post task execution logs
[2026-04-23T00:17:37.283+0000] {taskinstance.py:352} INFO - Marking task as SUCCESS. dag_id=BuildELT_dbt, task_id=dbt_run, run_id=manual__2026-04-23T00:17:16.051924+00:00, execution_date=20260423T001716, start_date=20260423T001717, end_date=20260423T001737
[2026-04-23T00:17:37.333+0000] {local_task_job_runner.py:266} INFO - Task exited with return code 0
[2026-04-23T00:17:37.371+0000] {taskinstance.py:3900} INFO - 1 downstream tasks scheduled from follow-on schedule check
[2026-04-23T00:17:37.375+0000] {local_task_job_runner.py:245} INFO - ::endgroup::
