[2026-04-23T03:52:54.767+0000] {local_task_job_runner.py:123} INFO - ::group::Pre task execution logs
[2026-04-23T03:52:54.789+0000] {taskinstance.py:2612} INFO - Dependencies all met for dep_context=non-requeueable deps ti=<TaskInstance: BuildELT_dbt.dbt_snapshot manual__2026-04-23T03:52:31.898054+00:00 [queued]>
[2026-04-23T03:52:54.797+0000] {taskinstance.py:2612} INFO - Dependencies all met for dep_context=requeueable deps ti=<TaskInstance: BuildELT_dbt.dbt_snapshot manual__2026-04-23T03:52:31.898054+00:00 [queued]>
[2026-04-23T03:52:54.798+0000] {taskinstance.py:2865} INFO - Starting attempt 1 of 1
[2026-04-23T03:52:54.811+0000] {taskinstance.py:2888} INFO - Executing <Task(BashOperator): dbt_snapshot> on 2026-04-23 03:52:31.898054+00:00
[2026-04-23T03:52:54.821+0000] {standard_task_runner.py:104} INFO - Running: ['***', 'tasks', 'run', 'BuildELT_dbt', 'dbt_snapshot', 'manual__2026-04-23T03:52:31.898054+00:00', '--job-id', '46', '--raw', '--subdir', 'DAGS_FOLDER/build_elt_with_dbt.py', '--cfg-path', '/tmp/tmpnqc23nto']
[2026-04-23T03:52:54.823+0000] {logging_mixin.py:190} WARNING - /home/***/.local/lib/python3.12/site-packages/***/task/task_runner/standard_task_runner.py:70 DeprecationWarning: This process (pid=37005) is multi-threaded, use of fork() may lead to deadlocks in the child.
[2026-04-23T03:52:54.824+0000] {standard_task_runner.py:105} INFO - Job 46: Subtask dbt_snapshot
[2026-04-23T03:52:54.824+0000] {standard_task_runner.py:72} INFO - Started process 37006 to run task
[2026-04-23T03:52:54.873+0000] {task_command.py:467} INFO - Running <TaskInstance: BuildELT_dbt.dbt_snapshot manual__2026-04-23T03:52:31.898054+00:00 [running]> on host aa30302fbfc5
[2026-04-23T03:52:54.955+0000] {taskinstance.py:3131} INFO - Exporting env vars: AIRFLOW_CTX_DAG_OWNER='***' AIRFLOW_CTX_DAG_ID='BuildELT_dbt' AIRFLOW_CTX_TASK_ID='dbt_snapshot' AIRFLOW_CTX_EXECUTION_DATE='2026-04-23T03:52:31.898054+00:00' AIRFLOW_CTX_TRY_NUMBER='1' AIRFLOW_CTX_DAG_RUN_ID='manual__2026-04-23T03:52:31.898054+00:00'
[2026-04-23T03:52:54.956+0000] {taskinstance.py:731} INFO - ::endgroup::
[2026-04-23T03:52:54.971+0000] {subprocess.py:63} INFO - Tmp dir root location: /tmp
[2026-04-23T03:52:54.972+0000] {subprocess.py:75} INFO - Running command: ['/usr/bin/bash', '-c', '/home/***/.local/bin/dbt snapshot --profiles-dir /opt/***/dbt --project-dir /opt/***/dbt']
[2026-04-23T03:52:54.985+0000] {subprocess.py:86} INFO - Output:
[2026-04-23T03:52:56.838+0000] {subprocess.py:93} INFO - [0m03:52:56  Running with dbt=1.8.7
[2026-04-23T03:52:57.800+0000] {subprocess.py:93} INFO - [0m03:52:57  Registered adapter: snowflake=1.8.1
[2026-04-23T03:52:58.289+0000] {subprocess.py:93} INFO - [0m03:52:58  Found 3 models, 2 snapshots, 3 data tests, 3 sources, 454 macros
[2026-04-23T03:52:58.292+0000] {subprocess.py:93} INFO - [0m03:52:58
[2026-04-23T03:53:01.155+0000] {subprocess.py:93} INFO - [0m03:53:01  Concurrency: 1 threads (target='dev')
[2026-04-23T03:53:01.155+0000] {subprocess.py:93} INFO - [0m03:53:01
[2026-04-23T03:53:01.165+0000] {subprocess.py:93} INFO - [0m03:53:01  1 of 2 START snapshot snapshot.snapshot_average_temps .......................... [RUN]
[2026-04-23T03:53:02.464+0000] {subprocess.py:93} INFO - [0m03:53:02  1 of 2 ERROR snapshotting snapshot.snapshot_average_temps ...................... [[31mERROR[0m in 1.30s]
[2026-04-23T03:53:02.467+0000] {subprocess.py:93} INFO - [0m03:53:02  2 of 2 START snapshot snapshot.snapshot_weather_code_distribution .............. [RUN]
[2026-04-23T03:53:03.135+0000] {subprocess.py:93} INFO - [0m03:53:03  2 of 2 ERROR snapshotting snapshot.snapshot_weather_code_distribution .......... [[31mERROR[0m in 0.67s]
[2026-04-23T03:53:03.139+0000] {subprocess.py:93} INFO - [0m03:53:03
[2026-04-23T03:53:03.140+0000] {subprocess.py:93} INFO - [0m03:53:03  Finished running 2 snapshots in 0 hours 0 minutes and 4.85 seconds (4.85s).
[2026-04-23T03:53:03.187+0000] {subprocess.py:93} INFO - [0m03:53:03
[2026-04-23T03:53:03.187+0000] {subprocess.py:93} INFO - [0m03:53:03  [31mCompleted with 2 errors and 0 warnings:[0m
[2026-04-23T03:53:03.188+0000] {subprocess.py:93} INFO - [0m03:53:03
[2026-04-23T03:53:03.188+0000] {subprocess.py:93} INFO - [0m03:53:03    Database Error in snapshot snapshot_average_temps (snapshots/snapshot_average_temps.sql)
[2026-04-23T03:53:03.189+0000] {subprocess.py:93} INFO -   000904 (42000): SQL compilation error: error line 7 at position 33
[2026-04-23T03:53:03.189+0000] {subprocess.py:93} INFO -   invalid identifier 'TS'
[2026-04-23T03:53:03.189+0000] {subprocess.py:93} INFO - [0m03:53:03
[2026-04-23T03:53:03.190+0000] {subprocess.py:93} INFO - [0m03:53:03    Database Error in snapshot snapshot_weather_code_distribution (snapshots/snapshot_weather_code_distribution.sql)
[2026-04-23T03:53:03.190+0000] {subprocess.py:93} INFO -   000904 (42000): SQL compilation error: error line 7 at position 33
[2026-04-23T03:53:03.191+0000] {subprocess.py:93} INFO -   invalid identifier 'TS'
[2026-04-23T03:53:03.191+0000] {subprocess.py:93} INFO - [0m03:53:03
[2026-04-23T03:53:03.191+0000] {subprocess.py:93} INFO - [0m03:53:03  Done. PASS=0 WARN=0 ERROR=2 SKIP=0 TOTAL=2
[2026-04-23T03:53:03.973+0000] {subprocess.py:97} INFO - Command exited with return code 1
[2026-04-23T03:53:03.986+0000] {taskinstance.py:3310} ERROR - Task failed with exception
Traceback (most recent call last):
  File "/home/airflow/.local/lib/python3.12/site-packages/airflow/models/taskinstance.py", line 767, in _execute_task
    result = _execute_callable(context=context, **execute_callable_kwargs)
             ^^^^^^^^^^^^^^^^^^^^^^^^^^^^^^^^^^^^^^^^^^^^^^^^^^^^^^^^^^^^^
  File "/home/airflow/.local/lib/python3.12/site-packages/airflow/models/taskinstance.py", line 733, in _execute_callable
    return ExecutionCallableRunner(
           ^^^^^^^^^^^^^^^^^^^^^^^^
  File "/home/airflow/.local/lib/python3.12/site-packages/airflow/utils/operator_helpers.py", line 252, in run
    return self.func(*args, **kwargs)
           ^^^^^^^^^^^^^^^^^^^^^^^^^^
  File "/home/airflow/.local/lib/python3.12/site-packages/airflow/models/baseoperator.py", line 406, in wrapper
    return func(self, *args, **kwargs)
           ^^^^^^^^^^^^^^^^^^^^^^^^^^^
  File "/home/airflow/.local/lib/python3.12/site-packages/airflow/operators/bash.py", line 249, in execute
    raise AirflowException(
airflow.exceptions.AirflowException: Bash command failed. The command returned a non-zero exit code 1.
[2026-04-23T03:53:03.991+0000] {taskinstance.py:1225} INFO - Marking task as FAILED. dag_id=BuildELT_dbt, task_id=dbt_snapshot, run_id=manual__2026-04-23T03:52:31.898054+00:00, execution_date=20260423T035231, start_date=20260423T035254, end_date=20260423T035303
[2026-04-23T03:53:04.003+0000] {taskinstance.py:340} INFO - ::group::Post task execution logs
[2026-04-23T03:53:04.003+0000] {standard_task_runner.py:124} ERROR - Failed to execute job 46 for task dbt_snapshot (Bash command failed. The command returned a non-zero exit code 1.; 37006)
Traceback (most recent call last):
  File "/home/airflow/.local/lib/python3.12/site-packages/airflow/task/task_runner/standard_task_runner.py", line 117, in _start_by_fork
    ret = args.func(args, dag=self.dag)
          ^^^^^^^^^^^^^^^^^^^^^^^^^^^^^
  File "/home/airflow/.local/lib/python3.12/site-packages/airflow/cli/cli_config.py", line 49, in command
    return func(*args, **kwargs)
           ^^^^^^^^^^^^^^^^^^^^^
  File "/home/airflow/.local/lib/python3.12/site-packages/airflow/utils/cli.py", line 115, in wrapper
    return f(*args, **kwargs)
           ^^^^^^^^^^^^^^^^^^
  File "/home/airflow/.local/lib/python3.12/site-packages/airflow/cli/commands/task_command.py", line 483, in task_run
    task_return_code = _run_task_by_selected_method(args, _dag, ti)
                       ^^^^^^^^^^^^^^^^^^^^^^^^^^^^^^^^^^^^^^^^^^^^
  File "/home/airflow/.local/lib/python3.12/site-packages/airflow/cli/commands/task_command.py", line 256, in _run_task_by_selected_method
    return _run_raw_task(args, ti)
           ^^^^^^^^^^^^^^^^^^^^^^^
  File "/home/airflow/.local/lib/python3.12/site-packages/airflow/cli/commands/task_command.py", line 341, in _run_raw_task
    return ti._run_raw_task(
           ^^^^^^^^^^^^^^^^^
  File "/home/airflow/.local/lib/python3.12/site-packages/airflow/utils/session.py", line 97, in wrapper
    return func(*args, session=session, **kwargs)
           ^^^^^^^^^^^^^^^^^^^^^^^^^^^^^^^^^^^^^^
  File "/home/airflow/.local/lib/python3.12/site-packages/airflow/models/taskinstance.py", line 3004, in _run_raw_task
    return _run_raw_task(
           ^^^^^^^^^^^^^^
  File "/home/airflow/.local/lib/python3.12/site-packages/airflow/models/taskinstance.py", line 273, in _run_raw_task
    TaskInstance._execute_task_with_callbacks(
  File "/home/airflow/.local/lib/python3.12/site-packages/airflow/models/taskinstance.py", line 3158, in _execute_task_with_callbacks
    result = self._execute_task(context, task_orig)
             ^^^^^^^^^^^^^^^^^^^^^^^^^^^^^^^^^^^^^^
  File "/home/airflow/.local/lib/python3.12/site-packages/airflow/models/taskinstance.py", line 3182, in _execute_task
    return _execute_task(self, context, task_orig)
           ^^^^^^^^^^^^^^^^^^^^^^^^^^^^^^^^^^^^^^^
  File "/home/airflow/.local/lib/python3.12/site-packages/airflow/models/taskinstance.py", line 767, in _execute_task
    result = _execute_callable(context=context, **execute_callable_kwargs)
             ^^^^^^^^^^^^^^^^^^^^^^^^^^^^^^^^^^^^^^^^^^^^^^^^^^^^^^^^^^^^^
  File "/home/airflow/.local/lib/python3.12/site-packages/airflow/models/taskinstance.py", line 733, in _execute_callable
    return ExecutionCallableRunner(
           ^^^^^^^^^^^^^^^^^^^^^^^^
  File "/home/airflow/.local/lib/python3.12/site-packages/airflow/utils/operator_helpers.py", line 252, in run
    return self.func(*args, **kwargs)
           ^^^^^^^^^^^^^^^^^^^^^^^^^^
  File "/home/airflow/.local/lib/python3.12/site-packages/airflow/models/baseoperator.py", line 406, in wrapper
    return func(self, *args, **kwargs)
           ^^^^^^^^^^^^^^^^^^^^^^^^^^^
  File "/home/airflow/.local/lib/python3.12/site-packages/airflow/operators/bash.py", line 249, in execute
    raise AirflowException(
airflow.exceptions.AirflowException: Bash command failed. The command returned a non-zero exit code 1.
[2026-04-23T03:53:04.042+0000] {local_task_job_runner.py:266} INFO - Task exited with return code 1
[2026-04-23T03:53:04.059+0000] {taskinstance.py:3900} INFO - 0 downstream tasks scheduled from follow-on schedule check
[2026-04-23T03:53:04.061+0000] {local_task_job_runner.py:245} INFO - ::endgroup::
