[2026-04-23T08:12:50.556+0000] {local_task_job_runner.py:123} INFO - ::group::Pre task execution logs
[2026-04-23T08:12:50.574+0000] {taskinstance.py:2612} INFO - Dependencies all met for dep_context=non-requeueable deps ti=<TaskInstance: BuildELT_dbt.dbt_run manual__2026-04-23T08:12:49.862131+00:00 [queued]>
[2026-04-23T08:12:50.583+0000] {taskinstance.py:2612} INFO - Dependencies all met for dep_context=requeueable deps ti=<TaskInstance: BuildELT_dbt.dbt_run manual__2026-04-23T08:12:49.862131+00:00 [queued]>
[2026-04-23T08:12:50.584+0000] {taskinstance.py:2865} INFO - Starting attempt 1 of 1
[2026-04-23T08:12:50.599+0000] {taskinstance.py:2888} INFO - Executing <Task(BashOperator): dbt_run> on 2026-04-23 08:12:49.862131+00:00
[2026-04-23T08:12:50.609+0000] {standard_task_runner.py:104} INFO - Running: ['***', 'tasks', 'run', 'BuildELT_dbt', 'dbt_run', 'manual__2026-04-23T08:12:49.862131+00:00', '--job-id', '79', '--raw', '--subdir', 'DAGS_FOLDER/build_elt_with_dbt.py', '--cfg-path', '/tmp/tmpimi3aujn']
[2026-04-23T08:12:50.612+0000] {standard_task_runner.py:105} INFO - Job 79: Subtask dbt_run
[2026-04-23T08:12:50.614+0000] {logging_mixin.py:190} WARNING - /home/***/.local/lib/python3.12/site-packages/***/task/task_runner/standard_task_runner.py:70 DeprecationWarning: This process (pid=52577) is multi-threaded, use of fork() may lead to deadlocks in the child.
[2026-04-23T08:12:50.615+0000] {standard_task_runner.py:72} INFO - Started process 52578 to run task
[2026-04-23T08:12:50.661+0000] {task_command.py:467} INFO - Running <TaskInstance: BuildELT_dbt.dbt_run manual__2026-04-23T08:12:49.862131+00:00 [running]> on host aa30302fbfc5
[2026-04-23T08:12:50.750+0000] {taskinstance.py:3131} INFO - Exporting env vars: AIRFLOW_CTX_DAG_OWNER='***' AIRFLOW_CTX_DAG_ID='BuildELT_dbt' AIRFLOW_CTX_TASK_ID='dbt_run' AIRFLOW_CTX_EXECUTION_DATE='2026-04-23T08:12:49.862131+00:00' AIRFLOW_CTX_TRY_NUMBER='1' AIRFLOW_CTX_DAG_RUN_ID='manual__2026-04-23T08:12:49.862131+00:00'
[2026-04-23T08:12:50.751+0000] {taskinstance.py:731} INFO - ::endgroup::
[2026-04-23T08:12:50.768+0000] {subprocess.py:63} INFO - Tmp dir root location: /tmp
[2026-04-23T08:12:50.769+0000] {subprocess.py:75} INFO - Running command: ['/usr/bin/bash', '-c', '/home/***/.local/bin/dbt run --profiles-dir /opt/***/dbt --project-dir /opt/***/dbt']
[2026-04-23T08:12:50.783+0000] {subprocess.py:86} INFO - Output:
[2026-04-23T08:12:52.785+0000] {subprocess.py:93} INFO - [0m08:12:52  Running with dbt=1.8.7
[2026-04-23T08:12:53.858+0000] {subprocess.py:93} INFO - [0m08:12:53  Registered adapter: snowflake=1.8.1
[2026-04-23T08:12:54.667+0000] {subprocess.py:93} INFO - [0m08:12:54  Found 5 models, 5 data tests, 4 snapshots, 5 sources, 454 macros
[2026-04-23T08:12:54.671+0000] {subprocess.py:93} INFO - [0m08:12:54
[2026-04-23T08:12:57.669+0000] {subprocess.py:93} INFO - [0m08:12:57  Concurrency: 1 threads (target='dev')
[2026-04-23T08:12:57.670+0000] {subprocess.py:93} INFO - [0m08:12:57
[2026-04-23T08:12:57.701+0000] {subprocess.py:93} INFO - [0m08:12:57  1 of 4 START sql table model analytics.average_temps ........................... [RUN]
[2026-04-23T08:12:58.971+0000] {subprocess.py:93} INFO - [0m08:12:58  1 of 4 OK created sql table model analytics.average_temps ...................... [[32mSUCCESS 1[0m in 1.27s]
[2026-04-23T08:12:58.973+0000] {subprocess.py:93} INFO - [0m08:12:58  2 of 4 START sql table model analytics.percent_rainy_days_monthly .............. [RUN]
[2026-04-23T08:13:02.543+0000] {subprocess.py:93} INFO - [0m08:13:02  2 of 4 OK created sql table model analytics.percent_rainy_days_monthly ......... [[32mSUCCESS 1[0m in 3.57s]
[2026-04-23T08:13:02.546+0000] {subprocess.py:93} INFO - [0m08:13:02  3 of 4 START sql table model analytics.weather_code_distribution ............... [RUN]
[2026-04-23T08:13:05.250+0000] {subprocess.py:93} INFO - [0m08:13:05  3 of 4 OK created sql table model analytics.weather_code_distribution .......... [[32mSUCCESS 1[0m in 2.70s]
[2026-04-23T08:13:05.252+0000] {subprocess.py:93} INFO - [0m08:13:05  4 of 4 START sql table model analytics.weather_weekly_precipitation ............ [RUN]
[2026-04-23T08:13:08.079+0000] {subprocess.py:93} INFO - [0m08:13:08  4 of 4 OK created sql table model analytics.weather_weekly_precipitation ....... [[32mSUCCESS 1[0m in 2.82s]
[2026-04-23T08:13:08.084+0000] {subprocess.py:93} INFO - [0m08:13:08
[2026-04-23T08:13:08.085+0000] {subprocess.py:93} INFO - [0m08:13:08  Finished running 4 table models in 0 hours 0 minutes and 13.41 seconds (13.41s).
[2026-04-23T08:13:08.138+0000] {subprocess.py:93} INFO - [0m08:13:08
[2026-04-23T08:13:08.138+0000] {subprocess.py:93} INFO - [0m08:13:08  [32mCompleted successfully[0m
[2026-04-23T08:13:08.139+0000] {subprocess.py:93} INFO - [0m08:13:08
[2026-04-23T08:13:08.139+0000] {subprocess.py:93} INFO - [0m08:13:08  Done. PASS=4 WARN=0 ERROR=0 SKIP=0 TOTAL=4
[2026-04-23T08:13:08.895+0000] {subprocess.py:97} INFO - Command exited with return code 0
[2026-04-23T08:13:08.925+0000] {taskinstance.py:340} INFO - ::group::Post task execution logs
[2026-04-23T08:13:08.925+0000] {taskinstance.py:352} INFO - Marking task as SUCCESS. dag_id=BuildELT_dbt, task_id=dbt_run, run_id=manual__2026-04-23T08:12:49.862131+00:00, execution_date=20260423T081249, start_date=20260423T081250, end_date=20260423T081308
[2026-04-23T08:13:08.951+0000] {local_task_job_runner.py:266} INFO - Task exited with return code 0
[2026-04-23T08:13:08.977+0000] {taskinstance.py:3900} INFO - 1 downstream tasks scheduled from follow-on schedule check
[2026-04-23T08:13:08.979+0000] {local_task_job_runner.py:245} INFO - ::endgroup::
[2026-04-23T08:13:08.982+0000] {standard_task_runner.py:217} INFO - Process not found (most likely exited), stop collecting metrics
