[2026-04-23T07:27:11.542+0000] {local_task_job_runner.py:123} INFO - ::group::Pre task execution logs
[2026-04-23T07:27:11.561+0000] {taskinstance.py:2612} INFO - Dependencies all met for dep_context=non-requeueable deps ti=<TaskInstance: BuildELT_dbt.dbt_snapshot manual__2026-04-23T07:26:43.781648+00:00 [queued]>
[2026-04-23T07:27:11.572+0000] {taskinstance.py:2612} INFO - Dependencies all met for dep_context=requeueable deps ti=<TaskInstance: BuildELT_dbt.dbt_snapshot manual__2026-04-23T07:26:43.781648+00:00 [queued]>
[2026-04-23T07:27:11.573+0000] {taskinstance.py:2865} INFO - Starting attempt 1 of 1
[2026-04-23T07:27:11.588+0000] {taskinstance.py:2888} INFO - Executing <Task(BashOperator): dbt_snapshot> on 2026-04-23 07:26:43.781648+00:00
[2026-04-23T07:27:11.598+0000] {standard_task_runner.py:104} INFO - Running: ['***', 'tasks', 'run', 'BuildELT_dbt', 'dbt_snapshot', 'manual__2026-04-23T07:26:43.781648+00:00', '--job-id', '65', '--raw', '--subdir', 'DAGS_FOLDER/build_elt_with_dbt.py', '--cfg-path', '/tmp/tmp0c5w920i']
[2026-04-23T07:27:11.602+0000] {standard_task_runner.py:105} INFO - Job 65: Subtask dbt_snapshot
[2026-04-23T07:27:11.603+0000] {logging_mixin.py:190} WARNING - /home/***/.local/lib/python3.12/site-packages/***/task/task_runner/standard_task_runner.py:70 DeprecationWarning: This process (pid=47188) is multi-threaded, use of fork() may lead to deadlocks in the child.
[2026-04-23T07:27:11.604+0000] {standard_task_runner.py:72} INFO - Started process 47189 to run task
[2026-04-23T07:27:11.651+0000] {task_command.py:467} INFO - Running <TaskInstance: BuildELT_dbt.dbt_snapshot manual__2026-04-23T07:26:43.781648+00:00 [running]> on host aa30302fbfc5
[2026-04-23T07:27:11.741+0000] {taskinstance.py:3131} INFO - Exporting env vars: AIRFLOW_CTX_DAG_OWNER='***' AIRFLOW_CTX_DAG_ID='BuildELT_dbt' AIRFLOW_CTX_TASK_ID='dbt_snapshot' AIRFLOW_CTX_EXECUTION_DATE='2026-04-23T07:26:43.781648+00:00' AIRFLOW_CTX_TRY_NUMBER='1' AIRFLOW_CTX_DAG_RUN_ID='manual__2026-04-23T07:26:43.781648+00:00'
[2026-04-23T07:27:11.742+0000] {taskinstance.py:731} INFO - ::endgroup::
[2026-04-23T07:27:11.759+0000] {subprocess.py:63} INFO - Tmp dir root location: /tmp
[2026-04-23T07:27:11.760+0000] {subprocess.py:75} INFO - Running command: ['/usr/bin/bash', '-c', '/home/***/.local/bin/dbt snapshot --profiles-dir /opt/***/dbt --project-dir /opt/***/dbt']
[2026-04-23T07:27:11.774+0000] {subprocess.py:86} INFO - Output:
[2026-04-23T07:27:13.839+0000] {subprocess.py:93} INFO - [0m07:27:13  Running with dbt=1.8.7
[2026-04-23T07:27:14.899+0000] {subprocess.py:93} INFO - [0m07:27:14  Registered adapter: snowflake=1.8.1
[2026-04-23T07:27:15.422+0000] {subprocess.py:93} INFO - [0m07:27:15  Found 5 models, 5 data tests, 4 snapshots, 5 sources, 454 macros
[2026-04-23T07:27:15.425+0000] {subprocess.py:93} INFO - [0m07:27:15
[2026-04-23T07:27:19.121+0000] {subprocess.py:93} INFO - [0m07:27:19  Concurrency: 1 threads (target='dev')
[2026-04-23T07:27:19.122+0000] {subprocess.py:93} INFO - [0m07:27:19
[2026-04-23T07:27:19.133+0000] {subprocess.py:93} INFO - [0m07:27:19  1 of 4 START snapshot snapshot.snapshot_average_temps .......................... [RUN]
[2026-04-23T07:27:22.951+0000] {subprocess.py:93} INFO - [0m07:27:22  1 of 4 OK snapshotted snapshot.snapshot_average_temps .......................... [[32mSUCCESS 1[0m in 3.81s]
[2026-04-23T07:27:22.953+0000] {subprocess.py:93} INFO - [0m07:27:22  2 of 4 START snapshot snapshot.snapshot_percent_rainy_days_monthly ............. [RUN]
[2026-04-23T07:27:25.316+0000] {subprocess.py:93} INFO - [0m07:27:25  2 of 4 OK snapshotted snapshot.snapshot_percent_rainy_days_monthly ............. [[32mSUCCESS 1[0m in 2.36s]
[2026-04-23T07:27:25.319+0000] {subprocess.py:93} INFO - [0m07:27:25  3 of 4 START snapshot snapshot.snapshot_weather_code_distribution .............. [RUN]
[2026-04-23T07:27:28.067+0000] {subprocess.py:93} INFO - [0m07:27:28  3 of 4 OK snapshotted snapshot.snapshot_weather_code_distribution .............. [[32mSUCCESS 1[0m in 2.75s]
[2026-04-23T07:27:28.070+0000] {subprocess.py:93} INFO - [0m07:27:28  4 of 4 START snapshot snapshot.snapshot_weather_weekly_precipitation ........... [RUN]
[2026-04-23T07:27:30.430+0000] {subprocess.py:93} INFO - [0m07:27:30  4 of 4 OK snapshotted snapshot.snapshot_weather_weekly_precipitation ........... [[32mSUCCESS 1[0m in 2.36s]
[2026-04-23T07:27:30.434+0000] {subprocess.py:93} INFO - [0m07:27:30
[2026-04-23T07:27:30.435+0000] {subprocess.py:93} INFO - [0m07:27:30  Finished running 4 snapshots in 0 hours 0 minutes and 15.01 seconds (15.01s).
[2026-04-23T07:27:30.485+0000] {subprocess.py:93} INFO - [0m07:27:30
[2026-04-23T07:27:30.486+0000] {subprocess.py:93} INFO - [0m07:27:30  [32mCompleted successfully[0m
[2026-04-23T07:27:30.487+0000] {subprocess.py:93} INFO - [0m07:27:30
[2026-04-23T07:27:30.487+0000] {subprocess.py:93} INFO - [0m07:27:30  Done. PASS=4 WARN=0 ERROR=0 SKIP=0 TOTAL=4
[2026-04-23T07:27:31.227+0000] {subprocess.py:97} INFO - Command exited with return code 0
[2026-04-23T07:27:31.265+0000] {taskinstance.py:340} INFO - ::group::Post task execution logs
[2026-04-23T07:27:31.266+0000] {taskinstance.py:352} INFO - Marking task as SUCCESS. dag_id=BuildELT_dbt, task_id=dbt_snapshot, run_id=manual__2026-04-23T07:26:43.781648+00:00, execution_date=20260423T072643, start_date=20260423T072711, end_date=20260423T072731
[2026-04-23T07:27:31.313+0000] {local_task_job_runner.py:266} INFO - Task exited with return code 0
[2026-04-23T07:27:31.330+0000] {taskinstance.py:3900} INFO - 0 downstream tasks scheduled from follow-on schedule check
[2026-04-23T07:27:31.332+0000] {local_task_job_runner.py:245} INFO - ::endgroup::
