[2026-04-23T08:58:08.214+0000] {local_task_job_runner.py:123} INFO - ::group::Pre task execution logs
[2026-04-23T08:58:08.233+0000] {taskinstance.py:2612} INFO - Dependencies all met for dep_context=non-requeueable deps ti=<TaskInstance: BuildELT_dbt.dbt_run manual__2026-04-23T08:58:07.660784+00:00 [queued]>
[2026-04-23T08:58:08.243+0000] {taskinstance.py:2612} INFO - Dependencies all met for dep_context=requeueable deps ti=<TaskInstance: BuildELT_dbt.dbt_run manual__2026-04-23T08:58:07.660784+00:00 [queued]>
[2026-04-23T08:58:08.244+0000] {taskinstance.py:2865} INFO - Starting attempt 1 of 1
[2026-04-23T08:58:08.260+0000] {taskinstance.py:2888} INFO - Executing <Task(BashOperator): dbt_run> on 2026-04-23 08:58:07.660784+00:00
[2026-04-23T08:58:08.271+0000] {standard_task_runner.py:104} INFO - Running: ['***', 'tasks', 'run', 'BuildELT_dbt', 'dbt_run', 'manual__2026-04-23T08:58:07.660784+00:00', '--job-id', '91', '--raw', '--subdir', 'DAGS_FOLDER/build_elt_with_dbt.py', '--cfg-path', '/tmp/tmpyw95dv2_']
[2026-04-23T08:58:08.275+0000] {standard_task_runner.py:105} INFO - Job 91: Subtask dbt_run
[2026-04-23T08:58:08.276+0000] {logging_mixin.py:190} WARNING - /home/***/.local/lib/python3.12/site-packages/***/task/task_runner/standard_task_runner.py:70 DeprecationWarning: This process (pid=57895) is multi-threaded, use of fork() may lead to deadlocks in the child.
[2026-04-23T08:58:08.278+0000] {standard_task_runner.py:72} INFO - Started process 57896 to run task
[2026-04-23T08:58:08.329+0000] {task_command.py:467} INFO - Running <TaskInstance: BuildELT_dbt.dbt_run manual__2026-04-23T08:58:07.660784+00:00 [running]> on host aa30302fbfc5
[2026-04-23T08:58:08.422+0000] {taskinstance.py:3131} INFO - Exporting env vars: AIRFLOW_CTX_DAG_OWNER='***' AIRFLOW_CTX_DAG_ID='BuildELT_dbt' AIRFLOW_CTX_TASK_ID='dbt_run' AIRFLOW_CTX_EXECUTION_DATE='2026-04-23T08:58:07.660784+00:00' AIRFLOW_CTX_TRY_NUMBER='1' AIRFLOW_CTX_DAG_RUN_ID='manual__2026-04-23T08:58:07.660784+00:00'
[2026-04-23T08:58:08.423+0000] {taskinstance.py:731} INFO - ::endgroup::
[2026-04-23T08:58:08.440+0000] {subprocess.py:63} INFO - Tmp dir root location: /tmp
[2026-04-23T08:58:08.441+0000] {subprocess.py:75} INFO - Running command: ['/usr/bin/bash', '-c', '/home/***/.local/bin/dbt run --profiles-dir /opt/***/dbt --project-dir /opt/***/dbt']
[2026-04-23T08:58:08.454+0000] {subprocess.py:86} INFO - Output:
[2026-04-23T08:58:10.516+0000] {subprocess.py:93} INFO - [0m08:58:10  Running with dbt=1.8.7
[2026-04-23T08:58:11.537+0000] {subprocess.py:93} INFO - [0m08:58:11  Registered adapter: snowflake=1.8.1
[2026-04-23T08:58:12.095+0000] {subprocess.py:93} INFO - [0m08:58:12  Found 5 models, 5 data tests, 4 snapshots, 5 sources, 454 macros
[2026-04-23T08:58:12.098+0000] {subprocess.py:93} INFO - [0m08:58:12
[2026-04-23T08:58:16.442+0000] {subprocess.py:93} INFO - [0m08:58:16  Concurrency: 1 threads (target='dev')
[2026-04-23T08:58:16.443+0000] {subprocess.py:93} INFO - [0m08:58:16
[2026-04-23T08:58:16.473+0000] {subprocess.py:93} INFO - [0m08:58:16  1 of 4 START sql table model analytics.average_temps ........................... [RUN]
[2026-04-23T08:58:18.827+0000] {subprocess.py:93} INFO - [0m08:58:18  1 of 4 OK created sql table model analytics.average_temps ...................... [[32mSUCCESS 1[0m in 2.35s]
[2026-04-23T08:58:18.830+0000] {subprocess.py:93} INFO - [0m08:58:18  2 of 4 START sql table model analytics.percent_rainy_days_monthly .............. [RUN]
[2026-04-23T08:58:20.941+0000] {subprocess.py:93} INFO - [0m08:58:20  2 of 4 OK created sql table model analytics.percent_rainy_days_monthly ......... [[32mSUCCESS 1[0m in 2.11s]
[2026-04-23T08:58:20.943+0000] {subprocess.py:93} INFO - [0m08:58:20  3 of 4 START sql table model analytics.weather_code_distribution ............... [RUN]
[2026-04-23T08:58:23.008+0000] {subprocess.py:93} INFO - [0m08:58:23  3 of 4 OK created sql table model analytics.weather_code_distribution .......... [[32mSUCCESS 1[0m in 2.06s]
[2026-04-23T08:58:23.010+0000] {subprocess.py:93} INFO - [0m08:58:23  4 of 4 START sql table model analytics.weather_weekly_precipitation ............ [RUN]
[2026-04-23T08:58:24.955+0000] {subprocess.py:93} INFO - [0m08:58:24  4 of 4 OK created sql table model analytics.weather_weekly_precipitation ....... [[32mSUCCESS 1[0m in 1.94s]
[2026-04-23T08:58:24.959+0000] {subprocess.py:93} INFO - [0m08:58:24
[2026-04-23T08:58:24.960+0000] {subprocess.py:93} INFO - [0m08:58:24  Finished running 4 table models in 0 hours 0 minutes and 12.86 seconds (12.86s).
[2026-04-23T08:58:25.013+0000] {subprocess.py:93} INFO - [0m08:58:25
[2026-04-23T08:58:25.013+0000] {subprocess.py:93} INFO - [0m08:58:25  [32mCompleted successfully[0m
[2026-04-23T08:58:25.014+0000] {subprocess.py:93} INFO - [0m08:58:25
[2026-04-23T08:58:25.014+0000] {subprocess.py:93} INFO - [0m08:58:25  Done. PASS=4 WARN=0 ERROR=0 SKIP=0 TOTAL=4
[2026-04-23T08:58:25.794+0000] {subprocess.py:97} INFO - Command exited with return code 0
[2026-04-23T08:58:25.823+0000] {taskinstance.py:340} INFO - ::group::Post task execution logs
[2026-04-23T08:58:25.824+0000] {taskinstance.py:352} INFO - Marking task as SUCCESS. dag_id=BuildELT_dbt, task_id=dbt_run, run_id=manual__2026-04-23T08:58:07.660784+00:00, execution_date=20260423T085807, start_date=20260423T085808, end_date=20260423T085825
[2026-04-23T08:58:25.858+0000] {local_task_job_runner.py:266} INFO - Task exited with return code 0
[2026-04-23T08:58:25.884+0000] {taskinstance.py:3900} INFO - 1 downstream tasks scheduled from follow-on schedule check
[2026-04-23T08:58:25.887+0000] {local_task_job_runner.py:245} INFO - ::endgroup::
