[2026-04-23T08:55:52.625+0000] {local_task_job_runner.py:123} INFO - ::group::Pre task execution logs
[2026-04-23T08:55:52.647+0000] {taskinstance.py:2612} INFO - Dependencies all met for dep_context=non-requeueable deps ti=<TaskInstance: BuildELT_dbt.dbt_run manual__2026-04-23T08:55:51.222535+00:00 [queued]>
[2026-04-23T08:55:52.659+0000] {taskinstance.py:2612} INFO - Dependencies all met for dep_context=requeueable deps ti=<TaskInstance: BuildELT_dbt.dbt_run manual__2026-04-23T08:55:51.222535+00:00 [queued]>
[2026-04-23T08:55:52.660+0000] {taskinstance.py:2865} INFO - Starting attempt 1 of 1
[2026-04-23T08:55:52.677+0000] {taskinstance.py:2888} INFO - Executing <Task(BashOperator): dbt_run> on 2026-04-23 08:55:51.222535+00:00
[2026-04-23T08:55:52.687+0000] {standard_task_runner.py:104} INFO - Running: ['***', 'tasks', 'run', 'BuildELT_dbt', 'dbt_run', 'manual__2026-04-23T08:55:51.222535+00:00', '--job-id', '85', '--raw', '--subdir', 'DAGS_FOLDER/build_elt_with_dbt.py', '--cfg-path', '/tmp/tmp7aw4cpx6']
[2026-04-23T08:55:52.691+0000] {standard_task_runner.py:105} INFO - Job 85: Subtask dbt_run
[2026-04-23T08:55:52.692+0000] {logging_mixin.py:190} WARNING - /home/***/.local/lib/python3.12/site-packages/***/task/task_runner/standard_task_runner.py:70 DeprecationWarning: This process (pid=57480) is multi-threaded, use of fork() may lead to deadlocks in the child.
[2026-04-23T08:55:52.693+0000] {standard_task_runner.py:72} INFO - Started process 57486 to run task
[2026-04-23T08:55:52.740+0000] {task_command.py:467} INFO - Running <TaskInstance: BuildELT_dbt.dbt_run manual__2026-04-23T08:55:51.222535+00:00 [running]> on host aa30302fbfc5
[2026-04-23T08:55:52.844+0000] {taskinstance.py:3131} INFO - Exporting env vars: AIRFLOW_CTX_DAG_OWNER='***' AIRFLOW_CTX_DAG_ID='BuildELT_dbt' AIRFLOW_CTX_TASK_ID='dbt_run' AIRFLOW_CTX_EXECUTION_DATE='2026-04-23T08:55:51.222535+00:00' AIRFLOW_CTX_TRY_NUMBER='1' AIRFLOW_CTX_DAG_RUN_ID='manual__2026-04-23T08:55:51.222535+00:00'
[2026-04-23T08:55:52.845+0000] {taskinstance.py:731} INFO - ::endgroup::
[2026-04-23T08:55:52.872+0000] {subprocess.py:63} INFO - Tmp dir root location: /tmp
[2026-04-23T08:55:52.874+0000] {subprocess.py:75} INFO - Running command: ['/usr/bin/bash', '-c', '/home/***/.local/bin/dbt run --profiles-dir /opt/***/dbt --project-dir /opt/***/dbt']
[2026-04-23T08:55:52.888+0000] {subprocess.py:86} INFO - Output:
[2026-04-23T08:55:55.211+0000] {subprocess.py:93} INFO - [0m08:55:55  Running with dbt=1.8.7
[2026-04-23T08:55:56.658+0000] {subprocess.py:93} INFO - [0m08:55:56  Registered adapter: snowflake=1.8.1
[2026-04-23T08:55:57.742+0000] {subprocess.py:93} INFO - [0m08:55:57  Found 5 models, 5 data tests, 4 snapshots, 5 sources, 454 macros
[2026-04-23T08:55:57.745+0000] {subprocess.py:93} INFO - [0m08:55:57
[2026-04-23T08:56:01.158+0000] {subprocess.py:93} INFO - [0m08:56:01  Concurrency: 1 threads (target='dev')
[2026-04-23T08:56:01.159+0000] {subprocess.py:93} INFO - [0m08:56:01
[2026-04-23T08:56:01.190+0000] {subprocess.py:93} INFO - [0m08:56:01  1 of 4 START sql table model analytics.average_temps ........................... [RUN]
[2026-04-23T08:56:04.027+0000] {subprocess.py:93} INFO - [0m08:56:04  1 of 4 OK created sql table model analytics.average_temps ...................... [[32mSUCCESS 1[0m in 2.83s]
[2026-04-23T08:56:04.030+0000] {subprocess.py:93} INFO - [0m08:56:04  2 of 4 START sql table model analytics.percent_rainy_days_monthly .............. [RUN]
[2026-04-23T08:56:07.834+0000] {subprocess.py:93} INFO - [0m08:56:07  2 of 4 OK created sql table model analytics.percent_rainy_days_monthly ......... [[32mSUCCESS 1[0m in 3.80s]
[2026-04-23T08:56:07.836+0000] {subprocess.py:93} INFO - [0m08:56:07  3 of 4 START sql table model analytics.weather_code_distribution ............... [RUN]
[2026-04-23T08:56:10.119+0000] {subprocess.py:93} INFO - [0m08:56:10  3 of 4 OK created sql table model analytics.weather_code_distribution .......... [[32mSUCCESS 1[0m in 2.28s]
[2026-04-23T08:56:10.121+0000] {subprocess.py:93} INFO - [0m08:56:10  4 of 4 START sql table model analytics.weather_weekly_precipitation ............ [RUN]
[2026-04-23T08:56:12.116+0000] {subprocess.py:93} INFO - [0m08:56:12  4 of 4 OK created sql table model analytics.weather_weekly_precipitation ....... [[32mSUCCESS 1[0m in 1.99s]
[2026-04-23T08:56:12.120+0000] {subprocess.py:93} INFO - [0m08:56:12
[2026-04-23T08:56:12.120+0000] {subprocess.py:93} INFO - [0m08:56:12  Finished running 4 table models in 0 hours 0 minutes and 14.37 seconds (14.37s).
[2026-04-23T08:56:12.175+0000] {subprocess.py:93} INFO - [0m08:56:12
[2026-04-23T08:56:12.176+0000] {subprocess.py:93} INFO - [0m08:56:12  [32mCompleted successfully[0m
[2026-04-23T08:56:12.177+0000] {subprocess.py:93} INFO - [0m08:56:12
[2026-04-23T08:56:12.177+0000] {subprocess.py:93} INFO - [0m08:56:12  Done. PASS=4 WARN=0 ERROR=0 SKIP=0 TOTAL=4
[2026-04-23T08:56:12.971+0000] {subprocess.py:97} INFO - Command exited with return code 0
[2026-04-23T08:56:13.000+0000] {taskinstance.py:340} INFO - ::group::Post task execution logs
[2026-04-23T08:56:13.001+0000] {taskinstance.py:352} INFO - Marking task as SUCCESS. dag_id=BuildELT_dbt, task_id=dbt_run, run_id=manual__2026-04-23T08:55:51.222535+00:00, execution_date=20260423T085551, start_date=20260423T085552, end_date=20260423T085613
[2026-04-23T08:56:13.063+0000] {local_task_job_runner.py:266} INFO - Task exited with return code 0
[2026-04-23T08:56:13.090+0000] {taskinstance.py:3900} INFO - 1 downstream tasks scheduled from follow-on schedule check
[2026-04-23T08:56:13.092+0000] {local_task_job_runner.py:245} INFO - ::endgroup::
