[2026-04-23T08:13:54.511+0000] {local_task_job_runner.py:123} INFO - ::group::Pre task execution logs
[2026-04-23T08:13:54.531+0000] {taskinstance.py:2612} INFO - Dependencies all met for dep_context=non-requeueable deps ti=<TaskInstance: BuildELT_dbt.dbt_run manual__2026-04-23T08:13:53.467289+00:00 [queued]>
[2026-04-23T08:13:54.540+0000] {taskinstance.py:2612} INFO - Dependencies all met for dep_context=requeueable deps ti=<TaskInstance: BuildELT_dbt.dbt_run manual__2026-04-23T08:13:53.467289+00:00 [queued]>
[2026-04-23T08:13:54.541+0000] {taskinstance.py:2865} INFO - Starting attempt 1 of 1
[2026-04-23T08:13:54.556+0000] {taskinstance.py:2888} INFO - Executing <Task(BashOperator): dbt_run> on 2026-04-23 08:13:53.467289+00:00
[2026-04-23T08:13:54.568+0000] {standard_task_runner.py:104} INFO - Running: ['***', 'tasks', 'run', 'BuildELT_dbt', 'dbt_run', 'manual__2026-04-23T08:13:53.467289+00:00', '--job-id', '82', '--raw', '--subdir', 'DAGS_FOLDER/build_elt_with_dbt.py', '--cfg-path', '/tmp/tmpjj9k9ps2']
[2026-04-23T08:13:54.572+0000] {standard_task_runner.py:105} INFO - Job 82: Subtask dbt_run
[2026-04-23T08:13:54.573+0000] {logging_mixin.py:190} WARNING - /home/***/.local/lib/python3.12/site-packages/***/task/task_runner/standard_task_runner.py:70 DeprecationWarning: This process (pid=52778) is multi-threaded, use of fork() may lead to deadlocks in the child.
[2026-04-23T08:13:54.574+0000] {standard_task_runner.py:72} INFO - Started process 52779 to run task
[2026-04-23T08:13:54.632+0000] {task_command.py:467} INFO - Running <TaskInstance: BuildELT_dbt.dbt_run manual__2026-04-23T08:13:53.467289+00:00 [running]> on host aa30302fbfc5
[2026-04-23T08:13:54.049+0000] {taskinstance.py:3131} INFO - Exporting env vars: AIRFLOW_CTX_DAG_OWNER='***' AIRFLOW_CTX_DAG_ID='BuildELT_dbt' AIRFLOW_CTX_TASK_ID='dbt_run' AIRFLOW_CTX_EXECUTION_DATE='2026-04-23T08:13:53.467289+00:00' AIRFLOW_CTX_TRY_NUMBER='1' AIRFLOW_CTX_DAG_RUN_ID='manual__2026-04-23T08:13:53.467289+00:00'
[2026-04-23T08:13:54.050+0000] {taskinstance.py:731} INFO - ::endgroup::
[2026-04-23T08:13:54.071+0000] {subprocess.py:63} INFO - Tmp dir root location: /tmp
[2026-04-23T08:13:54.073+0000] {subprocess.py:75} INFO - Running command: ['/usr/bin/bash', '-c', '/home/***/.local/bin/dbt run --profiles-dir /opt/***/dbt --project-dir /opt/***/dbt']
[2026-04-23T08:13:54.088+0000] {subprocess.py:86} INFO - Output:
[2026-04-23T08:13:55.057+0000] {subprocess.py:93} INFO - [0m08:13:55  Running with dbt=1.8.7
[2026-04-23T08:13:56.071+0000] {subprocess.py:93} INFO - [0m08:13:56  Registered adapter: snowflake=1.8.1
[2026-04-23T08:13:56.629+0000] {subprocess.py:93} INFO - [0m08:13:56  Found 5 models, 5 data tests, 4 snapshots, 5 sources, 454 macros
[2026-04-23T08:13:56.632+0000] {subprocess.py:93} INFO - [0m08:13:56
[2026-04-23T08:13:59.406+0000] {subprocess.py:93} INFO - [0m08:13:59  Concurrency: 1 threads (target='dev')
[2026-04-23T08:13:59.407+0000] {subprocess.py:93} INFO - [0m08:13:59
[2026-04-23T08:13:59.436+0000] {subprocess.py:93} INFO - [0m08:13:59  1 of 4 START sql table model analytics.average_temps ........................... [RUN]
[2026-04-23T08:14:02.269+0000] {subprocess.py:93} INFO - [0m08:14:02  1 of 4 OK created sql table model analytics.average_temps ...................... [[32mSUCCESS 1[0m in 2.83s]
[2026-04-23T08:14:02.271+0000] {subprocess.py:93} INFO - [0m08:14:02  2 of 4 START sql table model analytics.percent_rainy_days_monthly .............. [RUN]
[2026-04-23T08:14:04.694+0000] {subprocess.py:93} INFO - [0m08:14:04  2 of 4 OK created sql table model analytics.percent_rainy_days_monthly ......... [[32mSUCCESS 1[0m in 2.42s]
[2026-04-23T08:14:04.697+0000] {subprocess.py:93} INFO - [0m08:14:04  3 of 4 START sql table model analytics.weather_code_distribution ............... [RUN]
[2026-04-23T08:14:06.415+0000] {subprocess.py:93} INFO - [0m08:14:06  3 of 4 OK created sql table model analytics.weather_code_distribution .......... [[32mSUCCESS 1[0m in 1.72s]
[2026-04-23T08:14:06.418+0000] {subprocess.py:93} INFO - [0m08:14:06  4 of 4 START sql table model analytics.weather_weekly_precipitation ............ [RUN]
[2026-04-23T08:14:08.672+0000] {subprocess.py:93} INFO - [0m08:14:08  4 of 4 OK created sql table model analytics.weather_weekly_precipitation ....... [[32mSUCCESS 1[0m in 2.25s]
[2026-04-23T08:14:08.676+0000] {subprocess.py:93} INFO - [0m08:14:08
[2026-04-23T08:14:08.677+0000] {subprocess.py:93} INFO - [0m08:14:08  Finished running 4 table models in 0 hours 0 minutes and 12.04 seconds (12.04s).
[2026-04-23T08:14:08.731+0000] {subprocess.py:93} INFO - [0m08:14:08
[2026-04-23T08:14:08.732+0000] {subprocess.py:93} INFO - [0m08:14:08  [32mCompleted successfully[0m
[2026-04-23T08:14:08.732+0000] {subprocess.py:93} INFO - [0m08:14:08
[2026-04-23T08:14:08.733+0000] {subprocess.py:93} INFO - [0m08:14:08  Done. PASS=4 WARN=0 ERROR=0 SKIP=0 TOTAL=4
[2026-04-23T08:14:09.482+0000] {subprocess.py:97} INFO - Command exited with return code 0
[2026-04-23T08:14:09.509+0000] {taskinstance.py:340} INFO - ::group::Post task execution logs
[2026-04-23T08:14:09.510+0000] {taskinstance.py:352} INFO - Marking task as SUCCESS. dag_id=BuildELT_dbt, task_id=dbt_run, run_id=manual__2026-04-23T08:13:53.467289+00:00, execution_date=20260423T081353, start_date=20260423T081354, end_date=20260423T081409
[2026-04-23T08:14:09.558+0000] {local_task_job_runner.py:266} INFO - Task exited with return code 0
[2026-04-23T08:14:09.584+0000] {taskinstance.py:3900} INFO - 1 downstream tasks scheduled from follow-on schedule check
[2026-04-23T08:14:09.586+0000] {local_task_job_runner.py:245} INFO - ::endgroup::
