[2026-04-23T00:20:04.169+0000] {local_task_job_runner.py:123} INFO - ::group::Pre task execution logs
[2026-04-23T00:20:04.201+0000] {taskinstance.py:2612} INFO - Dependencies all met for dep_context=non-requeueable deps ti=<TaskInstance: BuildELT_dbt.dbt_run manual__2026-04-23T00:20:03.004016+00:00 [queued]>
[2026-04-23T00:20:04.220+0000] {taskinstance.py:2612} INFO - Dependencies all met for dep_context=requeueable deps ti=<TaskInstance: BuildELT_dbt.dbt_run manual__2026-04-23T00:20:03.004016+00:00 [queued]>
[2026-04-23T00:20:04.222+0000] {taskinstance.py:2865} INFO - Starting attempt 1 of 1
[2026-04-23T00:20:04.248+0000] {taskinstance.py:2888} INFO - Executing <Task(BashOperator): dbt_run> on 2026-04-23 00:20:03.004016+00:00
[2026-04-23T00:20:04.266+0000] {standard_task_runner.py:104} INFO - Running: ['***', 'tasks', 'run', 'BuildELT_dbt', 'dbt_run', 'manual__2026-04-23T00:20:03.004016+00:00', '--job-id', '21', '--raw', '--subdir', 'DAGS_FOLDER/build_elt_with_dbt.py', '--cfg-path', '/tmp/tmpa3xp32v0']
[2026-04-23T00:20:04.273+0000] {standard_task_runner.py:105} INFO - Job 21: Subtask dbt_run
[2026-04-23T00:20:04.274+0000] {logging_mixin.py:190} WARNING - /home/***/.local/lib/python3.12/site-packages/***/task/task_runner/standard_task_runner.py:70 DeprecationWarning: This process (pid=31956) is multi-threaded, use of fork() may lead to deadlocks in the child.
[2026-04-23T00:20:04.276+0000] {standard_task_runner.py:72} INFO - Started process 31957 to run task
[2026-04-23T00:20:04.374+0000] {task_command.py:467} INFO - Running <TaskInstance: BuildELT_dbt.dbt_run manual__2026-04-23T00:20:03.004016+00:00 [running]> on host aa30302fbfc5
[2026-04-23T00:20:04.595+0000] {taskinstance.py:3131} INFO - Exporting env vars: AIRFLOW_CTX_DAG_OWNER='***' AIRFLOW_CTX_DAG_ID='BuildELT_dbt' AIRFLOW_CTX_TASK_ID='dbt_run' AIRFLOW_CTX_EXECUTION_DATE='2026-04-23T00:20:03.004016+00:00' AIRFLOW_CTX_TRY_NUMBER='1' AIRFLOW_CTX_DAG_RUN_ID='manual__2026-04-23T00:20:03.004016+00:00'
[2026-04-23T00:20:04.597+0000] {taskinstance.py:731} INFO - ::endgroup::
[2026-04-23T00:20:04.626+0000] {subprocess.py:63} INFO - Tmp dir root location: /tmp
[2026-04-23T00:20:04.628+0000] {subprocess.py:75} INFO - Running command: ['/usr/bin/bash', '-c', '/home/***/.local/bin/dbt run --profiles-dir /opt/***/dbt --project-dir /opt/***/dbt']
[2026-04-23T00:20:04.649+0000] {subprocess.py:86} INFO - Output:
[2026-04-23T00:20:08.522+0000] {subprocess.py:93} INFO - [0m00:20:08  Running with dbt=1.8.7
[2026-04-23T00:20:10.558+0000] {subprocess.py:93} INFO - [0m00:20:10  Registered adapter: snowflake=1.8.1
[2026-04-23T00:20:11.933+0000] {subprocess.py:93} INFO - [0m00:20:11  Found 3 models, 2 snapshots, 3 data tests, 3 sources, 454 macros
[2026-04-23T00:20:11.937+0000] {subprocess.py:93} INFO - [0m00:20:11
[2026-04-23T00:20:15.189+0000] {subprocess.py:93} INFO - [0m00:20:15  Concurrency: 1 threads (target='dev')
[2026-04-23T00:20:15.190+0000] {subprocess.py:93} INFO - [0m00:20:15
[2026-04-23T00:20:15.248+0000] {subprocess.py:93} INFO - [0m00:20:15  1 of 2 START sql table model analytics.average_temps ........................... [RUN]
[2026-04-23T00:20:19.390+0000] {subprocess.py:93} INFO - [0m00:20:19  1 of 2 OK created sql table model analytics.average_temps ...................... [[32mSUCCESS 1[0m in 4.14s]
[2026-04-23T00:20:19.394+0000] {subprocess.py:93} INFO - [0m00:20:19  2 of 2 START sql table model analytics.weather_code_distribution ............... [RUN]
[2026-04-23T00:20:22.194+0000] {subprocess.py:93} INFO - [0m00:20:22  2 of 2 OK created sql table model analytics.weather_code_distribution .......... [[32mSUCCESS 1[0m in 2.80s]
[2026-04-23T00:20:22.202+0000] {subprocess.py:93} INFO - [0m00:20:22
[2026-04-23T00:20:22.204+0000] {subprocess.py:93} INFO - [0m00:20:22  Finished running 2 table models in 0 hours 0 minutes and 10.26 seconds (10.26s).
[2026-04-23T00:20:22.310+0000] {subprocess.py:93} INFO - [0m00:20:22
[2026-04-23T00:20:22.311+0000] {subprocess.py:93} INFO - [0m00:20:22  [32mCompleted successfully[0m
[2026-04-23T00:20:22.312+0000] {subprocess.py:93} INFO - [0m00:20:22
[2026-04-23T00:20:22.313+0000] {subprocess.py:93} INFO - [0m00:20:22  Done. PASS=2 WARN=0 ERROR=0 SKIP=0 TOTAL=2
[2026-04-23T00:20:23.259+0000] {subprocess.py:97} INFO - Command exited with return code 0
[2026-04-23T00:20:23.350+0000] {taskinstance.py:340} INFO - ::group::Post task execution logs
[2026-04-23T00:20:23.352+0000] {taskinstance.py:352} INFO - Marking task as SUCCESS. dag_id=BuildELT_dbt, task_id=dbt_run, run_id=manual__2026-04-23T00:20:03.004016+00:00, execution_date=20260423T002003, start_date=20260423T002004, end_date=20260423T002023
[2026-04-23T00:20:23.416+0000] {local_task_job_runner.py:266} INFO - Task exited with return code 0
[2026-04-23T00:20:23.462+0000] {taskinstance.py:3900} INFO - 1 downstream tasks scheduled from follow-on schedule check
[2026-04-23T00:20:23.466+0000] {local_task_job_runner.py:245} INFO - ::endgroup::
