[2026-04-23T00:34:56.678+0000] {local_task_job_runner.py:123} INFO - ::group::Pre task execution logs
[2026-04-23T00:34:56.706+0000] {taskinstance.py:2612} INFO - Dependencies all met for dep_context=non-requeueable deps ti=<TaskInstance: Open_Meteo.get_past_60_days_weather__1 scheduled__2026-04-21T07:30:00+00:00 [queued]>
[2026-04-23T00:34:56.718+0000] {taskinstance.py:2612} INFO - Dependencies all met for dep_context=requeueable deps ti=<TaskInstance: Open_Meteo.get_past_60_days_weather__1 scheduled__2026-04-21T07:30:00+00:00 [queued]>
[2026-04-23T00:34:56.719+0000] {taskinstance.py:2865} INFO - Starting attempt 1 of 1
[2026-04-23T00:34:56.735+0000] {taskinstance.py:2888} INFO - Executing <Task(_PythonDecoratedOperator): get_past_60_days_weather__1> on 2026-04-21 07:30:00+00:00
[2026-04-23T00:34:56.755+0000] {logging_mixin.py:190} WARNING - /home/***/.local/lib/python3.12/site-packages/***/task/task_runner/standard_task_runner.py:70 DeprecationWarning: This process (pid=33673) is multi-threaded, use of fork() may lead to deadlocks in the child.
[2026-04-23T00:34:56.756+0000] {standard_task_runner.py:104} INFO - Running: ['***', 'tasks', 'run', 'Open_Meteo', 'get_past_60_days_weather__1', 'scheduled__2026-04-21T07:30:00+00:00', '--job-id', '24', '--raw', '--subdir', 'DAGS_FOLDER/226 - lab 1 - Open Meteo.py', '--cfg-path', '/tmp/tmpjb5zgbwo']
[2026-04-23T00:34:56.760+0000] {standard_task_runner.py:72} INFO - Started process 33679 to run task
[2026-04-23T00:34:56.760+0000] {standard_task_runner.py:105} INFO - Job 24: Subtask get_past_60_days_weather__1
[2026-04-23T00:34:56.865+0000] {task_command.py:467} INFO - Running <TaskInstance: Open_Meteo.get_past_60_days_weather__1 scheduled__2026-04-21T07:30:00+00:00 [running]> on host aa30302fbfc5
[2026-04-23T00:34:57.017+0000] {taskinstance.py:3131} INFO - Exporting env vars: AIRFLOW_CTX_DAG_OWNER='***' AIRFLOW_CTX_DAG_ID='Open_Meteo' AIRFLOW_CTX_TASK_ID='get_past_60_days_weather__1' AIRFLOW_CTX_EXECUTION_DATE='2026-04-21T07:30:00+00:00' AIRFLOW_CTX_TRY_NUMBER='1' AIRFLOW_CTX_DAG_RUN_ID='scheduled__2026-04-21T07:30:00+00:00'
[2026-04-23T00:34:57.019+0000] {taskinstance.py:731} INFO - ::endgroup::
[2026-04-23T00:34:58.258+0000] {python.py:240} INFO - Done. Returned value was:      latitude   longitude       date  ... temp_min  precipitation  weather_code
0   39.135197 -120.096176 2026-02-22  ...     -8.9            0.0             3
1   39.135197 -120.096176 2026-02-23  ...    -11.6            0.0             2
2   39.135197 -120.096176 2026-02-24  ...     -6.8           15.7            63
3   39.135197 -120.096176 2026-02-25  ...     -6.2           12.1            61
4   39.135197 -120.096176 2026-02-26  ...     -6.2            0.0             3
5   39.135197 -120.096176 2026-02-27  ...     -8.6            0.0            45
6   39.135197 -120.096176 2026-02-28  ...     -6.8            0.0            45
7   39.135197 -120.096176 2026-03-01  ...     -6.4            0.1            51
8   39.135197 -120.096176 2026-03-02  ...     -9.3            0.0            45
9   39.135197 -120.096176 2026-03-03  ...     -9.5            0.0            45
10  39.135197 -120.096176 2026-03-04  ...     -9.0            0.0             3
11  39.135197 -120.096176 2026-03-05  ...    -12.8            0.2            71
12  39.135197 -120.096176 2026-03-06  ...    -12.6            0.0             3
13  39.135197 -120.096176 2026-03-07  ...    -10.3            0.0             0
14  39.135197 -120.096176 2026-03-08  ...     -7.3            0.0             0
15  39.135197 -120.096176 2026-03-09  ...    -10.6            0.0             3
16  39.135197 -120.096176 2026-03-10  ...     -7.1            0.0             3
17  39.135197 -120.096176 2026-03-11  ...    -12.0            0.0             3
18  39.135197 -120.096176 2026-03-12  ...    -11.3            0.0             3
19  39.135197 -120.096176 2026-03-13  ...    -10.3            0.0             3
20  39.135197 -120.096176 2026-03-14  ...     -5.7            0.0             3
21  39.135197 -120.096176 2026-03-15  ...     -8.2            0.0            45
22  39.135197 -120.096176 2026-03-16  ...     -9.7            0.0             3
23  39.135197 -120.096176 2026-03-17  ...     -8.7            0.0            45
24  39.135197 -120.096176 2026-03-18  ...     -6.9            0.0            45
25  39.135197 -120.096176 2026-03-19  ...     -6.1            0.0             1
26  39.135197 -120.096176 2026-03-20  ...     -9.0            0.0            45
27  39.135197 -120.096176 2026-03-21  ...     -6.4            0.0             3
28  39.135197 -120.096176 2026-03-22  ...     -6.7            0.0             2
29  39.135197 -120.096176 2026-03-23  ...     -2.9            0.0             3
30  39.135197 -120.096176 2026-03-24  ...     -5.4            0.0             2
31  39.135197 -120.096176 2026-03-25  ...     -7.8            0.0             2
32  39.135197 -120.096176 2026-03-26  ...     -9.3            0.0             3
33  39.135197 -120.096176 2026-03-27  ...     -6.6            0.0             3
34  39.135197 -120.096176 2026-03-28  ...     -6.4            0.0             3
35  39.135197 -120.096176 2026-03-29  ...     -8.9            0.0             2
36  39.135197 -120.096176 2026-03-30  ...     -7.4            0.0             3
37  39.135197 -120.096176 2026-03-31  ...     -7.0            1.5            53
38  39.135197 -120.096176 2026-04-01  ...    -10.5            9.5            75
39  39.135197 -120.096176 2026-04-02  ...    -12.5           12.0            73
40  39.135197 -120.096176 2026-04-03  ...    -12.2            0.0             0
41  39.135197 -120.096176 2026-04-04  ...     -9.3            0.0             0
42  39.135197 -120.096176 2026-04-05  ...     -9.1            0.0             3
43  39.135197 -120.096176 2026-04-06  ...     -8.3            0.0             3
44  39.135197 -120.096176 2026-04-07  ...     -8.3            0.0            45
45  39.135197 -120.096176 2026-04-08  ...     -8.7            0.0             3
46  39.135197 -120.096176 2026-04-09  ...     -6.8            0.4            51
47  39.135197 -120.096176 2026-04-10  ...     -9.8           11.7            75
48  39.135197 -120.096176 2026-04-11  ...    -10.2            9.7            73
49  39.135197 -120.096176 2026-04-12  ...    -13.1           15.9            75
50  39.135197 -120.096176 2026-04-13  ...    -12.9            5.4            73
51  39.135197 -120.096176 2026-04-14  ...    -10.8            0.0            45
52  39.135197 -120.096176 2026-04-15  ...     -8.9            0.0             3
53  39.135197 -120.096176 2026-04-16  ...     -9.5            0.0             3
54  39.135197 -120.096176 2026-04-17  ...    -14.3            0.0             0
55  39.135197 -120.096176 2026-04-18  ...     -8.8            0.0             3
56  39.135197 -120.096176 2026-04-19  ...     -7.2            0.0            45
57  39.135197 -120.096176 2026-04-20  ...     -4.7            0.0             3
58  39.135197 -120.096176 2026-04-21  ...    -11.5            4.7            75
59  39.135197 -120.096176 2026-04-22  ...    -12.9            2.3            73

[60 rows x 8 columns]
[2026-04-23T00:34:58.448+0000] {taskinstance.py:340} INFO - ::group::Post task execution logs
[2026-04-23T00:34:58.450+0000] {taskinstance.py:352} INFO - Marking task as SUCCESS. dag_id=Open_Meteo, task_id=get_past_60_days_weather__1, run_id=scheduled__2026-04-21T07:30:00+00:00, execution_date=20260421T073000, start_date=20260423T003456, end_date=20260423T003458
[2026-04-23T00:34:58.513+0000] {local_task_job_runner.py:266} INFO - Task exited with return code 0
[2026-04-23T00:34:58.532+0000] {local_task_job_runner.py:245} INFO - ::endgroup::
