[2026-04-23T07:26:44.946+0000] {local_task_job_runner.py:123} INFO - ::group::Pre task execution logs
[2026-04-23T07:26:44.963+0000] {taskinstance.py:2612} INFO - Dependencies all met for dep_context=non-requeueable deps ti=<TaskInstance: BuildELT_dbt.dbt_run manual__2026-04-23T07:26:43.781648+00:00 [queued]>
[2026-04-23T07:26:44.971+0000] {taskinstance.py:2612} INFO - Dependencies all met for dep_context=requeueable deps ti=<TaskInstance: BuildELT_dbt.dbt_run manual__2026-04-23T07:26:43.781648+00:00 [queued]>
[2026-04-23T07:26:44.973+0000] {taskinstance.py:2865} INFO - Starting attempt 1 of 1
[2026-04-23T07:26:44.986+0000] {taskinstance.py:2888} INFO - Executing <Task(BashOperator): dbt_run> on 2026-04-23 07:26:43.781648+00:00
[2026-04-23T07:26:44.997+0000] {standard_task_runner.py:104} INFO - Running: ['***', 'tasks', 'run', 'BuildELT_dbt', 'dbt_run', 'manual__2026-04-23T07:26:43.781648+00:00', '--job-id', '63', '--raw', '--subdir', 'DAGS_FOLDER/build_elt_with_dbt.py', '--cfg-path', '/tmp/tmpzz8eamrt']
[2026-04-23T07:26:45.000+0000] {standard_task_runner.py:105} INFO - Job 63: Subtask dbt_run
[2026-04-23T07:26:45.000+0000] {logging_mixin.py:190} WARNING - /home/***/.local/lib/python3.12/site-packages/***/task/task_runner/standard_task_runner.py:70 DeprecationWarning: This process (pid=47080) is multi-threaded, use of fork() may lead to deadlocks in the child.
[2026-04-23T07:26:45.001+0000] {standard_task_runner.py:72} INFO - Started process 47081 to run task
[2026-04-23T07:26:45.052+0000] {task_command.py:467} INFO - Running <TaskInstance: BuildELT_dbt.dbt_run manual__2026-04-23T07:26:43.781648+00:00 [running]> on host aa30302fbfc5
[2026-04-23T07:26:45.147+0000] {taskinstance.py:3131} INFO - Exporting env vars: AIRFLOW_CTX_DAG_OWNER='***' AIRFLOW_CTX_DAG_ID='BuildELT_dbt' AIRFLOW_CTX_TASK_ID='dbt_run' AIRFLOW_CTX_EXECUTION_DATE='2026-04-23T07:26:43.781648+00:00' AIRFLOW_CTX_TRY_NUMBER='1' AIRFLOW_CTX_DAG_RUN_ID='manual__2026-04-23T07:26:43.781648+00:00'
[2026-04-23T07:26:45.148+0000] {taskinstance.py:731} INFO - ::endgroup::
[2026-04-23T07:26:45.165+0000] {subprocess.py:63} INFO - Tmp dir root location: /tmp
[2026-04-23T07:26:45.166+0000] {subprocess.py:75} INFO - Running command: ['/usr/bin/bash', '-c', '/home/***/.local/bin/dbt run --profiles-dir /opt/***/dbt --project-dir /opt/***/dbt']
[2026-04-23T07:26:45.179+0000] {subprocess.py:86} INFO - Output:
[2026-04-23T07:26:47.157+0000] {subprocess.py:93} INFO - [0m07:26:47  Running with dbt=1.8.7
[2026-04-23T07:26:48.172+0000] {subprocess.py:93} INFO - [0m07:26:48  Registered adapter: snowflake=1.8.1
[2026-04-23T07:26:48.717+0000] {subprocess.py:93} INFO - [0m07:26:48  Found 5 models, 5 data tests, 4 snapshots, 5 sources, 454 macros
[2026-04-23T07:26:48.720+0000] {subprocess.py:93} INFO - [0m07:26:48
[2026-04-23T07:26:51.579+0000] {subprocess.py:93} INFO - [0m07:26:51  Concurrency: 1 threads (target='dev')
[2026-04-23T07:26:51.580+0000] {subprocess.py:93} INFO - [0m07:26:51
[2026-04-23T07:26:51.608+0000] {subprocess.py:93} INFO - [0m07:26:51  1 of 4 START sql table model analytics.average_temps ........................... [RUN]
[2026-04-23T07:26:53.861+0000] {subprocess.py:93} INFO - [0m07:26:53  1 of 4 OK created sql table model analytics.average_temps ...................... [[32mSUCCESS 1[0m in 2.25s]
[2026-04-23T07:26:53.863+0000] {subprocess.py:93} INFO - [0m07:26:53  2 of 4 START sql table model analytics.percent_rainy_days_monthly .............. [RUN]
[2026-04-23T07:26:55.839+0000] {subprocess.py:93} INFO - [0m07:26:55  2 of 4 OK created sql table model analytics.percent_rainy_days_monthly ......... [[32mSUCCESS 1[0m in 1.97s]
[2026-04-23T07:26:55.841+0000] {subprocess.py:93} INFO - [0m07:26:55  3 of 4 START sql table model analytics.weather_code_distribution ............... [RUN]
[2026-04-23T07:26:57.636+0000] {subprocess.py:93} INFO - [0m07:26:57  3 of 4 OK created sql table model analytics.weather_code_distribution .......... [[32mSUCCESS 1[0m in 1.79s]
[2026-04-23T07:26:57.639+0000] {subprocess.py:93} INFO - [0m07:26:57  4 of 4 START sql table model analytics.weather_weekly_precipitation ............ [RUN]
[2026-04-23T07:26:59.462+0000] {subprocess.py:93} INFO - [0m07:26:59  4 of 4 OK created sql table model analytics.weather_weekly_precipitation ....... [[32mSUCCESS 1[0m in 1.82s]
[2026-04-23T07:26:59.467+0000] {subprocess.py:93} INFO - [0m07:26:59
[2026-04-23T07:26:59.468+0000] {subprocess.py:93} INFO - [0m07:26:59  Finished running 4 table models in 0 hours 0 minutes and 10.75 seconds (10.75s).
[2026-04-23T07:26:59.524+0000] {subprocess.py:93} INFO - [0m07:26:59
[2026-04-23T07:26:59.524+0000] {subprocess.py:93} INFO - [0m07:26:59  [32mCompleted successfully[0m
[2026-04-23T07:26:59.525+0000] {subprocess.py:93} INFO - [0m07:26:59
[2026-04-23T07:26:59.525+0000] {subprocess.py:93} INFO - [0m07:26:59  Done. PASS=4 WARN=0 ERROR=0 SKIP=0 TOTAL=4
[2026-04-23T07:27:00.342+0000] {subprocess.py:97} INFO - Command exited with return code 0
[2026-04-23T07:27:00.368+0000] {taskinstance.py:340} INFO - ::group::Post task execution logs
[2026-04-23T07:27:00.369+0000] {taskinstance.py:352} INFO - Marking task as SUCCESS. dag_id=BuildELT_dbt, task_id=dbt_run, run_id=manual__2026-04-23T07:26:43.781648+00:00, execution_date=20260423T072643, start_date=20260423T072644, end_date=20260423T072700
[2026-04-23T07:27:00.410+0000] {local_task_job_runner.py:266} INFO - Task exited with return code 0
[2026-04-23T07:27:00.434+0000] {taskinstance.py:3900} INFO - 1 downstream tasks scheduled from follow-on schedule check
[2026-04-23T07:27:00.436+0000] {local_task_job_runner.py:245} INFO - ::endgroup::
