[2026-04-23T03:52:32.435+0000] {local_task_job_runner.py:123} INFO - ::group::Pre task execution logs
[2026-04-23T03:52:32.454+0000] {taskinstance.py:2612} INFO - Dependencies all met for dep_context=non-requeueable deps ti=<TaskInstance: BuildELT_dbt.dbt_run manual__2026-04-23T03:52:31.898054+00:00 [queued]>
[2026-04-23T03:52:32.463+0000] {taskinstance.py:2612} INFO - Dependencies all met for dep_context=requeueable deps ti=<TaskInstance: BuildELT_dbt.dbt_run manual__2026-04-23T03:52:31.898054+00:00 [queued]>
[2026-04-23T03:52:32.464+0000] {taskinstance.py:2865} INFO - Starting attempt 1 of 1
[2026-04-23T03:52:32.479+0000] {taskinstance.py:2888} INFO - Executing <Task(BashOperator): dbt_run> on 2026-04-23 03:52:31.898054+00:00
[2026-04-23T03:52:32.490+0000] {standard_task_runner.py:104} INFO - Running: ['***', 'tasks', 'run', 'BuildELT_dbt', 'dbt_run', 'manual__2026-04-23T03:52:31.898054+00:00', '--job-id', '44', '--raw', '--subdir', 'DAGS_FOLDER/build_elt_with_dbt.py', '--cfg-path', '/tmp/tmpa76cgfy1']
[2026-04-23T03:52:32.494+0000] {standard_task_runner.py:105} INFO - Job 44: Subtask dbt_run
[2026-04-23T03:52:32.494+0000] {logging_mixin.py:190} WARNING - /home/***/.local/lib/python3.12/site-packages/***/task/task_runner/standard_task_runner.py:70 DeprecationWarning: This process (pid=36919) is multi-threaded, use of fork() may lead to deadlocks in the child.
[2026-04-23T03:52:32.495+0000] {standard_task_runner.py:72} INFO - Started process 36920 to run task
[2026-04-23T03:52:32.550+0000] {task_command.py:467} INFO - Running <TaskInstance: BuildELT_dbt.dbt_run manual__2026-04-23T03:52:31.898054+00:00 [running]> on host aa30302fbfc5
[2026-04-23T03:52:32.648+0000] {taskinstance.py:3131} INFO - Exporting env vars: AIRFLOW_CTX_DAG_OWNER='***' AIRFLOW_CTX_DAG_ID='BuildELT_dbt' AIRFLOW_CTX_TASK_ID='dbt_run' AIRFLOW_CTX_EXECUTION_DATE='2026-04-23T03:52:31.898054+00:00' AIRFLOW_CTX_TRY_NUMBER='1' AIRFLOW_CTX_DAG_RUN_ID='manual__2026-04-23T03:52:31.898054+00:00'
[2026-04-23T03:52:32.649+0000] {taskinstance.py:731} INFO - ::endgroup::
[2026-04-23T03:52:32.665+0000] {subprocess.py:63} INFO - Tmp dir root location: /tmp
[2026-04-23T03:52:32.667+0000] {subprocess.py:75} INFO - Running command: ['/usr/bin/bash', '-c', '/home/***/.local/bin/dbt run --profiles-dir /opt/***/dbt --project-dir /opt/***/dbt']
[2026-04-23T03:52:32.681+0000] {subprocess.py:86} INFO - Output:
[2026-04-23T03:52:34.893+0000] {subprocess.py:93} INFO - [0m03:52:34  Running with dbt=1.8.7
[2026-04-23T03:52:36.019+0000] {subprocess.py:93} INFO - [0m03:52:36  Registered adapter: snowflake=1.8.1
[2026-04-23T03:52:36.670+0000] {subprocess.py:93} INFO - [0m03:52:36  Found 3 models, 2 snapshots, 3 data tests, 3 sources, 454 macros
[2026-04-23T03:52:36.673+0000] {subprocess.py:93} INFO - [0m03:52:36
[2026-04-23T03:52:41.115+0000] {subprocess.py:93} INFO - [0m03:52:41  Concurrency: 1 threads (target='dev')
[2026-04-23T03:52:41.115+0000] {subprocess.py:93} INFO - [0m03:52:41
[2026-04-23T03:52:41.147+0000] {subprocess.py:93} INFO - [0m03:52:41  1 of 2 START sql table model analytics.average_temps ........................... [RUN]
[2026-04-23T03:52:43.773+0000] {subprocess.py:93} INFO - [0m03:52:43  1 of 2 OK created sql table model analytics.average_temps ...................... [[32mSUCCESS 1[0m in 2.62s]
[2026-04-23T03:52:43.776+0000] {subprocess.py:93} INFO - [0m03:52:43  2 of 2 START sql table model analytics.weather_code_distribution ............... [RUN]
[2026-04-23T03:52:45.341+0000] {subprocess.py:93} INFO - [0m03:52:45  2 of 2 OK created sql table model analytics.weather_code_distribution .......... [[32mSUCCESS 1[0m in 1.56s]
[2026-04-23T03:52:45.346+0000] {subprocess.py:93} INFO - [0m03:52:45
[2026-04-23T03:52:45.346+0000] {subprocess.py:93} INFO - [0m03:52:45  Finished running 2 table models in 0 hours 0 minutes and 8.67 seconds (8.67s).
[2026-04-23T03:52:45.398+0000] {subprocess.py:93} INFO - [0m03:52:45
[2026-04-23T03:52:45.398+0000] {subprocess.py:93} INFO - [0m03:52:45  [32mCompleted successfully[0m
[2026-04-23T03:52:45.399+0000] {subprocess.py:93} INFO - [0m03:52:45
[2026-04-23T03:52:45.400+0000] {subprocess.py:93} INFO - [0m03:52:45  Done. PASS=2 WARN=0 ERROR=0 SKIP=0 TOTAL=2
[2026-04-23T03:52:46.211+0000] {subprocess.py:97} INFO - Command exited with return code 0
[2026-04-23T03:52:46.251+0000] {taskinstance.py:340} INFO - ::group::Post task execution logs
[2026-04-23T03:52:46.252+0000] {taskinstance.py:352} INFO - Marking task as SUCCESS. dag_id=BuildELT_dbt, task_id=dbt_run, run_id=manual__2026-04-23T03:52:31.898054+00:00, execution_date=20260423T035231, start_date=20260423T035232, end_date=20260423T035246
[2026-04-23T03:52:46.312+0000] {local_task_job_runner.py:266} INFO - Task exited with return code 0
[2026-04-23T03:52:46.338+0000] {taskinstance.py:3900} INFO - 1 downstream tasks scheduled from follow-on schedule check
[2026-04-23T03:52:46.340+0000] {local_task_job_runner.py:245} INFO - ::endgroup::
