[2026-04-23T00:57:25.018+0000] {local_task_job_runner.py:123} INFO - ::group::Pre task execution logs
[2026-04-23T00:57:25.061+0000] {taskinstance.py:2612} INFO - Dependencies all met for dep_context=non-requeueable deps ti=<TaskInstance: Open_Meteo.combine_data manual__2026-04-23T00:57:15.053873+00:00 [queued]>
[2026-04-23T00:57:25.081+0000] {taskinstance.py:2612} INFO - Dependencies all met for dep_context=requeueable deps ti=<TaskInstance: Open_Meteo.combine_data manual__2026-04-23T00:57:15.053873+00:00 [queued]>
[2026-04-23T00:57:25.084+0000] {taskinstance.py:2865} INFO - Starting attempt 1 of 1
[2026-04-23T00:57:25.112+0000] {taskinstance.py:2888} INFO - Executing <Task(_PythonDecoratedOperator): combine_data> on 2026-04-23 00:57:15.053873+00:00
[2026-04-23T00:57:25.135+0000] {logging_mixin.py:190} WARNING - /home/***/.local/lib/python3.12/site-packages/***/task/task_runner/standard_task_runner.py:70 DeprecationWarning: This process (pid=36249) is multi-threaded, use of fork() may lead to deadlocks in the child.
[2026-04-23T00:57:25.135+0000] {standard_task_runner.py:104} INFO - Running: ['***', 'tasks', 'run', 'Open_Meteo', 'combine_data', 'manual__2026-04-23T00:57:15.053873+00:00', '--job-id', '41', '--raw', '--subdir', 'DAGS_FOLDER/226 - lab 1 - Open Meteo.py', '--cfg-path', '/tmp/tmp5j7kgu58']
[2026-04-23T00:57:25.139+0000] {standard_task_runner.py:72} INFO - Started process 36252 to run task
[2026-04-23T00:57:25.139+0000] {standard_task_runner.py:105} INFO - Job 41: Subtask combine_data
[2026-04-23T00:57:25.264+0000] {task_command.py:467} INFO - Running <TaskInstance: Open_Meteo.combine_data manual__2026-04-23T00:57:15.053873+00:00 [running]> on host aa30302fbfc5
[2026-04-23T00:57:25.769+0000] {taskinstance.py:3131} INFO - Exporting env vars: AIRFLOW_CTX_DAG_OWNER='***' AIRFLOW_CTX_DAG_ID='Open_Meteo' AIRFLOW_CTX_TASK_ID='combine_data' AIRFLOW_CTX_EXECUTION_DATE='2026-04-23T00:57:15.053873+00:00' AIRFLOW_CTX_TRY_NUMBER='1' AIRFLOW_CTX_DAG_RUN_ID='manual__2026-04-23T00:57:15.053873+00:00'
[2026-04-23T00:57:25.773+0000] {taskinstance.py:731} INFO - ::endgroup::
[2026-04-23T00:57:25.782+0000] {python.py:240} INFO - Done. Returned value was:       latitude   longitude       date  ... temp_min  precipitation  weather_code
0    37.347546 -121.880840 2026-02-22  ...      6.7            0.0             3
1    37.347546 -121.880840 2026-02-23  ...      6.7            0.0             3
2    37.347546 -121.880840 2026-02-24  ...     12.6            0.1            51
3    37.347546 -121.880840 2026-02-25  ...     15.2            0.0             3
4    37.347546 -121.880840 2026-02-26  ...     12.3            0.0            45
..         ...         ...        ...  ...      ...            ...           ...
115  39.135197 -120.096176 2026-04-18  ...     -8.8            0.0             3
116  39.135197 -120.096176 2026-04-19  ...     -7.2            0.0            45
117  39.135197 -120.096176 2026-04-20  ...     -4.7            0.0             3
118  39.135197 -120.096176 2026-04-21  ...    -11.5            4.7            75
119  39.135197 -120.096176 2026-04-22  ...    -12.9            2.3            73

[120 rows x 8 columns]
[2026-04-23T00:57:25.870+0000] {taskinstance.py:340} INFO - ::group::Post task execution logs
[2026-04-23T00:57:25.871+0000] {taskinstance.py:352} INFO - Marking task as SUCCESS. dag_id=Open_Meteo, task_id=combine_data, run_id=manual__2026-04-23T00:57:15.053873+00:00, execution_date=20260423T005715, start_date=20260423T005725, end_date=20260423T005725
[2026-04-23T00:57:25.956+0000] {local_task_job_runner.py:266} INFO - Task exited with return code 0
[2026-04-23T00:57:25.990+0000] {taskinstance.py:3925} ERROR - Error scheduling downstream tasks. Skipping it as this is entirely optional optimisation. There might be various reasons for it, please take a look at the stack trace to figure out if the root cause can be diagnosed and fixed. See the issue https://github.com/apache/***/issues/39717 for details and an example problem. If you would like to get help in solving root cause, open discussion with all details with your managed service support or in Airflow repository.
Traceback (most recent call last):
  File "/home/airflow/.local/lib/python3.12/site-packages/airflow/models/taskinstance.py", line 3921, in schedule_downstream_tasks
    return TaskInstance._schedule_downstream_tasks(
           ^^^^^^^^^^^^^^^^^^^^^^^^^^^^^^^^^^^^^^^^
  File "/home/airflow/.local/lib/python3.12/site-packages/airflow/utils/session.py", line 94, in wrapper
    return func(*args, **kwargs)
           ^^^^^^^^^^^^^^^^^^^^^
  File "/home/airflow/.local/lib/python3.12/site-packages/airflow/models/taskinstance.py", line 3870, in _schedule_downstream_tasks
    partial_dag = task.dag.partial_subset(
                  ^^^^^^^^^^^^^^^^^^^^^^^^
  File "/home/airflow/.local/lib/python3.12/site-packages/airflow/models/dag.py", line 2664, in partial_subset
    t.task_id: _deepcopy_task(t)
               ^^^^^^^^^^^^^^^^^
  File "/home/airflow/.local/lib/python3.12/site-packages/airflow/models/dag.py", line 2661, in _deepcopy_task
    return copy.deepcopy(t, memo)
           ^^^^^^^^^^^^^^^^^^^^^^
  File "/usr/local/lib/python3.12/copy.py", line 143, in deepcopy
    y = copier(memo)
        ^^^^^^^^^^^^
  File "/home/airflow/.local/lib/python3.12/site-packages/airflow/models/baseoperator.py", line 1388, in __deepcopy__
    setattr(result, k, copy.deepcopy(v, memo))
                       ^^^^^^^^^^^^^^^^^^^^^^
  File "/usr/local/lib/python3.12/copy.py", line 136, in deepcopy
    y = copier(x, memo)
        ^^^^^^^^^^^^^^^
  File "/usr/local/lib/python3.12/copy.py", line 221, in _deepcopy_dict
    y[deepcopy(key, memo)] = deepcopy(value, memo)
                             ^^^^^^^^^^^^^^^^^^^^^
  File "/usr/local/lib/python3.12/copy.py", line 136, in deepcopy
    y = copier(x, memo)
        ^^^^^^^^^^^^^^^
  File "/usr/local/lib/python3.12/copy.py", line 201, in _deepcopy_tuple
    y = [deepcopy(a, memo) for a in x]
         ^^^^^^^^^^^^^^^^^
  File "/usr/local/lib/python3.12/copy.py", line 162, in deepcopy
    y = _reconstruct(x, memo, *rv)
        ^^^^^^^^^^^^^^^^^^^^^^^^^^
  File "/usr/local/lib/python3.12/copy.py", line 259, in _reconstruct
    state = deepcopy(state, memo)
            ^^^^^^^^^^^^^^^^^^^^^
  File "/usr/local/lib/python3.12/copy.py", line 136, in deepcopy
    y = copier(x, memo)
        ^^^^^^^^^^^^^^^
  File "/usr/local/lib/python3.12/copy.py", line 221, in _deepcopy_dict
    y[deepcopy(key, memo)] = deepcopy(value, memo)
                             ^^^^^^^^^^^^^^^^^^^^^
  File "/usr/local/lib/python3.12/copy.py", line 162, in deepcopy
    y = _reconstruct(x, memo, *rv)
        ^^^^^^^^^^^^^^^^^^^^^^^^^^
  File "/usr/local/lib/python3.12/copy.py", line 259, in _reconstruct
    state = deepcopy(state, memo)
            ^^^^^^^^^^^^^^^^^^^^^
  File "/usr/local/lib/python3.12/copy.py", line 136, in deepcopy
    y = copier(x, memo)
        ^^^^^^^^^^^^^^^
  File "/usr/local/lib/python3.12/copy.py", line 221, in _deepcopy_dict
    y[deepcopy(key, memo)] = deepcopy(value, memo)
                             ^^^^^^^^^^^^^^^^^^^^^
  File "/usr/local/lib/python3.12/copy.py", line 151, in deepcopy
    rv = reductor(4)
         ^^^^^^^^^^^
TypeError: cannot pickle '_thread.lock' object
[2026-04-23T00:57:26.002+0000] {local_task_job_runner.py:245} INFO - ::endgroup::
