[2026-04-23T07:04:57.344+0000] {local_task_job_runner.py:123} INFO - ::group::Pre task execution logs
[2026-04-23T07:04:57.364+0000] {taskinstance.py:2612} INFO - Dependencies all met for dep_context=non-requeueable deps ti=<TaskInstance: BuildELT_dbt.dbt_run manual__2026-04-23T07:04:56.479671+00:00 [queued]>
[2026-04-23T07:04:57.372+0000] {taskinstance.py:2612} INFO - Dependencies all met for dep_context=requeueable deps ti=<TaskInstance: BuildELT_dbt.dbt_run manual__2026-04-23T07:04:56.479671+00:00 [queued]>
[2026-04-23T07:04:57.373+0000] {taskinstance.py:2865} INFO - Starting attempt 1 of 1
[2026-04-23T07:04:57.388+0000] {taskinstance.py:2888} INFO - Executing <Task(BashOperator): dbt_run> on 2026-04-23 07:04:56.479671+00:00
[2026-04-23T07:04:57.398+0000] {standard_task_runner.py:104} INFO - Running: ['***', 'tasks', 'run', 'BuildELT_dbt', 'dbt_run', 'manual__2026-04-23T07:04:56.479671+00:00', '--job-id', '54', '--raw', '--subdir', 'DAGS_FOLDER/build_elt_with_dbt.py', '--cfg-path', '/tmp/tmp564qb8j2']
[2026-04-23T07:04:57.403+0000] {standard_task_runner.py:105} INFO - Job 54: Subtask dbt_run
[2026-04-23T07:04:57.403+0000] {logging_mixin.py:190} WARNING - /home/***/.local/lib/python3.12/site-packages/***/task/task_runner/standard_task_runner.py:70 DeprecationWarning: This process (pid=44396) is multi-threaded, use of fork() may lead to deadlocks in the child.
[2026-04-23T07:04:57.404+0000] {standard_task_runner.py:72} INFO - Started process 44397 to run task
[2026-04-23T07:04:57.461+0000] {task_command.py:467} INFO - Running <TaskInstance: BuildELT_dbt.dbt_run manual__2026-04-23T07:04:56.479671+00:00 [running]> on host aa30302fbfc5
[2026-04-23T07:04:57.556+0000] {taskinstance.py:3131} INFO - Exporting env vars: AIRFLOW_CTX_DAG_OWNER='***' AIRFLOW_CTX_DAG_ID='BuildELT_dbt' AIRFLOW_CTX_TASK_ID='dbt_run' AIRFLOW_CTX_EXECUTION_DATE='2026-04-23T07:04:56.479671+00:00' AIRFLOW_CTX_TRY_NUMBER='1' AIRFLOW_CTX_DAG_RUN_ID='manual__2026-04-23T07:04:56.479671+00:00'
[2026-04-23T07:04:57.557+0000] {taskinstance.py:731} INFO - ::endgroup::
[2026-04-23T07:04:57.574+0000] {subprocess.py:63} INFO - Tmp dir root location: /tmp
[2026-04-23T07:04:57.576+0000] {subprocess.py:75} INFO - Running command: ['/usr/bin/bash', '-c', '/home/***/.local/bin/dbt run --profiles-dir /opt/***/dbt --project-dir /opt/***/dbt']
[2026-04-23T07:04:57.589+0000] {subprocess.py:86} INFO - Output:
[2026-04-23T07:04:57.947+0000] {subprocess.py:93} INFO - [0m07:04:57  Running with dbt=1.8.7
[2026-04-23T07:04:58.969+0000] {subprocess.py:93} INFO - [0m07:04:58  Registered adapter: snowflake=1.8.1
[2026-04-23T07:05:00.060+0000] {subprocess.py:93} INFO - [0m07:05:00  Found 5 models, 5 data tests, 4 snapshots, 5 sources, 454 macros
[2026-04-23T07:05:00.063+0000] {subprocess.py:93} INFO - [0m07:05:00
[2026-04-23T07:05:05.490+0000] {subprocess.py:93} INFO - [0m07:05:05  Concurrency: 1 threads (target='dev')
[2026-04-23T07:05:05.490+0000] {subprocess.py:93} INFO - [0m07:05:05
[2026-04-23T07:05:05.520+0000] {subprocess.py:93} INFO - [0m07:05:05  1 of 4 START sql table model analytics.average_temps ........................... [RUN]
[2026-04-23T07:05:11.181+0000] {subprocess.py:93} INFO - [0m07:05:11  1 of 4 OK created sql table model analytics.average_temps ...................... [[32mSUCCESS 1[0m in 5.66s]
[2026-04-23T07:05:11.184+0000] {subprocess.py:93} INFO - [0m07:05:11  2 of 4 START sql table model analytics.percent_rainy_days_monthly .............. [RUN]
[2026-04-23T07:05:16.739+0000] {subprocess.py:93} INFO - [0m07:05:16  2 of 4 OK created sql table model analytics.percent_rainy_days_monthly ......... [[32mSUCCESS 1[0m in 5.55s]
[2026-04-23T07:05:16.742+0000] {subprocess.py:93} INFO - [0m07:05:16  3 of 4 START sql table model analytics.weather_code_distribution ............... [RUN]
[2026-04-23T07:05:19.400+0000] {subprocess.py:93} INFO - [0m07:05:19  3 of 4 OK created sql table model analytics.weather_code_distribution .......... [[32mSUCCESS 1[0m in 2.66s]
[2026-04-23T07:05:19.402+0000] {subprocess.py:93} INFO - [0m07:05:19  4 of 4 START sql table model analytics.weather_weekly_precipitation ............ [RUN]
[2026-04-23T07:05:23.346+0000] {subprocess.py:93} INFO - [0m07:05:23  4 of 4 OK created sql table model analytics.weather_weekly_precipitation ....... [[32mSUCCESS 1[0m in 3.94s]
[2026-04-23T07:05:23.350+0000] {subprocess.py:93} INFO - [0m07:05:23
[2026-04-23T07:05:23.351+0000] {subprocess.py:93} INFO - [0m07:05:23  Finished running 4 table models in 0 hours 0 minutes and 23.29 seconds (23.29s).
[2026-04-23T07:05:23.407+0000] {subprocess.py:93} INFO - [0m07:05:23
[2026-04-23T07:05:23.407+0000] {subprocess.py:93} INFO - [0m07:05:23  [32mCompleted successfully[0m
[2026-04-23T07:05:23.408+0000] {subprocess.py:93} INFO - [0m07:05:23
[2026-04-23T07:05:23.409+0000] {subprocess.py:93} INFO - [0m07:05:23  Done. PASS=4 WARN=0 ERROR=0 SKIP=0 TOTAL=4
[2026-04-23T07:05:24.271+0000] {subprocess.py:97} INFO - Command exited with return code 0
[2026-04-23T07:05:24.300+0000] {taskinstance.py:340} INFO - ::group::Post task execution logs
[2026-04-23T07:05:24.301+0000] {taskinstance.py:352} INFO - Marking task as SUCCESS. dag_id=BuildELT_dbt, task_id=dbt_run, run_id=manual__2026-04-23T07:04:56.479671+00:00, execution_date=20260423T070456, start_date=20260423T070457, end_date=20260423T070524
[2026-04-23T07:05:24.360+0000] {local_task_job_runner.py:266} INFO - Task exited with return code 0
[2026-04-23T07:05:24.385+0000] {taskinstance.py:3900} INFO - 1 downstream tasks scheduled from follow-on schedule check
[2026-04-23T07:05:24.387+0000] {local_task_job_runner.py:245} INFO - ::endgroup::
