[2026-04-23T08:57:42.640+0000] {local_task_job_runner.py:123} INFO - ::group::Pre task execution logs
[2026-04-23T08:57:42.662+0000] {taskinstance.py:2612} INFO - Dependencies all met for dep_context=non-requeueable deps ti=<TaskInstance: BuildELT_dbt.dbt_snapshot manual__2026-04-23T08:57:11.414133+00:00 [queued]>
[2026-04-23T08:57:42.671+0000] {taskinstance.py:2612} INFO - Dependencies all met for dep_context=requeueable deps ti=<TaskInstance: BuildELT_dbt.dbt_snapshot manual__2026-04-23T08:57:11.414133+00:00 [queued]>
[2026-04-23T08:57:42.673+0000] {taskinstance.py:2865} INFO - Starting attempt 1 of 1
[2026-04-23T08:57:42.687+0000] {taskinstance.py:2888} INFO - Executing <Task(BashOperator): dbt_snapshot> on 2026-04-23 08:57:11.414133+00:00
[2026-04-23T08:57:42.697+0000] {standard_task_runner.py:104} INFO - Running: ['***', 'tasks', 'run', 'BuildELT_dbt', 'dbt_snapshot', 'manual__2026-04-23T08:57:11.414133+00:00', '--job-id', '90', '--raw', '--subdir', 'DAGS_FOLDER/build_elt_with_dbt.py', '--cfg-path', '/tmp/tmpztbvz01_']
[2026-04-23T08:57:42.700+0000] {standard_task_runner.py:105} INFO - Job 90: Subtask dbt_snapshot
[2026-04-23T08:57:42.700+0000] {logging_mixin.py:190} WARNING - /home/***/.local/lib/python3.12/site-packages/***/task/task_runner/standard_task_runner.py:70 DeprecationWarning: This process (pid=57830) is multi-threaded, use of fork() may lead to deadlocks in the child.
[2026-04-23T08:57:42.701+0000] {standard_task_runner.py:72} INFO - Started process 57831 to run task
[2026-04-23T08:57:42.749+0000] {task_command.py:467} INFO - Running <TaskInstance: BuildELT_dbt.dbt_snapshot manual__2026-04-23T08:57:11.414133+00:00 [running]> on host aa30302fbfc5
[2026-04-23T08:57:42.840+0000] {taskinstance.py:3131} INFO - Exporting env vars: AIRFLOW_CTX_DAG_OWNER='***' AIRFLOW_CTX_DAG_ID='BuildELT_dbt' AIRFLOW_CTX_TASK_ID='dbt_snapshot' AIRFLOW_CTX_EXECUTION_DATE='2026-04-23T08:57:11.414133+00:00' AIRFLOW_CTX_TRY_NUMBER='1' AIRFLOW_CTX_DAG_RUN_ID='manual__2026-04-23T08:57:11.414133+00:00'
[2026-04-23T08:57:42.841+0000] {taskinstance.py:731} INFO - ::endgroup::
[2026-04-23T08:57:42.857+0000] {subprocess.py:63} INFO - Tmp dir root location: /tmp
[2026-04-23T08:57:42.859+0000] {subprocess.py:75} INFO - Running command: ['/usr/bin/bash', '-c', '/home/***/.local/bin/dbt snapshot --profiles-dir /opt/***/dbt --project-dir /opt/***/dbt']
[2026-04-23T08:57:42.873+0000] {subprocess.py:86} INFO - Output:
[2026-04-23T08:57:44.802+0000] {subprocess.py:93} INFO - [0m08:57:44  Running with dbt=1.8.7
[2026-04-23T08:57:45.815+0000] {subprocess.py:93} INFO - [0m08:57:45  Registered adapter: snowflake=1.8.1
[2026-04-23T08:57:46.356+0000] {subprocess.py:93} INFO - [0m08:57:46  Found 5 models, 5 data tests, 4 snapshots, 5 sources, 454 macros
[2026-04-23T08:57:46.359+0000] {subprocess.py:93} INFO - [0m08:57:46
[2026-04-23T08:57:50.108+0000] {subprocess.py:93} INFO - [0m08:57:50  Concurrency: 1 threads (target='dev')
[2026-04-23T08:57:50.109+0000] {subprocess.py:93} INFO - [0m08:57:50
[2026-04-23T08:57:50.121+0000] {subprocess.py:93} INFO - [0m08:57:50  1 of 4 START snapshot snapshot.snapshot_average_temps .......................... [RUN]
[2026-04-23T08:57:52.371+0000] {subprocess.py:93} INFO - [0m08:57:52  1 of 4 OK snapshotted snapshot.snapshot_average_temps .......................... [[32mSUCCESS 1[0m in 2.25s]
[2026-04-23T08:57:52.374+0000] {subprocess.py:93} INFO - [0m08:57:52  2 of 4 START snapshot snapshot.snapshot_percent_rainy_days_monthly ............. [RUN]
[2026-04-23T08:57:57.193+0000] {subprocess.py:93} INFO - [0m08:57:57  2 of 4 OK snapshotted snapshot.snapshot_percent_rainy_days_monthly ............. [[32mSUCCESS 1[0m in 4.82s]
[2026-04-23T08:57:57.196+0000] {subprocess.py:93} INFO - [0m08:57:57  3 of 4 START snapshot snapshot.snapshot_weather_code_distribution .............. [RUN]
[2026-04-23T08:57:59.716+0000] {subprocess.py:93} INFO - [0m08:57:59  3 of 4 OK snapshotted snapshot.snapshot_weather_code_distribution .............. [[32mSUCCESS 1[0m in 2.52s]
[2026-04-23T08:57:59.718+0000] {subprocess.py:93} INFO - [0m08:57:59  4 of 4 START snapshot snapshot.snapshot_weather_weekly_precipitation ........... [RUN]
[2026-04-23T08:58:03.609+0000] {subprocess.py:93} INFO - [0m08:58:03  4 of 4 OK snapshotted snapshot.snapshot_weather_weekly_precipitation ........... [[32mSUCCESS 1[0m in 3.89s]
[2026-04-23T08:58:03.614+0000] {subprocess.py:93} INFO - [0m08:58:03
[2026-04-23T08:58:03.615+0000] {subprocess.py:93} INFO - [0m08:58:03  Finished running 4 snapshots in 0 hours 0 minutes and 17.25 seconds (17.25s).
[2026-04-23T08:58:03.673+0000] {subprocess.py:93} INFO - [0m08:58:03
[2026-04-23T08:58:03.674+0000] {subprocess.py:93} INFO - [0m08:58:03  [32mCompleted successfully[0m
[2026-04-23T08:58:03.675+0000] {subprocess.py:93} INFO - [0m08:58:03
[2026-04-23T08:58:03.675+0000] {subprocess.py:93} INFO - [0m08:58:03  Done. PASS=4 WARN=0 ERROR=0 SKIP=0 TOTAL=4
[2026-04-23T08:58:04.466+0000] {subprocess.py:97} INFO - Command exited with return code 0
[2026-04-23T08:58:04.512+0000] {taskinstance.py:340} INFO - ::group::Post task execution logs
[2026-04-23T08:58:04.513+0000] {taskinstance.py:352} INFO - Marking task as SUCCESS. dag_id=BuildELT_dbt, task_id=dbt_snapshot, run_id=manual__2026-04-23T08:57:11.414133+00:00, execution_date=20260423T085711, start_date=20260423T085742, end_date=20260423T085804
[2026-04-23T08:58:04.573+0000] {local_task_job_runner.py:266} INFO - Task exited with return code 0
[2026-04-23T08:58:04.593+0000] {taskinstance.py:3900} INFO - 0 downstream tasks scheduled from follow-on schedule check
[2026-04-23T08:58:04.595+0000] {local_task_job_runner.py:245} INFO - ::endgroup::
