[2026-04-23T08:14:22.123+0000] {local_task_job_runner.py:123} INFO - ::group::Pre task execution logs
[2026-04-23T08:14:22.142+0000] {taskinstance.py:2612} INFO - Dependencies all met for dep_context=non-requeueable deps ti=<TaskInstance: BuildELT_dbt.dbt_snapshot manual__2026-04-23T08:13:53.467289+00:00 [queued]>
[2026-04-23T08:14:22.150+0000] {taskinstance.py:2612} INFO - Dependencies all met for dep_context=requeueable deps ti=<TaskInstance: BuildELT_dbt.dbt_snapshot manual__2026-04-23T08:13:53.467289+00:00 [queued]>
[2026-04-23T08:14:22.151+0000] {taskinstance.py:2865} INFO - Starting attempt 1 of 1
[2026-04-23T08:14:22.165+0000] {taskinstance.py:2888} INFO - Executing <Task(BashOperator): dbt_snapshot> on 2026-04-23 08:13:53.467289+00:00
[2026-04-23T08:14:22.176+0000] {standard_task_runner.py:104} INFO - Running: ['***', 'tasks', 'run', 'BuildELT_dbt', 'dbt_snapshot', 'manual__2026-04-23T08:13:53.467289+00:00', '--job-id', '84', '--raw', '--subdir', 'DAGS_FOLDER/build_elt_with_dbt.py', '--cfg-path', '/tmp/tmp6cmb57et']
[2026-04-23T08:14:22.179+0000] {standard_task_runner.py:105} INFO - Job 84: Subtask dbt_snapshot
[2026-04-23T08:14:22.179+0000] {logging_mixin.py:190} WARNING - /home/***/.local/lib/python3.12/site-packages/***/task/task_runner/standard_task_runner.py:70 DeprecationWarning: This process (pid=52871) is multi-threaded, use of fork() may lead to deadlocks in the child.
[2026-04-23T08:14:22.180+0000] {standard_task_runner.py:72} INFO - Started process 52872 to run task
[2026-04-23T08:14:22.227+0000] {task_command.py:467} INFO - Running <TaskInstance: BuildELT_dbt.dbt_snapshot manual__2026-04-23T08:13:53.467289+00:00 [running]> on host aa30302fbfc5
[2026-04-23T08:14:22.316+0000] {taskinstance.py:3131} INFO - Exporting env vars: AIRFLOW_CTX_DAG_OWNER='***' AIRFLOW_CTX_DAG_ID='BuildELT_dbt' AIRFLOW_CTX_TASK_ID='dbt_snapshot' AIRFLOW_CTX_EXECUTION_DATE='2026-04-23T08:13:53.467289+00:00' AIRFLOW_CTX_TRY_NUMBER='1' AIRFLOW_CTX_DAG_RUN_ID='manual__2026-04-23T08:13:53.467289+00:00'
[2026-04-23T08:14:22.317+0000] {taskinstance.py:731} INFO - ::endgroup::
[2026-04-23T08:14:22.334+0000] {subprocess.py:63} INFO - Tmp dir root location: /tmp
[2026-04-23T08:14:22.336+0000] {subprocess.py:75} INFO - Running command: ['/usr/bin/bash', '-c', '/home/***/.local/bin/dbt snapshot --profiles-dir /opt/***/dbt --project-dir /opt/***/dbt']
[2026-04-23T08:14:22.349+0000] {subprocess.py:86} INFO - Output:
[2026-04-23T08:14:22.559+0000] {subprocess.py:93} INFO - [0m08:14:22  Running with dbt=1.8.7
[2026-04-23T08:14:23.571+0000] {subprocess.py:93} INFO - [0m08:14:23  Registered adapter: snowflake=1.8.1
[2026-04-23T08:14:24.109+0000] {subprocess.py:93} INFO - [0m08:14:24  Found 5 models, 5 data tests, 4 snapshots, 5 sources, 454 macros
[2026-04-23T08:14:24.113+0000] {subprocess.py:93} INFO - [0m08:14:24
[2026-04-23T08:14:26.789+0000] {subprocess.py:93} INFO - [0m08:14:26  Concurrency: 1 threads (target='dev')
[2026-04-23T08:14:26.790+0000] {subprocess.py:93} INFO - [0m08:14:26
[2026-04-23T08:14:26.800+0000] {subprocess.py:93} INFO - [0m08:14:26  1 of 4 START snapshot snapshot.snapshot_average_temps .......................... [RUN]
[2026-04-23T08:14:32.980+0000] {subprocess.py:93} INFO - [0m08:14:32  1 of 4 OK snapshotted snapshot.snapshot_average_temps .......................... [[32mSUCCESS 0[0m in 6.18s]
[2026-04-23T08:14:32.983+0000] {subprocess.py:93} INFO - [0m08:14:32  2 of 4 START snapshot snapshot.snapshot_percent_rainy_days_monthly ............. [RUN]
[2026-04-23T08:14:38.421+0000] {subprocess.py:93} INFO - [0m08:14:38  2 of 4 ERROR snapshotting snapshot.snapshot_percent_rainy_days_monthly ......... [[31mERROR[0m in 5.44s]
[2026-04-23T08:14:38.424+0000] {subprocess.py:93} INFO - [0m08:14:38  3 of 4 START snapshot snapshot.snapshot_weather_code_distribution .............. [RUN]
[2026-04-23T08:14:43.163+0000] {subprocess.py:93} INFO - [0m08:14:43  3 of 4 ERROR snapshotting snapshot.snapshot_weather_code_distribution .......... [[31mERROR[0m in 4.74s]
[2026-04-23T08:14:43.165+0000] {subprocess.py:93} INFO - [0m08:14:43  4 of 4 START snapshot snapshot.snapshot_weather_weekly_precipitation ........... [RUN]
[2026-04-23T08:14:48.731+0000] {subprocess.py:93} INFO - [0m08:14:48  4 of 4 ERROR snapshotting snapshot.snapshot_weather_weekly_precipitation ....... [[31mERROR[0m in 5.56s]
[2026-04-23T08:14:48.736+0000] {subprocess.py:93} INFO - [0m08:14:48
[2026-04-23T08:14:48.736+0000] {subprocess.py:93} INFO - [0m08:14:48  Finished running 4 snapshots in 0 hours 0 minutes and 24.62 seconds (24.62s).
[2026-04-23T08:14:48.788+0000] {subprocess.py:93} INFO - [0m08:14:48
[2026-04-23T08:14:48.789+0000] {subprocess.py:93} INFO - [0m08:14:48  [31mCompleted with 3 errors and 0 warnings:[0m
[2026-04-23T08:14:48.789+0000] {subprocess.py:93} INFO - [0m08:14:48
[2026-04-23T08:14:48.790+0000] {subprocess.py:93} INFO - [0m08:14:48    Database Error in snapshot snapshot_percent_rainy_days_monthly (snapshots/snapshot_percent_rainy_days_monthly.sql)
[2026-04-23T08:14:48.790+0000] {subprocess.py:93} INFO -   100090 (42P18): Duplicate row detected during DML action
[2026-04-23T08:14:48.791+0000] {subprocess.py:93} INFO -   Row Values: [redacted]
[2026-04-23T08:14:48.791+0000] {subprocess.py:93} INFO -   compiled code at target/run/build_mau/snapshots/snapshot_percent_rainy_days_monthly.sql
[2026-04-23T08:14:48.791+0000] {subprocess.py:93} INFO - [0m08:14:48
[2026-04-23T08:14:48.792+0000] {subprocess.py:93} INFO - [0m08:14:48    Database Error in snapshot snapshot_weather_code_distribution (snapshots/snapshot_weather_code_distribution.sql)
[2026-04-23T08:14:48.792+0000] {subprocess.py:93} INFO -   100090 (42P18): Duplicate row detected during DML action
[2026-04-23T08:14:48.793+0000] {subprocess.py:93} INFO -   Row Values: [redacted]
[2026-04-23T08:14:48.793+0000] {subprocess.py:93} INFO -   compiled code at target/run/build_mau/snapshots/snapshot_weather_code_distribution.sql
[2026-04-23T08:14:48.793+0000] {subprocess.py:93} INFO - [0m08:14:48
[2026-04-23T08:14:48.794+0000] {subprocess.py:93} INFO - [0m08:14:48    Database Error in snapshot snapshot_weather_weekly_precipitation (snapshots/snapshot_weather_weekly_precipitation.sql)
[2026-04-23T08:14:48.794+0000] {subprocess.py:93} INFO -   100090 (42P18): Duplicate row detected during DML action
[2026-04-23T08:14:48.795+0000] {subprocess.py:93} INFO -   Row Values: [redacted]
[2026-04-23T08:14:48.795+0000] {subprocess.py:93} INFO -   compiled code at target/run/build_mau/snapshots/snapshot_weather_weekly_precipitation.sql
[2026-04-23T08:14:48.795+0000] {subprocess.py:93} INFO - [0m08:14:48
[2026-04-23T08:14:48.796+0000] {subprocess.py:93} INFO - [0m08:14:48  Done. PASS=1 WARN=0 ERROR=3 SKIP=0 TOTAL=4
[2026-04-23T08:14:49.534+0000] {subprocess.py:97} INFO - Command exited with return code 1
[2026-04-23T08:14:49.547+0000] {taskinstance.py:3310} ERROR - Task failed with exception
Traceback (most recent call last):
  File "/home/airflow/.local/lib/python3.12/site-packages/airflow/models/taskinstance.py", line 767, in _execute_task
    result = _execute_callable(context=context, **execute_callable_kwargs)
             ^^^^^^^^^^^^^^^^^^^^^^^^^^^^^^^^^^^^^^^^^^^^^^^^^^^^^^^^^^^^^
  File "/home/airflow/.local/lib/python3.12/site-packages/airflow/models/taskinstance.py", line 733, in _execute_callable
    return ExecutionCallableRunner(
           ^^^^^^^^^^^^^^^^^^^^^^^^
  File "/home/airflow/.local/lib/python3.12/site-packages/airflow/utils/operator_helpers.py", line 252, in run
    return self.func(*args, **kwargs)
           ^^^^^^^^^^^^^^^^^^^^^^^^^^
  File "/home/airflow/.local/lib/python3.12/site-packages/airflow/models/baseoperator.py", line 406, in wrapper
    return func(self, *args, **kwargs)
           ^^^^^^^^^^^^^^^^^^^^^^^^^^^
  File "/home/airflow/.local/lib/python3.12/site-packages/airflow/operators/bash.py", line 249, in execute
    raise AirflowException(
airflow.exceptions.AirflowException: Bash command failed. The command returned a non-zero exit code 1.
[2026-04-23T08:14:49.552+0000] {taskinstance.py:1225} INFO - Marking task as FAILED. dag_id=BuildELT_dbt, task_id=dbt_snapshot, run_id=manual__2026-04-23T08:13:53.467289+00:00, execution_date=20260423T081353, start_date=20260423T081422, end_date=20260423T081449
[2026-04-23T08:14:49.566+0000] {taskinstance.py:340} INFO - ::group::Post task execution logs
[2026-04-23T08:14:49.567+0000] {standard_task_runner.py:124} ERROR - Failed to execute job 84 for task dbt_snapshot (Bash command failed. The command returned a non-zero exit code 1.; 52872)
Traceback (most recent call last):
  File "/home/airflow/.local/lib/python3.12/site-packages/airflow/task/task_runner/standard_task_runner.py", line 117, in _start_by_fork
    ret = args.func(args, dag=self.dag)
          ^^^^^^^^^^^^^^^^^^^^^^^^^^^^^
  File "/home/airflow/.local/lib/python3.12/site-packages/airflow/cli/cli_config.py", line 49, in command
    return func(*args, **kwargs)
           ^^^^^^^^^^^^^^^^^^^^^
  File "/home/airflow/.local/lib/python3.12/site-packages/airflow/utils/cli.py", line 115, in wrapper
    return f(*args, **kwargs)
           ^^^^^^^^^^^^^^^^^^
  File "/home/airflow/.local/lib/python3.12/site-packages/airflow/cli/commands/task_command.py", line 483, in task_run
    task_return_code = _run_task_by_selected_method(args, _dag, ti)
                       ^^^^^^^^^^^^^^^^^^^^^^^^^^^^^^^^^^^^^^^^^^^^
  File "/home/airflow/.local/lib/python3.12/site-packages/airflow/cli/commands/task_command.py", line 256, in _run_task_by_selected_method
    return _run_raw_task(args, ti)
           ^^^^^^^^^^^^^^^^^^^^^^^
  File "/home/airflow/.local/lib/python3.12/site-packages/airflow/cli/commands/task_command.py", line 341, in _run_raw_task
    return ti._run_raw_task(
           ^^^^^^^^^^^^^^^^^
  File "/home/airflow/.local/lib/python3.12/site-packages/airflow/utils/session.py", line 97, in wrapper
    return func(*args, session=session, **kwargs)
           ^^^^^^^^^^^^^^^^^^^^^^^^^^^^^^^^^^^^^^
  File "/home/airflow/.local/lib/python3.12/site-packages/airflow/models/taskinstance.py", line 3004, in _run_raw_task
    return _run_raw_task(
           ^^^^^^^^^^^^^^
  File "/home/airflow/.local/lib/python3.12/site-packages/airflow/models/taskinstance.py", line 273, in _run_raw_task
    TaskInstance._execute_task_with_callbacks(
  File "/home/airflow/.local/lib/python3.12/site-packages/airflow/models/taskinstance.py", line 3158, in _execute_task_with_callbacks
    result = self._execute_task(context, task_orig)
             ^^^^^^^^^^^^^^^^^^^^^^^^^^^^^^^^^^^^^^
  File "/home/airflow/.local/lib/python3.12/site-packages/airflow/models/taskinstance.py", line 3182, in _execute_task
    return _execute_task(self, context, task_orig)
           ^^^^^^^^^^^^^^^^^^^^^^^^^^^^^^^^^^^^^^^
  File "/home/airflow/.local/lib/python3.12/site-packages/airflow/models/taskinstance.py", line 767, in _execute_task
    result = _execute_callable(context=context, **execute_callable_kwargs)
             ^^^^^^^^^^^^^^^^^^^^^^^^^^^^^^^^^^^^^^^^^^^^^^^^^^^^^^^^^^^^^
  File "/home/airflow/.local/lib/python3.12/site-packages/airflow/models/taskinstance.py", line 733, in _execute_callable
    return ExecutionCallableRunner(
           ^^^^^^^^^^^^^^^^^^^^^^^^
  File "/home/airflow/.local/lib/python3.12/site-packages/airflow/utils/operator_helpers.py", line 252, in run
    return self.func(*args, **kwargs)
           ^^^^^^^^^^^^^^^^^^^^^^^^^^
  File "/home/airflow/.local/lib/python3.12/site-packages/airflow/models/baseoperator.py", line 406, in wrapper
    return func(self, *args, **kwargs)
           ^^^^^^^^^^^^^^^^^^^^^^^^^^^
  File "/home/airflow/.local/lib/python3.12/site-packages/airflow/operators/bash.py", line 249, in execute
    raise AirflowException(
airflow.exceptions.AirflowException: Bash command failed. The command returned a non-zero exit code 1.
[2026-04-23T08:14:49.598+0000] {local_task_job_runner.py:266} INFO - Task exited with return code 1
[2026-04-23T08:14:49.608+0000] {local_task_job_runner.py:245} INFO - ::endgroup::
