[2026-04-23T08:56:26.227+0000] {local_task_job_runner.py:123} INFO - ::group::Pre task execution logs
[2026-04-23T08:56:26.244+0000] {taskinstance.py:2612} INFO - Dependencies all met for dep_context=non-requeueable deps ti=<TaskInstance: BuildELT_dbt.dbt_snapshot manual__2026-04-23T08:55:51.222535+00:00 [queued]>
[2026-04-23T08:56:26.252+0000] {taskinstance.py:2612} INFO - Dependencies all met for dep_context=requeueable deps ti=<TaskInstance: BuildELT_dbt.dbt_snapshot manual__2026-04-23T08:55:51.222535+00:00 [queued]>
[2026-04-23T08:56:26.253+0000] {taskinstance.py:2865} INFO - Starting attempt 1 of 1
[2026-04-23T08:56:26.267+0000] {taskinstance.py:2888} INFO - Executing <Task(BashOperator): dbt_snapshot> on 2026-04-23 08:55:51.222535+00:00
[2026-04-23T08:56:26.277+0000] {standard_task_runner.py:104} INFO - Running: ['***', 'tasks', 'run', 'BuildELT_dbt', 'dbt_snapshot', 'manual__2026-04-23T08:55:51.222535+00:00', '--job-id', '87', '--raw', '--subdir', 'DAGS_FOLDER/build_elt_with_dbt.py', '--cfg-path', '/tmp/tmpbjvuvmt6']
[2026-04-23T08:56:26.280+0000] {standard_task_runner.py:105} INFO - Job 87: Subtask dbt_snapshot
[2026-04-23T08:56:26.281+0000] {logging_mixin.py:190} WARNING - /home/***/.local/lib/python3.12/site-packages/***/task/task_runner/standard_task_runner.py:70 DeprecationWarning: This process (pid=57613) is multi-threaded, use of fork() may lead to deadlocks in the child.
[2026-04-23T08:56:26.282+0000] {standard_task_runner.py:72} INFO - Started process 57614 to run task
[2026-04-23T08:56:26.326+0000] {task_command.py:467} INFO - Running <TaskInstance: BuildELT_dbt.dbt_snapshot manual__2026-04-23T08:55:51.222535+00:00 [running]> on host aa30302fbfc5
[2026-04-23T08:56:26.410+0000] {taskinstance.py:3131} INFO - Exporting env vars: AIRFLOW_CTX_DAG_OWNER='***' AIRFLOW_CTX_DAG_ID='BuildELT_dbt' AIRFLOW_CTX_TASK_ID='dbt_snapshot' AIRFLOW_CTX_EXECUTION_DATE='2026-04-23T08:55:51.222535+00:00' AIRFLOW_CTX_TRY_NUMBER='1' AIRFLOW_CTX_DAG_RUN_ID='manual__2026-04-23T08:55:51.222535+00:00'
[2026-04-23T08:56:26.411+0000] {taskinstance.py:731} INFO - ::endgroup::
[2026-04-23T08:56:26.427+0000] {subprocess.py:63} INFO - Tmp dir root location: /tmp
[2026-04-23T08:56:26.429+0000] {subprocess.py:75} INFO - Running command: ['/usr/bin/bash', '-c', '/home/***/.local/bin/dbt snapshot --profiles-dir /opt/***/dbt --project-dir /opt/***/dbt']
[2026-04-23T08:56:26.442+0000] {subprocess.py:86} INFO - Output:
[2026-04-23T08:56:28.317+0000] {subprocess.py:93} INFO - [0m08:56:28  Running with dbt=1.8.7
[2026-04-23T08:56:29.322+0000] {subprocess.py:93} INFO - [0m08:56:29  Registered adapter: snowflake=1.8.1
[2026-04-23T08:56:29.937+0000] {subprocess.py:93} INFO - [0m08:56:29  Found 5 models, 5 data tests, 4 snapshots, 5 sources, 454 macros
[2026-04-23T08:56:29.940+0000] {subprocess.py:93} INFO - [0m08:56:29
[2026-04-23T08:56:33.414+0000] {subprocess.py:93} INFO - [0m08:56:33  Concurrency: 1 threads (target='dev')
[2026-04-23T08:56:33.415+0000] {subprocess.py:93} INFO - [0m08:56:33
[2026-04-23T08:56:33.428+0000] {subprocess.py:93} INFO - [0m08:56:33  1 of 4 START snapshot snapshot.snapshot_average_temps .......................... [RUN]
[2026-04-23T08:56:41.987+0000] {subprocess.py:93} INFO - [0m08:56:41  1 of 4 OK snapshotted snapshot.snapshot_average_temps .......................... [[32mSUCCESS 0[0m in 8.55s]
[2026-04-23T08:56:41.989+0000] {subprocess.py:93} INFO - [0m08:56:41  2 of 4 START snapshot snapshot.snapshot_percent_rainy_days_monthly ............. [RUN]
[2026-04-23T08:56:43.458+0000] {subprocess.py:93} INFO - [0m08:56:43  2 of 4 ERROR snapshotting snapshot.snapshot_percent_rainy_days_monthly ......... [[31mERROR[0m in 1.47s]
[2026-04-23T08:56:43.460+0000] {subprocess.py:93} INFO - [0m08:56:43  3 of 4 START snapshot snapshot.snapshot_weather_code_distribution .............. [RUN]
[2026-04-23T08:56:45.633+0000] {subprocess.py:93} INFO - [0m08:56:45  3 of 4 ERROR snapshotting snapshot.snapshot_weather_code_distribution .......... [[31mERROR[0m in 2.17s]
[2026-04-23T08:56:45.635+0000] {subprocess.py:93} INFO - [0m08:56:45  4 of 4 START snapshot snapshot.snapshot_weather_weekly_precipitation ........... [RUN]
[2026-04-23T08:56:48.204+0000] {subprocess.py:93} INFO - [0m08:56:48  4 of 4 ERROR snapshotting snapshot.snapshot_weather_weekly_precipitation ....... [[31mERROR[0m in 2.57s]
[2026-04-23T08:56:48.209+0000] {subprocess.py:93} INFO - [0m08:56:48
[2026-04-23T08:56:48.209+0000] {subprocess.py:93} INFO - [0m08:56:48  Finished running 4 snapshots in 0 hours 0 minutes and 18.27 seconds (18.27s).
[2026-04-23T08:56:48.262+0000] {subprocess.py:93} INFO - [0m08:56:48
[2026-04-23T08:56:48.263+0000] {subprocess.py:93} INFO - [0m08:56:48  [31mCompleted with 3 errors and 0 warnings:[0m
[2026-04-23T08:56:48.264+0000] {subprocess.py:93} INFO - [0m08:56:48
[2026-04-23T08:56:48.264+0000] {subprocess.py:93} INFO - [0m08:56:48    Database Error in snapshot snapshot_percent_rainy_days_monthly (snapshots/snapshot_percent_rainy_days_monthly.sql)
[2026-04-23T08:56:48.265+0000] {subprocess.py:93} INFO -   000904 (42000): SQL compilation error: error line 16 at position 12
[2026-04-23T08:56:48.265+0000] {subprocess.py:93} INFO -   invalid identifier 'SNAPSHOT_ID'
[2026-04-23T08:56:48.266+0000] {subprocess.py:93} INFO - [0m08:56:48
[2026-04-23T08:56:48.266+0000] {subprocess.py:93} INFO - [0m08:56:48    Database Error in snapshot snapshot_weather_code_distribution (snapshots/snapshot_weather_code_distribution.sql)
[2026-04-23T08:56:48.266+0000] {subprocess.py:93} INFO -   000904 (42000): SQL compilation error: error line 16 at position 12
[2026-04-23T08:56:48.267+0000] {subprocess.py:93} INFO -   invalid identifier 'SNAPSHOT_ID'
[2026-04-23T08:56:48.267+0000] {subprocess.py:93} INFO - [0m08:56:48
[2026-04-23T08:56:48.267+0000] {subprocess.py:93} INFO - [0m08:56:48    Database Error in snapshot snapshot_weather_weekly_precipitation (snapshots/snapshot_weather_weekly_precipitation.sql)
[2026-04-23T08:56:48.268+0000] {subprocess.py:93} INFO -   000904 (42000): SQL compilation error: error line 16 at position 12
[2026-04-23T08:56:48.268+0000] {subprocess.py:93} INFO -   invalid identifier 'SNAPSHOT_ID'
[2026-04-23T08:56:48.268+0000] {subprocess.py:93} INFO - [0m08:56:48
[2026-04-23T08:56:48.269+0000] {subprocess.py:93} INFO - [0m08:56:48  Done. PASS=1 WARN=0 ERROR=3 SKIP=0 TOTAL=4
[2026-04-23T08:56:49.060+0000] {subprocess.py:97} INFO - Command exited with return code 1
[2026-04-23T08:56:49.073+0000] {taskinstance.py:3310} ERROR - Task failed with exception
Traceback (most recent call last):
  File "/home/airflow/.local/lib/python3.12/site-packages/airflow/models/taskinstance.py", line 767, in _execute_task
    result = _execute_callable(context=context, **execute_callable_kwargs)
             ^^^^^^^^^^^^^^^^^^^^^^^^^^^^^^^^^^^^^^^^^^^^^^^^^^^^^^^^^^^^^
  File "/home/airflow/.local/lib/python3.12/site-packages/airflow/models/taskinstance.py", line 733, in _execute_callable
    return ExecutionCallableRunner(
           ^^^^^^^^^^^^^^^^^^^^^^^^
  File "/home/airflow/.local/lib/python3.12/site-packages/airflow/utils/operator_helpers.py", line 252, in run
    return self.func(*args, **kwargs)
           ^^^^^^^^^^^^^^^^^^^^^^^^^^
  File "/home/airflow/.local/lib/python3.12/site-packages/airflow/models/baseoperator.py", line 406, in wrapper
    return func(self, *args, **kwargs)
           ^^^^^^^^^^^^^^^^^^^^^^^^^^^
  File "/home/airflow/.local/lib/python3.12/site-packages/airflow/operators/bash.py", line 249, in execute
    raise AirflowException(
airflow.exceptions.AirflowException: Bash command failed. The command returned a non-zero exit code 1.
[2026-04-23T08:56:49.081+0000] {taskinstance.py:1225} INFO - Marking task as FAILED. dag_id=BuildELT_dbt, task_id=dbt_snapshot, run_id=manual__2026-04-23T08:55:51.222535+00:00, execution_date=20260423T085551, start_date=20260423T085626, end_date=20260423T085649
[2026-04-23T08:56:49.096+0000] {taskinstance.py:340} INFO - ::group::Post task execution logs
[2026-04-23T08:56:49.097+0000] {standard_task_runner.py:124} ERROR - Failed to execute job 87 for task dbt_snapshot (Bash command failed. The command returned a non-zero exit code 1.; 57614)
Traceback (most recent call last):
  File "/home/airflow/.local/lib/python3.12/site-packages/airflow/task/task_runner/standard_task_runner.py", line 117, in _start_by_fork
    ret = args.func(args, dag=self.dag)
          ^^^^^^^^^^^^^^^^^^^^^^^^^^^^^
  File "/home/airflow/.local/lib/python3.12/site-packages/airflow/cli/cli_config.py", line 49, in command
    return func(*args, **kwargs)
           ^^^^^^^^^^^^^^^^^^^^^
  File "/home/airflow/.local/lib/python3.12/site-packages/airflow/utils/cli.py", line 115, in wrapper
    return f(*args, **kwargs)
           ^^^^^^^^^^^^^^^^^^
  File "/home/airflow/.local/lib/python3.12/site-packages/airflow/cli/commands/task_command.py", line 483, in task_run
    task_return_code = _run_task_by_selected_method(args, _dag, ti)
                       ^^^^^^^^^^^^^^^^^^^^^^^^^^^^^^^^^^^^^^^^^^^^
  File "/home/airflow/.local/lib/python3.12/site-packages/airflow/cli/commands/task_command.py", line 256, in _run_task_by_selected_method
    return _run_raw_task(args, ti)
           ^^^^^^^^^^^^^^^^^^^^^^^
  File "/home/airflow/.local/lib/python3.12/site-packages/airflow/cli/commands/task_command.py", line 341, in _run_raw_task
    return ti._run_raw_task(
           ^^^^^^^^^^^^^^^^^
  File "/home/airflow/.local/lib/python3.12/site-packages/airflow/utils/session.py", line 97, in wrapper
    return func(*args, session=session, **kwargs)
           ^^^^^^^^^^^^^^^^^^^^^^^^^^^^^^^^^^^^^^
  File "/home/airflow/.local/lib/python3.12/site-packages/airflow/models/taskinstance.py", line 3004, in _run_raw_task
    return _run_raw_task(
           ^^^^^^^^^^^^^^
  File "/home/airflow/.local/lib/python3.12/site-packages/airflow/models/taskinstance.py", line 273, in _run_raw_task
    TaskInstance._execute_task_with_callbacks(
  File "/home/airflow/.local/lib/python3.12/site-packages/airflow/models/taskinstance.py", line 3158, in _execute_task_with_callbacks
    result = self._execute_task(context, task_orig)
             ^^^^^^^^^^^^^^^^^^^^^^^^^^^^^^^^^^^^^^
  File "/home/airflow/.local/lib/python3.12/site-packages/airflow/models/taskinstance.py", line 3182, in _execute_task
    return _execute_task(self, context, task_orig)
           ^^^^^^^^^^^^^^^^^^^^^^^^^^^^^^^^^^^^^^^
  File "/home/airflow/.local/lib/python3.12/site-packages/airflow/models/taskinstance.py", line 767, in _execute_task
    result = _execute_callable(context=context, **execute_callable_kwargs)
             ^^^^^^^^^^^^^^^^^^^^^^^^^^^^^^^^^^^^^^^^^^^^^^^^^^^^^^^^^^^^^
  File "/home/airflow/.local/lib/python3.12/site-packages/airflow/models/taskinstance.py", line 733, in _execute_callable
    return ExecutionCallableRunner(
           ^^^^^^^^^^^^^^^^^^^^^^^^
  File "/home/airflow/.local/lib/python3.12/site-packages/airflow/utils/operator_helpers.py", line 252, in run
    return self.func(*args, **kwargs)
           ^^^^^^^^^^^^^^^^^^^^^^^^^^
  File "/home/airflow/.local/lib/python3.12/site-packages/airflow/models/baseoperator.py", line 406, in wrapper
    return func(self, *args, **kwargs)
           ^^^^^^^^^^^^^^^^^^^^^^^^^^^
  File "/home/airflow/.local/lib/python3.12/site-packages/airflow/operators/bash.py", line 249, in execute
    raise AirflowException(
airflow.exceptions.AirflowException: Bash command failed. The command returned a non-zero exit code 1.
[2026-04-23T08:56:49.141+0000] {local_task_job_runner.py:266} INFO - Task exited with return code 1
[2026-04-23T08:56:49.157+0000] {taskinstance.py:3900} INFO - 0 downstream tasks scheduled from follow-on schedule check
[2026-04-23T08:56:49.159+0000] {local_task_job_runner.py:245} INFO - ::endgroup::
