[2026-04-23T06:49:14.741+0000] {local_task_job_runner.py:123} INFO - ::group::Pre task execution logs
[2026-04-23T06:49:14.759+0000] {taskinstance.py:2612} INFO - Dependencies all met for dep_context=non-requeueable deps ti=<TaskInstance: BuildELT_dbt.dbt_run manual__2026-04-23T06:49:13.744946+00:00 [queued]>
[2026-04-23T06:49:14.768+0000] {taskinstance.py:2612} INFO - Dependencies all met for dep_context=requeueable deps ti=<TaskInstance: BuildELT_dbt.dbt_run manual__2026-04-23T06:49:13.744946+00:00 [queued]>
[2026-04-23T06:49:14.769+0000] {taskinstance.py:2865} INFO - Starting attempt 1 of 1
[2026-04-23T06:49:14.783+0000] {taskinstance.py:2888} INFO - Executing <Task(BashOperator): dbt_run> on 2026-04-23 06:49:13.744946+00:00
[2026-04-23T06:49:14.793+0000] {standard_task_runner.py:104} INFO - Running: ['***', 'tasks', 'run', 'BuildELT_dbt', 'dbt_run', 'manual__2026-04-23T06:49:13.744946+00:00', '--job-id', '50', '--raw', '--subdir', 'DAGS_FOLDER/build_elt_with_dbt.py', '--cfg-path', '/tmp/tmp82boh3xv']
[2026-04-23T06:49:14.797+0000] {standard_task_runner.py:105} INFO - Job 50: Subtask dbt_run
[2026-04-23T06:49:14.799+0000] {logging_mixin.py:190} WARNING - /home/***/.local/lib/python3.12/site-packages/***/task/task_runner/standard_task_runner.py:70 DeprecationWarning: This process (pid=42511) is multi-threaded, use of fork() may lead to deadlocks in the child.
[2026-04-23T06:49:14.800+0000] {standard_task_runner.py:72} INFO - Started process 42512 to run task
[2026-04-23T06:49:14.853+0000] {task_command.py:467} INFO - Running <TaskInstance: BuildELT_dbt.dbt_run manual__2026-04-23T06:49:13.744946+00:00 [running]> on host aa30302fbfc5
[2026-04-23T06:49:14.945+0000] {taskinstance.py:3131} INFO - Exporting env vars: AIRFLOW_CTX_DAG_OWNER='***' AIRFLOW_CTX_DAG_ID='BuildELT_dbt' AIRFLOW_CTX_TASK_ID='dbt_run' AIRFLOW_CTX_EXECUTION_DATE='2026-04-23T06:49:13.744946+00:00' AIRFLOW_CTX_TRY_NUMBER='1' AIRFLOW_CTX_DAG_RUN_ID='manual__2026-04-23T06:49:13.744946+00:00'
[2026-04-23T06:49:14.946+0000] {taskinstance.py:731} INFO - ::endgroup::
[2026-04-23T06:49:14.965+0000] {subprocess.py:63} INFO - Tmp dir root location: /tmp
[2026-04-23T06:49:14.967+0000] {subprocess.py:75} INFO - Running command: ['/usr/bin/bash', '-c', '/home/***/.local/bin/dbt run --profiles-dir /opt/***/dbt --project-dir /opt/***/dbt']
[2026-04-23T06:49:14.980+0000] {subprocess.py:86} INFO - Output:
[2026-04-23T06:49:16.973+0000] {subprocess.py:93} INFO - [0m06:49:16  Running with dbt=1.8.7
[2026-04-23T06:49:18.008+0000] {subprocess.py:93} INFO - [0m06:49:18  Registered adapter: snowflake=1.8.1
[2026-04-23T06:49:18.512+0000] {subprocess.py:93} INFO - [0m06:49:18  Found 5 models, 7 data tests, 4 snapshots, 5 sources, 454 macros
[2026-04-23T06:49:18.515+0000] {subprocess.py:93} INFO - [0m06:49:18
[2026-04-23T06:49:20.667+0000] {subprocess.py:93} INFO - [0m06:49:20  Concurrency: 1 threads (target='dev')
[2026-04-23T06:49:20.667+0000] {subprocess.py:93} INFO - [0m06:49:20
[2026-04-23T06:49:20.782+0000] {subprocess.py:93} INFO - [0m06:49:20  1 of 4 START sql table model analytics.average_temps ........................... [RUN]
[2026-04-23T06:49:23.793+0000] {subprocess.py:93} INFO - [0m06:49:23  1 of 4 OK created sql table model analytics.average_temps ...................... [[32mSUCCESS 1[0m in 3.01s]
[2026-04-23T06:49:23.795+0000] {subprocess.py:93} INFO - [0m06:49:23  2 of 4 START sql table model analytics.percent_rainy_days_monthly .............. [RUN]
[2026-04-23T06:49:26.161+0000] {subprocess.py:93} INFO - [0m06:49:26  2 of 4 OK created sql table model analytics.percent_rainy_days_monthly ......... [[32mSUCCESS 1[0m in 2.36s]
[2026-04-23T06:49:26.163+0000] {subprocess.py:93} INFO - [0m06:49:26  3 of 4 START sql table model analytics.weather_code_distribution ............... [RUN]
[2026-04-23T06:49:28.144+0000] {subprocess.py:93} INFO - [0m06:49:28  3 of 4 OK created sql table model analytics.weather_code_distribution .......... [[32mSUCCESS 1[0m in 1.98s]
[2026-04-23T06:49:28.147+0000] {subprocess.py:93} INFO - [0m06:49:28  4 of 4 START sql table model analytics.weather_weekly_precipitation ............ [RUN]
[2026-04-23T06:49:32.339+0000] {subprocess.py:93} INFO - [0m06:49:32  4 of 4 OK created sql table model analytics.weather_weekly_precipitation ....... [[32mSUCCESS 1[0m in 4.19s]
[2026-04-23T06:49:32.343+0000] {subprocess.py:93} INFO - [0m06:49:32
[2026-04-23T06:49:32.344+0000] {subprocess.py:93} INFO - [0m06:49:32  Finished running 4 table models in 0 hours 0 minutes and 13.83 seconds (13.83s).
[2026-04-23T06:49:32.398+0000] {subprocess.py:93} INFO - [0m06:49:32
[2026-04-23T06:49:32.399+0000] {subprocess.py:93} INFO - [0m06:49:32  [32mCompleted successfully[0m
[2026-04-23T06:49:32.400+0000] {subprocess.py:93} INFO - [0m06:49:32
[2026-04-23T06:49:32.400+0000] {subprocess.py:93} INFO - [0m06:49:32  Done. PASS=4 WARN=0 ERROR=0 SKIP=0 TOTAL=4
[2026-04-23T06:49:33.236+0000] {subprocess.py:97} INFO - Command exited with return code 0
[2026-04-23T06:49:33.274+0000] {taskinstance.py:340} INFO - ::group::Post task execution logs
[2026-04-23T06:49:33.275+0000] {taskinstance.py:352} INFO - Marking task as SUCCESS. dag_id=BuildELT_dbt, task_id=dbt_run, run_id=manual__2026-04-23T06:49:13.744946+00:00, execution_date=20260423T064913, start_date=20260423T064914, end_date=20260423T064933
[2026-04-23T06:49:33.322+0000] {local_task_job_runner.py:266} INFO - Task exited with return code 0
[2026-04-23T06:49:33.348+0000] {taskinstance.py:3900} INFO - 1 downstream tasks scheduled from follow-on schedule check
[2026-04-23T06:49:33.350+0000] {local_task_job_runner.py:245} INFO - ::endgroup::
