[2026-04-23T00:52:59.888+0000] {local_task_job_runner.py:123} INFO - ::group::Pre task execution logs
[2026-04-23T00:52:59.915+0000] {taskinstance.py:2612} INFO - Dependencies all met for dep_context=non-requeueable deps ti=<TaskInstance: Open_Meteo.get_past_60_days_weather manual__2026-04-23T00:52:56.535360+00:00 [queued]>
[2026-04-23T00:52:59.928+0000] {taskinstance.py:2612} INFO - Dependencies all met for dep_context=requeueable deps ti=<TaskInstance: Open_Meteo.get_past_60_days_weather manual__2026-04-23T00:52:56.535360+00:00 [queued]>
[2026-04-23T00:52:59.930+0000] {taskinstance.py:2865} INFO - Starting attempt 1 of 1
[2026-04-23T00:52:59.948+0000] {taskinstance.py:2888} INFO - Executing <Task(_PythonDecoratedOperator): get_past_60_days_weather> on 2026-04-23 00:52:56.535360+00:00
[2026-04-23T00:52:59.965+0000] {logging_mixin.py:190} WARNING - /home/***/.local/lib/python3.12/site-packages/***/task/task_runner/standard_task_runner.py:70 DeprecationWarning: This process (pid=35716) is multi-threaded, use of fork() may lead to deadlocks in the child.
[2026-04-23T00:52:59.966+0000] {standard_task_runner.py:104} INFO - Running: ['***', 'tasks', 'run', 'Open_Meteo', 'get_past_60_days_weather', 'manual__2026-04-23T00:52:56.535360+00:00', '--job-id', '35', '--raw', '--subdir', 'DAGS_FOLDER/226 - lab 1 - Open Meteo.py', '--cfg-path', '/tmp/tmptq7lvgtj']
[2026-04-23T00:52:59.968+0000] {standard_task_runner.py:72} INFO - Started process 35737 to run task
[2026-04-23T00:52:59.968+0000] {standard_task_runner.py:105} INFO - Job 35: Subtask get_past_60_days_weather
[2026-04-23T00:53:00.053+0000] {task_command.py:467} INFO - Running <TaskInstance: Open_Meteo.get_past_60_days_weather manual__2026-04-23T00:52:56.535360+00:00 [running]> on host aa30302fbfc5
[2026-04-23T00:53:00.236+0000] {taskinstance.py:3131} INFO - Exporting env vars: AIRFLOW_CTX_DAG_OWNER='***' AIRFLOW_CTX_DAG_ID='Open_Meteo' AIRFLOW_CTX_TASK_ID='get_past_60_days_weather' AIRFLOW_CTX_EXECUTION_DATE='2026-04-23T00:52:56.535360+00:00' AIRFLOW_CTX_TRY_NUMBER='1' AIRFLOW_CTX_DAG_RUN_ID='manual__2026-04-23T00:52:56.535360+00:00'
[2026-04-23T00:53:00.239+0000] {taskinstance.py:731} INFO - ::endgroup::
[2026-04-23T00:53:01.318+0000] {python.py:240} INFO - Done. Returned value was:      latitude  longitude       date  ... temp_min  precipitation  weather_code
0   37.347546 -121.88084 2026-02-22  ...      6.7            0.0             3
1   37.347546 -121.88084 2026-02-23  ...      6.7            0.0             3
2   37.347546 -121.88084 2026-02-24  ...     12.6            0.1            51
3   37.347546 -121.88084 2026-02-25  ...     15.2            0.0             3
4   37.347546 -121.88084 2026-02-26  ...     12.3            0.0            45
5   37.347546 -121.88084 2026-02-27  ...     12.0            0.0             3
6   37.347546 -121.88084 2026-02-28  ...     13.2            0.0             3
7   37.347546 -121.88084 2026-03-01  ...     12.9            0.0             3
8   37.347546 -121.88084 2026-03-02  ...     11.4            0.0             3
9   37.347546 -121.88084 2026-03-03  ...     11.9            0.0             3
10  37.347546 -121.88084 2026-03-04  ...     10.3            0.0             3
11  37.347546 -121.88084 2026-03-05  ...      6.4            0.0             1
12  37.347546 -121.88084 2026-03-06  ...      7.7            0.0             0
13  37.347546 -121.88084 2026-03-07  ...      7.9            0.0             1
14  37.347546 -121.88084 2026-03-08  ...     10.1            0.0             0
15  37.347546 -121.88084 2026-03-09  ...     10.0            0.0             3
16  37.347546 -121.88084 2026-03-10  ...      9.6            0.0            45
17  37.347546 -121.88084 2026-03-11  ...      6.7            0.0             2
18  37.347546 -121.88084 2026-03-12  ...      8.4            0.0             1
19  37.347546 -121.88084 2026-03-13  ...      8.3            0.0             3
20  37.347546 -121.88084 2026-03-14  ...      8.9            0.0            45
21  37.347546 -121.88084 2026-03-15  ...      9.9            0.0            45
22  37.347546 -121.88084 2026-03-16  ...     10.5            0.0             2
23  37.347546 -121.88084 2026-03-17  ...     12.3            0.0             2
24  37.347546 -121.88084 2026-03-18  ...     14.4            0.0             0
25  37.347546 -121.88084 2026-03-19  ...     13.8            0.0             1
26  37.347546 -121.88084 2026-03-20  ...     13.3            0.0             0
27  37.347546 -121.88084 2026-03-21  ...     14.7            0.0             3
28  37.347546 -121.88084 2026-03-22  ...      9.9            0.0             0
29  37.347546 -121.88084 2026-03-23  ...     10.6            0.0             3
30  37.347546 -121.88084 2026-03-24  ...     10.8            0.0             0
31  37.347546 -121.88084 2026-03-25  ...      9.5            0.0             3
32  37.347546 -121.88084 2026-03-26  ...      8.8            0.0             3
33  37.347546 -121.88084 2026-03-27  ...     10.1            0.0             3
34  37.347546 -121.88084 2026-03-28  ...     10.0            0.0             3
35  37.347546 -121.88084 2026-03-29  ...     11.0            0.0             3
36  37.347546 -121.88084 2026-03-30  ...     12.6            0.0             3
37  37.347546 -121.88084 2026-03-31  ...     14.9            0.4            51
38  37.347546 -121.88084 2026-04-01  ...     13.5            0.0             3
39  37.347546 -121.88084 2026-04-02  ...     10.3            0.5            51
40  37.347546 -121.88084 2026-04-03  ...      6.5            0.0             2
41  37.347546 -121.88084 2026-04-04  ...      8.9            0.0             2
42  37.347546 -121.88084 2026-04-05  ...     11.0            0.0             3
43  37.347546 -121.88084 2026-04-06  ...     11.9            0.0             3
44  37.347546 -121.88084 2026-04-07  ...     10.8            0.0             3
45  37.347546 -121.88084 2026-04-08  ...     10.6            0.0             3
46  37.347546 -121.88084 2026-04-09  ...     13.5            0.0             3
47  37.347546 -121.88084 2026-04-10  ...     14.1            2.8            61
48  37.347546 -121.88084 2026-04-11  ...     13.1            1.8            53
49  37.347546 -121.88084 2026-04-12  ...     10.1           21.9            65
50  37.347546 -121.88084 2026-04-13  ...     10.5            0.0             3
51  37.347546 -121.88084 2026-04-14  ...      8.7            0.0             3
52  37.347546 -121.88084 2026-04-15  ...      8.4            0.0             3
53  37.347546 -121.88084 2026-04-16  ...      9.8            0.0             3
54  37.347546 -121.88084 2026-04-17  ...      9.3            0.0             3
55  37.347546 -121.88084 2026-04-18  ...      8.5            0.0             3
56  37.347546 -121.88084 2026-04-19  ...     10.7            0.0             3
57  37.347546 -121.88084 2026-04-20  ...      9.8            0.1            51
58  37.347546 -121.88084 2026-04-21  ...     12.3           15.7            81
59  37.347546 -121.88084 2026-04-22  ...      9.1            0.2            51

[60 rows x 8 columns]
[2026-04-23T00:53:01.488+0000] {taskinstance.py:340} INFO - ::group::Post task execution logs
[2026-04-23T00:53:01.490+0000] {taskinstance.py:352} INFO - Marking task as SUCCESS. dag_id=Open_Meteo, task_id=get_past_60_days_weather, run_id=manual__2026-04-23T00:52:56.535360+00:00, execution_date=20260423T005256, start_date=20260423T005259, end_date=20260423T005301
[2026-04-23T00:53:01.562+0000] {local_task_job_runner.py:266} INFO - Task exited with return code 0
[2026-04-23T00:53:01.580+0000] {local_task_job_runner.py:245} INFO - ::endgroup::
