[2026-04-20T20:41:24.810+0000] {local_task_job_runner.py:123} INFO - ::group::Pre task execution logs
[2026-04-20T20:41:24.839+0000] {taskinstance.py:2612} INFO - Dependencies all met for dep_context=non-requeueable deps ti=<TaskInstance: BuildELT_dbt.dbt_run manual__2026-04-20T20:41:24.143875+00:00 [queued]>
[2026-04-20T20:41:24.853+0000] {taskinstance.py:2612} INFO - Dependencies all met for dep_context=requeueable deps ti=<TaskInstance: BuildELT_dbt.dbt_run manual__2026-04-20T20:41:24.143875+00:00 [queued]>
[2026-04-20T20:41:24.854+0000] {taskinstance.py:2865} INFO - Starting attempt 1 of 1
[2026-04-20T20:41:24.887+0000] {taskinstance.py:2888} INFO - Executing <Task(BashOperator): dbt_run> on 2026-04-20 20:41:24.143875+00:00
[2026-04-20T20:41:24.903+0000] {standard_task_runner.py:104} INFO - Running: ['***', 'tasks', 'run', 'BuildELT_dbt', 'dbt_run', 'manual__2026-04-20T20:41:24.143875+00:00', '--job-id', '12', '--raw', '--subdir', 'DAGS_FOLDER/build_elt_with_dbt.py', '--cfg-path', '/tmp/tmpnh_his20']
[2026-04-20T20:41:24.908+0000] {logging_mixin.py:190} WARNING - /home/***/.local/lib/python3.12/site-packages/***/task/task_runner/standard_task_runner.py:70 DeprecationWarning: This process (pid=5810) is multi-threaded, use of fork() may lead to deadlocks in the child.
[2026-04-20T20:41:24.910+0000] {standard_task_runner.py:105} INFO - Job 12: Subtask dbt_run
[2026-04-20T20:41:24.910+0000] {standard_task_runner.py:72} INFO - Started process 5811 to run task
[2026-04-20T20:41:25.004+0000] {task_command.py:467} INFO - Running <TaskInstance: BuildELT_dbt.dbt_run manual__2026-04-20T20:41:24.143875+00:00 [running]> on host aa30302fbfc5
[2026-04-20T20:41:25.202+0000] {taskinstance.py:3131} INFO - Exporting env vars: AIRFLOW_CTX_DAG_OWNER='***' AIRFLOW_CTX_DAG_ID='BuildELT_dbt' AIRFLOW_CTX_TASK_ID='dbt_run' AIRFLOW_CTX_EXECUTION_DATE='2026-04-20T20:41:24.143875+00:00' AIRFLOW_CTX_TRY_NUMBER='1' AIRFLOW_CTX_DAG_RUN_ID='manual__2026-04-20T20:41:24.143875+00:00'
[2026-04-20T20:41:25.204+0000] {taskinstance.py:731} INFO - ::endgroup::
[2026-04-20T20:41:25.233+0000] {subprocess.py:63} INFO - Tmp dir root location: /tmp
[2026-04-20T20:41:25.236+0000] {subprocess.py:75} INFO - Running command: ['/usr/bin/bash', '-c', '/home/***/.local/bin/dbt run --profiles-dir /opt/***/dbt --project-dir /opt/***/dbt']
[2026-04-20T20:41:25.260+0000] {subprocess.py:86} INFO - Output:
[2026-04-20T20:41:29.978+0000] {subprocess.py:93} INFO - [0m20:41:29  Running with dbt=1.8.7
[2026-04-20T20:41:32.150+0000] {subprocess.py:93} INFO - [0m20:41:32  Registered adapter: snowflake=1.8.1
[2026-04-20T20:41:32.385+0000] {subprocess.py:93} INFO - [0m20:41:32  Unable to do partial parsing because of a version mismatch
[2026-04-20T20:41:35.666+0000] {subprocess.py:93} INFO - [0m20:41:35  Found 3 models, 1 snapshot, 2 data tests, 3 sources, 454 macros
[2026-04-20T20:41:35.670+0000] {subprocess.py:93} INFO - [0m20:41:35
[2026-04-20T20:41:38.418+0000] {subprocess.py:93} INFO - [0m20:41:38  Concurrency: 1 threads (target='dev')
[2026-04-20T20:41:38.419+0000] {subprocess.py:93} INFO - [0m20:41:38
[2026-04-20T20:41:38.492+0000] {subprocess.py:93} INFO - [0m20:41:38  1 of 1 START sql table model analytics.session_summary ......................... [RUN]
[2026-04-20T20:41:41.919+0000] {subprocess.py:93} INFO - [0m20:41:41  1 of 1 OK created sql table model analytics.session_summary .................... [[32mSUCCESS 1[0m in 3.42s]
[2026-04-20T20:41:41.925+0000] {subprocess.py:93} INFO - [0m20:41:41
[2026-04-20T20:41:41.926+0000] {subprocess.py:93} INFO - [0m20:41:41  Finished running 1 table model in 0 hours 0 minutes and 6.25 seconds (6.25s).
[2026-04-20T20:41:42.006+0000] {subprocess.py:93} INFO - [0m20:41:42
[2026-04-20T20:41:42.007+0000] {subprocess.py:93} INFO - [0m20:41:42  [32mCompleted successfully[0m
[2026-04-20T20:41:42.008+0000] {subprocess.py:93} INFO - [0m20:41:42
[2026-04-20T20:41:42.009+0000] {subprocess.py:93} INFO - [0m20:41:42  Done. PASS=1 WARN=0 ERROR=0 SKIP=0 TOTAL=1
[2026-04-20T20:41:43.295+0000] {subprocess.py:97} INFO - Command exited with return code 0
[2026-04-20T20:41:43.373+0000] {taskinstance.py:340} INFO - ::group::Post task execution logs
[2026-04-20T20:41:43.374+0000] {taskinstance.py:352} INFO - Marking task as SUCCESS. dag_id=BuildELT_dbt, task_id=dbt_run, run_id=manual__2026-04-20T20:41:24.143875+00:00, execution_date=20260420T204124, start_date=20260420T204124, end_date=20260420T204143
[2026-04-20T20:41:43.440+0000] {local_task_job_runner.py:266} INFO - Task exited with return code 0
[2026-04-20T20:41:43.475+0000] {taskinstance.py:3900} INFO - 1 downstream tasks scheduled from follow-on schedule check
[2026-04-20T20:41:43.482+0000] {local_task_job_runner.py:245} INFO - ::endgroup::
