[2026-04-19T22:21:41.637+0000] {processor.py:186} INFO - Started process (PID=242) to work on /opt/airflow/dags/226 - lab 1 - ML Forcast.py
[2026-04-19T22:21:41.638+0000] {processor.py:914} INFO - Processing file /opt/airflow/dags/226 - lab 1 - ML Forcast.py for tasks to queue
[2026-04-19T22:21:41.641+0000] {logging_mixin.py:190} INFO - [2026-04-19T22:21:41.640+0000] {dagbag.py:587} INFO - Filling up the DagBag from /opt/airflow/dags/226 - lab 1 - ML Forcast.py
[2026-04-19T22:21:41.669+0000] {processor.py:925} INFO - DAG(s) 'ML_forecast' retrieved from /opt/airflow/dags/226 - lab 1 - ML Forcast.py
[2026-04-19T22:21:41.794+0000] {logging_mixin.py:190} INFO - [2026-04-19T22:21:41.794+0000] {override.py:1900} INFO - Created Permission View: can read on DAG:ML_forecast
[2026-04-19T22:21:41.804+0000] {logging_mixin.py:190} INFO - [2026-04-19T22:21:41.804+0000] {override.py:1900} INFO - Created Permission View: can delete on DAG:ML_forecast
[2026-04-19T22:21:41.811+0000] {logging_mixin.py:190} INFO - [2026-04-19T22:21:41.810+0000] {override.py:1900} INFO - Created Permission View: can edit on DAG:ML_forecast
[2026-04-19T22:21:41.818+0000] {logging_mixin.py:190} INFO - [2026-04-19T22:21:41.817+0000] {override.py:1900} INFO - Created Permission View: can read on DAG Run:ML_forecast
[2026-04-19T22:21:41.824+0000] {logging_mixin.py:190} INFO - [2026-04-19T22:21:41.823+0000] {override.py:1900} INFO - Created Permission View: can delete on DAG Run:ML_forecast
[2026-04-19T22:21:41.830+0000] {logging_mixin.py:190} INFO - [2026-04-19T22:21:41.829+0000] {override.py:1900} INFO - Created Permission View: can create on DAG Run:ML_forecast
[2026-04-19T22:21:41.836+0000] {logging_mixin.py:190} INFO - [2026-04-19T22:21:41.836+0000] {override.py:1900} INFO - Created Permission View: menu access on DAG Run:ML_forecast
[2026-04-19T22:21:41.837+0000] {logging_mixin.py:190} INFO - [2026-04-19T22:21:41.837+0000] {dag.py:3229} INFO - Sync 1 DAGs
[2026-04-19T22:21:41.850+0000] {logging_mixin.py:190} INFO - [2026-04-19T22:21:41.850+0000] {dag.py:3252} INFO - Creating ORM DAG for ML_forecast
[2026-04-19T22:21:41.860+0000] {logging_mixin.py:190} INFO - [2026-04-19T22:21:41.860+0000] {dag.py:4156} INFO - Setting next_dagrun for ML_forecast to 2026-04-18 07:30:00+00:00, run_after=2026-04-19 07:30:00+00:00
[2026-04-19T22:21:41.881+0000] {processor.py:208} INFO - Processing /opt/airflow/dags/226 - lab 1 - ML Forcast.py took 0.250 seconds
[2026-04-19T22:22:12.828+0000] {processor.py:186} INFO - Started process (PID=310) to work on /opt/airflow/dags/226 - lab 1 - ML Forcast.py
[2026-04-19T22:22:12.829+0000] {processor.py:914} INFO - Processing file /opt/airflow/dags/226 - lab 1 - ML Forcast.py for tasks to queue
[2026-04-19T22:22:12.831+0000] {logging_mixin.py:190} INFO - [2026-04-19T22:22:12.831+0000] {dagbag.py:587} INFO - Filling up the DagBag from /opt/airflow/dags/226 - lab 1 - ML Forcast.py
[2026-04-19T22:22:12.852+0000] {processor.py:925} INFO - DAG(s) 'ML_forecast' retrieved from /opt/airflow/dags/226 - lab 1 - ML Forcast.py
[2026-04-19T22:22:12.882+0000] {logging_mixin.py:190} INFO - [2026-04-19T22:22:12.882+0000] {dag.py:3229} INFO - Sync 1 DAGs
[2026-04-19T22:22:12.912+0000] {logging_mixin.py:190} INFO - [2026-04-19T22:22:12.912+0000] {dag.py:4156} INFO - Setting next_dagrun for ML_forecast to 2026-04-18 07:30:00+00:00, run_after=2026-04-19 07:30:00+00:00
[2026-04-19T22:22:12.944+0000] {processor.py:208} INFO - Processing /opt/airflow/dags/226 - lab 1 - ML Forcast.py took 0.123 seconds
[2026-04-19T22:22:43.386+0000] {processor.py:186} INFO - Started process (PID=359) to work on /opt/airflow/dags/226 - lab 1 - ML Forcast.py
[2026-04-19T22:22:43.387+0000] {processor.py:914} INFO - Processing file /opt/airflow/dags/226 - lab 1 - ML Forcast.py for tasks to queue
[2026-04-19T22:22:43.390+0000] {logging_mixin.py:190} INFO - [2026-04-19T22:22:43.389+0000] {dagbag.py:587} INFO - Filling up the DagBag from /opt/airflow/dags/226 - lab 1 - ML Forcast.py
[2026-04-19T22:22:43.409+0000] {processor.py:925} INFO - DAG(s) 'ML_forecast' retrieved from /opt/airflow/dags/226 - lab 1 - ML Forcast.py
[2026-04-19T22:22:43.440+0000] {logging_mixin.py:190} INFO - [2026-04-19T22:22:43.440+0000] {dag.py:3229} INFO - Sync 1 DAGs
[2026-04-19T22:22:43.465+0000] {logging_mixin.py:190} INFO - [2026-04-19T22:22:43.465+0000] {dag.py:4156} INFO - Setting next_dagrun for ML_forecast to 2026-04-18 07:30:00+00:00, run_after=2026-04-19 07:30:00+00:00
[2026-04-19T22:22:43.482+0000] {processor.py:208} INFO - Processing /opt/airflow/dags/226 - lab 1 - ML Forcast.py took 0.102 seconds
[2026-04-19T22:23:14.117+0000] {processor.py:186} INFO - Started process (PID=411) to work on /opt/airflow/dags/226 - lab 1 - ML Forcast.py
[2026-04-19T22:23:14.118+0000] {processor.py:914} INFO - Processing file /opt/airflow/dags/226 - lab 1 - ML Forcast.py for tasks to queue
[2026-04-19T22:23:14.121+0000] {logging_mixin.py:190} INFO - [2026-04-19T22:23:14.121+0000] {dagbag.py:587} INFO - Filling up the DagBag from /opt/airflow/dags/226 - lab 1 - ML Forcast.py
[2026-04-19T22:23:14.146+0000] {processor.py:925} INFO - DAG(s) 'ML_forecast' retrieved from /opt/airflow/dags/226 - lab 1 - ML Forcast.py
[2026-04-19T22:23:14.177+0000] {logging_mixin.py:190} INFO - [2026-04-19T22:23:14.176+0000] {dag.py:3229} INFO - Sync 1 DAGs
[2026-04-19T22:23:14.199+0000] {logging_mixin.py:190} INFO - [2026-04-19T22:23:14.199+0000] {dag.py:4156} INFO - Setting next_dagrun for ML_forecast to 2026-04-18 07:30:00+00:00, run_after=2026-04-19 07:30:00+00:00
[2026-04-19T22:23:14.216+0000] {processor.py:208} INFO - Processing /opt/airflow/dags/226 - lab 1 - ML Forcast.py took 0.104 seconds
[2026-04-19T22:23:44.867+0000] {processor.py:186} INFO - Started process (PID=463) to work on /opt/airflow/dags/226 - lab 1 - ML Forcast.py
[2026-04-19T22:23:44.868+0000] {processor.py:914} INFO - Processing file /opt/airflow/dags/226 - lab 1 - ML Forcast.py for tasks to queue
[2026-04-19T22:23:44.870+0000] {logging_mixin.py:190} INFO - [2026-04-19T22:23:44.870+0000] {dagbag.py:587} INFO - Filling up the DagBag from /opt/airflow/dags/226 - lab 1 - ML Forcast.py
[2026-04-19T22:23:44.890+0000] {processor.py:925} INFO - DAG(s) 'ML_forecast' retrieved from /opt/airflow/dags/226 - lab 1 - ML Forcast.py
[2026-04-19T22:23:44.917+0000] {logging_mixin.py:190} INFO - [2026-04-19T22:23:44.917+0000] {dag.py:3229} INFO - Sync 1 DAGs
[2026-04-19T22:23:44.946+0000] {logging_mixin.py:190} INFO - [2026-04-19T22:23:44.946+0000] {dag.py:4156} INFO - Setting next_dagrun for ML_forecast to 2026-04-18 07:30:00+00:00, run_after=2026-04-19 07:30:00+00:00
[2026-04-19T22:23:44.972+0000] {processor.py:208} INFO - Processing /opt/airflow/dags/226 - lab 1 - ML Forcast.py took 0.110 seconds
[2026-04-19T22:24:15.610+0000] {processor.py:186} INFO - Started process (PID=515) to work on /opt/airflow/dags/226 - lab 1 - ML Forcast.py
[2026-04-19T22:24:15.611+0000] {processor.py:914} INFO - Processing file /opt/airflow/dags/226 - lab 1 - ML Forcast.py for tasks to queue
[2026-04-19T22:24:15.613+0000] {logging_mixin.py:190} INFO - [2026-04-19T22:24:15.613+0000] {dagbag.py:587} INFO - Filling up the DagBag from /opt/airflow/dags/226 - lab 1 - ML Forcast.py
[2026-04-19T22:24:15.634+0000] {processor.py:925} INFO - DAG(s) 'ML_forecast' retrieved from /opt/airflow/dags/226 - lab 1 - ML Forcast.py
[2026-04-19T22:24:15.666+0000] {logging_mixin.py:190} INFO - [2026-04-19T22:24:15.665+0000] {dag.py:3229} INFO - Sync 1 DAGs
[2026-04-19T22:24:15.689+0000] {logging_mixin.py:190} INFO - [2026-04-19T22:24:15.689+0000] {dag.py:4156} INFO - Setting next_dagrun for ML_forecast to 2026-04-18 07:30:00+00:00, run_after=2026-04-19 07:30:00+00:00
[2026-04-19T22:24:15.706+0000] {processor.py:208} INFO - Processing /opt/airflow/dags/226 - lab 1 - ML Forcast.py took 0.102 seconds
[2026-04-19T22:24:46.684+0000] {processor.py:186} INFO - Started process (PID=567) to work on /opt/airflow/dags/226 - lab 1 - ML Forcast.py
[2026-04-19T22:24:46.686+0000] {processor.py:914} INFO - Processing file /opt/airflow/dags/226 - lab 1 - ML Forcast.py for tasks to queue
[2026-04-19T22:24:46.688+0000] {logging_mixin.py:190} INFO - [2026-04-19T22:24:46.688+0000] {dagbag.py:587} INFO - Filling up the DagBag from /opt/airflow/dags/226 - lab 1 - ML Forcast.py
[2026-04-19T22:24:46.708+0000] {processor.py:925} INFO - DAG(s) 'ML_forecast' retrieved from /opt/airflow/dags/226 - lab 1 - ML Forcast.py
[2026-04-19T22:24:46.736+0000] {logging_mixin.py:190} INFO - [2026-04-19T22:24:46.736+0000] {dag.py:3229} INFO - Sync 1 DAGs
[2026-04-19T22:24:46.762+0000] {logging_mixin.py:190} INFO - [2026-04-19T22:24:46.762+0000] {dag.py:4156} INFO - Setting next_dagrun for ML_forecast to 2026-04-18 07:30:00+00:00, run_after=2026-04-19 07:30:00+00:00
[2026-04-19T22:24:46.779+0000] {processor.py:208} INFO - Processing /opt/airflow/dags/226 - lab 1 - ML Forcast.py took 0.100 seconds
[2026-04-19T22:25:17.640+0000] {processor.py:186} INFO - Started process (PID=625) to work on /opt/airflow/dags/226 - lab 1 - ML Forcast.py
[2026-04-19T22:25:17.641+0000] {processor.py:914} INFO - Processing file /opt/airflow/dags/226 - lab 1 - ML Forcast.py for tasks to queue
[2026-04-19T22:25:17.643+0000] {logging_mixin.py:190} INFO - [2026-04-19T22:25:17.643+0000] {dagbag.py:587} INFO - Filling up the DagBag from /opt/airflow/dags/226 - lab 1 - ML Forcast.py
[2026-04-19T22:25:17.663+0000] {processor.py:925} INFO - DAG(s) 'ML_forecast' retrieved from /opt/airflow/dags/226 - lab 1 - ML Forcast.py
[2026-04-19T22:25:17.691+0000] {logging_mixin.py:190} INFO - [2026-04-19T22:25:17.690+0000] {dag.py:3229} INFO - Sync 1 DAGs
[2026-04-19T22:25:17.714+0000] {logging_mixin.py:190} INFO - [2026-04-19T22:25:17.714+0000] {dag.py:4156} INFO - Setting next_dagrun for ML_forecast to 2026-04-18 07:30:00+00:00, run_after=2026-04-19 07:30:00+00:00
[2026-04-19T22:25:17.731+0000] {processor.py:208} INFO - Processing /opt/airflow/dags/226 - lab 1 - ML Forcast.py took 0.097 seconds
[2026-04-19T22:25:48.463+0000] {processor.py:186} INFO - Started process (PID=678) to work on /opt/airflow/dags/226 - lab 1 - ML Forcast.py
[2026-04-19T22:25:48.464+0000] {processor.py:914} INFO - Processing file /opt/airflow/dags/226 - lab 1 - ML Forcast.py for tasks to queue
[2026-04-19T22:25:48.466+0000] {logging_mixin.py:190} INFO - [2026-04-19T22:25:48.466+0000] {dagbag.py:587} INFO - Filling up the DagBag from /opt/airflow/dags/226 - lab 1 - ML Forcast.py
[2026-04-19T22:25:48.487+0000] {processor.py:925} INFO - DAG(s) 'ML_forecast' retrieved from /opt/airflow/dags/226 - lab 1 - ML Forcast.py
[2026-04-19T22:25:48.522+0000] {logging_mixin.py:190} INFO - [2026-04-19T22:25:48.522+0000] {dag.py:3229} INFO - Sync 1 DAGs
[2026-04-19T22:25:48.551+0000] {logging_mixin.py:190} INFO - [2026-04-19T22:25:48.551+0000] {dag.py:4156} INFO - Setting next_dagrun for ML_forecast to 2026-04-18 07:30:00+00:00, run_after=2026-04-19 07:30:00+00:00
[2026-04-19T22:25:48.572+0000] {processor.py:208} INFO - Processing /opt/airflow/dags/226 - lab 1 - ML Forcast.py took 0.115 seconds
[2026-04-19T22:26:19.185+0000] {processor.py:186} INFO - Started process (PID=730) to work on /opt/airflow/dags/226 - lab 1 - ML Forcast.py
[2026-04-19T22:26:19.187+0000] {processor.py:914} INFO - Processing file /opt/airflow/dags/226 - lab 1 - ML Forcast.py for tasks to queue
[2026-04-19T22:26:19.189+0000] {logging_mixin.py:190} INFO - [2026-04-19T22:26:19.189+0000] {dagbag.py:587} INFO - Filling up the DagBag from /opt/airflow/dags/226 - lab 1 - ML Forcast.py
[2026-04-19T22:26:19.209+0000] {processor.py:925} INFO - DAG(s) 'ML_forecast' retrieved from /opt/airflow/dags/226 - lab 1 - ML Forcast.py
[2026-04-19T22:26:19.240+0000] {logging_mixin.py:190} INFO - [2026-04-19T22:26:19.239+0000] {dag.py:3229} INFO - Sync 1 DAGs
[2026-04-19T22:26:19.264+0000] {logging_mixin.py:190} INFO - [2026-04-19T22:26:19.264+0000] {dag.py:4156} INFO - Setting next_dagrun for ML_forecast to 2026-04-18 07:30:00+00:00, run_after=2026-04-19 07:30:00+00:00
[2026-04-19T22:26:19.282+0000] {processor.py:208} INFO - Processing /opt/airflow/dags/226 - lab 1 - ML Forcast.py took 0.102 seconds
[2026-04-19T22:26:50.168+0000] {processor.py:186} INFO - Started process (PID=782) to work on /opt/airflow/dags/226 - lab 1 - ML Forcast.py
[2026-04-19T22:26:50.170+0000] {processor.py:914} INFO - Processing file /opt/airflow/dags/226 - lab 1 - ML Forcast.py for tasks to queue
[2026-04-19T22:26:50.172+0000] {logging_mixin.py:190} INFO - [2026-04-19T22:26:50.172+0000] {dagbag.py:587} INFO - Filling up the DagBag from /opt/airflow/dags/226 - lab 1 - ML Forcast.py
[2026-04-19T22:26:50.191+0000] {processor.py:925} INFO - DAG(s) 'ML_forecast' retrieved from /opt/airflow/dags/226 - lab 1 - ML Forcast.py
[2026-04-19T22:26:50.222+0000] {logging_mixin.py:190} INFO - [2026-04-19T22:26:50.221+0000] {dag.py:3229} INFO - Sync 1 DAGs
[2026-04-19T22:26:50.246+0000] {logging_mixin.py:190} INFO - [2026-04-19T22:26:50.246+0000] {dag.py:4156} INFO - Setting next_dagrun for ML_forecast to 2026-04-18 07:30:00+00:00, run_after=2026-04-19 07:30:00+00:00
[2026-04-19T22:26:50.262+0000] {processor.py:208} INFO - Processing /opt/airflow/dags/226 - lab 1 - ML Forcast.py took 0.099 seconds
[2026-04-19T22:27:20.802+0000] {processor.py:186} INFO - Started process (PID=834) to work on /opt/airflow/dags/226 - lab 1 - ML Forcast.py
[2026-04-19T22:27:20.803+0000] {processor.py:914} INFO - Processing file /opt/airflow/dags/226 - lab 1 - ML Forcast.py for tasks to queue
[2026-04-19T22:27:20.805+0000] {logging_mixin.py:190} INFO - [2026-04-19T22:27:20.805+0000] {dagbag.py:587} INFO - Filling up the DagBag from /opt/airflow/dags/226 - lab 1 - ML Forcast.py
[2026-04-19T22:27:20.825+0000] {processor.py:925} INFO - DAG(s) 'ML_forecast' retrieved from /opt/airflow/dags/226 - lab 1 - ML Forcast.py
[2026-04-19T22:27:20.855+0000] {logging_mixin.py:190} INFO - [2026-04-19T22:27:20.854+0000] {dag.py:3229} INFO - Sync 1 DAGs
[2026-04-19T22:27:20.880+0000] {logging_mixin.py:190} INFO - [2026-04-19T22:27:20.880+0000] {dag.py:4156} INFO - Setting next_dagrun for ML_forecast to 2026-04-18 07:30:00+00:00, run_after=2026-04-19 07:30:00+00:00
[2026-04-19T22:27:20.897+0000] {processor.py:208} INFO - Processing /opt/airflow/dags/226 - lab 1 - ML Forcast.py took 0.101 seconds
[2026-04-19T22:27:51.592+0000] {processor.py:186} INFO - Started process (PID=886) to work on /opt/airflow/dags/226 - lab 1 - ML Forcast.py
[2026-04-19T22:27:51.593+0000] {processor.py:914} INFO - Processing file /opt/airflow/dags/226 - lab 1 - ML Forcast.py for tasks to queue
[2026-04-19T22:27:51.595+0000] {logging_mixin.py:190} INFO - [2026-04-19T22:27:51.595+0000] {dagbag.py:587} INFO - Filling up the DagBag from /opt/airflow/dags/226 - lab 1 - ML Forcast.py
[2026-04-19T22:27:51.616+0000] {processor.py:925} INFO - DAG(s) 'ML_forecast' retrieved from /opt/airflow/dags/226 - lab 1 - ML Forcast.py
[2026-04-19T22:27:51.649+0000] {logging_mixin.py:190} INFO - [2026-04-19T22:27:51.649+0000] {dag.py:3229} INFO - Sync 1 DAGs
[2026-04-19T22:27:51.674+0000] {logging_mixin.py:190} INFO - [2026-04-19T22:27:51.673+0000] {dag.py:4156} INFO - Setting next_dagrun for ML_forecast to 2026-04-18 07:30:00+00:00, run_after=2026-04-19 07:30:00+00:00
[2026-04-19T22:27:51.690+0000] {processor.py:208} INFO - Processing /opt/airflow/dags/226 - lab 1 - ML Forcast.py took 0.105 seconds
[2026-04-19T22:28:22.423+0000] {processor.py:186} INFO - Started process (PID=939) to work on /opt/airflow/dags/226 - lab 1 - ML Forcast.py
[2026-04-19T22:28:22.424+0000] {processor.py:914} INFO - Processing file /opt/airflow/dags/226 - lab 1 - ML Forcast.py for tasks to queue
[2026-04-19T22:28:22.426+0000] {logging_mixin.py:190} INFO - [2026-04-19T22:28:22.426+0000] {dagbag.py:587} INFO - Filling up the DagBag from /opt/airflow/dags/226 - lab 1 - ML Forcast.py
[2026-04-19T22:28:22.450+0000] {processor.py:925} INFO - DAG(s) 'ML_forecast' retrieved from /opt/airflow/dags/226 - lab 1 - ML Forcast.py
[2026-04-19T22:28:22.482+0000] {logging_mixin.py:190} INFO - [2026-04-19T22:28:22.481+0000] {dag.py:3229} INFO - Sync 1 DAGs
[2026-04-19T22:28:22.506+0000] {logging_mixin.py:190} INFO - [2026-04-19T22:28:22.506+0000] {dag.py:4156} INFO - Setting next_dagrun for ML_forecast to 2026-04-18 07:30:00+00:00, run_after=2026-04-19 07:30:00+00:00
[2026-04-19T22:28:22.524+0000] {processor.py:208} INFO - Processing /opt/airflow/dags/226 - lab 1 - ML Forcast.py took 0.107 seconds
[2026-04-19T22:28:53.285+0000] {processor.py:186} INFO - Started process (PID=991) to work on /opt/airflow/dags/226 - lab 1 - ML Forcast.py
[2026-04-19T22:28:53.286+0000] {processor.py:914} INFO - Processing file /opt/airflow/dags/226 - lab 1 - ML Forcast.py for tasks to queue
[2026-04-19T22:28:53.289+0000] {logging_mixin.py:190} INFO - [2026-04-19T22:28:53.289+0000] {dagbag.py:587} INFO - Filling up the DagBag from /opt/airflow/dags/226 - lab 1 - ML Forcast.py
[2026-04-19T22:28:53.311+0000] {processor.py:925} INFO - DAG(s) 'ML_forecast' retrieved from /opt/airflow/dags/226 - lab 1 - ML Forcast.py
[2026-04-19T22:28:53.344+0000] {logging_mixin.py:190} INFO - [2026-04-19T22:28:53.343+0000] {dag.py:3229} INFO - Sync 1 DAGs
[2026-04-19T22:28:53.371+0000] {logging_mixin.py:190} INFO - [2026-04-19T22:28:53.371+0000] {dag.py:4156} INFO - Setting next_dagrun for ML_forecast to 2026-04-18 07:30:00+00:00, run_after=2026-04-19 07:30:00+00:00
[2026-04-19T22:28:53.390+0000] {processor.py:208} INFO - Processing /opt/airflow/dags/226 - lab 1 - ML Forcast.py took 0.113 seconds
[2026-04-19T22:29:23.954+0000] {processor.py:186} INFO - Started process (PID=1043) to work on /opt/airflow/dags/226 - lab 1 - ML Forcast.py
[2026-04-19T22:29:23.955+0000] {processor.py:914} INFO - Processing file /opt/airflow/dags/226 - lab 1 - ML Forcast.py for tasks to queue
[2026-04-19T22:29:23.957+0000] {logging_mixin.py:190} INFO - [2026-04-19T22:29:23.957+0000] {dagbag.py:587} INFO - Filling up the DagBag from /opt/airflow/dags/226 - lab 1 - ML Forcast.py
[2026-04-19T22:29:23.976+0000] {processor.py:925} INFO - DAG(s) 'ML_forecast' retrieved from /opt/airflow/dags/226 - lab 1 - ML Forcast.py
[2026-04-19T22:29:24.008+0000] {logging_mixin.py:190} INFO - [2026-04-19T22:29:24.007+0000] {dag.py:3229} INFO - Sync 1 DAGs
[2026-04-19T22:29:24.032+0000] {logging_mixin.py:190} INFO - [2026-04-19T22:29:24.031+0000] {dag.py:4156} INFO - Setting next_dagrun for ML_forecast to 2026-04-18 07:30:00+00:00, run_after=2026-04-19 07:30:00+00:00
[2026-04-19T22:29:24.050+0000] {processor.py:208} INFO - Processing /opt/airflow/dags/226 - lab 1 - ML Forcast.py took 0.102 seconds
[2026-04-19T22:29:54.377+0000] {processor.py:186} INFO - Started process (PID=1095) to work on /opt/airflow/dags/226 - lab 1 - ML Forcast.py
[2026-04-19T22:29:54.378+0000] {processor.py:914} INFO - Processing file /opt/airflow/dags/226 - lab 1 - ML Forcast.py for tasks to queue
[2026-04-19T22:29:54.380+0000] {logging_mixin.py:190} INFO - [2026-04-19T22:29:54.380+0000] {dagbag.py:587} INFO - Filling up the DagBag from /opt/airflow/dags/226 - lab 1 - ML Forcast.py
[2026-04-19T22:29:54.400+0000] {processor.py:925} INFO - DAG(s) 'ML_forecast' retrieved from /opt/airflow/dags/226 - lab 1 - ML Forcast.py
[2026-04-19T22:29:54.429+0000] {logging_mixin.py:190} INFO - [2026-04-19T22:29:54.428+0000] {dag.py:3229} INFO - Sync 1 DAGs
[2026-04-19T22:29:54.452+0000] {logging_mixin.py:190} INFO - [2026-04-19T22:29:54.452+0000] {dag.py:4156} INFO - Setting next_dagrun for ML_forecast to 2026-04-18 07:30:00+00:00, run_after=2026-04-19 07:30:00+00:00
[2026-04-19T22:29:54.469+0000] {processor.py:208} INFO - Processing /opt/airflow/dags/226 - lab 1 - ML Forcast.py took 0.097 seconds
[2026-04-19T22:30:25.074+0000] {processor.py:186} INFO - Started process (PID=1147) to work on /opt/airflow/dags/226 - lab 1 - ML Forcast.py
[2026-04-19T22:30:25.075+0000] {processor.py:914} INFO - Processing file /opt/airflow/dags/226 - lab 1 - ML Forcast.py for tasks to queue
[2026-04-19T22:30:25.078+0000] {logging_mixin.py:190} INFO - [2026-04-19T22:30:25.077+0000] {dagbag.py:587} INFO - Filling up the DagBag from /opt/airflow/dags/226 - lab 1 - ML Forcast.py
[2026-04-19T22:30:25.100+0000] {processor.py:925} INFO - DAG(s) 'ML_forecast' retrieved from /opt/airflow/dags/226 - lab 1 - ML Forcast.py
[2026-04-19T22:30:25.130+0000] {logging_mixin.py:190} INFO - [2026-04-19T22:30:25.129+0000] {dag.py:3229} INFO - Sync 1 DAGs
[2026-04-19T22:30:25.153+0000] {logging_mixin.py:190} INFO - [2026-04-19T22:30:25.152+0000] {dag.py:4156} INFO - Setting next_dagrun for ML_forecast to 2026-04-18 07:30:00+00:00, run_after=2026-04-19 07:30:00+00:00
[2026-04-19T22:30:25.169+0000] {processor.py:208} INFO - Processing /opt/airflow/dags/226 - lab 1 - ML Forcast.py took 0.101 seconds
[2026-04-19T22:30:55.754+0000] {processor.py:186} INFO - Started process (PID=1199) to work on /opt/airflow/dags/226 - lab 1 - ML Forcast.py
[2026-04-19T22:30:55.755+0000] {processor.py:914} INFO - Processing file /opt/airflow/dags/226 - lab 1 - ML Forcast.py for tasks to queue
[2026-04-19T22:30:55.757+0000] {logging_mixin.py:190} INFO - [2026-04-19T22:30:55.757+0000] {dagbag.py:587} INFO - Filling up the DagBag from /opt/airflow/dags/226 - lab 1 - ML Forcast.py
[2026-04-19T22:30:55.777+0000] {processor.py:925} INFO - DAG(s) 'ML_forecast' retrieved from /opt/airflow/dags/226 - lab 1 - ML Forcast.py
[2026-04-19T22:30:55.808+0000] {logging_mixin.py:190} INFO - [2026-04-19T22:30:55.808+0000] {dag.py:3229} INFO - Sync 1 DAGs
[2026-04-19T22:30:55.833+0000] {logging_mixin.py:190} INFO - [2026-04-19T22:30:55.833+0000] {dag.py:4156} INFO - Setting next_dagrun for ML_forecast to 2026-04-18 07:30:00+00:00, run_after=2026-04-19 07:30:00+00:00
[2026-04-19T22:30:55.852+0000] {processor.py:208} INFO - Processing /opt/airflow/dags/226 - lab 1 - ML Forcast.py took 0.104 seconds
[2026-04-19T22:31:26.430+0000] {processor.py:186} INFO - Started process (PID=1251) to work on /opt/airflow/dags/226 - lab 1 - ML Forcast.py
[2026-04-19T22:31:26.431+0000] {processor.py:914} INFO - Processing file /opt/airflow/dags/226 - lab 1 - ML Forcast.py for tasks to queue
[2026-04-19T22:31:26.434+0000] {logging_mixin.py:190} INFO - [2026-04-19T22:31:26.433+0000] {dagbag.py:587} INFO - Filling up the DagBag from /opt/airflow/dags/226 - lab 1 - ML Forcast.py
[2026-04-19T22:31:26.453+0000] {processor.py:925} INFO - DAG(s) 'ML_forecast' retrieved from /opt/airflow/dags/226 - lab 1 - ML Forcast.py
[2026-04-19T22:31:26.484+0000] {logging_mixin.py:190} INFO - [2026-04-19T22:31:26.483+0000] {dag.py:3229} INFO - Sync 1 DAGs
[2026-04-19T22:31:26.508+0000] {logging_mixin.py:190} INFO - [2026-04-19T22:31:26.508+0000] {dag.py:4156} INFO - Setting next_dagrun for ML_forecast to 2026-04-18 07:30:00+00:00, run_after=2026-04-19 07:30:00+00:00
[2026-04-19T22:31:26.525+0000] {processor.py:208} INFO - Processing /opt/airflow/dags/226 - lab 1 - ML Forcast.py took 0.101 seconds
[2026-04-19T22:31:57.245+0000] {processor.py:186} INFO - Started process (PID=1303) to work on /opt/airflow/dags/226 - lab 1 - ML Forcast.py
[2026-04-19T22:31:57.246+0000] {processor.py:914} INFO - Processing file /opt/airflow/dags/226 - lab 1 - ML Forcast.py for tasks to queue
[2026-04-19T22:31:57.248+0000] {logging_mixin.py:190} INFO - [2026-04-19T22:31:57.248+0000] {dagbag.py:587} INFO - Filling up the DagBag from /opt/airflow/dags/226 - lab 1 - ML Forcast.py
[2026-04-19T22:31:57.268+0000] {processor.py:925} INFO - DAG(s) 'ML_forecast' retrieved from /opt/airflow/dags/226 - lab 1 - ML Forcast.py
[2026-04-19T22:31:57.297+0000] {logging_mixin.py:190} INFO - [2026-04-19T22:31:57.297+0000] {dag.py:3229} INFO - Sync 1 DAGs
[2026-04-19T22:31:57.322+0000] {logging_mixin.py:190} INFO - [2026-04-19T22:31:57.322+0000] {dag.py:4156} INFO - Setting next_dagrun for ML_forecast to 2026-04-18 07:30:00+00:00, run_after=2026-04-19 07:30:00+00:00
[2026-04-19T22:31:57.338+0000] {processor.py:208} INFO - Processing /opt/airflow/dags/226 - lab 1 - ML Forcast.py took 0.098 seconds
[2026-04-19T22:32:27.664+0000] {processor.py:186} INFO - Started process (PID=1355) to work on /opt/airflow/dags/226 - lab 1 - ML Forcast.py
[2026-04-19T22:32:27.665+0000] {processor.py:914} INFO - Processing file /opt/airflow/dags/226 - lab 1 - ML Forcast.py for tasks to queue
[2026-04-19T22:32:27.667+0000] {logging_mixin.py:190} INFO - [2026-04-19T22:32:27.667+0000] {dagbag.py:587} INFO - Filling up the DagBag from /opt/airflow/dags/226 - lab 1 - ML Forcast.py
[2026-04-19T22:32:27.687+0000] {processor.py:925} INFO - DAG(s) 'ML_forecast' retrieved from /opt/airflow/dags/226 - lab 1 - ML Forcast.py
[2026-04-19T22:32:27.714+0000] {logging_mixin.py:190} INFO - [2026-04-19T22:32:27.714+0000] {dag.py:3229} INFO - Sync 1 DAGs
[2026-04-19T22:32:27.738+0000] {logging_mixin.py:190} INFO - [2026-04-19T22:32:27.738+0000] {dag.py:4156} INFO - Setting next_dagrun for ML_forecast to 2026-04-18 07:30:00+00:00, run_after=2026-04-19 07:30:00+00:00
[2026-04-19T22:32:27.755+0000] {processor.py:208} INFO - Processing /opt/airflow/dags/226 - lab 1 - ML Forcast.py took 0.096 seconds
[2026-04-19T22:32:58.389+0000] {processor.py:186} INFO - Started process (PID=1405) to work on /opt/airflow/dags/226 - lab 1 - ML Forcast.py
[2026-04-19T22:32:58.390+0000] {processor.py:914} INFO - Processing file /opt/airflow/dags/226 - lab 1 - ML Forcast.py for tasks to queue
[2026-04-19T22:32:58.394+0000] {logging_mixin.py:190} INFO - [2026-04-19T22:32:58.393+0000] {dagbag.py:587} INFO - Filling up the DagBag from /opt/airflow/dags/226 - lab 1 - ML Forcast.py
[2026-04-19T22:32:58.418+0000] {processor.py:925} INFO - DAG(s) 'ML_forecast' retrieved from /opt/airflow/dags/226 - lab 1 - ML Forcast.py
[2026-04-19T22:32:58.453+0000] {logging_mixin.py:190} INFO - [2026-04-19T22:32:58.452+0000] {dag.py:3229} INFO - Sync 1 DAGs
[2026-04-19T22:32:58.481+0000] {logging_mixin.py:190} INFO - [2026-04-19T22:32:58.481+0000] {dag.py:4156} INFO - Setting next_dagrun for ML_forecast to 2026-04-18 07:30:00+00:00, run_after=2026-04-19 07:30:00+00:00
[2026-04-19T22:32:58.502+0000] {processor.py:208} INFO - Processing /opt/airflow/dags/226 - lab 1 - ML Forcast.py took 0.121 seconds
[2026-04-19T22:33:28.786+0000] {processor.py:186} INFO - Started process (PID=1438) to work on /opt/airflow/dags/226 - lab 1 - ML Forcast.py
[2026-04-19T22:33:28.787+0000] {processor.py:914} INFO - Processing file /opt/airflow/dags/226 - lab 1 - ML Forcast.py for tasks to queue
[2026-04-19T22:33:28.790+0000] {logging_mixin.py:190} INFO - [2026-04-19T22:33:28.789+0000] {dagbag.py:587} INFO - Filling up the DagBag from /opt/airflow/dags/226 - lab 1 - ML Forcast.py
[2026-04-19T22:33:28.810+0000] {processor.py:925} INFO - DAG(s) 'ML_forecast' retrieved from /opt/airflow/dags/226 - lab 1 - ML Forcast.py
[2026-04-19T22:33:28.840+0000] {logging_mixin.py:190} INFO - [2026-04-19T22:33:28.840+0000] {dag.py:3229} INFO - Sync 1 DAGs
[2026-04-19T22:33:28.867+0000] {logging_mixin.py:190} INFO - [2026-04-19T22:33:28.867+0000] {dag.py:4156} INFO - Setting next_dagrun for ML_forecast to 2026-04-18 07:30:00+00:00, run_after=2026-04-19 07:30:00+00:00
[2026-04-19T22:33:28.885+0000] {processor.py:208} INFO - Processing /opt/airflow/dags/226 - lab 1 - ML Forcast.py took 0.104 seconds
[2026-04-19T22:33:59.173+0000] {processor.py:186} INFO - Started process (PID=1490) to work on /opt/airflow/dags/226 - lab 1 - ML Forcast.py
[2026-04-19T22:33:59.174+0000] {processor.py:914} INFO - Processing file /opt/airflow/dags/226 - lab 1 - ML Forcast.py for tasks to queue
[2026-04-19T22:33:59.177+0000] {logging_mixin.py:190} INFO - [2026-04-19T22:33:59.177+0000] {dagbag.py:587} INFO - Filling up the DagBag from /opt/airflow/dags/226 - lab 1 - ML Forcast.py
[2026-04-19T22:33:59.197+0000] {processor.py:925} INFO - DAG(s) 'ML_forecast' retrieved from /opt/airflow/dags/226 - lab 1 - ML Forcast.py
[2026-04-19T22:33:59.226+0000] {logging_mixin.py:190} INFO - [2026-04-19T22:33:59.226+0000] {dag.py:3229} INFO - Sync 1 DAGs
[2026-04-19T22:33:59.250+0000] {logging_mixin.py:190} INFO - [2026-04-19T22:33:59.250+0000] {dag.py:4156} INFO - Setting next_dagrun for ML_forecast to 2026-04-18 07:30:00+00:00, run_after=2026-04-19 07:30:00+00:00
[2026-04-19T22:33:59.268+0000] {processor.py:208} INFO - Processing /opt/airflow/dags/226 - lab 1 - ML Forcast.py took 0.100 seconds
[2026-04-19T22:34:29.732+0000] {processor.py:186} INFO - Started process (PID=1542) to work on /opt/airflow/dags/226 - lab 1 - ML Forcast.py
[2026-04-19T22:34:29.733+0000] {processor.py:914} INFO - Processing file /opt/airflow/dags/226 - lab 1 - ML Forcast.py for tasks to queue
[2026-04-19T22:34:29.735+0000] {logging_mixin.py:190} INFO - [2026-04-19T22:34:29.735+0000] {dagbag.py:587} INFO - Filling up the DagBag from /opt/airflow/dags/226 - lab 1 - ML Forcast.py
[2026-04-19T22:34:29.756+0000] {processor.py:925} INFO - DAG(s) 'ML_forecast' retrieved from /opt/airflow/dags/226 - lab 1 - ML Forcast.py
[2026-04-19T22:34:29.786+0000] {logging_mixin.py:190} INFO - [2026-04-19T22:34:29.785+0000] {dag.py:3229} INFO - Sync 1 DAGs
[2026-04-19T22:34:29.810+0000] {logging_mixin.py:190} INFO - [2026-04-19T22:34:29.810+0000] {dag.py:4156} INFO - Setting next_dagrun for ML_forecast to 2026-04-18 07:30:00+00:00, run_after=2026-04-19 07:30:00+00:00
[2026-04-19T22:34:29.827+0000] {processor.py:208} INFO - Processing /opt/airflow/dags/226 - lab 1 - ML Forcast.py took 0.100 seconds
[2026-04-19T22:35:00.762+0000] {processor.py:186} INFO - Started process (PID=1594) to work on /opt/airflow/dags/226 - lab 1 - ML Forcast.py
[2026-04-19T22:35:00.763+0000] {processor.py:914} INFO - Processing file /opt/airflow/dags/226 - lab 1 - ML Forcast.py for tasks to queue
[2026-04-19T22:35:00.765+0000] {logging_mixin.py:190} INFO - [2026-04-19T22:35:00.765+0000] {dagbag.py:587} INFO - Filling up the DagBag from /opt/airflow/dags/226 - lab 1 - ML Forcast.py
[2026-04-19T22:35:00.787+0000] {processor.py:925} INFO - DAG(s) 'ML_forecast' retrieved from /opt/airflow/dags/226 - lab 1 - ML Forcast.py
[2026-04-19T22:35:00.825+0000] {logging_mixin.py:190} INFO - [2026-04-19T22:35:00.824+0000] {dag.py:3229} INFO - Sync 1 DAGs
[2026-04-19T22:35:00.853+0000] {logging_mixin.py:190} INFO - [2026-04-19T22:35:00.853+0000] {dag.py:4156} INFO - Setting next_dagrun for ML_forecast to 2026-04-18 07:30:00+00:00, run_after=2026-04-19 07:30:00+00:00
[2026-04-19T22:35:00.871+0000] {processor.py:208} INFO - Processing /opt/airflow/dags/226 - lab 1 - ML Forcast.py took 0.116 seconds
[2026-04-19T22:35:31.346+0000] {processor.py:186} INFO - Started process (PID=1646) to work on /opt/airflow/dags/226 - lab 1 - ML Forcast.py
[2026-04-19T22:35:31.347+0000] {processor.py:914} INFO - Processing file /opt/airflow/dags/226 - lab 1 - ML Forcast.py for tasks to queue
[2026-04-19T22:35:31.350+0000] {logging_mixin.py:190} INFO - [2026-04-19T22:35:31.350+0000] {dagbag.py:587} INFO - Filling up the DagBag from /opt/airflow/dags/226 - lab 1 - ML Forcast.py
[2026-04-19T22:35:31.370+0000] {processor.py:925} INFO - DAG(s) 'ML_forecast' retrieved from /opt/airflow/dags/226 - lab 1 - ML Forcast.py
[2026-04-19T22:35:31.407+0000] {logging_mixin.py:190} INFO - [2026-04-19T22:35:31.406+0000] {dag.py:3229} INFO - Sync 1 DAGs
[2026-04-19T22:35:31.434+0000] {logging_mixin.py:190} INFO - [2026-04-19T22:35:31.434+0000] {dag.py:4156} INFO - Setting next_dagrun for ML_forecast to 2026-04-18 07:30:00+00:00, run_after=2026-04-19 07:30:00+00:00
[2026-04-19T22:35:31.452+0000] {processor.py:208} INFO - Processing /opt/airflow/dags/226 - lab 1 - ML Forcast.py took 0.111 seconds
[2026-04-19T22:36:01.897+0000] {processor.py:186} INFO - Started process (PID=1698) to work on /opt/airflow/dags/226 - lab 1 - ML Forcast.py
[2026-04-19T22:36:01.898+0000] {processor.py:914} INFO - Processing file /opt/airflow/dags/226 - lab 1 - ML Forcast.py for tasks to queue
[2026-04-19T22:36:01.901+0000] {logging_mixin.py:190} INFO - [2026-04-19T22:36:01.900+0000] {dagbag.py:587} INFO - Filling up the DagBag from /opt/airflow/dags/226 - lab 1 - ML Forcast.py
[2026-04-19T22:36:01.920+0000] {processor.py:925} INFO - DAG(s) 'ML_forecast' retrieved from /opt/airflow/dags/226 - lab 1 - ML Forcast.py
[2026-04-19T22:36:01.947+0000] {logging_mixin.py:190} INFO - [2026-04-19T22:36:01.947+0000] {dag.py:3229} INFO - Sync 1 DAGs
[2026-04-19T22:36:01.972+0000] {logging_mixin.py:190} INFO - [2026-04-19T22:36:01.972+0000] {dag.py:4156} INFO - Setting next_dagrun for ML_forecast to 2026-04-18 07:30:00+00:00, run_after=2026-04-19 07:30:00+00:00
[2026-04-19T22:36:01.989+0000] {processor.py:208} INFO - Processing /opt/airflow/dags/226 - lab 1 - ML Forcast.py took 0.098 seconds
[2026-04-19T22:36:32.639+0000] {processor.py:186} INFO - Started process (PID=1756) to work on /opt/airflow/dags/226 - lab 1 - ML Forcast.py
[2026-04-19T22:36:32.640+0000] {processor.py:914} INFO - Processing file /opt/airflow/dags/226 - lab 1 - ML Forcast.py for tasks to queue
[2026-04-19T22:36:32.642+0000] {logging_mixin.py:190} INFO - [2026-04-19T22:36:32.642+0000] {dagbag.py:587} INFO - Filling up the DagBag from /opt/airflow/dags/226 - lab 1 - ML Forcast.py
[2026-04-19T22:36:32.662+0000] {processor.py:925} INFO - DAG(s) 'ML_forecast' retrieved from /opt/airflow/dags/226 - lab 1 - ML Forcast.py
[2026-04-19T22:36:32.692+0000] {logging_mixin.py:190} INFO - [2026-04-19T22:36:32.691+0000] {dag.py:3229} INFO - Sync 1 DAGs
[2026-04-19T22:36:32.716+0000] {logging_mixin.py:190} INFO - [2026-04-19T22:36:32.716+0000] {dag.py:4156} INFO - Setting next_dagrun for ML_forecast to 2026-04-18 07:30:00+00:00, run_after=2026-04-19 07:30:00+00:00
[2026-04-19T22:36:32.733+0000] {processor.py:208} INFO - Processing /opt/airflow/dags/226 - lab 1 - ML Forcast.py took 0.100 seconds
[2026-04-19T22:37:03.320+0000] {processor.py:186} INFO - Started process (PID=1808) to work on /opt/airflow/dags/226 - lab 1 - ML Forcast.py
[2026-04-19T22:37:03.322+0000] {processor.py:914} INFO - Processing file /opt/airflow/dags/226 - lab 1 - ML Forcast.py for tasks to queue
[2026-04-19T22:37:03.324+0000] {logging_mixin.py:190} INFO - [2026-04-19T22:37:03.324+0000] {dagbag.py:587} INFO - Filling up the DagBag from /opt/airflow/dags/226 - lab 1 - ML Forcast.py
[2026-04-19T22:37:03.344+0000] {processor.py:925} INFO - DAG(s) 'ML_forecast' retrieved from /opt/airflow/dags/226 - lab 1 - ML Forcast.py
[2026-04-19T22:37:03.375+0000] {logging_mixin.py:190} INFO - [2026-04-19T22:37:03.375+0000] {dag.py:3229} INFO - Sync 1 DAGs
[2026-04-19T22:37:03.398+0000] {logging_mixin.py:190} INFO - [2026-04-19T22:37:03.398+0000] {dag.py:4156} INFO - Setting next_dagrun for ML_forecast to 2026-04-18 07:30:00+00:00, run_after=2026-04-19 07:30:00+00:00
[2026-04-19T22:37:03.415+0000] {processor.py:208} INFO - Processing /opt/airflow/dags/226 - lab 1 - ML Forcast.py took 0.100 seconds
[2026-04-19T22:37:33.718+0000] {processor.py:186} INFO - Started process (PID=1861) to work on /opt/airflow/dags/226 - lab 1 - ML Forcast.py
[2026-04-19T22:37:33.719+0000] {processor.py:914} INFO - Processing file /opt/airflow/dags/226 - lab 1 - ML Forcast.py for tasks to queue
[2026-04-19T22:37:33.722+0000] {logging_mixin.py:190} INFO - [2026-04-19T22:37:33.722+0000] {dagbag.py:587} INFO - Filling up the DagBag from /opt/airflow/dags/226 - lab 1 - ML Forcast.py
[2026-04-19T22:37:33.741+0000] {processor.py:925} INFO - DAG(s) 'ML_forecast' retrieved from /opt/airflow/dags/226 - lab 1 - ML Forcast.py
[2026-04-19T22:37:33.770+0000] {logging_mixin.py:190} INFO - [2026-04-19T22:37:33.770+0000] {dag.py:3229} INFO - Sync 1 DAGs
[2026-04-19T22:37:33.795+0000] {logging_mixin.py:190} INFO - [2026-04-19T22:37:33.795+0000] {dag.py:4156} INFO - Setting next_dagrun for ML_forecast to 2026-04-18 07:30:00+00:00, run_after=2026-04-19 07:30:00+00:00
[2026-04-19T22:37:33.813+0000] {processor.py:208} INFO - Processing /opt/airflow/dags/226 - lab 1 - ML Forcast.py took 0.100 seconds
[2026-04-19T22:38:04.171+0000] {processor.py:186} INFO - Started process (PID=1913) to work on /opt/airflow/dags/226 - lab 1 - ML Forcast.py
[2026-04-19T22:38:04.172+0000] {processor.py:914} INFO - Processing file /opt/airflow/dags/226 - lab 1 - ML Forcast.py for tasks to queue
[2026-04-19T22:38:04.174+0000] {logging_mixin.py:190} INFO - [2026-04-19T22:38:04.174+0000] {dagbag.py:587} INFO - Filling up the DagBag from /opt/airflow/dags/226 - lab 1 - ML Forcast.py
[2026-04-19T22:38:04.194+0000] {processor.py:925} INFO - DAG(s) 'ML_forecast' retrieved from /opt/airflow/dags/226 - lab 1 - ML Forcast.py
[2026-04-19T22:38:04.224+0000] {logging_mixin.py:190} INFO - [2026-04-19T22:38:04.223+0000] {dag.py:3229} INFO - Sync 1 DAGs
[2026-04-19T22:38:04.247+0000] {logging_mixin.py:190} INFO - [2026-04-19T22:38:04.247+0000] {dag.py:4156} INFO - Setting next_dagrun for ML_forecast to 2026-04-18 07:30:00+00:00, run_after=2026-04-19 07:30:00+00:00
[2026-04-19T22:38:04.264+0000] {processor.py:208} INFO - Processing /opt/airflow/dags/226 - lab 1 - ML Forcast.py took 0.099 seconds
[2026-04-19T22:38:34.562+0000] {processor.py:186} INFO - Started process (PID=1965) to work on /opt/airflow/dags/226 - lab 1 - ML Forcast.py
[2026-04-19T22:38:34.563+0000] {processor.py:914} INFO - Processing file /opt/airflow/dags/226 - lab 1 - ML Forcast.py for tasks to queue
[2026-04-19T22:38:34.566+0000] {logging_mixin.py:190} INFO - [2026-04-19T22:38:34.565+0000] {dagbag.py:587} INFO - Filling up the DagBag from /opt/airflow/dags/226 - lab 1 - ML Forcast.py
[2026-04-19T22:38:34.586+0000] {processor.py:925} INFO - DAG(s) 'ML_forecast' retrieved from /opt/airflow/dags/226 - lab 1 - ML Forcast.py
[2026-04-19T22:38:34.615+0000] {logging_mixin.py:190} INFO - [2026-04-19T22:38:34.615+0000] {dag.py:3229} INFO - Sync 1 DAGs
[2026-04-19T22:38:34.639+0000] {logging_mixin.py:190} INFO - [2026-04-19T22:38:34.639+0000] {dag.py:4156} INFO - Setting next_dagrun for ML_forecast to 2026-04-18 07:30:00+00:00, run_after=2026-04-19 07:30:00+00:00
[2026-04-19T22:38:34.656+0000] {processor.py:208} INFO - Processing /opt/airflow/dags/226 - lab 1 - ML Forcast.py took 0.100 seconds
[2026-04-19T22:39:05.075+0000] {processor.py:186} INFO - Started process (PID=2017) to work on /opt/airflow/dags/226 - lab 1 - ML Forcast.py
[2026-04-19T22:39:05.076+0000] {processor.py:914} INFO - Processing file /opt/airflow/dags/226 - lab 1 - ML Forcast.py for tasks to queue
[2026-04-19T22:39:05.079+0000] {logging_mixin.py:190} INFO - [2026-04-19T22:39:05.079+0000] {dagbag.py:587} INFO - Filling up the DagBag from /opt/airflow/dags/226 - lab 1 - ML Forcast.py
[2026-04-19T22:39:05.098+0000] {processor.py:925} INFO - DAG(s) 'ML_forecast' retrieved from /opt/airflow/dags/226 - lab 1 - ML Forcast.py
[2026-04-19T22:39:05.128+0000] {logging_mixin.py:190} INFO - [2026-04-19T22:39:05.128+0000] {dag.py:3229} INFO - Sync 1 DAGs
[2026-04-19T22:39:05.152+0000] {logging_mixin.py:190} INFO - [2026-04-19T22:39:05.152+0000] {dag.py:4156} INFO - Setting next_dagrun for ML_forecast to 2026-04-18 07:30:00+00:00, run_after=2026-04-19 07:30:00+00:00
[2026-04-19T22:39:05.169+0000] {processor.py:208} INFO - Processing /opt/airflow/dags/226 - lab 1 - ML Forcast.py took 0.099 seconds
[2026-04-19T22:39:35.412+0000] {processor.py:186} INFO - Started process (PID=2069) to work on /opt/airflow/dags/226 - lab 1 - ML Forcast.py
[2026-04-19T22:39:35.413+0000] {processor.py:914} INFO - Processing file /opt/airflow/dags/226 - lab 1 - ML Forcast.py for tasks to queue
[2026-04-19T22:39:35.415+0000] {logging_mixin.py:190} INFO - [2026-04-19T22:39:35.415+0000] {dagbag.py:587} INFO - Filling up the DagBag from /opt/airflow/dags/226 - lab 1 - ML Forcast.py
[2026-04-19T22:39:35.435+0000] {processor.py:925} INFO - DAG(s) 'ML_forecast' retrieved from /opt/airflow/dags/226 - lab 1 - ML Forcast.py
[2026-04-19T22:39:35.465+0000] {logging_mixin.py:190} INFO - [2026-04-19T22:39:35.464+0000] {dag.py:3229} INFO - Sync 1 DAGs
[2026-04-19T22:39:35.496+0000] {logging_mixin.py:190} INFO - [2026-04-19T22:39:35.496+0000] {dag.py:4156} INFO - Setting next_dagrun for ML_forecast to 2026-04-18 07:30:00+00:00, run_after=2026-04-19 07:30:00+00:00
[2026-04-19T22:39:35.517+0000] {processor.py:208} INFO - Processing /opt/airflow/dags/226 - lab 1 - ML Forcast.py took 0.111 seconds
[2026-04-19T22:40:05.947+0000] {processor.py:186} INFO - Started process (PID=2121) to work on /opt/airflow/dags/226 - lab 1 - ML Forcast.py
[2026-04-19T22:40:05.948+0000] {processor.py:914} INFO - Processing file /opt/airflow/dags/226 - lab 1 - ML Forcast.py for tasks to queue
[2026-04-19T22:40:05.951+0000] {logging_mixin.py:190} INFO - [2026-04-19T22:40:05.950+0000] {dagbag.py:587} INFO - Filling up the DagBag from /opt/airflow/dags/226 - lab 1 - ML Forcast.py
[2026-04-19T22:40:05.970+0000] {processor.py:925} INFO - DAG(s) 'ML_forecast' retrieved from /opt/airflow/dags/226 - lab 1 - ML Forcast.py
[2026-04-19T22:40:05.999+0000] {logging_mixin.py:190} INFO - [2026-04-19T22:40:05.999+0000] {dag.py:3229} INFO - Sync 1 DAGs
[2026-04-19T22:40:06.024+0000] {logging_mixin.py:190} INFO - [2026-04-19T22:40:06.024+0000] {dag.py:4156} INFO - Setting next_dagrun for ML_forecast to 2026-04-18 07:30:00+00:00, run_after=2026-04-19 07:30:00+00:00
[2026-04-19T22:40:06.041+0000] {processor.py:208} INFO - Processing /opt/airflow/dags/226 - lab 1 - ML Forcast.py took 0.100 seconds
[2026-04-19T22:40:36.322+0000] {processor.py:186} INFO - Started process (PID=2173) to work on /opt/airflow/dags/226 - lab 1 - ML Forcast.py
[2026-04-19T22:40:36.323+0000] {processor.py:914} INFO - Processing file /opt/airflow/dags/226 - lab 1 - ML Forcast.py for tasks to queue
[2026-04-19T22:40:36.326+0000] {logging_mixin.py:190} INFO - [2026-04-19T22:40:36.325+0000] {dagbag.py:587} INFO - Filling up the DagBag from /opt/airflow/dags/226 - lab 1 - ML Forcast.py
[2026-04-19T22:40:36.345+0000] {processor.py:925} INFO - DAG(s) 'ML_forecast' retrieved from /opt/airflow/dags/226 - lab 1 - ML Forcast.py
[2026-04-19T22:40:36.373+0000] {logging_mixin.py:190} INFO - [2026-04-19T22:40:36.372+0000] {dag.py:3229} INFO - Sync 1 DAGs
[2026-04-19T22:40:36.396+0000] {logging_mixin.py:190} INFO - [2026-04-19T22:40:36.396+0000] {dag.py:4156} INFO - Setting next_dagrun for ML_forecast to 2026-04-18 07:30:00+00:00, run_after=2026-04-19 07:30:00+00:00
[2026-04-19T22:40:36.413+0000] {processor.py:208} INFO - Processing /opt/airflow/dags/226 - lab 1 - ML Forcast.py took 0.097 seconds
[2026-04-19T22:41:06.631+0000] {processor.py:186} INFO - Started process (PID=2225) to work on /opt/airflow/dags/226 - lab 1 - ML Forcast.py
[2026-04-19T22:41:06.632+0000] {processor.py:914} INFO - Processing file /opt/airflow/dags/226 - lab 1 - ML Forcast.py for tasks to queue
[2026-04-19T22:41:06.635+0000] {logging_mixin.py:190} INFO - [2026-04-19T22:41:06.634+0000] {dagbag.py:587} INFO - Filling up the DagBag from /opt/airflow/dags/226 - lab 1 - ML Forcast.py
[2026-04-19T22:41:06.655+0000] {processor.py:925} INFO - DAG(s) 'ML_forecast' retrieved from /opt/airflow/dags/226 - lab 1 - ML Forcast.py
[2026-04-19T22:41:06.682+0000] {logging_mixin.py:190} INFO - [2026-04-19T22:41:06.682+0000] {dag.py:3229} INFO - Sync 1 DAGs
[2026-04-19T22:41:06.706+0000] {logging_mixin.py:190} INFO - [2026-04-19T22:41:06.706+0000] {dag.py:4156} INFO - Setting next_dagrun for ML_forecast to 2026-04-18 07:30:00+00:00, run_after=2026-04-19 07:30:00+00:00
[2026-04-19T22:41:06.724+0000] {processor.py:208} INFO - Processing /opt/airflow/dags/226 - lab 1 - ML Forcast.py took 0.098 seconds
[2026-04-19T22:41:37.523+0000] {processor.py:186} INFO - Started process (PID=2275) to work on /opt/airflow/dags/226 - lab 1 - ML Forcast.py
[2026-04-19T22:41:37.524+0000] {processor.py:914} INFO - Processing file /opt/airflow/dags/226 - lab 1 - ML Forcast.py for tasks to queue
[2026-04-19T22:41:37.528+0000] {logging_mixin.py:190} INFO - [2026-04-19T22:41:37.527+0000] {dagbag.py:587} INFO - Filling up the DagBag from /opt/airflow/dags/226 - lab 1 - ML Forcast.py
[2026-04-19T22:41:37.550+0000] {processor.py:925} INFO - DAG(s) 'ML_forecast' retrieved from /opt/airflow/dags/226 - lab 1 - ML Forcast.py
[2026-04-19T22:41:37.581+0000] {logging_mixin.py:190} INFO - [2026-04-19T22:41:37.580+0000] {dag.py:3229} INFO - Sync 1 DAGs
[2026-04-19T22:41:37.605+0000] {logging_mixin.py:190} INFO - [2026-04-19T22:41:37.605+0000] {dag.py:4156} INFO - Setting next_dagrun for ML_forecast to 2026-04-18 07:30:00+00:00, run_after=2026-04-19 07:30:00+00:00
[2026-04-19T22:41:37.624+0000] {processor.py:208} INFO - Processing /opt/airflow/dags/226 - lab 1 - ML Forcast.py took 0.107 seconds
[2026-04-19T22:42:07.775+0000] {processor.py:186} INFO - Started process (PID=2308) to work on /opt/airflow/dags/226 - lab 1 - ML Forcast.py
[2026-04-19T22:42:07.776+0000] {processor.py:914} INFO - Processing file /opt/airflow/dags/226 - lab 1 - ML Forcast.py for tasks to queue
[2026-04-19T22:42:07.778+0000] {logging_mixin.py:190} INFO - [2026-04-19T22:42:07.778+0000] {dagbag.py:587} INFO - Filling up the DagBag from /opt/airflow/dags/226 - lab 1 - ML Forcast.py
[2026-04-19T22:42:07.799+0000] {processor.py:925} INFO - DAG(s) 'ML_forecast' retrieved from /opt/airflow/dags/226 - lab 1 - ML Forcast.py
[2026-04-19T22:42:07.824+0000] {logging_mixin.py:190} INFO - [2026-04-19T22:42:07.824+0000] {dag.py:3229} INFO - Sync 1 DAGs
[2026-04-19T22:42:07.848+0000] {logging_mixin.py:190} INFO - [2026-04-19T22:42:07.848+0000] {dag.py:4156} INFO - Setting next_dagrun for ML_forecast to 2026-04-18 07:30:00+00:00, run_after=2026-04-19 07:30:00+00:00
[2026-04-19T22:42:07.866+0000] {processor.py:208} INFO - Processing /opt/airflow/dags/226 - lab 1 - ML Forcast.py took 0.097 seconds
[2026-04-19T22:42:38.502+0000] {processor.py:186} INFO - Started process (PID=2360) to work on /opt/airflow/dags/226 - lab 1 - ML Forcast.py
[2026-04-19T22:42:38.503+0000] {processor.py:914} INFO - Processing file /opt/airflow/dags/226 - lab 1 - ML Forcast.py for tasks to queue
[2026-04-19T22:42:38.505+0000] {logging_mixin.py:190} INFO - [2026-04-19T22:42:38.505+0000] {dagbag.py:587} INFO - Filling up the DagBag from /opt/airflow/dags/226 - lab 1 - ML Forcast.py
[2026-04-19T22:42:38.525+0000] {processor.py:925} INFO - DAG(s) 'ML_forecast' retrieved from /opt/airflow/dags/226 - lab 1 - ML Forcast.py
[2026-04-19T22:42:38.553+0000] {logging_mixin.py:190} INFO - [2026-04-19T22:42:38.552+0000] {dag.py:3229} INFO - Sync 1 DAGs
[2026-04-19T22:42:38.577+0000] {logging_mixin.py:190} INFO - [2026-04-19T22:42:38.577+0000] {dag.py:4156} INFO - Setting next_dagrun for ML_forecast to 2026-04-18 07:30:00+00:00, run_after=2026-04-19 07:30:00+00:00
[2026-04-19T22:42:38.594+0000] {processor.py:208} INFO - Processing /opt/airflow/dags/226 - lab 1 - ML Forcast.py took 0.098 seconds
[2026-04-19T22:43:09.003+0000] {processor.py:186} INFO - Started process (PID=2412) to work on /opt/airflow/dags/226 - lab 1 - ML Forcast.py
[2026-04-19T22:43:09.004+0000] {processor.py:914} INFO - Processing file /opt/airflow/dags/226 - lab 1 - ML Forcast.py for tasks to queue
[2026-04-19T22:43:09.007+0000] {logging_mixin.py:190} INFO - [2026-04-19T22:43:09.006+0000] {dagbag.py:587} INFO - Filling up the DagBag from /opt/airflow/dags/226 - lab 1 - ML Forcast.py
[2026-04-19T22:43:09.031+0000] {processor.py:925} INFO - DAG(s) 'ML_forecast' retrieved from /opt/airflow/dags/226 - lab 1 - ML Forcast.py
[2026-04-19T22:43:09.064+0000] {logging_mixin.py:190} INFO - [2026-04-19T22:43:09.063+0000] {dag.py:3229} INFO - Sync 1 DAGs
[2026-04-19T22:43:09.089+0000] {logging_mixin.py:190} INFO - [2026-04-19T22:43:09.089+0000] {dag.py:4156} INFO - Setting next_dagrun for ML_forecast to 2026-04-18 07:30:00+00:00, run_after=2026-04-19 07:30:00+00:00
[2026-04-19T22:43:09.106+0000] {processor.py:208} INFO - Processing /opt/airflow/dags/226 - lab 1 - ML Forcast.py took 0.109 seconds
[2026-04-19T22:43:39.491+0000] {processor.py:186} INFO - Started process (PID=2464) to work on /opt/airflow/dags/226 - lab 1 - ML Forcast.py
[2026-04-19T22:43:39.493+0000] {processor.py:914} INFO - Processing file /opt/airflow/dags/226 - lab 1 - ML Forcast.py for tasks to queue
[2026-04-19T22:43:39.495+0000] {logging_mixin.py:190} INFO - [2026-04-19T22:43:39.495+0000] {dagbag.py:587} INFO - Filling up the DagBag from /opt/airflow/dags/226 - lab 1 - ML Forcast.py
[2026-04-19T22:43:39.516+0000] {processor.py:925} INFO - DAG(s) 'ML_forecast' retrieved from /opt/airflow/dags/226 - lab 1 - ML Forcast.py
[2026-04-19T22:43:39.545+0000] {logging_mixin.py:190} INFO - [2026-04-19T22:43:39.544+0000] {dag.py:3229} INFO - Sync 1 DAGs
[2026-04-19T22:43:39.569+0000] {logging_mixin.py:190} INFO - [2026-04-19T22:43:39.569+0000] {dag.py:4156} INFO - Setting next_dagrun for ML_forecast to 2026-04-18 07:30:00+00:00, run_after=2026-04-19 07:30:00+00:00
[2026-04-19T22:43:39.586+0000] {processor.py:208} INFO - Processing /opt/airflow/dags/226 - lab 1 - ML Forcast.py took 0.100 seconds
[2026-04-19T22:44:09.810+0000] {processor.py:186} INFO - Started process (PID=2516) to work on /opt/airflow/dags/226 - lab 1 - ML Forcast.py
[2026-04-19T22:44:09.811+0000] {processor.py:914} INFO - Processing file /opt/airflow/dags/226 - lab 1 - ML Forcast.py for tasks to queue
[2026-04-19T22:44:09.813+0000] {logging_mixin.py:190} INFO - [2026-04-19T22:44:09.813+0000] {dagbag.py:587} INFO - Filling up the DagBag from /opt/airflow/dags/226 - lab 1 - ML Forcast.py
[2026-04-19T22:44:09.832+0000] {processor.py:925} INFO - DAG(s) 'ML_forecast' retrieved from /opt/airflow/dags/226 - lab 1 - ML Forcast.py
[2026-04-19T22:44:09.862+0000] {logging_mixin.py:190} INFO - [2026-04-19T22:44:09.861+0000] {dag.py:3229} INFO - Sync 1 DAGs
[2026-04-19T22:44:09.885+0000] {logging_mixin.py:190} INFO - [2026-04-19T22:44:09.884+0000] {dag.py:4156} INFO - Setting next_dagrun for ML_forecast to 2026-04-18 07:30:00+00:00, run_after=2026-04-19 07:30:00+00:00
[2026-04-19T22:44:09.900+0000] {processor.py:208} INFO - Processing /opt/airflow/dags/226 - lab 1 - ML Forcast.py took 0.096 seconds
[2026-04-19T22:44:40.484+0000] {processor.py:186} INFO - Started process (PID=2568) to work on /opt/airflow/dags/226 - lab 1 - ML Forcast.py
[2026-04-19T22:44:40.485+0000] {processor.py:914} INFO - Processing file /opt/airflow/dags/226 - lab 1 - ML Forcast.py for tasks to queue
[2026-04-19T22:44:40.487+0000] {logging_mixin.py:190} INFO - [2026-04-19T22:44:40.487+0000] {dagbag.py:587} INFO - Filling up the DagBag from /opt/airflow/dags/226 - lab 1 - ML Forcast.py
[2026-04-19T22:44:40.508+0000] {processor.py:925} INFO - DAG(s) 'ML_forecast' retrieved from /opt/airflow/dags/226 - lab 1 - ML Forcast.py
[2026-04-19T22:44:40.534+0000] {logging_mixin.py:190} INFO - [2026-04-19T22:44:40.534+0000] {dag.py:3229} INFO - Sync 1 DAGs
[2026-04-19T22:44:40.557+0000] {logging_mixin.py:190} INFO - [2026-04-19T22:44:40.557+0000] {dag.py:4156} INFO - Setting next_dagrun for ML_forecast to 2026-04-18 07:30:00+00:00, run_after=2026-04-19 07:30:00+00:00
[2026-04-19T22:44:40.573+0000] {processor.py:208} INFO - Processing /opt/airflow/dags/226 - lab 1 - ML Forcast.py took 0.094 seconds
[2026-04-19T22:45:10.858+0000] {processor.py:186} INFO - Started process (PID=2620) to work on /opt/airflow/dags/226 - lab 1 - ML Forcast.py
[2026-04-19T22:45:10.859+0000] {processor.py:914} INFO - Processing file /opt/airflow/dags/226 - lab 1 - ML Forcast.py for tasks to queue
[2026-04-19T22:45:10.861+0000] {logging_mixin.py:190} INFO - [2026-04-19T22:45:10.861+0000] {dagbag.py:587} INFO - Filling up the DagBag from /opt/airflow/dags/226 - lab 1 - ML Forcast.py
[2026-04-19T22:45:10.882+0000] {processor.py:925} INFO - DAG(s) 'ML_forecast' retrieved from /opt/airflow/dags/226 - lab 1 - ML Forcast.py
[2026-04-19T22:45:10.907+0000] {logging_mixin.py:190} INFO - [2026-04-19T22:45:10.907+0000] {dag.py:3229} INFO - Sync 1 DAGs
[2026-04-19T22:45:10.930+0000] {logging_mixin.py:190} INFO - [2026-04-19T22:45:10.930+0000] {dag.py:4156} INFO - Setting next_dagrun for ML_forecast to 2026-04-18 07:30:00+00:00, run_after=2026-04-19 07:30:00+00:00
[2026-04-19T22:45:10.946+0000] {processor.py:208} INFO - Processing /opt/airflow/dags/226 - lab 1 - ML Forcast.py took 0.095 seconds
[2026-04-19T22:45:41.499+0000] {processor.py:186} INFO - Started process (PID=2672) to work on /opt/airflow/dags/226 - lab 1 - ML Forcast.py
[2026-04-19T22:45:41.500+0000] {processor.py:914} INFO - Processing file /opt/airflow/dags/226 - lab 1 - ML Forcast.py for tasks to queue
[2026-04-19T22:45:41.503+0000] {logging_mixin.py:190} INFO - [2026-04-19T22:45:41.503+0000] {dagbag.py:587} INFO - Filling up the DagBag from /opt/airflow/dags/226 - lab 1 - ML Forcast.py
[2026-04-19T22:45:41.524+0000] {processor.py:925} INFO - DAG(s) 'ML_forecast' retrieved from /opt/airflow/dags/226 - lab 1 - ML Forcast.py
[2026-04-19T22:45:41.552+0000] {logging_mixin.py:190} INFO - [2026-04-19T22:45:41.551+0000] {dag.py:3229} INFO - Sync 1 DAGs
[2026-04-19T22:45:41.576+0000] {logging_mixin.py:190} INFO - [2026-04-19T22:45:41.576+0000] {dag.py:4156} INFO - Setting next_dagrun for ML_forecast to 2026-04-18 07:30:00+00:00, run_after=2026-04-19 07:30:00+00:00
[2026-04-19T22:45:41.595+0000] {processor.py:208} INFO - Processing /opt/airflow/dags/226 - lab 1 - ML Forcast.py took 0.104 seconds
[2026-04-19T22:46:11.850+0000] {processor.py:186} INFO - Started process (PID=2724) to work on /opt/airflow/dags/226 - lab 1 - ML Forcast.py
[2026-04-19T22:46:11.851+0000] {processor.py:914} INFO - Processing file /opt/airflow/dags/226 - lab 1 - ML Forcast.py for tasks to queue
[2026-04-19T22:46:11.853+0000] {logging_mixin.py:190} INFO - [2026-04-19T22:46:11.853+0000] {dagbag.py:587} INFO - Filling up the DagBag from /opt/airflow/dags/226 - lab 1 - ML Forcast.py
[2026-04-19T22:46:11.872+0000] {processor.py:925} INFO - DAG(s) 'ML_forecast' retrieved from /opt/airflow/dags/226 - lab 1 - ML Forcast.py
[2026-04-19T22:46:11.901+0000] {logging_mixin.py:190} INFO - [2026-04-19T22:46:11.901+0000] {dag.py:3229} INFO - Sync 1 DAGs
[2026-04-19T22:46:11.924+0000] {logging_mixin.py:190} INFO - [2026-04-19T22:46:11.924+0000] {dag.py:4156} INFO - Setting next_dagrun for ML_forecast to 2026-04-18 07:30:00+00:00, run_after=2026-04-19 07:30:00+00:00
[2026-04-19T22:46:11.940+0000] {processor.py:208} INFO - Processing /opt/airflow/dags/226 - lab 1 - ML Forcast.py took 0.096 seconds
[2026-04-19T22:46:42.272+0000] {processor.py:186} INFO - Started process (PID=2776) to work on /opt/airflow/dags/226 - lab 1 - ML Forcast.py
[2026-04-19T22:46:42.273+0000] {processor.py:914} INFO - Processing file /opt/airflow/dags/226 - lab 1 - ML Forcast.py for tasks to queue
[2026-04-19T22:46:42.276+0000] {logging_mixin.py:190} INFO - [2026-04-19T22:46:42.275+0000] {dagbag.py:587} INFO - Filling up the DagBag from /opt/airflow/dags/226 - lab 1 - ML Forcast.py
[2026-04-19T22:46:42.296+0000] {processor.py:925} INFO - DAG(s) 'ML_forecast' retrieved from /opt/airflow/dags/226 - lab 1 - ML Forcast.py
[2026-04-19T22:46:42.325+0000] {logging_mixin.py:190} INFO - [2026-04-19T22:46:42.324+0000] {dag.py:3229} INFO - Sync 1 DAGs
[2026-04-19T22:46:42.348+0000] {logging_mixin.py:190} INFO - [2026-04-19T22:46:42.348+0000] {dag.py:4156} INFO - Setting next_dagrun for ML_forecast to 2026-04-18 07:30:00+00:00, run_after=2026-04-19 07:30:00+00:00
[2026-04-19T22:46:42.364+0000] {processor.py:208} INFO - Processing /opt/airflow/dags/226 - lab 1 - ML Forcast.py took 0.098 seconds
[2026-04-19T22:47:12.635+0000] {processor.py:186} INFO - Started process (PID=2834) to work on /opt/airflow/dags/226 - lab 1 - ML Forcast.py
[2026-04-19T22:47:12.636+0000] {processor.py:914} INFO - Processing file /opt/airflow/dags/226 - lab 1 - ML Forcast.py for tasks to queue
[2026-04-19T22:47:12.639+0000] {logging_mixin.py:190} INFO - [2026-04-19T22:47:12.638+0000] {dagbag.py:587} INFO - Filling up the DagBag from /opt/airflow/dags/226 - lab 1 - ML Forcast.py
[2026-04-19T22:47:12.658+0000] {processor.py:925} INFO - DAG(s) 'ML_forecast' retrieved from /opt/airflow/dags/226 - lab 1 - ML Forcast.py
[2026-04-19T22:47:12.688+0000] {logging_mixin.py:190} INFO - [2026-04-19T22:47:12.687+0000] {dag.py:3229} INFO - Sync 1 DAGs
[2026-04-19T22:47:12.712+0000] {logging_mixin.py:190} INFO - [2026-04-19T22:47:12.711+0000] {dag.py:4156} INFO - Setting next_dagrun for ML_forecast to 2026-04-18 07:30:00+00:00, run_after=2026-04-19 07:30:00+00:00
[2026-04-19T22:47:12.728+0000] {processor.py:208} INFO - Processing /opt/airflow/dags/226 - lab 1 - ML Forcast.py took 0.098 seconds
[2026-04-19T22:47:43.263+0000] {processor.py:186} INFO - Started process (PID=2886) to work on /opt/airflow/dags/226 - lab 1 - ML Forcast.py
[2026-04-19T22:47:43.264+0000] {processor.py:914} INFO - Processing file /opt/airflow/dags/226 - lab 1 - ML Forcast.py for tasks to queue
[2026-04-19T22:47:43.266+0000] {logging_mixin.py:190} INFO - [2026-04-19T22:47:43.266+0000] {dagbag.py:587} INFO - Filling up the DagBag from /opt/airflow/dags/226 - lab 1 - ML Forcast.py
[2026-04-19T22:47:43.286+0000] {processor.py:925} INFO - DAG(s) 'ML_forecast' retrieved from /opt/airflow/dags/226 - lab 1 - ML Forcast.py
[2026-04-19T22:47:43.317+0000] {logging_mixin.py:190} INFO - [2026-04-19T22:47:43.316+0000] {dag.py:3229} INFO - Sync 1 DAGs
[2026-04-19T22:47:43.341+0000] {logging_mixin.py:190} INFO - [2026-04-19T22:47:43.341+0000] {dag.py:4156} INFO - Setting next_dagrun for ML_forecast to 2026-04-18 07:30:00+00:00, run_after=2026-04-19 07:30:00+00:00
[2026-04-19T22:47:43.358+0000] {processor.py:208} INFO - Processing /opt/airflow/dags/226 - lab 1 - ML Forcast.py took 0.101 seconds
[2026-04-19T22:48:13.895+0000] {processor.py:186} INFO - Started process (PID=2938) to work on /opt/airflow/dags/226 - lab 1 - ML Forcast.py
[2026-04-19T22:48:13.896+0000] {processor.py:914} INFO - Processing file /opt/airflow/dags/226 - lab 1 - ML Forcast.py for tasks to queue
[2026-04-19T22:48:13.898+0000] {logging_mixin.py:190} INFO - [2026-04-19T22:48:13.898+0000] {dagbag.py:587} INFO - Filling up the DagBag from /opt/airflow/dags/226 - lab 1 - ML Forcast.py
[2026-04-19T22:48:13.917+0000] {processor.py:925} INFO - DAG(s) 'ML_forecast' retrieved from /opt/airflow/dags/226 - lab 1 - ML Forcast.py
[2026-04-19T22:48:13.946+0000] {logging_mixin.py:190} INFO - [2026-04-19T22:48:13.946+0000] {dag.py:3229} INFO - Sync 1 DAGs
[2026-04-19T22:48:13.972+0000] {logging_mixin.py:190} INFO - [2026-04-19T22:48:13.972+0000] {dag.py:4156} INFO - Setting next_dagrun for ML_forecast to 2026-04-18 07:30:00+00:00, run_after=2026-04-19 07:30:00+00:00
[2026-04-19T22:48:13.990+0000] {processor.py:208} INFO - Processing /opt/airflow/dags/226 - lab 1 - ML Forcast.py took 0.100 seconds
[2026-04-19T22:48:44.396+0000] {processor.py:186} INFO - Started process (PID=2990) to work on /opt/airflow/dags/226 - lab 1 - ML Forcast.py
[2026-04-19T22:48:44.397+0000] {processor.py:914} INFO - Processing file /opt/airflow/dags/226 - lab 1 - ML Forcast.py for tasks to queue
[2026-04-19T22:48:44.399+0000] {logging_mixin.py:190} INFO - [2026-04-19T22:48:44.399+0000] {dagbag.py:587} INFO - Filling up the DagBag from /opt/airflow/dags/226 - lab 1 - ML Forcast.py
[2026-04-19T22:48:44.419+0000] {processor.py:925} INFO - DAG(s) 'ML_forecast' retrieved from /opt/airflow/dags/226 - lab 1 - ML Forcast.py
[2026-04-19T22:48:44.447+0000] {logging_mixin.py:190} INFO - [2026-04-19T22:48:44.446+0000] {dag.py:3229} INFO - Sync 1 DAGs
[2026-04-19T22:48:44.472+0000] {logging_mixin.py:190} INFO - [2026-04-19T22:48:44.471+0000] {dag.py:4156} INFO - Setting next_dagrun for ML_forecast to 2026-04-18 07:30:00+00:00, run_after=2026-04-19 07:30:00+00:00
[2026-04-19T22:48:44.489+0000] {processor.py:208} INFO - Processing /opt/airflow/dags/226 - lab 1 - ML Forcast.py took 0.098 seconds
[2026-04-19T22:49:14.831+0000] {processor.py:186} INFO - Started process (PID=3042) to work on /opt/airflow/dags/226 - lab 1 - ML Forcast.py
[2026-04-19T22:49:14.832+0000] {processor.py:914} INFO - Processing file /opt/airflow/dags/226 - lab 1 - ML Forcast.py for tasks to queue
[2026-04-19T22:49:14.834+0000] {logging_mixin.py:190} INFO - [2026-04-19T22:49:14.834+0000] {dagbag.py:587} INFO - Filling up the DagBag from /opt/airflow/dags/226 - lab 1 - ML Forcast.py
[2026-04-19T22:49:14.853+0000] {processor.py:925} INFO - DAG(s) 'ML_forecast' retrieved from /opt/airflow/dags/226 - lab 1 - ML Forcast.py
[2026-04-19T22:49:14.880+0000] {logging_mixin.py:190} INFO - [2026-04-19T22:49:14.879+0000] {dag.py:3229} INFO - Sync 1 DAGs
[2026-04-19T22:49:14.903+0000] {logging_mixin.py:190} INFO - [2026-04-19T22:49:14.903+0000] {dag.py:4156} INFO - Setting next_dagrun for ML_forecast to 2026-04-18 07:30:00+00:00, run_after=2026-04-19 07:30:00+00:00
[2026-04-19T22:49:14.919+0000] {processor.py:208} INFO - Processing /opt/airflow/dags/226 - lab 1 - ML Forcast.py took 0.096 seconds
[2026-04-19T22:49:45.208+0000] {processor.py:186} INFO - Started process (PID=3094) to work on /opt/airflow/dags/226 - lab 1 - ML Forcast.py
[2026-04-19T22:49:45.209+0000] {processor.py:914} INFO - Processing file /opt/airflow/dags/226 - lab 1 - ML Forcast.py for tasks to queue
[2026-04-19T22:49:45.212+0000] {logging_mixin.py:190} INFO - [2026-04-19T22:49:45.211+0000] {dagbag.py:587} INFO - Filling up the DagBag from /opt/airflow/dags/226 - lab 1 - ML Forcast.py
[2026-04-19T22:49:45.231+0000] {processor.py:925} INFO - DAG(s) 'ML_forecast' retrieved from /opt/airflow/dags/226 - lab 1 - ML Forcast.py
[2026-04-19T22:49:45.257+0000] {logging_mixin.py:190} INFO - [2026-04-19T22:49:45.257+0000] {dag.py:3229} INFO - Sync 1 DAGs
[2026-04-19T22:49:45.278+0000] {logging_mixin.py:190} INFO - [2026-04-19T22:49:45.277+0000] {dag.py:4156} INFO - Setting next_dagrun for ML_forecast to 2026-04-18 07:30:00+00:00, run_after=2026-04-19 07:30:00+00:00
[2026-04-19T22:49:45.294+0000] {processor.py:208} INFO - Processing /opt/airflow/dags/226 - lab 1 - ML Forcast.py took 0.091 seconds
[2026-04-19T22:50:15.972+0000] {processor.py:186} INFO - Started process (PID=3128) to work on /opt/airflow/dags/226 - lab 1 - ML Forcast.py
[2026-04-19T22:50:15.973+0000] {processor.py:914} INFO - Processing file /opt/airflow/dags/226 - lab 1 - ML Forcast.py for tasks to queue
[2026-04-19T22:50:15.976+0000] {logging_mixin.py:190} INFO - [2026-04-19T22:50:15.976+0000] {dagbag.py:587} INFO - Filling up the DagBag from /opt/airflow/dags/226 - lab 1 - ML Forcast.py
[2026-04-19T22:50:15.996+0000] {processor.py:925} INFO - DAG(s) 'ML_forecast' retrieved from /opt/airflow/dags/226 - lab 1 - ML Forcast.py
[2026-04-19T22:50:16.029+0000] {logging_mixin.py:190} INFO - [2026-04-19T22:50:16.028+0000] {dag.py:3229} INFO - Sync 1 DAGs
[2026-04-19T22:50:16.054+0000] {logging_mixin.py:190} INFO - [2026-04-19T22:50:16.054+0000] {dag.py:4156} INFO - Setting next_dagrun for ML_forecast to 2026-04-18 07:30:00+00:00, run_after=2026-04-19 07:30:00+00:00
[2026-04-19T22:50:16.086+0000] {processor.py:208} INFO - Processing /opt/airflow/dags/226 - lab 1 - ML Forcast.py took 0.119 seconds
[2026-04-19T22:50:46.249+0000] {processor.py:186} INFO - Started process (PID=3177) to work on /opt/airflow/dags/226 - lab 1 - ML Forcast.py
[2026-04-19T22:50:46.250+0000] {processor.py:914} INFO - Processing file /opt/airflow/dags/226 - lab 1 - ML Forcast.py for tasks to queue
[2026-04-19T22:50:46.253+0000] {logging_mixin.py:190} INFO - [2026-04-19T22:50:46.252+0000] {dagbag.py:587} INFO - Filling up the DagBag from /opt/airflow/dags/226 - lab 1 - ML Forcast.py
[2026-04-19T22:50:46.273+0000] {processor.py:925} INFO - DAG(s) 'ML_forecast' retrieved from /opt/airflow/dags/226 - lab 1 - ML Forcast.py
[2026-04-19T22:50:46.299+0000] {logging_mixin.py:190} INFO - [2026-04-19T22:50:46.298+0000] {dag.py:3229} INFO - Sync 1 DAGs
[2026-04-19T22:50:46.322+0000] {logging_mixin.py:190} INFO - [2026-04-19T22:50:46.321+0000] {dag.py:4156} INFO - Setting next_dagrun for ML_forecast to 2026-04-18 07:30:00+00:00, run_after=2026-04-19 07:30:00+00:00
[2026-04-19T22:50:46.341+0000] {processor.py:208} INFO - Processing /opt/airflow/dags/226 - lab 1 - ML Forcast.py took 0.100 seconds
[2026-04-19T22:51:16.814+0000] {processor.py:186} INFO - Started process (PID=3229) to work on /opt/airflow/dags/226 - lab 1 - ML Forcast.py
[2026-04-19T22:51:16.815+0000] {processor.py:914} INFO - Processing file /opt/airflow/dags/226 - lab 1 - ML Forcast.py for tasks to queue
[2026-04-19T22:51:16.818+0000] {logging_mixin.py:190} INFO - [2026-04-19T22:51:16.817+0000] {dagbag.py:587} INFO - Filling up the DagBag from /opt/airflow/dags/226 - lab 1 - ML Forcast.py
[2026-04-19T22:51:16.838+0000] {processor.py:925} INFO - DAG(s) 'ML_forecast' retrieved from /opt/airflow/dags/226 - lab 1 - ML Forcast.py
[2026-04-19T22:51:16.867+0000] {logging_mixin.py:190} INFO - [2026-04-19T22:51:16.867+0000] {dag.py:3229} INFO - Sync 1 DAGs
[2026-04-19T22:51:16.893+0000] {logging_mixin.py:190} INFO - [2026-04-19T22:51:16.893+0000] {dag.py:4156} INFO - Setting next_dagrun for ML_forecast to 2026-04-18 07:30:00+00:00, run_after=2026-04-19 07:30:00+00:00
[2026-04-19T22:51:16.910+0000] {processor.py:208} INFO - Processing /opt/airflow/dags/226 - lab 1 - ML Forcast.py took 0.101 seconds
[2026-04-19T22:51:47.239+0000] {processor.py:186} INFO - Started process (PID=3281) to work on /opt/airflow/dags/226 - lab 1 - ML Forcast.py
[2026-04-19T22:51:47.240+0000] {processor.py:914} INFO - Processing file /opt/airflow/dags/226 - lab 1 - ML Forcast.py for tasks to queue
[2026-04-19T22:51:47.243+0000] {logging_mixin.py:190} INFO - [2026-04-19T22:51:47.242+0000] {dagbag.py:587} INFO - Filling up the DagBag from /opt/airflow/dags/226 - lab 1 - ML Forcast.py
[2026-04-19T22:51:47.262+0000] {processor.py:925} INFO - DAG(s) 'ML_forecast' retrieved from /opt/airflow/dags/226 - lab 1 - ML Forcast.py
[2026-04-19T22:51:47.292+0000] {logging_mixin.py:190} INFO - [2026-04-19T22:51:47.292+0000] {dag.py:3229} INFO - Sync 1 DAGs
[2026-04-19T22:51:47.320+0000] {logging_mixin.py:190} INFO - [2026-04-19T22:51:47.320+0000] {dag.py:4156} INFO - Setting next_dagrun for ML_forecast to 2026-04-18 07:30:00+00:00, run_after=2026-04-19 07:30:00+00:00
[2026-04-19T22:51:47.339+0000] {processor.py:208} INFO - Processing /opt/airflow/dags/226 - lab 1 - ML Forcast.py took 0.106 seconds
[2026-04-19T22:52:17.644+0000] {processor.py:186} INFO - Started process (PID=3333) to work on /opt/airflow/dags/226 - lab 1 - ML Forcast.py
[2026-04-19T22:52:17.645+0000] {processor.py:914} INFO - Processing file /opt/airflow/dags/226 - lab 1 - ML Forcast.py for tasks to queue
[2026-04-19T22:52:17.648+0000] {logging_mixin.py:190} INFO - [2026-04-19T22:52:17.647+0000] {dagbag.py:587} INFO - Filling up the DagBag from /opt/airflow/dags/226 - lab 1 - ML Forcast.py
[2026-04-19T22:52:17.667+0000] {processor.py:925} INFO - DAG(s) 'ML_forecast' retrieved from /opt/airflow/dags/226 - lab 1 - ML Forcast.py
[2026-04-19T22:52:17.697+0000] {logging_mixin.py:190} INFO - [2026-04-19T22:52:17.696+0000] {dag.py:3229} INFO - Sync 1 DAGs
[2026-04-19T22:52:17.720+0000] {logging_mixin.py:190} INFO - [2026-04-19T22:52:17.720+0000] {dag.py:4156} INFO - Setting next_dagrun for ML_forecast to 2026-04-18 07:30:00+00:00, run_after=2026-04-19 07:30:00+00:00
[2026-04-19T22:52:17.737+0000] {processor.py:208} INFO - Processing /opt/airflow/dags/226 - lab 1 - ML Forcast.py took 0.098 seconds
[2026-04-19T22:52:48.173+0000] {processor.py:186} INFO - Started process (PID=3385) to work on /opt/airflow/dags/226 - lab 1 - ML Forcast.py
[2026-04-19T22:52:48.174+0000] {processor.py:914} INFO - Processing file /opt/airflow/dags/226 - lab 1 - ML Forcast.py for tasks to queue
[2026-04-19T22:52:48.177+0000] {logging_mixin.py:190} INFO - [2026-04-19T22:52:48.176+0000] {dagbag.py:587} INFO - Filling up the DagBag from /opt/airflow/dags/226 - lab 1 - ML Forcast.py
[2026-04-19T22:52:48.196+0000] {processor.py:925} INFO - DAG(s) 'ML_forecast' retrieved from /opt/airflow/dags/226 - lab 1 - ML Forcast.py
[2026-04-19T22:52:48.226+0000] {logging_mixin.py:190} INFO - [2026-04-19T22:52:48.226+0000] {dag.py:3229} INFO - Sync 1 DAGs
[2026-04-19T22:52:48.250+0000] {logging_mixin.py:190} INFO - [2026-04-19T22:52:48.250+0000] {dag.py:4156} INFO - Setting next_dagrun for ML_forecast to 2026-04-18 07:30:00+00:00, run_after=2026-04-19 07:30:00+00:00
[2026-04-19T22:52:48.268+0000] {processor.py:208} INFO - Processing /opt/airflow/dags/226 - lab 1 - ML Forcast.py took 0.101 seconds
[2026-04-19T22:53:18.439+0000] {processor.py:186} INFO - Started process (PID=3437) to work on /opt/airflow/dags/226 - lab 1 - ML Forcast.py
[2026-04-19T22:53:18.440+0000] {processor.py:914} INFO - Processing file /opt/airflow/dags/226 - lab 1 - ML Forcast.py for tasks to queue
[2026-04-19T22:53:18.443+0000] {logging_mixin.py:190} INFO - [2026-04-19T22:53:18.443+0000] {dagbag.py:587} INFO - Filling up the DagBag from /opt/airflow/dags/226 - lab 1 - ML Forcast.py
[2026-04-19T22:53:18.462+0000] {processor.py:925} INFO - DAG(s) 'ML_forecast' retrieved from /opt/airflow/dags/226 - lab 1 - ML Forcast.py
[2026-04-19T22:53:18.491+0000] {logging_mixin.py:190} INFO - [2026-04-19T22:53:18.491+0000] {dag.py:3229} INFO - Sync 1 DAGs
[2026-04-19T22:53:18.514+0000] {logging_mixin.py:190} INFO - [2026-04-19T22:53:18.514+0000] {dag.py:4156} INFO - Setting next_dagrun for ML_forecast to 2026-04-18 07:30:00+00:00, run_after=2026-04-19 07:30:00+00:00
[2026-04-19T22:53:18.532+0000] {processor.py:208} INFO - Processing /opt/airflow/dags/226 - lab 1 - ML Forcast.py took 0.099 seconds
[2026-04-19T22:53:48.782+0000] {processor.py:186} INFO - Started process (PID=3489) to work on /opt/airflow/dags/226 - lab 1 - ML Forcast.py
[2026-04-19T22:53:48.783+0000] {processor.py:914} INFO - Processing file /opt/airflow/dags/226 - lab 1 - ML Forcast.py for tasks to queue
[2026-04-19T22:53:48.786+0000] {logging_mixin.py:190} INFO - [2026-04-19T22:53:48.785+0000] {dagbag.py:587} INFO - Filling up the DagBag from /opt/airflow/dags/226 - lab 1 - ML Forcast.py
[2026-04-19T22:53:48.806+0000] {processor.py:925} INFO - DAG(s) 'ML_forecast' retrieved from /opt/airflow/dags/226 - lab 1 - ML Forcast.py
[2026-04-19T22:53:48.837+0000] {logging_mixin.py:190} INFO - [2026-04-19T22:53:48.836+0000] {dag.py:3229} INFO - Sync 1 DAGs
[2026-04-19T22:53:48.861+0000] {logging_mixin.py:190} INFO - [2026-04-19T22:53:48.861+0000] {dag.py:4156} INFO - Setting next_dagrun for ML_forecast to 2026-04-18 07:30:00+00:00, run_after=2026-04-19 07:30:00+00:00
[2026-04-19T22:53:48.878+0000] {processor.py:208} INFO - Processing /opt/airflow/dags/226 - lab 1 - ML Forcast.py took 0.101 seconds
[2026-04-19T23:55:49.157+0000] {processor.py:186} INFO - Started process (PID=3517) to work on /opt/airflow/dags/226 - lab 1 - ML Forcast.py
[2026-04-19T23:55:49.159+0000] {processor.py:914} INFO - Processing file /opt/airflow/dags/226 - lab 1 - ML Forcast.py for tasks to queue
[2026-04-19T23:55:49.164+0000] {logging_mixin.py:190} INFO - [2026-04-19T23:55:49.164+0000] {dagbag.py:587} INFO - Filling up the DagBag from /opt/airflow/dags/226 - lab 1 - ML Forcast.py
[2026-04-19T23:55:49.204+0000] {processor.py:925} INFO - DAG(s) 'ML_forecast' retrieved from /opt/airflow/dags/226 - lab 1 - ML Forcast.py
[2026-04-19T23:55:49.272+0000] {logging_mixin.py:190} INFO - [2026-04-19T23:55:49.271+0000] {dag.py:3229} INFO - Sync 1 DAGs
[2026-04-19T23:55:49.318+0000] {logging_mixin.py:190} INFO - [2026-04-19T23:55:49.317+0000] {dag.py:4156} INFO - Setting next_dagrun for ML_forecast to 2026-04-18 07:30:00+00:00, run_after=2026-04-19 07:30:00+00:00
[2026-04-19T23:55:49.345+0000] {processor.py:208} INFO - Processing /opt/airflow/dags/226 - lab 1 - ML Forcast.py took 0.204 seconds
[2026-04-19T23:56:20.146+0000] {processor.py:186} INFO - Started process (PID=3564) to work on /opt/airflow/dags/226 - lab 1 - ML Forcast.py
[2026-04-19T23:56:20.148+0000] {processor.py:914} INFO - Processing file /opt/airflow/dags/226 - lab 1 - ML Forcast.py for tasks to queue
[2026-04-19T23:56:20.157+0000] {logging_mixin.py:190} INFO - [2026-04-19T23:56:20.155+0000] {dagbag.py:587} INFO - Filling up the DagBag from /opt/airflow/dags/226 - lab 1 - ML Forcast.py
[2026-04-19T23:56:20.208+0000] {processor.py:925} INFO - DAG(s) 'ML_forecast' retrieved from /opt/airflow/dags/226 - lab 1 - ML Forcast.py
[2026-04-19T23:56:20.298+0000] {logging_mixin.py:190} INFO - [2026-04-19T23:56:20.297+0000] {dag.py:3229} INFO - Sync 1 DAGs
[2026-04-19T23:56:20.334+0000] {logging_mixin.py:190} INFO - [2026-04-19T23:56:20.334+0000] {dag.py:4156} INFO - Setting next_dagrun for ML_forecast to 2026-04-18 07:30:00+00:00, run_after=2026-04-19 07:30:00+00:00
[2026-04-19T23:56:20.365+0000] {processor.py:208} INFO - Processing /opt/airflow/dags/226 - lab 1 - ML Forcast.py took 0.228 seconds
[2026-04-19T23:56:50.799+0000] {processor.py:186} INFO - Started process (PID=3622) to work on /opt/airflow/dags/226 - lab 1 - ML Forcast.py
[2026-04-19T23:56:50.800+0000] {processor.py:914} INFO - Processing file /opt/airflow/dags/226 - lab 1 - ML Forcast.py for tasks to queue
[2026-04-19T23:56:50.803+0000] {logging_mixin.py:190} INFO - [2026-04-19T23:56:50.802+0000] {dagbag.py:587} INFO - Filling up the DagBag from /opt/airflow/dags/226 - lab 1 - ML Forcast.py
[2026-04-19T23:56:50.827+0000] {processor.py:925} INFO - DAG(s) 'ML_forecast' retrieved from /opt/airflow/dags/226 - lab 1 - ML Forcast.py
[2026-04-19T23:56:50.859+0000] {logging_mixin.py:190} INFO - [2026-04-19T23:56:50.858+0000] {dag.py:3229} INFO - Sync 1 DAGs
[2026-04-19T23:56:50.892+0000] {logging_mixin.py:190} INFO - [2026-04-19T23:56:50.892+0000] {dag.py:4156} INFO - Setting next_dagrun for ML_forecast to 2026-04-18 07:30:00+00:00, run_after=2026-04-19 07:30:00+00:00
[2026-04-19T23:56:50.918+0000] {processor.py:208} INFO - Processing /opt/airflow/dags/226 - lab 1 - ML Forcast.py took 0.129 seconds
[2026-04-19T23:57:21.307+0000] {processor.py:186} INFO - Started process (PID=3674) to work on /opt/airflow/dags/226 - lab 1 - ML Forcast.py
[2026-04-19T23:57:21.308+0000] {processor.py:914} INFO - Processing file /opt/airflow/dags/226 - lab 1 - ML Forcast.py for tasks to queue
[2026-04-19T23:57:21.310+0000] {logging_mixin.py:190} INFO - [2026-04-19T23:57:21.310+0000] {dagbag.py:587} INFO - Filling up the DagBag from /opt/airflow/dags/226 - lab 1 - ML Forcast.py
[2026-04-19T23:57:21.330+0000] {processor.py:925} INFO - DAG(s) 'ML_forecast' retrieved from /opt/airflow/dags/226 - lab 1 - ML Forcast.py
[2026-04-19T23:57:21.356+0000] {logging_mixin.py:190} INFO - [2026-04-19T23:57:21.355+0000] {dag.py:3229} INFO - Sync 1 DAGs
[2026-04-19T23:57:21.377+0000] {logging_mixin.py:190} INFO - [2026-04-19T23:57:21.377+0000] {dag.py:4156} INFO - Setting next_dagrun for ML_forecast to 2026-04-18 07:30:00+00:00, run_after=2026-04-19 07:30:00+00:00
[2026-04-19T23:57:21.394+0000] {processor.py:208} INFO - Processing /opt/airflow/dags/226 - lab 1 - ML Forcast.py took 0.092 seconds
[2026-04-19T23:57:51.820+0000] {processor.py:186} INFO - Started process (PID=3726) to work on /opt/airflow/dags/226 - lab 1 - ML Forcast.py
[2026-04-19T23:57:51.821+0000] {processor.py:914} INFO - Processing file /opt/airflow/dags/226 - lab 1 - ML Forcast.py for tasks to queue
[2026-04-19T23:57:51.824+0000] {logging_mixin.py:190} INFO - [2026-04-19T23:57:51.823+0000] {dagbag.py:587} INFO - Filling up the DagBag from /opt/airflow/dags/226 - lab 1 - ML Forcast.py
[2026-04-19T23:57:51.843+0000] {processor.py:925} INFO - DAG(s) 'ML_forecast' retrieved from /opt/airflow/dags/226 - lab 1 - ML Forcast.py
[2026-04-19T23:57:51.869+0000] {logging_mixin.py:190} INFO - [2026-04-19T23:57:51.868+0000] {dag.py:3229} INFO - Sync 1 DAGs
[2026-04-19T23:57:51.890+0000] {logging_mixin.py:190} INFO - [2026-04-19T23:57:51.890+0000] {dag.py:4156} INFO - Setting next_dagrun for ML_forecast to 2026-04-18 07:30:00+00:00, run_after=2026-04-19 07:30:00+00:00
[2026-04-19T23:57:51.908+0000] {processor.py:208} INFO - Processing /opt/airflow/dags/226 - lab 1 - ML Forcast.py took 0.093 seconds
[2026-04-19T23:58:22.183+0000] {processor.py:186} INFO - Started process (PID=3778) to work on /opt/airflow/dags/226 - lab 1 - ML Forcast.py
[2026-04-19T23:58:22.184+0000] {processor.py:914} INFO - Processing file /opt/airflow/dags/226 - lab 1 - ML Forcast.py for tasks to queue
[2026-04-19T23:58:22.187+0000] {logging_mixin.py:190} INFO - [2026-04-19T23:58:22.186+0000] {dagbag.py:587} INFO - Filling up the DagBag from /opt/airflow/dags/226 - lab 1 - ML Forcast.py
[2026-04-19T23:58:22.206+0000] {processor.py:925} INFO - DAG(s) 'ML_forecast' retrieved from /opt/airflow/dags/226 - lab 1 - ML Forcast.py
[2026-04-19T23:58:22.231+0000] {logging_mixin.py:190} INFO - [2026-04-19T23:58:22.230+0000] {dag.py:3229} INFO - Sync 1 DAGs
[2026-04-19T23:58:22.252+0000] {logging_mixin.py:190} INFO - [2026-04-19T23:58:22.252+0000] {dag.py:4156} INFO - Setting next_dagrun for ML_forecast to 2026-04-18 07:30:00+00:00, run_after=2026-04-19 07:30:00+00:00
[2026-04-19T23:58:22.268+0000] {processor.py:208} INFO - Processing /opt/airflow/dags/226 - lab 1 - ML Forcast.py took 0.090 seconds
[2026-04-19T23:58:52.765+0000] {processor.py:186} INFO - Started process (PID=3830) to work on /opt/airflow/dags/226 - lab 1 - ML Forcast.py
[2026-04-19T23:58:52.766+0000] {processor.py:914} INFO - Processing file /opt/airflow/dags/226 - lab 1 - ML Forcast.py for tasks to queue
[2026-04-19T23:58:52.769+0000] {logging_mixin.py:190} INFO - [2026-04-19T23:58:52.768+0000] {dagbag.py:587} INFO - Filling up the DagBag from /opt/airflow/dags/226 - lab 1 - ML Forcast.py
[2026-04-19T23:58:52.791+0000] {processor.py:925} INFO - DAG(s) 'ML_forecast' retrieved from /opt/airflow/dags/226 - lab 1 - ML Forcast.py
[2026-04-19T23:58:52.818+0000] {logging_mixin.py:190} INFO - [2026-04-19T23:58:52.817+0000] {dag.py:3229} INFO - Sync 1 DAGs
[2026-04-19T23:58:52.846+0000] {logging_mixin.py:190} INFO - [2026-04-19T23:58:52.845+0000] {dag.py:4156} INFO - Setting next_dagrun for ML_forecast to 2026-04-18 07:30:00+00:00, run_after=2026-04-19 07:30:00+00:00
[2026-04-19T23:58:52.871+0000] {processor.py:208} INFO - Processing /opt/airflow/dags/226 - lab 1 - ML Forcast.py took 0.111 seconds
[2026-04-19T23:59:23.344+0000] {processor.py:186} INFO - Started process (PID=3882) to work on /opt/airflow/dags/226 - lab 1 - ML Forcast.py
[2026-04-19T23:59:23.345+0000] {processor.py:914} INFO - Processing file /opt/airflow/dags/226 - lab 1 - ML Forcast.py for tasks to queue
[2026-04-19T23:59:23.349+0000] {logging_mixin.py:190} INFO - [2026-04-19T23:59:23.349+0000] {dagbag.py:587} INFO - Filling up the DagBag from /opt/airflow/dags/226 - lab 1 - ML Forcast.py
[2026-04-19T23:59:23.372+0000] {processor.py:925} INFO - DAG(s) 'ML_forecast' retrieved from /opt/airflow/dags/226 - lab 1 - ML Forcast.py
[2026-04-19T23:59:23.398+0000] {logging_mixin.py:190} INFO - [2026-04-19T23:59:23.398+0000] {dag.py:3229} INFO - Sync 1 DAGs
[2026-04-19T23:59:23.419+0000] {logging_mixin.py:190} INFO - [2026-04-19T23:59:23.419+0000] {dag.py:4156} INFO - Setting next_dagrun for ML_forecast to 2026-04-18 07:30:00+00:00, run_after=2026-04-19 07:30:00+00:00
[2026-04-19T23:59:23.436+0000] {processor.py:208} INFO - Processing /opt/airflow/dags/226 - lab 1 - ML Forcast.py took 0.100 seconds
[2026-04-19T23:59:53.823+0000] {processor.py:186} INFO - Started process (PID=3934) to work on /opt/airflow/dags/226 - lab 1 - ML Forcast.py
[2026-04-19T23:59:53.824+0000] {processor.py:914} INFO - Processing file /opt/airflow/dags/226 - lab 1 - ML Forcast.py for tasks to queue
[2026-04-19T23:59:53.827+0000] {logging_mixin.py:190} INFO - [2026-04-19T23:59:53.827+0000] {dagbag.py:587} INFO - Filling up the DagBag from /opt/airflow/dags/226 - lab 1 - ML Forcast.py
[2026-04-19T23:59:53.846+0000] {processor.py:925} INFO - DAG(s) 'ML_forecast' retrieved from /opt/airflow/dags/226 - lab 1 - ML Forcast.py
[2026-04-19T23:59:53.871+0000] {logging_mixin.py:190} INFO - [2026-04-19T23:59:53.871+0000] {dag.py:3229} INFO - Sync 1 DAGs
[2026-04-19T23:59:53.893+0000] {logging_mixin.py:190} INFO - [2026-04-19T23:59:53.892+0000] {dag.py:4156} INFO - Setting next_dagrun for ML_forecast to 2026-04-18 07:30:00+00:00, run_after=2026-04-19 07:30:00+00:00
[2026-04-19T23:59:53.909+0000] {processor.py:208} INFO - Processing /opt/airflow/dags/226 - lab 1 - ML Forcast.py took 0.091 seconds
