[2026-04-19T22:21:40.103+0000] {processor.py:186} INFO - Started process (PID=201) to work on /opt/airflow/dags/Hello_World_Docker.py
[2026-04-19T22:21:40.103+0000] {processor.py:914} INFO - Processing file /opt/airflow/dags/Hello_World_Docker.py for tasks to queue
[2026-04-19T22:21:40.106+0000] {logging_mixin.py:190} INFO - [2026-04-19T22:21:40.105+0000] {dagbag.py:587} INFO - Filling up the DagBag from /opt/airflow/dags/Hello_World_Docker.py
[2026-04-19T22:21:40.134+0000] {processor.py:925} INFO - DAG(s) 'HelloWorld_docker' retrieved from /opt/airflow/dags/Hello_World_Docker.py
[2026-04-19T22:21:40.496+0000] {logging_mixin.py:190} INFO - [2026-04-19T22:21:40.495+0000] {override.py:1900} INFO - Created Permission View: can read on DAG:HelloWorld_docker
[2026-04-19T22:21:40.506+0000] {logging_mixin.py:190} INFO - [2026-04-19T22:21:40.506+0000] {override.py:1900} INFO - Created Permission View: can delete on DAG:HelloWorld_docker
[2026-04-19T22:21:40.513+0000] {logging_mixin.py:190} INFO - [2026-04-19T22:21:40.513+0000] {override.py:1900} INFO - Created Permission View: can edit on DAG:HelloWorld_docker
[2026-04-19T22:21:40.520+0000] {logging_mixin.py:190} INFO - [2026-04-19T22:21:40.520+0000] {override.py:1900} INFO - Created Permission View: can read on DAG Run:HelloWorld_docker
[2026-04-19T22:21:40.527+0000] {logging_mixin.py:190} INFO - [2026-04-19T22:21:40.527+0000] {override.py:1900} INFO - Created Permission View: can delete on DAG Run:HelloWorld_docker
[2026-04-19T22:21:40.533+0000] {logging_mixin.py:190} INFO - [2026-04-19T22:21:40.533+0000] {override.py:1900} INFO - Created Permission View: can create on DAG Run:HelloWorld_docker
[2026-04-19T22:21:40.540+0000] {logging_mixin.py:190} INFO - [2026-04-19T22:21:40.539+0000] {override.py:1900} INFO - Created Permission View: menu access on DAG Run:HelloWorld_docker
[2026-04-19T22:21:40.540+0000] {logging_mixin.py:190} INFO - [2026-04-19T22:21:40.540+0000] {dag.py:3229} INFO - Sync 1 DAGs
[2026-04-19T22:21:40.553+0000] {logging_mixin.py:190} INFO - [2026-04-19T22:21:40.553+0000] {dag.py:3252} INFO - Creating ORM DAG for HelloWorld_docker
[2026-04-19T22:21:40.563+0000] {logging_mixin.py:190} INFO - [2026-04-19T22:21:40.563+0000] {dag.py:4156} INFO - Setting next_dagrun for HelloWorld_docker to 2026-04-18 02:00:00+00:00, run_after=2026-04-19 02:00:00+00:00
[2026-04-19T22:21:40.582+0000] {processor.py:208} INFO - Processing /opt/airflow/dags/Hello_World_Docker.py took 0.486 seconds
[2026-04-19T22:22:10.748+0000] {processor.py:186} INFO - Started process (PID=292) to work on /opt/airflow/dags/Hello_World_Docker.py
[2026-04-19T22:22:10.749+0000] {processor.py:914} INFO - Processing file /opt/airflow/dags/Hello_World_Docker.py for tasks to queue
[2026-04-19T22:22:10.753+0000] {logging_mixin.py:190} INFO - [2026-04-19T22:22:10.753+0000] {dagbag.py:587} INFO - Filling up the DagBag from /opt/airflow/dags/Hello_World_Docker.py
[2026-04-19T22:22:10.773+0000] {processor.py:925} INFO - DAG(s) 'HelloWorld_docker' retrieved from /opt/airflow/dags/Hello_World_Docker.py
[2026-04-19T22:22:10.805+0000] {logging_mixin.py:190} INFO - [2026-04-19T22:22:10.805+0000] {dag.py:3229} INFO - Sync 1 DAGs
[2026-04-19T22:22:10.830+0000] {logging_mixin.py:190} INFO - [2026-04-19T22:22:10.829+0000] {dag.py:4156} INFO - Setting next_dagrun for HelloWorld_docker to 2026-04-18 02:00:00+00:00, run_after=2026-04-19 02:00:00+00:00
[2026-04-19T22:22:10.859+0000] {processor.py:208} INFO - Processing /opt/airflow/dags/Hello_World_Docker.py took 0.119 seconds
[2026-04-19T22:22:41.318+0000] {processor.py:186} INFO - Started process (PID=344) to work on /opt/airflow/dags/Hello_World_Docker.py
[2026-04-19T22:22:41.320+0000] {processor.py:914} INFO - Processing file /opt/airflow/dags/Hello_World_Docker.py for tasks to queue
[2026-04-19T22:22:41.322+0000] {logging_mixin.py:190} INFO - [2026-04-19T22:22:41.322+0000] {dagbag.py:587} INFO - Filling up the DagBag from /opt/airflow/dags/Hello_World_Docker.py
[2026-04-19T22:22:41.340+0000] {processor.py:925} INFO - DAG(s) 'HelloWorld_docker' retrieved from /opt/airflow/dags/Hello_World_Docker.py
[2026-04-19T22:22:41.367+0000] {logging_mixin.py:190} INFO - [2026-04-19T22:22:41.367+0000] {dag.py:3229} INFO - Sync 1 DAGs
[2026-04-19T22:22:41.392+0000] {logging_mixin.py:190} INFO - [2026-04-19T22:22:41.392+0000] {dag.py:4156} INFO - Setting next_dagrun for HelloWorld_docker to 2026-04-18 02:00:00+00:00, run_after=2026-04-19 02:00:00+00:00
[2026-04-19T22:22:41.410+0000] {processor.py:208} INFO - Processing /opt/airflow/dags/Hello_World_Docker.py took 0.097 seconds
[2026-04-19T22:23:11.980+0000] {processor.py:186} INFO - Started process (PID=396) to work on /opt/airflow/dags/Hello_World_Docker.py
[2026-04-19T22:23:11.981+0000] {processor.py:914} INFO - Processing file /opt/airflow/dags/Hello_World_Docker.py for tasks to queue
[2026-04-19T22:23:11.985+0000] {logging_mixin.py:190} INFO - [2026-04-19T22:23:11.984+0000] {dagbag.py:587} INFO - Filling up the DagBag from /opt/airflow/dags/Hello_World_Docker.py
[2026-04-19T22:23:12.007+0000] {processor.py:925} INFO - DAG(s) 'HelloWorld_docker' retrieved from /opt/airflow/dags/Hello_World_Docker.py
[2026-04-19T22:23:12.040+0000] {logging_mixin.py:190} INFO - [2026-04-19T22:23:12.040+0000] {dag.py:3229} INFO - Sync 1 DAGs
[2026-04-19T22:23:12.064+0000] {logging_mixin.py:190} INFO - [2026-04-19T22:23:12.064+0000] {dag.py:4156} INFO - Setting next_dagrun for HelloWorld_docker to 2026-04-18 02:00:00+00:00, run_after=2026-04-19 02:00:00+00:00
[2026-04-19T22:23:12.083+0000] {processor.py:208} INFO - Processing /opt/airflow/dags/Hello_World_Docker.py took 0.110 seconds
[2026-04-19T22:23:42.791+0000] {processor.py:186} INFO - Started process (PID=448) to work on /opt/airflow/dags/Hello_World_Docker.py
[2026-04-19T22:23:42.792+0000] {processor.py:914} INFO - Processing file /opt/airflow/dags/Hello_World_Docker.py for tasks to queue
[2026-04-19T22:23:42.795+0000] {logging_mixin.py:190} INFO - [2026-04-19T22:23:42.795+0000] {dagbag.py:587} INFO - Filling up the DagBag from /opt/airflow/dags/Hello_World_Docker.py
[2026-04-19T22:23:42.816+0000] {processor.py:925} INFO - DAG(s) 'HelloWorld_docker' retrieved from /opt/airflow/dags/Hello_World_Docker.py
[2026-04-19T22:23:42.846+0000] {logging_mixin.py:190} INFO - [2026-04-19T22:23:42.846+0000] {dag.py:3229} INFO - Sync 1 DAGs
[2026-04-19T22:23:42.870+0000] {logging_mixin.py:190} INFO - [2026-04-19T22:23:42.870+0000] {dag.py:4156} INFO - Setting next_dagrun for HelloWorld_docker to 2026-04-18 02:00:00+00:00, run_after=2026-04-19 02:00:00+00:00
[2026-04-19T22:23:42.888+0000] {processor.py:208} INFO - Processing /opt/airflow/dags/Hello_World_Docker.py took 0.102 seconds
[2026-04-19T22:24:13.463+0000] {processor.py:186} INFO - Started process (PID=500) to work on /opt/airflow/dags/Hello_World_Docker.py
[2026-04-19T22:24:13.464+0000] {processor.py:914} INFO - Processing file /opt/airflow/dags/Hello_World_Docker.py for tasks to queue
[2026-04-19T22:24:13.467+0000] {logging_mixin.py:190} INFO - [2026-04-19T22:24:13.466+0000] {dagbag.py:587} INFO - Filling up the DagBag from /opt/airflow/dags/Hello_World_Docker.py
[2026-04-19T22:24:13.485+0000] {processor.py:925} INFO - DAG(s) 'HelloWorld_docker' retrieved from /opt/airflow/dags/Hello_World_Docker.py
[2026-04-19T22:24:13.513+0000] {logging_mixin.py:190} INFO - [2026-04-19T22:24:13.513+0000] {dag.py:3229} INFO - Sync 1 DAGs
[2026-04-19T22:24:13.537+0000] {logging_mixin.py:190} INFO - [2026-04-19T22:24:13.537+0000] {dag.py:4156} INFO - Setting next_dagrun for HelloWorld_docker to 2026-04-18 02:00:00+00:00, run_after=2026-04-19 02:00:00+00:00
[2026-04-19T22:24:13.569+0000] {processor.py:208} INFO - Processing /opt/airflow/dags/Hello_World_Docker.py took 0.112 seconds
[2026-04-19T22:24:44.171+0000] {processor.py:186} INFO - Started process (PID=552) to work on /opt/airflow/dags/Hello_World_Docker.py
[2026-04-19T22:24:44.172+0000] {processor.py:914} INFO - Processing file /opt/airflow/dags/Hello_World_Docker.py for tasks to queue
[2026-04-19T22:24:44.175+0000] {logging_mixin.py:190} INFO - [2026-04-19T22:24:44.174+0000] {dagbag.py:587} INFO - Filling up the DagBag from /opt/airflow/dags/Hello_World_Docker.py
[2026-04-19T22:24:44.193+0000] {processor.py:925} INFO - DAG(s) 'HelloWorld_docker' retrieved from /opt/airflow/dags/Hello_World_Docker.py
[2026-04-19T22:24:44.218+0000] {logging_mixin.py:190} INFO - [2026-04-19T22:24:44.218+0000] {dag.py:3229} INFO - Sync 1 DAGs
[2026-04-19T22:24:44.238+0000] {logging_mixin.py:190} INFO - [2026-04-19T22:24:44.238+0000] {dag.py:4156} INFO - Setting next_dagrun for HelloWorld_docker to 2026-04-18 02:00:00+00:00, run_after=2026-04-19 02:00:00+00:00
[2026-04-19T22:24:44.267+0000] {processor.py:208} INFO - Processing /opt/airflow/dags/Hello_World_Docker.py took 0.101 seconds
[2026-04-19T22:25:14.450+0000] {processor.py:186} INFO - Started process (PID=604) to work on /opt/airflow/dags/Hello_World_Docker.py
[2026-04-19T22:25:14.451+0000] {processor.py:914} INFO - Processing file /opt/airflow/dags/Hello_World_Docker.py for tasks to queue
[2026-04-19T22:25:14.455+0000] {logging_mixin.py:190} INFO - [2026-04-19T22:25:14.455+0000] {dagbag.py:587} INFO - Filling up the DagBag from /opt/airflow/dags/Hello_World_Docker.py
[2026-04-19T22:25:14.486+0000] {processor.py:925} INFO - DAG(s) 'HelloWorld_docker' retrieved from /opt/airflow/dags/Hello_World_Docker.py
[2026-04-19T22:25:14.514+0000] {logging_mixin.py:190} INFO - [2026-04-19T22:25:14.514+0000] {dag.py:3229} INFO - Sync 1 DAGs
[2026-04-19T22:25:14.535+0000] {logging_mixin.py:190} INFO - [2026-04-19T22:25:14.534+0000] {dag.py:4156} INFO - Setting next_dagrun for HelloWorld_docker to 2026-04-18 02:00:00+00:00, run_after=2026-04-19 02:00:00+00:00
[2026-04-19T22:25:14.553+0000] {processor.py:208} INFO - Processing /opt/airflow/dags/Hello_World_Docker.py took 0.111 seconds
[2026-04-19T22:25:45.310+0000] {processor.py:186} INFO - Started process (PID=656) to work on /opt/airflow/dags/Hello_World_Docker.py
[2026-04-19T22:25:45.312+0000] {processor.py:914} INFO - Processing file /opt/airflow/dags/Hello_World_Docker.py for tasks to queue
[2026-04-19T22:25:45.315+0000] {logging_mixin.py:190} INFO - [2026-04-19T22:25:45.315+0000] {dagbag.py:587} INFO - Filling up the DagBag from /opt/airflow/dags/Hello_World_Docker.py
[2026-04-19T22:25:45.336+0000] {processor.py:925} INFO - DAG(s) 'HelloWorld_docker' retrieved from /opt/airflow/dags/Hello_World_Docker.py
[2026-04-19T22:25:45.364+0000] {logging_mixin.py:190} INFO - [2026-04-19T22:25:45.363+0000] {dag.py:3229} INFO - Sync 1 DAGs
[2026-04-19T22:25:45.388+0000] {logging_mixin.py:190} INFO - [2026-04-19T22:25:45.387+0000] {dag.py:4156} INFO - Setting next_dagrun for HelloWorld_docker to 2026-04-18 02:00:00+00:00, run_after=2026-04-19 02:00:00+00:00
[2026-04-19T22:25:45.419+0000] {processor.py:208} INFO - Processing /opt/airflow/dags/Hello_World_Docker.py took 0.115 seconds
[2026-04-19T22:26:16.104+0000] {processor.py:186} INFO - Started process (PID=715) to work on /opt/airflow/dags/Hello_World_Docker.py
[2026-04-19T22:26:16.105+0000] {processor.py:914} INFO - Processing file /opt/airflow/dags/Hello_World_Docker.py for tasks to queue
[2026-04-19T22:26:16.108+0000] {logging_mixin.py:190} INFO - [2026-04-19T22:26:16.108+0000] {dagbag.py:587} INFO - Filling up the DagBag from /opt/airflow/dags/Hello_World_Docker.py
[2026-04-19T22:26:16.126+0000] {processor.py:925} INFO - DAG(s) 'HelloWorld_docker' retrieved from /opt/airflow/dags/Hello_World_Docker.py
[2026-04-19T22:26:16.153+0000] {logging_mixin.py:190} INFO - [2026-04-19T22:26:16.153+0000] {dag.py:3229} INFO - Sync 1 DAGs
[2026-04-19T22:26:16.180+0000] {logging_mixin.py:190} INFO - [2026-04-19T22:26:16.179+0000] {dag.py:4156} INFO - Setting next_dagrun for HelloWorld_docker to 2026-04-18 02:00:00+00:00, run_after=2026-04-19 02:00:00+00:00
[2026-04-19T22:26:16.210+0000] {processor.py:208} INFO - Processing /opt/airflow/dags/Hello_World_Docker.py took 0.111 seconds
[2026-04-19T22:26:46.936+0000] {processor.py:186} INFO - Started process (PID=767) to work on /opt/airflow/dags/Hello_World_Docker.py
[2026-04-19T22:26:46.937+0000] {processor.py:914} INFO - Processing file /opt/airflow/dags/Hello_World_Docker.py for tasks to queue
[2026-04-19T22:26:46.941+0000] {logging_mixin.py:190} INFO - [2026-04-19T22:26:46.940+0000] {dagbag.py:587} INFO - Filling up the DagBag from /opt/airflow/dags/Hello_World_Docker.py
[2026-04-19T22:26:46.959+0000] {processor.py:925} INFO - DAG(s) 'HelloWorld_docker' retrieved from /opt/airflow/dags/Hello_World_Docker.py
[2026-04-19T22:26:46.985+0000] {logging_mixin.py:190} INFO - [2026-04-19T22:26:46.984+0000] {dag.py:3229} INFO - Sync 1 DAGs
[2026-04-19T22:26:47.005+0000] {logging_mixin.py:190} INFO - [2026-04-19T22:26:47.005+0000] {dag.py:4156} INFO - Setting next_dagrun for HelloWorld_docker to 2026-04-18 02:00:00+00:00, run_after=2026-04-19 02:00:00+00:00
[2026-04-19T22:26:47.022+0000] {processor.py:208} INFO - Processing /opt/airflow/dags/Hello_World_Docker.py took 0.091 seconds
[2026-04-19T22:27:17.725+0000] {processor.py:186} INFO - Started process (PID=819) to work on /opt/airflow/dags/Hello_World_Docker.py
[2026-04-19T22:27:17.726+0000] {processor.py:914} INFO - Processing file /opt/airflow/dags/Hello_World_Docker.py for tasks to queue
[2026-04-19T22:27:17.728+0000] {logging_mixin.py:190} INFO - [2026-04-19T22:27:17.728+0000] {dagbag.py:587} INFO - Filling up the DagBag from /opt/airflow/dags/Hello_World_Docker.py
[2026-04-19T22:27:17.747+0000] {processor.py:925} INFO - DAG(s) 'HelloWorld_docker' retrieved from /opt/airflow/dags/Hello_World_Docker.py
[2026-04-19T22:27:17.774+0000] {logging_mixin.py:190} INFO - [2026-04-19T22:27:17.773+0000] {dag.py:3229} INFO - Sync 1 DAGs
[2026-04-19T22:27:17.796+0000] {logging_mixin.py:190} INFO - [2026-04-19T22:27:17.796+0000] {dag.py:4156} INFO - Setting next_dagrun for HelloWorld_docker to 2026-04-18 02:00:00+00:00, run_after=2026-04-19 02:00:00+00:00
[2026-04-19T22:27:17.814+0000] {processor.py:208} INFO - Processing /opt/airflow/dags/Hello_World_Docker.py took 0.097 seconds
[2026-04-19T22:27:48.430+0000] {processor.py:186} INFO - Started process (PID=871) to work on /opt/airflow/dags/Hello_World_Docker.py
[2026-04-19T22:27:48.431+0000] {processor.py:914} INFO - Processing file /opt/airflow/dags/Hello_World_Docker.py for tasks to queue
[2026-04-19T22:27:48.434+0000] {logging_mixin.py:190} INFO - [2026-04-19T22:27:48.434+0000] {dagbag.py:587} INFO - Filling up the DagBag from /opt/airflow/dags/Hello_World_Docker.py
[2026-04-19T22:27:48.453+0000] {processor.py:925} INFO - DAG(s) 'HelloWorld_docker' retrieved from /opt/airflow/dags/Hello_World_Docker.py
[2026-04-19T22:27:48.482+0000] {logging_mixin.py:190} INFO - [2026-04-19T22:27:48.481+0000] {dag.py:3229} INFO - Sync 1 DAGs
[2026-04-19T22:27:48.505+0000] {logging_mixin.py:190} INFO - [2026-04-19T22:27:48.505+0000] {dag.py:4156} INFO - Setting next_dagrun for HelloWorld_docker to 2026-04-18 02:00:00+00:00, run_after=2026-04-19 02:00:00+00:00
[2026-04-19T22:27:48.524+0000] {processor.py:208} INFO - Processing /opt/airflow/dags/Hello_World_Docker.py took 0.099 seconds
[2026-04-19T22:28:19.264+0000] {processor.py:186} INFO - Started process (PID=924) to work on /opt/airflow/dags/Hello_World_Docker.py
[2026-04-19T22:28:19.265+0000] {processor.py:914} INFO - Processing file /opt/airflow/dags/Hello_World_Docker.py for tasks to queue
[2026-04-19T22:28:19.268+0000] {logging_mixin.py:190} INFO - [2026-04-19T22:28:19.268+0000] {dagbag.py:587} INFO - Filling up the DagBag from /opt/airflow/dags/Hello_World_Docker.py
[2026-04-19T22:28:19.288+0000] {processor.py:925} INFO - DAG(s) 'HelloWorld_docker' retrieved from /opt/airflow/dags/Hello_World_Docker.py
[2026-04-19T22:28:19.316+0000] {logging_mixin.py:190} INFO - [2026-04-19T22:28:19.316+0000] {dag.py:3229} INFO - Sync 1 DAGs
[2026-04-19T22:28:19.341+0000] {logging_mixin.py:190} INFO - [2026-04-19T22:28:19.341+0000] {dag.py:4156} INFO - Setting next_dagrun for HelloWorld_docker to 2026-04-18 02:00:00+00:00, run_after=2026-04-19 02:00:00+00:00
[2026-04-19T22:28:19.362+0000] {processor.py:208} INFO - Processing /opt/airflow/dags/Hello_World_Docker.py took 0.104 seconds
[2026-04-19T22:28:50.117+0000] {processor.py:186} INFO - Started process (PID=976) to work on /opt/airflow/dags/Hello_World_Docker.py
[2026-04-19T22:28:50.119+0000] {processor.py:914} INFO - Processing file /opt/airflow/dags/Hello_World_Docker.py for tasks to queue
[2026-04-19T22:28:50.121+0000] {logging_mixin.py:190} INFO - [2026-04-19T22:28:50.121+0000] {dagbag.py:587} INFO - Filling up the DagBag from /opt/airflow/dags/Hello_World_Docker.py
[2026-04-19T22:28:50.141+0000] {processor.py:925} INFO - DAG(s) 'HelloWorld_docker' retrieved from /opt/airflow/dags/Hello_World_Docker.py
[2026-04-19T22:28:50.169+0000] {logging_mixin.py:190} INFO - [2026-04-19T22:28:50.168+0000] {dag.py:3229} INFO - Sync 1 DAGs
[2026-04-19T22:28:50.194+0000] {logging_mixin.py:190} INFO - [2026-04-19T22:28:50.193+0000] {dag.py:4156} INFO - Setting next_dagrun for HelloWorld_docker to 2026-04-18 02:00:00+00:00, run_after=2026-04-19 02:00:00+00:00
[2026-04-19T22:28:50.227+0000] {processor.py:208} INFO - Processing /opt/airflow/dags/Hello_World_Docker.py took 0.116 seconds
[2026-04-19T22:29:20.879+0000] {processor.py:186} INFO - Started process (PID=1028) to work on /opt/airflow/dags/Hello_World_Docker.py
[2026-04-19T22:29:20.880+0000] {processor.py:914} INFO - Processing file /opt/airflow/dags/Hello_World_Docker.py for tasks to queue
[2026-04-19T22:29:20.882+0000] {logging_mixin.py:190} INFO - [2026-04-19T22:29:20.882+0000] {dagbag.py:587} INFO - Filling up the DagBag from /opt/airflow/dags/Hello_World_Docker.py
[2026-04-19T22:29:20.901+0000] {processor.py:925} INFO - DAG(s) 'HelloWorld_docker' retrieved from /opt/airflow/dags/Hello_World_Docker.py
[2026-04-19T22:29:20.931+0000] {logging_mixin.py:190} INFO - [2026-04-19T22:29:20.930+0000] {dag.py:3229} INFO - Sync 1 DAGs
[2026-04-19T22:29:20.956+0000] {logging_mixin.py:190} INFO - [2026-04-19T22:29:20.956+0000] {dag.py:4156} INFO - Setting next_dagrun for HelloWorld_docker to 2026-04-18 02:00:00+00:00, run_after=2026-04-19 02:00:00+00:00
[2026-04-19T22:29:20.985+0000] {processor.py:208} INFO - Processing /opt/airflow/dags/Hello_World_Docker.py took 0.112 seconds
[2026-04-19T22:29:51.292+0000] {processor.py:186} INFO - Started process (PID=1080) to work on /opt/airflow/dags/Hello_World_Docker.py
[2026-04-19T22:29:51.293+0000] {processor.py:914} INFO - Processing file /opt/airflow/dags/Hello_World_Docker.py for tasks to queue
[2026-04-19T22:29:51.296+0000] {logging_mixin.py:190} INFO - [2026-04-19T22:29:51.296+0000] {dagbag.py:587} INFO - Filling up the DagBag from /opt/airflow/dags/Hello_World_Docker.py
[2026-04-19T22:29:51.314+0000] {processor.py:925} INFO - DAG(s) 'HelloWorld_docker' retrieved from /opt/airflow/dags/Hello_World_Docker.py
[2026-04-19T22:29:51.340+0000] {logging_mixin.py:190} INFO - [2026-04-19T22:29:51.340+0000] {dag.py:3229} INFO - Sync 1 DAGs
[2026-04-19T22:29:51.361+0000] {logging_mixin.py:190} INFO - [2026-04-19T22:29:51.361+0000] {dag.py:4156} INFO - Setting next_dagrun for HelloWorld_docker to 2026-04-18 02:00:00+00:00, run_after=2026-04-19 02:00:00+00:00
[2026-04-19T22:29:51.391+0000] {processor.py:208} INFO - Processing /opt/airflow/dags/Hello_World_Docker.py took 0.105 seconds
[2026-04-19T22:30:21.981+0000] {processor.py:186} INFO - Started process (PID=1132) to work on /opt/airflow/dags/Hello_World_Docker.py
[2026-04-19T22:30:21.983+0000] {processor.py:914} INFO - Processing file /opt/airflow/dags/Hello_World_Docker.py for tasks to queue
[2026-04-19T22:30:21.986+0000] {logging_mixin.py:190} INFO - [2026-04-19T22:30:21.985+0000] {dagbag.py:587} INFO - Filling up the DagBag from /opt/airflow/dags/Hello_World_Docker.py
[2026-04-19T22:30:22.004+0000] {processor.py:925} INFO - DAG(s) 'HelloWorld_docker' retrieved from /opt/airflow/dags/Hello_World_Docker.py
[2026-04-19T22:30:22.031+0000] {logging_mixin.py:190} INFO - [2026-04-19T22:30:22.030+0000] {dag.py:3229} INFO - Sync 1 DAGs
[2026-04-19T22:30:22.052+0000] {logging_mixin.py:190} INFO - [2026-04-19T22:30:22.051+0000] {dag.py:4156} INFO - Setting next_dagrun for HelloWorld_docker to 2026-04-18 02:00:00+00:00, run_after=2026-04-19 02:00:00+00:00
[2026-04-19T22:30:22.079+0000] {processor.py:208} INFO - Processing /opt/airflow/dags/Hello_World_Docker.py took 0.104 seconds
[2026-04-19T22:30:52.664+0000] {processor.py:186} INFO - Started process (PID=1184) to work on /opt/airflow/dags/Hello_World_Docker.py
[2026-04-19T22:30:52.665+0000] {processor.py:914} INFO - Processing file /opt/airflow/dags/Hello_World_Docker.py for tasks to queue
[2026-04-19T22:30:52.668+0000] {logging_mixin.py:190} INFO - [2026-04-19T22:30:52.668+0000] {dagbag.py:587} INFO - Filling up the DagBag from /opt/airflow/dags/Hello_World_Docker.py
[2026-04-19T22:30:52.688+0000] {processor.py:925} INFO - DAG(s) 'HelloWorld_docker' retrieved from /opt/airflow/dags/Hello_World_Docker.py
[2026-04-19T22:30:52.715+0000] {logging_mixin.py:190} INFO - [2026-04-19T22:30:52.714+0000] {dag.py:3229} INFO - Sync 1 DAGs
[2026-04-19T22:30:52.738+0000] {logging_mixin.py:190} INFO - [2026-04-19T22:30:52.738+0000] {dag.py:4156} INFO - Setting next_dagrun for HelloWorld_docker to 2026-04-18 02:00:00+00:00, run_after=2026-04-19 02:00:00+00:00
[2026-04-19T22:30:52.767+0000] {processor.py:208} INFO - Processing /opt/airflow/dags/Hello_World_Docker.py took 0.109 seconds
[2026-04-19T22:31:23.347+0000] {processor.py:186} INFO - Started process (PID=1236) to work on /opt/airflow/dags/Hello_World_Docker.py
[2026-04-19T22:31:23.348+0000] {processor.py:914} INFO - Processing file /opt/airflow/dags/Hello_World_Docker.py for tasks to queue
[2026-04-19T22:31:23.351+0000] {logging_mixin.py:190} INFO - [2026-04-19T22:31:23.351+0000] {dagbag.py:587} INFO - Filling up the DagBag from /opt/airflow/dags/Hello_World_Docker.py
[2026-04-19T22:31:23.370+0000] {processor.py:925} INFO - DAG(s) 'HelloWorld_docker' retrieved from /opt/airflow/dags/Hello_World_Docker.py
[2026-04-19T22:31:23.402+0000] {logging_mixin.py:190} INFO - [2026-04-19T22:31:23.401+0000] {dag.py:3229} INFO - Sync 1 DAGs
[2026-04-19T22:31:23.428+0000] {logging_mixin.py:190} INFO - [2026-04-19T22:31:23.428+0000] {dag.py:4156} INFO - Setting next_dagrun for HelloWorld_docker to 2026-04-18 02:00:00+00:00, run_after=2026-04-19 02:00:00+00:00
[2026-04-19T22:31:23.456+0000] {processor.py:208} INFO - Processing /opt/airflow/dags/Hello_World_Docker.py took 0.115 seconds
[2026-04-19T22:31:54.090+0000] {processor.py:186} INFO - Started process (PID=1288) to work on /opt/airflow/dags/Hello_World_Docker.py
[2026-04-19T22:31:54.091+0000] {processor.py:914} INFO - Processing file /opt/airflow/dags/Hello_World_Docker.py for tasks to queue
[2026-04-19T22:31:54.094+0000] {logging_mixin.py:190} INFO - [2026-04-19T22:31:54.093+0000] {dagbag.py:587} INFO - Filling up the DagBag from /opt/airflow/dags/Hello_World_Docker.py
[2026-04-19T22:31:54.115+0000] {processor.py:925} INFO - DAG(s) 'HelloWorld_docker' retrieved from /opt/airflow/dags/Hello_World_Docker.py
[2026-04-19T22:31:54.143+0000] {logging_mixin.py:190} INFO - [2026-04-19T22:31:54.142+0000] {dag.py:3229} INFO - Sync 1 DAGs
[2026-04-19T22:31:54.166+0000] {logging_mixin.py:190} INFO - [2026-04-19T22:31:54.166+0000] {dag.py:4156} INFO - Setting next_dagrun for HelloWorld_docker to 2026-04-18 02:00:00+00:00, run_after=2026-04-19 02:00:00+00:00
[2026-04-19T22:31:54.185+0000] {processor.py:208} INFO - Processing /opt/airflow/dags/Hello_World_Docker.py took 0.101 seconds
[2026-04-19T22:32:24.930+0000] {processor.py:186} INFO - Started process (PID=1322) to work on /opt/airflow/dags/Hello_World_Docker.py
[2026-04-19T22:32:24.931+0000] {processor.py:914} INFO - Processing file /opt/airflow/dags/Hello_World_Docker.py for tasks to queue
[2026-04-19T22:32:24.935+0000] {logging_mixin.py:190} INFO - [2026-04-19T22:32:24.934+0000] {dagbag.py:587} INFO - Filling up the DagBag from /opt/airflow/dags/Hello_World_Docker.py
[2026-04-19T22:32:24.955+0000] {processor.py:925} INFO - DAG(s) 'HelloWorld_docker' retrieved from /opt/airflow/dags/Hello_World_Docker.py
[2026-04-19T22:32:24.987+0000] {logging_mixin.py:190} INFO - [2026-04-19T22:32:24.987+0000] {dag.py:3229} INFO - Sync 1 DAGs
[2026-04-19T22:32:25.012+0000] {logging_mixin.py:190} INFO - [2026-04-19T22:32:25.012+0000] {dag.py:4156} INFO - Setting next_dagrun for HelloWorld_docker to 2026-04-18 02:00:00+00:00, run_after=2026-04-19 02:00:00+00:00
[2026-04-19T22:32:25.041+0000] {processor.py:208} INFO - Processing /opt/airflow/dags/Hello_World_Docker.py took 0.116 seconds
[2026-04-19T22:32:55.284+0000] {processor.py:186} INFO - Started process (PID=1371) to work on /opt/airflow/dags/Hello_World_Docker.py
[2026-04-19T22:32:55.285+0000] {processor.py:914} INFO - Processing file /opt/airflow/dags/Hello_World_Docker.py for tasks to queue
[2026-04-19T22:32:55.287+0000] {logging_mixin.py:190} INFO - [2026-04-19T22:32:55.287+0000] {dagbag.py:587} INFO - Filling up the DagBag from /opt/airflow/dags/Hello_World_Docker.py
[2026-04-19T22:32:55.309+0000] {processor.py:925} INFO - DAG(s) 'HelloWorld_docker' retrieved from /opt/airflow/dags/Hello_World_Docker.py
[2026-04-19T22:32:55.338+0000] {logging_mixin.py:190} INFO - [2026-04-19T22:32:55.337+0000] {dag.py:3229} INFO - Sync 1 DAGs
[2026-04-19T22:32:55.370+0000] {logging_mixin.py:190} INFO - [2026-04-19T22:32:55.369+0000] {dag.py:4156} INFO - Setting next_dagrun for HelloWorld_docker to 2026-04-18 02:00:00+00:00, run_after=2026-04-19 02:00:00+00:00
[2026-04-19T22:32:55.392+0000] {processor.py:208} INFO - Processing /opt/airflow/dags/Hello_World_Docker.py took 0.114 seconds
[2026-04-19T22:33:25.708+0000] {processor.py:186} INFO - Started process (PID=1423) to work on /opt/airflow/dags/Hello_World_Docker.py
[2026-04-19T22:33:25.709+0000] {processor.py:914} INFO - Processing file /opt/airflow/dags/Hello_World_Docker.py for tasks to queue
[2026-04-19T22:33:25.712+0000] {logging_mixin.py:190} INFO - [2026-04-19T22:33:25.712+0000] {dagbag.py:587} INFO - Filling up the DagBag from /opt/airflow/dags/Hello_World_Docker.py
[2026-04-19T22:33:25.730+0000] {processor.py:925} INFO - DAG(s) 'HelloWorld_docker' retrieved from /opt/airflow/dags/Hello_World_Docker.py
[2026-04-19T22:33:25.757+0000] {logging_mixin.py:190} INFO - [2026-04-19T22:33:25.756+0000] {dag.py:3229} INFO - Sync 1 DAGs
[2026-04-19T22:33:25.779+0000] {logging_mixin.py:190} INFO - [2026-04-19T22:33:25.779+0000] {dag.py:4156} INFO - Setting next_dagrun for HelloWorld_docker to 2026-04-18 02:00:00+00:00, run_after=2026-04-19 02:00:00+00:00
[2026-04-19T22:33:25.804+0000] {processor.py:208} INFO - Processing /opt/airflow/dags/Hello_World_Docker.py took 0.102 seconds
[2026-04-19T22:33:56.089+0000] {processor.py:186} INFO - Started process (PID=1475) to work on /opt/airflow/dags/Hello_World_Docker.py
[2026-04-19T22:33:56.091+0000] {processor.py:914} INFO - Processing file /opt/airflow/dags/Hello_World_Docker.py for tasks to queue
[2026-04-19T22:33:56.093+0000] {logging_mixin.py:190} INFO - [2026-04-19T22:33:56.093+0000] {dagbag.py:587} INFO - Filling up the DagBag from /opt/airflow/dags/Hello_World_Docker.py
[2026-04-19T22:33:56.113+0000] {processor.py:925} INFO - DAG(s) 'HelloWorld_docker' retrieved from /opt/airflow/dags/Hello_World_Docker.py
[2026-04-19T22:33:56.140+0000] {logging_mixin.py:190} INFO - [2026-04-19T22:33:56.140+0000] {dag.py:3229} INFO - Sync 1 DAGs
[2026-04-19T22:33:56.162+0000] {logging_mixin.py:190} INFO - [2026-04-19T22:33:56.162+0000] {dag.py:4156} INFO - Setting next_dagrun for HelloWorld_docker to 2026-04-18 02:00:00+00:00, run_after=2026-04-19 02:00:00+00:00
[2026-04-19T22:33:56.190+0000] {processor.py:208} INFO - Processing /opt/airflow/dags/Hello_World_Docker.py took 0.107 seconds
[2026-04-19T22:34:26.577+0000] {processor.py:186} INFO - Started process (PID=1527) to work on /opt/airflow/dags/Hello_World_Docker.py
[2026-04-19T22:34:26.579+0000] {processor.py:914} INFO - Processing file /opt/airflow/dags/Hello_World_Docker.py for tasks to queue
[2026-04-19T22:34:26.582+0000] {logging_mixin.py:190} INFO - [2026-04-19T22:34:26.581+0000] {dagbag.py:587} INFO - Filling up the DagBag from /opt/airflow/dags/Hello_World_Docker.py
[2026-04-19T22:34:26.599+0000] {processor.py:925} INFO - DAG(s) 'HelloWorld_docker' retrieved from /opt/airflow/dags/Hello_World_Docker.py
[2026-04-19T22:34:26.627+0000] {logging_mixin.py:190} INFO - [2026-04-19T22:34:26.627+0000] {dag.py:3229} INFO - Sync 1 DAGs
[2026-04-19T22:34:26.651+0000] {logging_mixin.py:190} INFO - [2026-04-19T22:34:26.651+0000] {dag.py:4156} INFO - Setting next_dagrun for HelloWorld_docker to 2026-04-18 02:00:00+00:00, run_after=2026-04-19 02:00:00+00:00
[2026-04-19T22:34:26.670+0000] {processor.py:208} INFO - Processing /opt/airflow/dags/Hello_World_Docker.py took 0.099 seconds
[2026-04-19T22:34:57.403+0000] {processor.py:186} INFO - Started process (PID=1579) to work on /opt/airflow/dags/Hello_World_Docker.py
[2026-04-19T22:34:57.404+0000] {processor.py:914} INFO - Processing file /opt/airflow/dags/Hello_World_Docker.py for tasks to queue
[2026-04-19T22:34:57.407+0000] {logging_mixin.py:190} INFO - [2026-04-19T22:34:57.406+0000] {dagbag.py:587} INFO - Filling up the DagBag from /opt/airflow/dags/Hello_World_Docker.py
[2026-04-19T22:34:57.425+0000] {processor.py:925} INFO - DAG(s) 'HelloWorld_docker' retrieved from /opt/airflow/dags/Hello_World_Docker.py
[2026-04-19T22:34:57.451+0000] {logging_mixin.py:190} INFO - [2026-04-19T22:34:57.450+0000] {dag.py:3229} INFO - Sync 1 DAGs
[2026-04-19T22:34:57.471+0000] {logging_mixin.py:190} INFO - [2026-04-19T22:34:57.471+0000] {dag.py:4156} INFO - Setting next_dagrun for HelloWorld_docker to 2026-04-18 02:00:00+00:00, run_after=2026-04-19 02:00:00+00:00
[2026-04-19T22:34:57.488+0000] {processor.py:208} INFO - Processing /opt/airflow/dags/Hello_World_Docker.py took 0.091 seconds
[2026-04-19T22:35:28.028+0000] {processor.py:186} INFO - Started process (PID=1631) to work on /opt/airflow/dags/Hello_World_Docker.py
[2026-04-19T22:35:28.029+0000] {processor.py:914} INFO - Processing file /opt/airflow/dags/Hello_World_Docker.py for tasks to queue
[2026-04-19T22:35:28.032+0000] {logging_mixin.py:190} INFO - [2026-04-19T22:35:28.031+0000] {dagbag.py:587} INFO - Filling up the DagBag from /opt/airflow/dags/Hello_World_Docker.py
[2026-04-19T22:35:28.050+0000] {processor.py:925} INFO - DAG(s) 'HelloWorld_docker' retrieved from /opt/airflow/dags/Hello_World_Docker.py
[2026-04-19T22:35:28.077+0000] {logging_mixin.py:190} INFO - [2026-04-19T22:35:28.076+0000] {dag.py:3229} INFO - Sync 1 DAGs
[2026-04-19T22:35:28.098+0000] {logging_mixin.py:190} INFO - [2026-04-19T22:35:28.097+0000] {dag.py:4156} INFO - Setting next_dagrun for HelloWorld_docker to 2026-04-18 02:00:00+00:00, run_after=2026-04-19 02:00:00+00:00
[2026-04-19T22:35:28.114+0000] {processor.py:208} INFO - Processing /opt/airflow/dags/Hello_World_Docker.py took 0.092 seconds
[2026-04-19T22:35:58.741+0000] {processor.py:186} INFO - Started process (PID=1683) to work on /opt/airflow/dags/Hello_World_Docker.py
[2026-04-19T22:35:58.742+0000] {processor.py:914} INFO - Processing file /opt/airflow/dags/Hello_World_Docker.py for tasks to queue
[2026-04-19T22:35:58.745+0000] {logging_mixin.py:190} INFO - [2026-04-19T22:35:58.745+0000] {dagbag.py:587} INFO - Filling up the DagBag from /opt/airflow/dags/Hello_World_Docker.py
[2026-04-19T22:35:58.765+0000] {processor.py:925} INFO - DAG(s) 'HelloWorld_docker' retrieved from /opt/airflow/dags/Hello_World_Docker.py
[2026-04-19T22:35:58.793+0000] {logging_mixin.py:190} INFO - [2026-04-19T22:35:58.793+0000] {dag.py:3229} INFO - Sync 1 DAGs
[2026-04-19T22:35:58.815+0000] {logging_mixin.py:190} INFO - [2026-04-19T22:35:58.814+0000] {dag.py:4156} INFO - Setting next_dagrun for HelloWorld_docker to 2026-04-18 02:00:00+00:00, run_after=2026-04-19 02:00:00+00:00
[2026-04-19T22:35:58.842+0000] {processor.py:208} INFO - Processing /opt/airflow/dags/Hello_World_Docker.py took 0.112 seconds
[2026-04-19T22:36:29.417+0000] {processor.py:186} INFO - Started process (PID=1735) to work on /opt/airflow/dags/Hello_World_Docker.py
[2026-04-19T22:36:29.418+0000] {processor.py:914} INFO - Processing file /opt/airflow/dags/Hello_World_Docker.py for tasks to queue
[2026-04-19T22:36:29.420+0000] {logging_mixin.py:190} INFO - [2026-04-19T22:36:29.420+0000] {dagbag.py:587} INFO - Filling up the DagBag from /opt/airflow/dags/Hello_World_Docker.py
[2026-04-19T22:36:29.442+0000] {processor.py:925} INFO - DAG(s) 'HelloWorld_docker' retrieved from /opt/airflow/dags/Hello_World_Docker.py
[2026-04-19T22:36:29.473+0000] {logging_mixin.py:190} INFO - [2026-04-19T22:36:29.472+0000] {dag.py:3229} INFO - Sync 1 DAGs
[2026-04-19T22:36:29.499+0000] {logging_mixin.py:190} INFO - [2026-04-19T22:36:29.499+0000] {dag.py:4156} INFO - Setting next_dagrun for HelloWorld_docker to 2026-04-18 02:00:00+00:00, run_after=2026-04-19 02:00:00+00:00
[2026-04-19T22:36:29.519+0000] {processor.py:208} INFO - Processing /opt/airflow/dags/Hello_World_Docker.py took 0.108 seconds
[2026-04-19T22:37:00.158+0000] {processor.py:186} INFO - Started process (PID=1787) to work on /opt/airflow/dags/Hello_World_Docker.py
[2026-04-19T22:37:00.159+0000] {processor.py:914} INFO - Processing file /opt/airflow/dags/Hello_World_Docker.py for tasks to queue
[2026-04-19T22:37:00.162+0000] {logging_mixin.py:190} INFO - [2026-04-19T22:37:00.161+0000] {dagbag.py:587} INFO - Filling up the DagBag from /opt/airflow/dags/Hello_World_Docker.py
[2026-04-19T22:37:00.181+0000] {processor.py:925} INFO - DAG(s) 'HelloWorld_docker' retrieved from /opt/airflow/dags/Hello_World_Docker.py
[2026-04-19T22:37:00.208+0000] {logging_mixin.py:190} INFO - [2026-04-19T22:37:00.207+0000] {dag.py:3229} INFO - Sync 1 DAGs
[2026-04-19T22:37:00.232+0000] {logging_mixin.py:190} INFO - [2026-04-19T22:37:00.232+0000] {dag.py:4156} INFO - Setting next_dagrun for HelloWorld_docker to 2026-04-18 02:00:00+00:00, run_after=2026-04-19 02:00:00+00:00
[2026-04-19T22:37:00.249+0000] {processor.py:208} INFO - Processing /opt/airflow/dags/Hello_World_Docker.py took 0.098 seconds
[2026-04-19T22:37:30.605+0000] {processor.py:186} INFO - Started process (PID=1846) to work on /opt/airflow/dags/Hello_World_Docker.py
[2026-04-19T22:37:30.606+0000] {processor.py:914} INFO - Processing file /opt/airflow/dags/Hello_World_Docker.py for tasks to queue
[2026-04-19T22:37:30.608+0000] {logging_mixin.py:190} INFO - [2026-04-19T22:37:30.608+0000] {dagbag.py:587} INFO - Filling up the DagBag from /opt/airflow/dags/Hello_World_Docker.py
[2026-04-19T22:37:30.626+0000] {processor.py:925} INFO - DAG(s) 'HelloWorld_docker' retrieved from /opt/airflow/dags/Hello_World_Docker.py
[2026-04-19T22:37:30.652+0000] {logging_mixin.py:190} INFO - [2026-04-19T22:37:30.652+0000] {dag.py:3229} INFO - Sync 1 DAGs
[2026-04-19T22:37:30.673+0000] {logging_mixin.py:190} INFO - [2026-04-19T22:37:30.672+0000] {dag.py:4156} INFO - Setting next_dagrun for HelloWorld_docker to 2026-04-18 02:00:00+00:00, run_after=2026-04-19 02:00:00+00:00
[2026-04-19T22:37:30.690+0000] {processor.py:208} INFO - Processing /opt/airflow/dags/Hello_World_Docker.py took 0.092 seconds
[2026-04-19T22:38:01.080+0000] {processor.py:186} INFO - Started process (PID=1898) to work on /opt/airflow/dags/Hello_World_Docker.py
[2026-04-19T22:38:01.081+0000] {processor.py:914} INFO - Processing file /opt/airflow/dags/Hello_World_Docker.py for tasks to queue
[2026-04-19T22:38:01.084+0000] {logging_mixin.py:190} INFO - [2026-04-19T22:38:01.083+0000] {dagbag.py:587} INFO - Filling up the DagBag from /opt/airflow/dags/Hello_World_Docker.py
[2026-04-19T22:38:01.102+0000] {processor.py:925} INFO - DAG(s) 'HelloWorld_docker' retrieved from /opt/airflow/dags/Hello_World_Docker.py
[2026-04-19T22:38:01.127+0000] {logging_mixin.py:190} INFO - [2026-04-19T22:38:01.127+0000] {dag.py:3229} INFO - Sync 1 DAGs
[2026-04-19T22:38:01.150+0000] {logging_mixin.py:190} INFO - [2026-04-19T22:38:01.150+0000] {dag.py:4156} INFO - Setting next_dagrun for HelloWorld_docker to 2026-04-18 02:00:00+00:00, run_after=2026-04-19 02:00:00+00:00
[2026-04-19T22:38:01.169+0000] {processor.py:208} INFO - Processing /opt/airflow/dags/Hello_World_Docker.py took 0.095 seconds
[2026-04-19T22:38:31.420+0000] {processor.py:186} INFO - Started process (PID=1950) to work on /opt/airflow/dags/Hello_World_Docker.py
[2026-04-19T22:38:31.421+0000] {processor.py:914} INFO - Processing file /opt/airflow/dags/Hello_World_Docker.py for tasks to queue
[2026-04-19T22:38:31.424+0000] {logging_mixin.py:190} INFO - [2026-04-19T22:38:31.423+0000] {dagbag.py:587} INFO - Filling up the DagBag from /opt/airflow/dags/Hello_World_Docker.py
[2026-04-19T22:38:31.442+0000] {processor.py:925} INFO - DAG(s) 'HelloWorld_docker' retrieved from /opt/airflow/dags/Hello_World_Docker.py
[2026-04-19T22:38:31.469+0000] {logging_mixin.py:190} INFO - [2026-04-19T22:38:31.468+0000] {dag.py:3229} INFO - Sync 1 DAGs
[2026-04-19T22:38:31.490+0000] {logging_mixin.py:190} INFO - [2026-04-19T22:38:31.490+0000] {dag.py:4156} INFO - Setting next_dagrun for HelloWorld_docker to 2026-04-18 02:00:00+00:00, run_after=2026-04-19 02:00:00+00:00
[2026-04-19T22:38:31.507+0000] {processor.py:208} INFO - Processing /opt/airflow/dags/Hello_World_Docker.py took 0.093 seconds
[2026-04-19T22:39:01.994+0000] {processor.py:186} INFO - Started process (PID=2002) to work on /opt/airflow/dags/Hello_World_Docker.py
[2026-04-19T22:39:01.995+0000] {processor.py:914} INFO - Processing file /opt/airflow/dags/Hello_World_Docker.py for tasks to queue
[2026-04-19T22:39:01.998+0000] {logging_mixin.py:190} INFO - [2026-04-19T22:39:01.998+0000] {dagbag.py:587} INFO - Filling up the DagBag from /opt/airflow/dags/Hello_World_Docker.py
[2026-04-19T22:39:02.016+0000] {processor.py:925} INFO - DAG(s) 'HelloWorld_docker' retrieved from /opt/airflow/dags/Hello_World_Docker.py
[2026-04-19T22:39:02.042+0000] {logging_mixin.py:190} INFO - [2026-04-19T22:39:02.041+0000] {dag.py:3229} INFO - Sync 1 DAGs
[2026-04-19T22:39:02.063+0000] {logging_mixin.py:190} INFO - [2026-04-19T22:39:02.063+0000] {dag.py:4156} INFO - Setting next_dagrun for HelloWorld_docker to 2026-04-18 02:00:00+00:00, run_after=2026-04-19 02:00:00+00:00
[2026-04-19T22:39:02.094+0000] {processor.py:208} INFO - Processing /opt/airflow/dags/Hello_World_Docker.py took 0.105 seconds
[2026-04-19T22:39:32.331+0000] {processor.py:186} INFO - Started process (PID=2054) to work on /opt/airflow/dags/Hello_World_Docker.py
[2026-04-19T22:39:32.332+0000] {processor.py:914} INFO - Processing file /opt/airflow/dags/Hello_World_Docker.py for tasks to queue
[2026-04-19T22:39:32.335+0000] {logging_mixin.py:190} INFO - [2026-04-19T22:39:32.335+0000] {dagbag.py:587} INFO - Filling up the DagBag from /opt/airflow/dags/Hello_World_Docker.py
[2026-04-19T22:39:32.354+0000] {processor.py:925} INFO - DAG(s) 'HelloWorld_docker' retrieved from /opt/airflow/dags/Hello_World_Docker.py
[2026-04-19T22:39:32.381+0000] {logging_mixin.py:190} INFO - [2026-04-19T22:39:32.380+0000] {dag.py:3229} INFO - Sync 1 DAGs
[2026-04-19T22:39:32.402+0000] {logging_mixin.py:190} INFO - [2026-04-19T22:39:32.401+0000] {dag.py:4156} INFO - Setting next_dagrun for HelloWorld_docker to 2026-04-18 02:00:00+00:00, run_after=2026-04-19 02:00:00+00:00
[2026-04-19T22:39:32.430+0000] {processor.py:208} INFO - Processing /opt/airflow/dags/Hello_World_Docker.py took 0.105 seconds
[2026-04-19T22:40:02.779+0000] {processor.py:186} INFO - Started process (PID=2106) to work on /opt/airflow/dags/Hello_World_Docker.py
[2026-04-19T22:40:02.780+0000] {processor.py:914} INFO - Processing file /opt/airflow/dags/Hello_World_Docker.py for tasks to queue
[2026-04-19T22:40:02.782+0000] {logging_mixin.py:190} INFO - [2026-04-19T22:40:02.782+0000] {dagbag.py:587} INFO - Filling up the DagBag from /opt/airflow/dags/Hello_World_Docker.py
[2026-04-19T22:40:02.801+0000] {processor.py:925} INFO - DAG(s) 'HelloWorld_docker' retrieved from /opt/airflow/dags/Hello_World_Docker.py
[2026-04-19T22:40:02.828+0000] {logging_mixin.py:190} INFO - [2026-04-19T22:40:02.828+0000] {dag.py:3229} INFO - Sync 1 DAGs
[2026-04-19T22:40:02.848+0000] {logging_mixin.py:190} INFO - [2026-04-19T22:40:02.848+0000] {dag.py:4156} INFO - Setting next_dagrun for HelloWorld_docker to 2026-04-18 02:00:00+00:00, run_after=2026-04-19 02:00:00+00:00
[2026-04-19T22:40:02.879+0000] {processor.py:208} INFO - Processing /opt/airflow/dags/Hello_World_Docker.py took 0.105 seconds
[2026-04-19T22:40:33.221+0000] {processor.py:186} INFO - Started process (PID=2158) to work on /opt/airflow/dags/Hello_World_Docker.py
[2026-04-19T22:40:33.222+0000] {processor.py:914} INFO - Processing file /opt/airflow/dags/Hello_World_Docker.py for tasks to queue
[2026-04-19T22:40:33.225+0000] {logging_mixin.py:190} INFO - [2026-04-19T22:40:33.224+0000] {dagbag.py:587} INFO - Filling up the DagBag from /opt/airflow/dags/Hello_World_Docker.py
[2026-04-19T22:40:33.244+0000] {processor.py:925} INFO - DAG(s) 'HelloWorld_docker' retrieved from /opt/airflow/dags/Hello_World_Docker.py
[2026-04-19T22:40:33.271+0000] {logging_mixin.py:190} INFO - [2026-04-19T22:40:33.270+0000] {dag.py:3229} INFO - Sync 1 DAGs
[2026-04-19T22:40:33.293+0000] {logging_mixin.py:190} INFO - [2026-04-19T22:40:33.292+0000] {dag.py:4156} INFO - Setting next_dagrun for HelloWorld_docker to 2026-04-18 02:00:00+00:00, run_after=2026-04-19 02:00:00+00:00
[2026-04-19T22:40:33.309+0000] {processor.py:208} INFO - Processing /opt/airflow/dags/Hello_World_Docker.py took 0.094 seconds
[2026-04-19T22:41:03.912+0000] {processor.py:186} INFO - Started process (PID=2192) to work on /opt/airflow/dags/Hello_World_Docker.py
[2026-04-19T22:41:03.913+0000] {processor.py:914} INFO - Processing file /opt/airflow/dags/Hello_World_Docker.py for tasks to queue
[2026-04-19T22:41:03.916+0000] {logging_mixin.py:190} INFO - [2026-04-19T22:41:03.915+0000] {dagbag.py:587} INFO - Filling up the DagBag from /opt/airflow/dags/Hello_World_Docker.py
[2026-04-19T22:41:03.934+0000] {processor.py:925} INFO - DAG(s) 'HelloWorld_docker' retrieved from /opt/airflow/dags/Hello_World_Docker.py
[2026-04-19T22:41:03.964+0000] {logging_mixin.py:190} INFO - [2026-04-19T22:41:03.964+0000] {dag.py:3229} INFO - Sync 1 DAGs
[2026-04-19T22:41:03.988+0000] {logging_mixin.py:190} INFO - [2026-04-19T22:41:03.988+0000] {dag.py:4156} INFO - Setting next_dagrun for HelloWorld_docker to 2026-04-18 02:00:00+00:00, run_after=2026-04-19 02:00:00+00:00
[2026-04-19T22:41:04.007+0000] {processor.py:208} INFO - Processing /opt/airflow/dags/Hello_World_Docker.py took 0.100 seconds
[2026-04-19T22:41:34.328+0000] {processor.py:186} INFO - Started process (PID=2241) to work on /opt/airflow/dags/Hello_World_Docker.py
[2026-04-19T22:41:34.329+0000] {processor.py:914} INFO - Processing file /opt/airflow/dags/Hello_World_Docker.py for tasks to queue
[2026-04-19T22:41:34.331+0000] {logging_mixin.py:190} INFO - [2026-04-19T22:41:34.331+0000] {dagbag.py:587} INFO - Filling up the DagBag from /opt/airflow/dags/Hello_World_Docker.py
[2026-04-19T22:41:34.349+0000] {processor.py:925} INFO - DAG(s) 'HelloWorld_docker' retrieved from /opt/airflow/dags/Hello_World_Docker.py
[2026-04-19T22:41:34.373+0000] {logging_mixin.py:190} INFO - [2026-04-19T22:41:34.372+0000] {dag.py:3229} INFO - Sync 1 DAGs
[2026-04-19T22:41:34.393+0000] {logging_mixin.py:190} INFO - [2026-04-19T22:41:34.393+0000] {dag.py:4156} INFO - Setting next_dagrun for HelloWorld_docker to 2026-04-18 02:00:00+00:00, run_after=2026-04-19 02:00:00+00:00
[2026-04-19T22:41:34.410+0000] {processor.py:208} INFO - Processing /opt/airflow/dags/Hello_World_Docker.py took 0.088 seconds
[2026-04-19T22:42:04.613+0000] {processor.py:186} INFO - Started process (PID=2293) to work on /opt/airflow/dags/Hello_World_Docker.py
[2026-04-19T22:42:04.614+0000] {processor.py:914} INFO - Processing file /opt/airflow/dags/Hello_World_Docker.py for tasks to queue
[2026-04-19T22:42:04.616+0000] {logging_mixin.py:190} INFO - [2026-04-19T22:42:04.616+0000] {dagbag.py:587} INFO - Filling up the DagBag from /opt/airflow/dags/Hello_World_Docker.py
[2026-04-19T22:42:04.635+0000] {processor.py:925} INFO - DAG(s) 'HelloWorld_docker' retrieved from /opt/airflow/dags/Hello_World_Docker.py
[2026-04-19T22:42:04.661+0000] {logging_mixin.py:190} INFO - [2026-04-19T22:42:04.660+0000] {dag.py:3229} INFO - Sync 1 DAGs
[2026-04-19T22:42:04.682+0000] {logging_mixin.py:190} INFO - [2026-04-19T22:42:04.682+0000] {dag.py:4156} INFO - Setting next_dagrun for HelloWorld_docker to 2026-04-18 02:00:00+00:00, run_after=2026-04-19 02:00:00+00:00
[2026-04-19T22:42:04.699+0000] {processor.py:208} INFO - Processing /opt/airflow/dags/Hello_World_Docker.py took 0.092 seconds
[2026-04-19T22:42:35.286+0000] {processor.py:186} INFO - Started process (PID=2345) to work on /opt/airflow/dags/Hello_World_Docker.py
[2026-04-19T22:42:35.288+0000] {processor.py:914} INFO - Processing file /opt/airflow/dags/Hello_World_Docker.py for tasks to queue
[2026-04-19T22:42:35.290+0000] {logging_mixin.py:190} INFO - [2026-04-19T22:42:35.290+0000] {dagbag.py:587} INFO - Filling up the DagBag from /opt/airflow/dags/Hello_World_Docker.py
[2026-04-19T22:42:35.309+0000] {processor.py:925} INFO - DAG(s) 'HelloWorld_docker' retrieved from /opt/airflow/dags/Hello_World_Docker.py
[2026-04-19T22:42:35.335+0000] {logging_mixin.py:190} INFO - [2026-04-19T22:42:35.334+0000] {dag.py:3229} INFO - Sync 1 DAGs
[2026-04-19T22:42:35.357+0000] {logging_mixin.py:190} INFO - [2026-04-19T22:42:35.356+0000] {dag.py:4156} INFO - Setting next_dagrun for HelloWorld_docker to 2026-04-18 02:00:00+00:00, run_after=2026-04-19 02:00:00+00:00
[2026-04-19T22:42:35.387+0000] {processor.py:208} INFO - Processing /opt/airflow/dags/Hello_World_Docker.py took 0.107 seconds
[2026-04-19T22:43:05.840+0000] {processor.py:186} INFO - Started process (PID=2397) to work on /opt/airflow/dags/Hello_World_Docker.py
[2026-04-19T22:43:05.841+0000] {processor.py:914} INFO - Processing file /opt/airflow/dags/Hello_World_Docker.py for tasks to queue
[2026-04-19T22:43:05.844+0000] {logging_mixin.py:190} INFO - [2026-04-19T22:43:05.844+0000] {dagbag.py:587} INFO - Filling up the DagBag from /opt/airflow/dags/Hello_World_Docker.py
[2026-04-19T22:43:05.863+0000] {processor.py:925} INFO - DAG(s) 'HelloWorld_docker' retrieved from /opt/airflow/dags/Hello_World_Docker.py
[2026-04-19T22:43:05.889+0000] {logging_mixin.py:190} INFO - [2026-04-19T22:43:05.888+0000] {dag.py:3229} INFO - Sync 1 DAGs
[2026-04-19T22:43:05.911+0000] {logging_mixin.py:190} INFO - [2026-04-19T22:43:05.910+0000] {dag.py:4156} INFO - Setting next_dagrun for HelloWorld_docker to 2026-04-18 02:00:00+00:00, run_after=2026-04-19 02:00:00+00:00
[2026-04-19T22:43:05.930+0000] {processor.py:208} INFO - Processing /opt/airflow/dags/Hello_World_Docker.py took 0.095 seconds
[2026-04-19T22:43:36.386+0000] {processor.py:186} INFO - Started process (PID=2449) to work on /opt/airflow/dags/Hello_World_Docker.py
[2026-04-19T22:43:36.387+0000] {processor.py:914} INFO - Processing file /opt/airflow/dags/Hello_World_Docker.py for tasks to queue
[2026-04-19T22:43:36.391+0000] {logging_mixin.py:190} INFO - [2026-04-19T22:43:36.390+0000] {dagbag.py:587} INFO - Filling up the DagBag from /opt/airflow/dags/Hello_World_Docker.py
[2026-04-19T22:43:36.409+0000] {processor.py:925} INFO - DAG(s) 'HelloWorld_docker' retrieved from /opt/airflow/dags/Hello_World_Docker.py
[2026-04-19T22:43:36.435+0000] {logging_mixin.py:190} INFO - [2026-04-19T22:43:36.435+0000] {dag.py:3229} INFO - Sync 1 DAGs
[2026-04-19T22:43:36.457+0000] {logging_mixin.py:190} INFO - [2026-04-19T22:43:36.457+0000] {dag.py:4156} INFO - Setting next_dagrun for HelloWorld_docker to 2026-04-18 02:00:00+00:00, run_after=2026-04-19 02:00:00+00:00
[2026-04-19T22:43:36.474+0000] {processor.py:208} INFO - Processing /opt/airflow/dags/Hello_World_Docker.py took 0.093 seconds
[2026-04-19T22:44:06.714+0000] {processor.py:186} INFO - Started process (PID=2501) to work on /opt/airflow/dags/Hello_World_Docker.py
[2026-04-19T22:44:06.715+0000] {processor.py:914} INFO - Processing file /opt/airflow/dags/Hello_World_Docker.py for tasks to queue
[2026-04-19T22:44:06.719+0000] {logging_mixin.py:190} INFO - [2026-04-19T22:44:06.718+0000] {dagbag.py:587} INFO - Filling up the DagBag from /opt/airflow/dags/Hello_World_Docker.py
[2026-04-19T22:44:06.738+0000] {processor.py:925} INFO - DAG(s) 'HelloWorld_docker' retrieved from /opt/airflow/dags/Hello_World_Docker.py
[2026-04-19T22:44:06.764+0000] {logging_mixin.py:190} INFO - [2026-04-19T22:44:06.763+0000] {dag.py:3229} INFO - Sync 1 DAGs
[2026-04-19T22:44:06.784+0000] {logging_mixin.py:190} INFO - [2026-04-19T22:44:06.783+0000] {dag.py:4156} INFO - Setting next_dagrun for HelloWorld_docker to 2026-04-18 02:00:00+00:00, run_after=2026-04-19 02:00:00+00:00
[2026-04-19T22:44:06.799+0000] {processor.py:208} INFO - Processing /opt/airflow/dags/Hello_World_Docker.py took 0.092 seconds
[2026-04-19T22:44:37.207+0000] {processor.py:186} INFO - Started process (PID=2553) to work on /opt/airflow/dags/Hello_World_Docker.py
[2026-04-19T22:44:37.208+0000] {processor.py:914} INFO - Processing file /opt/airflow/dags/Hello_World_Docker.py for tasks to queue
[2026-04-19T22:44:37.211+0000] {logging_mixin.py:190} INFO - [2026-04-19T22:44:37.210+0000] {dagbag.py:587} INFO - Filling up the DagBag from /opt/airflow/dags/Hello_World_Docker.py
[2026-04-19T22:44:37.229+0000] {processor.py:925} INFO - DAG(s) 'HelloWorld_docker' retrieved from /opt/airflow/dags/Hello_World_Docker.py
[2026-04-19T22:44:37.255+0000] {logging_mixin.py:190} INFO - [2026-04-19T22:44:37.255+0000] {dag.py:3229} INFO - Sync 1 DAGs
[2026-04-19T22:44:37.276+0000] {logging_mixin.py:190} INFO - [2026-04-19T22:44:37.276+0000] {dag.py:4156} INFO - Setting next_dagrun for HelloWorld_docker to 2026-04-18 02:00:00+00:00, run_after=2026-04-19 02:00:00+00:00
[2026-04-19T22:44:37.297+0000] {processor.py:208} INFO - Processing /opt/airflow/dags/Hello_World_Docker.py took 0.096 seconds
[2026-04-19T22:45:07.778+0000] {processor.py:186} INFO - Started process (PID=2605) to work on /opt/airflow/dags/Hello_World_Docker.py
[2026-04-19T22:45:07.779+0000] {processor.py:914} INFO - Processing file /opt/airflow/dags/Hello_World_Docker.py for tasks to queue
[2026-04-19T22:45:07.781+0000] {logging_mixin.py:190} INFO - [2026-04-19T22:45:07.781+0000] {dagbag.py:587} INFO - Filling up the DagBag from /opt/airflow/dags/Hello_World_Docker.py
[2026-04-19T22:45:07.801+0000] {processor.py:925} INFO - DAG(s) 'HelloWorld_docker' retrieved from /opt/airflow/dags/Hello_World_Docker.py
[2026-04-19T22:45:07.828+0000] {logging_mixin.py:190} INFO - [2026-04-19T22:45:07.827+0000] {dag.py:3229} INFO - Sync 1 DAGs
[2026-04-19T22:45:07.849+0000] {logging_mixin.py:190} INFO - [2026-04-19T22:45:07.849+0000] {dag.py:4156} INFO - Setting next_dagrun for HelloWorld_docker to 2026-04-18 02:00:00+00:00, run_after=2026-04-19 02:00:00+00:00
[2026-04-19T22:45:07.866+0000] {processor.py:208} INFO - Processing /opt/airflow/dags/Hello_World_Docker.py took 0.094 seconds
[2026-04-19T22:45:38.241+0000] {processor.py:186} INFO - Started process (PID=2657) to work on /opt/airflow/dags/Hello_World_Docker.py
[2026-04-19T22:45:38.243+0000] {processor.py:914} INFO - Processing file /opt/airflow/dags/Hello_World_Docker.py for tasks to queue
[2026-04-19T22:45:38.246+0000] {logging_mixin.py:190} INFO - [2026-04-19T22:45:38.246+0000] {dagbag.py:587} INFO - Filling up the DagBag from /opt/airflow/dags/Hello_World_Docker.py
[2026-04-19T22:45:38.267+0000] {processor.py:925} INFO - DAG(s) 'HelloWorld_docker' retrieved from /opt/airflow/dags/Hello_World_Docker.py
[2026-04-19T22:45:38.299+0000] {logging_mixin.py:190} INFO - [2026-04-19T22:45:38.299+0000] {dag.py:3229} INFO - Sync 1 DAGs
[2026-04-19T22:45:38.322+0000] {logging_mixin.py:190} INFO - [2026-04-19T22:45:38.322+0000] {dag.py:4156} INFO - Setting next_dagrun for HelloWorld_docker to 2026-04-18 02:00:00+00:00, run_after=2026-04-19 02:00:00+00:00
[2026-04-19T22:45:38.339+0000] {processor.py:208} INFO - Processing /opt/airflow/dags/Hello_World_Docker.py took 0.107 seconds
[2026-04-19T22:46:08.332+0000] {processor.py:186} INFO - Started process (PID=2709) to work on /opt/airflow/dags/Hello_World_Docker.py
[2026-04-19T22:46:08.334+0000] {processor.py:914} INFO - Processing file /opt/airflow/dags/Hello_World_Docker.py for tasks to queue
[2026-04-19T22:46:08.338+0000] {logging_mixin.py:190} INFO - [2026-04-19T22:46:08.338+0000] {dagbag.py:587} INFO - Filling up the DagBag from /opt/airflow/dags/Hello_World_Docker.py
[2026-04-19T22:46:08.358+0000] {processor.py:925} INFO - DAG(s) 'HelloWorld_docker' retrieved from /opt/airflow/dags/Hello_World_Docker.py
[2026-04-19T22:46:08.387+0000] {logging_mixin.py:190} INFO - [2026-04-19T22:46:08.387+0000] {dag.py:3229} INFO - Sync 1 DAGs
[2026-04-19T22:46:07.765+0000] {logging_mixin.py:190} INFO - [2026-04-19T22:46:07.764+0000] {dag.py:4156} INFO - Setting next_dagrun for HelloWorld_docker to 2026-04-18 02:00:00+00:00, run_after=2026-04-19 02:00:00+00:00
[2026-04-19T22:46:07.784+0000] {processor.py:208} INFO - Processing /opt/airflow/dags/Hello_World_Docker.py took 0.109 seconds
[2026-04-19T22:46:38.088+0000] {processor.py:186} INFO - Started process (PID=2761) to work on /opt/airflow/dags/Hello_World_Docker.py
[2026-04-19T22:46:38.089+0000] {processor.py:914} INFO - Processing file /opt/airflow/dags/Hello_World_Docker.py for tasks to queue
[2026-04-19T22:46:38.092+0000] {logging_mixin.py:190} INFO - [2026-04-19T22:46:38.092+0000] {dagbag.py:587} INFO - Filling up the DagBag from /opt/airflow/dags/Hello_World_Docker.py
[2026-04-19T22:46:38.111+0000] {processor.py:925} INFO - DAG(s) 'HelloWorld_docker' retrieved from /opt/airflow/dags/Hello_World_Docker.py
[2026-04-19T22:46:38.137+0000] {logging_mixin.py:190} INFO - [2026-04-19T22:46:38.137+0000] {dag.py:3229} INFO - Sync 1 DAGs
[2026-04-19T22:46:38.158+0000] {logging_mixin.py:190} INFO - [2026-04-19T22:46:38.158+0000] {dag.py:4156} INFO - Setting next_dagrun for HelloWorld_docker to 2026-04-18 02:00:00+00:00, run_after=2026-04-19 02:00:00+00:00
[2026-04-19T22:46:38.175+0000] {processor.py:208} INFO - Processing /opt/airflow/dags/Hello_World_Docker.py took 0.094 seconds
[2026-04-19T22:47:08.542+0000] {processor.py:186} INFO - Started process (PID=2813) to work on /opt/airflow/dags/Hello_World_Docker.py
[2026-04-19T22:47:08.543+0000] {processor.py:914} INFO - Processing file /opt/airflow/dags/Hello_World_Docker.py for tasks to queue
[2026-04-19T22:47:08.547+0000] {logging_mixin.py:190} INFO - [2026-04-19T22:47:08.546+0000] {dagbag.py:587} INFO - Filling up the DagBag from /opt/airflow/dags/Hello_World_Docker.py
[2026-04-19T22:47:08.567+0000] {processor.py:925} INFO - DAG(s) 'HelloWorld_docker' retrieved from /opt/airflow/dags/Hello_World_Docker.py
[2026-04-19T22:47:08.594+0000] {logging_mixin.py:190} INFO - [2026-04-19T22:47:08.594+0000] {dag.py:3229} INFO - Sync 1 DAGs
[2026-04-19T22:47:08.616+0000] {logging_mixin.py:190} INFO - [2026-04-19T22:47:08.615+0000] {dag.py:4156} INFO - Setting next_dagrun for HelloWorld_docker to 2026-04-18 02:00:00+00:00, run_after=2026-04-19 02:00:00+00:00
[2026-04-19T22:47:08.635+0000] {processor.py:208} INFO - Processing /opt/airflow/dags/Hello_World_Docker.py took 0.100 seconds
[2026-04-19T22:47:39.051+0000] {processor.py:186} INFO - Started process (PID=2865) to work on /opt/airflow/dags/Hello_World_Docker.py
[2026-04-19T22:47:39.052+0000] {processor.py:914} INFO - Processing file /opt/airflow/dags/Hello_World_Docker.py for tasks to queue
[2026-04-19T22:47:39.055+0000] {logging_mixin.py:190} INFO - [2026-04-19T22:47:39.054+0000] {dagbag.py:587} INFO - Filling up the DagBag from /opt/airflow/dags/Hello_World_Docker.py
[2026-04-19T22:47:39.076+0000] {processor.py:925} INFO - DAG(s) 'HelloWorld_docker' retrieved from /opt/airflow/dags/Hello_World_Docker.py
[2026-04-19T22:47:39.103+0000] {logging_mixin.py:190} INFO - [2026-04-19T22:47:39.103+0000] {dag.py:3229} INFO - Sync 1 DAGs
[2026-04-19T22:47:39.127+0000] {logging_mixin.py:190} INFO - [2026-04-19T22:47:39.127+0000] {dag.py:4156} INFO - Setting next_dagrun for HelloWorld_docker to 2026-04-18 02:00:00+00:00, run_after=2026-04-19 02:00:00+00:00
[2026-04-19T22:47:39.158+0000] {processor.py:208} INFO - Processing /opt/airflow/dags/Hello_World_Docker.py took 0.113 seconds
[2026-04-19T22:48:09.702+0000] {processor.py:186} INFO - Started process (PID=2917) to work on /opt/airflow/dags/Hello_World_Docker.py
[2026-04-19T22:48:09.703+0000] {processor.py:914} INFO - Processing file /opt/airflow/dags/Hello_World_Docker.py for tasks to queue
[2026-04-19T22:48:09.706+0000] {logging_mixin.py:190} INFO - [2026-04-19T22:48:09.705+0000] {dagbag.py:587} INFO - Filling up the DagBag from /opt/airflow/dags/Hello_World_Docker.py
[2026-04-19T22:48:09.727+0000] {processor.py:925} INFO - DAG(s) 'HelloWorld_docker' retrieved from /opt/airflow/dags/Hello_World_Docker.py
[2026-04-19T22:48:09.754+0000] {logging_mixin.py:190} INFO - [2026-04-19T22:48:09.753+0000] {dag.py:3229} INFO - Sync 1 DAGs
[2026-04-19T22:48:09.776+0000] {logging_mixin.py:190} INFO - [2026-04-19T22:48:09.776+0000] {dag.py:4156} INFO - Setting next_dagrun for HelloWorld_docker to 2026-04-18 02:00:00+00:00, run_after=2026-04-19 02:00:00+00:00
[2026-04-19T22:48:09.793+0000] {processor.py:208} INFO - Processing /opt/airflow/dags/Hello_World_Docker.py took 0.097 seconds
[2026-04-19T22:48:40.278+0000] {processor.py:186} INFO - Started process (PID=2975) to work on /opt/airflow/dags/Hello_World_Docker.py
[2026-04-19T22:48:40.279+0000] {processor.py:914} INFO - Processing file /opt/airflow/dags/Hello_World_Docker.py for tasks to queue
[2026-04-19T22:48:40.282+0000] {logging_mixin.py:190} INFO - [2026-04-19T22:48:40.282+0000] {dagbag.py:587} INFO - Filling up the DagBag from /opt/airflow/dags/Hello_World_Docker.py
[2026-04-19T22:48:40.300+0000] {processor.py:925} INFO - DAG(s) 'HelloWorld_docker' retrieved from /opt/airflow/dags/Hello_World_Docker.py
[2026-04-19T22:48:40.327+0000] {logging_mixin.py:190} INFO - [2026-04-19T22:48:40.326+0000] {dag.py:3229} INFO - Sync 1 DAGs
[2026-04-19T22:48:40.349+0000] {logging_mixin.py:190} INFO - [2026-04-19T22:48:40.349+0000] {dag.py:4156} INFO - Setting next_dagrun for HelloWorld_docker to 2026-04-18 02:00:00+00:00, run_after=2026-04-19 02:00:00+00:00
[2026-04-19T22:48:40.367+0000] {processor.py:208} INFO - Processing /opt/airflow/dags/Hello_World_Docker.py took 0.095 seconds
[2026-04-19T22:49:11.018+0000] {processor.py:186} INFO - Started process (PID=3009) to work on /opt/airflow/dags/Hello_World_Docker.py
[2026-04-19T22:49:11.019+0000] {processor.py:914} INFO - Processing file /opt/airflow/dags/Hello_World_Docker.py for tasks to queue
[2026-04-19T22:49:11.022+0000] {logging_mixin.py:190} INFO - [2026-04-19T22:49:11.022+0000] {dagbag.py:587} INFO - Filling up the DagBag from /opt/airflow/dags/Hello_World_Docker.py
[2026-04-19T22:49:11.042+0000] {processor.py:925} INFO - DAG(s) 'HelloWorld_docker' retrieved from /opt/airflow/dags/Hello_World_Docker.py
[2026-04-19T22:49:11.073+0000] {logging_mixin.py:190} INFO - [2026-04-19T22:49:11.073+0000] {dag.py:3229} INFO - Sync 1 DAGs
[2026-04-19T22:49:11.097+0000] {logging_mixin.py:190} INFO - [2026-04-19T22:49:11.097+0000] {dag.py:4156} INFO - Setting next_dagrun for HelloWorld_docker to 2026-04-18 02:00:00+00:00, run_after=2026-04-19 02:00:00+00:00
[2026-04-19T22:49:11.115+0000] {processor.py:208} INFO - Processing /opt/airflow/dags/Hello_World_Docker.py took 0.102 seconds
[2026-04-19T22:49:41.339+0000] {processor.py:186} INFO - Started process (PID=3058) to work on /opt/airflow/dags/Hello_World_Docker.py
[2026-04-19T22:49:41.340+0000] {processor.py:914} INFO - Processing file /opt/airflow/dags/Hello_World_Docker.py for tasks to queue
[2026-04-19T22:49:41.343+0000] {logging_mixin.py:190} INFO - [2026-04-19T22:49:41.343+0000] {dagbag.py:587} INFO - Filling up the DagBag from /opt/airflow/dags/Hello_World_Docker.py
[2026-04-19T22:49:41.374+0000] {processor.py:925} INFO - DAG(s) 'HelloWorld_docker' retrieved from /opt/airflow/dags/Hello_World_Docker.py
[2026-04-19T22:49:41.401+0000] {logging_mixin.py:190} INFO - [2026-04-19T22:49:41.401+0000] {dag.py:3229} INFO - Sync 1 DAGs
[2026-04-19T22:49:41.426+0000] {logging_mixin.py:190} INFO - [2026-04-19T22:49:41.426+0000] {dag.py:4156} INFO - Setting next_dagrun for HelloWorld_docker to 2026-04-18 02:00:00+00:00, run_after=2026-04-19 02:00:00+00:00
[2026-04-19T22:49:41.443+0000] {processor.py:208} INFO - Processing /opt/airflow/dags/Hello_World_Docker.py took 0.112 seconds
[2026-04-19T22:50:11.770+0000] {processor.py:186} INFO - Started process (PID=3110) to work on /opt/airflow/dags/Hello_World_Docker.py
[2026-04-19T22:50:11.771+0000] {processor.py:914} INFO - Processing file /opt/airflow/dags/Hello_World_Docker.py for tasks to queue
[2026-04-19T22:50:11.774+0000] {logging_mixin.py:190} INFO - [2026-04-19T22:50:11.774+0000] {dagbag.py:587} INFO - Filling up the DagBag from /opt/airflow/dags/Hello_World_Docker.py
[2026-04-19T22:50:11.793+0000] {processor.py:925} INFO - DAG(s) 'HelloWorld_docker' retrieved from /opt/airflow/dags/Hello_World_Docker.py
[2026-04-19T22:50:11.818+0000] {logging_mixin.py:190} INFO - [2026-04-19T22:50:11.817+0000] {dag.py:3229} INFO - Sync 1 DAGs
[2026-04-19T22:50:11.840+0000] {logging_mixin.py:190} INFO - [2026-04-19T22:50:11.840+0000] {dag.py:4156} INFO - Setting next_dagrun for HelloWorld_docker to 2026-04-18 02:00:00+00:00, run_after=2026-04-19 02:00:00+00:00
[2026-04-19T22:50:11.858+0000] {processor.py:208} INFO - Processing /opt/airflow/dags/Hello_World_Docker.py took 0.093 seconds
[2026-04-19T22:50:42.081+0000] {processor.py:186} INFO - Started process (PID=3162) to work on /opt/airflow/dags/Hello_World_Docker.py
[2026-04-19T22:50:42.082+0000] {processor.py:914} INFO - Processing file /opt/airflow/dags/Hello_World_Docker.py for tasks to queue
[2026-04-19T22:50:42.086+0000] {logging_mixin.py:190} INFO - [2026-04-19T22:50:42.086+0000] {dagbag.py:587} INFO - Filling up the DagBag from /opt/airflow/dags/Hello_World_Docker.py
[2026-04-19T22:50:42.106+0000] {processor.py:925} INFO - DAG(s) 'HelloWorld_docker' retrieved from /opt/airflow/dags/Hello_World_Docker.py
[2026-04-19T22:50:42.133+0000] {logging_mixin.py:190} INFO - [2026-04-19T22:50:42.133+0000] {dag.py:3229} INFO - Sync 1 DAGs
[2026-04-19T22:50:42.157+0000] {logging_mixin.py:190} INFO - [2026-04-19T22:50:42.156+0000] {dag.py:4156} INFO - Setting next_dagrun for HelloWorld_docker to 2026-04-18 02:00:00+00:00, run_after=2026-04-19 02:00:00+00:00
[2026-04-19T22:50:42.173+0000] {processor.py:208} INFO - Processing /opt/airflow/dags/Hello_World_Docker.py took 0.098 seconds
[2026-04-19T22:51:12.622+0000] {processor.py:186} INFO - Started process (PID=3214) to work on /opt/airflow/dags/Hello_World_Docker.py
[2026-04-19T22:51:12.623+0000] {processor.py:914} INFO - Processing file /opt/airflow/dags/Hello_World_Docker.py for tasks to queue
[2026-04-19T22:51:12.626+0000] {logging_mixin.py:190} INFO - [2026-04-19T22:51:12.626+0000] {dagbag.py:587} INFO - Filling up the DagBag from /opt/airflow/dags/Hello_World_Docker.py
[2026-04-19T22:51:12.644+0000] {processor.py:925} INFO - DAG(s) 'HelloWorld_docker' retrieved from /opt/airflow/dags/Hello_World_Docker.py
[2026-04-19T22:51:12.672+0000] {logging_mixin.py:190} INFO - [2026-04-19T22:51:12.671+0000] {dag.py:3229} INFO - Sync 1 DAGs
[2026-04-19T22:51:12.692+0000] {logging_mixin.py:190} INFO - [2026-04-19T22:51:12.692+0000] {dag.py:4156} INFO - Setting next_dagrun for HelloWorld_docker to 2026-04-18 02:00:00+00:00, run_after=2026-04-19 02:00:00+00:00
[2026-04-19T22:51:12.710+0000] {processor.py:208} INFO - Processing /opt/airflow/dags/Hello_World_Docker.py took 0.093 seconds
[2026-04-19T22:51:43.038+0000] {processor.py:186} INFO - Started process (PID=3266) to work on /opt/airflow/dags/Hello_World_Docker.py
[2026-04-19T22:51:43.039+0000] {processor.py:914} INFO - Processing file /opt/airflow/dags/Hello_World_Docker.py for tasks to queue
[2026-04-19T22:51:43.042+0000] {logging_mixin.py:190} INFO - [2026-04-19T22:51:43.042+0000] {dagbag.py:587} INFO - Filling up the DagBag from /opt/airflow/dags/Hello_World_Docker.py
[2026-04-19T22:51:43.060+0000] {processor.py:925} INFO - DAG(s) 'HelloWorld_docker' retrieved from /opt/airflow/dags/Hello_World_Docker.py
[2026-04-19T22:51:43.084+0000] {logging_mixin.py:190} INFO - [2026-04-19T22:51:43.084+0000] {dag.py:3229} INFO - Sync 1 DAGs
[2026-04-19T22:51:43.106+0000] {logging_mixin.py:190} INFO - [2026-04-19T22:51:43.105+0000] {dag.py:4156} INFO - Setting next_dagrun for HelloWorld_docker to 2026-04-18 02:00:00+00:00, run_after=2026-04-19 02:00:00+00:00
[2026-04-19T22:51:43.136+0000] {processor.py:208} INFO - Processing /opt/airflow/dags/Hello_World_Docker.py took 0.103 seconds
[2026-04-19T22:52:13.469+0000] {processor.py:186} INFO - Started process (PID=3318) to work on /opt/airflow/dags/Hello_World_Docker.py
[2026-04-19T22:52:13.470+0000] {processor.py:914} INFO - Processing file /opt/airflow/dags/Hello_World_Docker.py for tasks to queue
[2026-04-19T22:52:13.473+0000] {logging_mixin.py:190} INFO - [2026-04-19T22:52:13.473+0000] {dagbag.py:587} INFO - Filling up the DagBag from /opt/airflow/dags/Hello_World_Docker.py
[2026-04-19T22:52:13.492+0000] {processor.py:925} INFO - DAG(s) 'HelloWorld_docker' retrieved from /opt/airflow/dags/Hello_World_Docker.py
[2026-04-19T22:52:13.519+0000] {logging_mixin.py:190} INFO - [2026-04-19T22:52:13.518+0000] {dag.py:3229} INFO - Sync 1 DAGs
[2026-04-19T22:52:13.539+0000] {logging_mixin.py:190} INFO - [2026-04-19T22:52:13.539+0000] {dag.py:4156} INFO - Setting next_dagrun for HelloWorld_docker to 2026-04-18 02:00:00+00:00, run_after=2026-04-19 02:00:00+00:00
[2026-04-19T22:52:13.570+0000] {processor.py:208} INFO - Processing /opt/airflow/dags/Hello_World_Docker.py took 0.107 seconds
[2026-04-19T22:52:43.983+0000] {processor.py:186} INFO - Started process (PID=3370) to work on /opt/airflow/dags/Hello_World_Docker.py
[2026-04-19T22:52:43.984+0000] {processor.py:914} INFO - Processing file /opt/airflow/dags/Hello_World_Docker.py for tasks to queue
[2026-04-19T22:52:43.987+0000] {logging_mixin.py:190} INFO - [2026-04-19T22:52:43.986+0000] {dagbag.py:587} INFO - Filling up the DagBag from /opt/airflow/dags/Hello_World_Docker.py
[2026-04-19T22:52:44.006+0000] {processor.py:925} INFO - DAG(s) 'HelloWorld_docker' retrieved from /opt/airflow/dags/Hello_World_Docker.py
[2026-04-19T22:52:44.031+0000] {logging_mixin.py:190} INFO - [2026-04-19T22:52:44.031+0000] {dag.py:3229} INFO - Sync 1 DAGs
[2026-04-19T22:52:44.052+0000] {logging_mixin.py:190} INFO - [2026-04-19T22:52:44.052+0000] {dag.py:4156} INFO - Setting next_dagrun for HelloWorld_docker to 2026-04-18 02:00:00+00:00, run_after=2026-04-19 02:00:00+00:00
[2026-04-19T22:52:44.071+0000] {processor.py:208} INFO - Processing /opt/airflow/dags/Hello_World_Docker.py took 0.093 seconds
[2026-04-19T22:53:14.226+0000] {processor.py:186} INFO - Started process (PID=3422) to work on /opt/airflow/dags/Hello_World_Docker.py
[2026-04-19T22:53:14.227+0000] {processor.py:914} INFO - Processing file /opt/airflow/dags/Hello_World_Docker.py for tasks to queue
[2026-04-19T22:53:14.230+0000] {logging_mixin.py:190} INFO - [2026-04-19T22:53:14.229+0000] {dagbag.py:587} INFO - Filling up the DagBag from /opt/airflow/dags/Hello_World_Docker.py
[2026-04-19T22:53:14.248+0000] {processor.py:925} INFO - DAG(s) 'HelloWorld_docker' retrieved from /opt/airflow/dags/Hello_World_Docker.py
[2026-04-19T22:53:14.273+0000] {logging_mixin.py:190} INFO - [2026-04-19T22:53:14.273+0000] {dag.py:3229} INFO - Sync 1 DAGs
[2026-04-19T22:53:14.294+0000] {logging_mixin.py:190} INFO - [2026-04-19T22:53:14.294+0000] {dag.py:4156} INFO - Setting next_dagrun for HelloWorld_docker to 2026-04-18 02:00:00+00:00, run_after=2026-04-19 02:00:00+00:00
[2026-04-19T22:53:14.314+0000] {processor.py:208} INFO - Processing /opt/airflow/dags/Hello_World_Docker.py took 0.094 seconds
[2026-04-19T22:53:44.682+0000] {processor.py:186} INFO - Started process (PID=3474) to work on /opt/airflow/dags/Hello_World_Docker.py
[2026-04-19T22:53:44.683+0000] {processor.py:914} INFO - Processing file /opt/airflow/dags/Hello_World_Docker.py for tasks to queue
[2026-04-19T22:53:44.686+0000] {logging_mixin.py:190} INFO - [2026-04-19T22:53:44.686+0000] {dagbag.py:587} INFO - Filling up the DagBag from /opt/airflow/dags/Hello_World_Docker.py
[2026-04-19T22:53:44.705+0000] {processor.py:925} INFO - DAG(s) 'HelloWorld_docker' retrieved from /opt/airflow/dags/Hello_World_Docker.py
[2026-04-19T22:53:44.733+0000] {logging_mixin.py:190} INFO - [2026-04-19T22:53:44.732+0000] {dag.py:3229} INFO - Sync 1 DAGs
[2026-04-19T22:53:44.755+0000] {logging_mixin.py:190} INFO - [2026-04-19T22:53:44.754+0000] {dag.py:4156} INFO - Setting next_dagrun for HelloWorld_docker to 2026-04-18 02:00:00+00:00, run_after=2026-04-19 02:00:00+00:00
[2026-04-19T22:53:44.785+0000] {processor.py:208} INFO - Processing /opt/airflow/dags/Hello_World_Docker.py took 0.109 seconds
[2026-04-19T23:55:48.450+0000] {processor.py:186} INFO - Started process (PID=3502) to work on /opt/airflow/dags/Hello_World_Docker.py
[2026-04-19T23:55:48.451+0000] {processor.py:914} INFO - Processing file /opt/airflow/dags/Hello_World_Docker.py for tasks to queue
[2026-04-19T23:55:48.454+0000] {logging_mixin.py:190} INFO - [2026-04-19T23:55:48.454+0000] {dagbag.py:587} INFO - Filling up the DagBag from /opt/airflow/dags/Hello_World_Docker.py
[2026-04-19T23:55:48.477+0000] {processor.py:925} INFO - DAG(s) 'HelloWorld_docker' retrieved from /opt/airflow/dags/Hello_World_Docker.py
[2026-04-19T23:55:48.522+0000] {logging_mixin.py:190} INFO - [2026-04-19T23:55:48.521+0000] {dag.py:3229} INFO - Sync 1 DAGs
[2026-04-19T23:55:48.556+0000] {logging_mixin.py:190} INFO - [2026-04-19T23:55:48.555+0000] {dag.py:4156} INFO - Setting next_dagrun for HelloWorld_docker to 2026-04-18 02:00:00+00:00, run_after=2026-04-19 02:00:00+00:00
[2026-04-19T23:55:48.588+0000] {processor.py:208} INFO - Processing /opt/airflow/dags/Hello_World_Docker.py took 0.146 seconds
[2026-04-19T23:56:18.921+0000] {processor.py:186} INFO - Started process (PID=3551) to work on /opt/airflow/dags/Hello_World_Docker.py
[2026-04-19T23:56:18.923+0000] {processor.py:914} INFO - Processing file /opt/airflow/dags/Hello_World_Docker.py for tasks to queue
[2026-04-19T23:56:18.926+0000] {logging_mixin.py:190} INFO - [2026-04-19T23:56:18.925+0000] {dagbag.py:587} INFO - Filling up the DagBag from /opt/airflow/dags/Hello_World_Docker.py
[2026-04-19T23:56:18.947+0000] {processor.py:925} INFO - DAG(s) 'HelloWorld_docker' retrieved from /opt/airflow/dags/Hello_World_Docker.py
[2026-04-19T23:56:18.976+0000] {logging_mixin.py:190} INFO - [2026-04-19T23:56:18.975+0000] {dag.py:3229} INFO - Sync 1 DAGs
[2026-04-19T23:56:18.998+0000] {logging_mixin.py:190} INFO - [2026-04-19T23:56:18.998+0000] {dag.py:4156} INFO - Setting next_dagrun for HelloWorld_docker to 2026-04-18 02:00:00+00:00, run_after=2026-04-19 02:00:00+00:00
[2026-04-19T23:56:19.013+0000] {processor.py:208} INFO - Processing /opt/airflow/dags/Hello_World_Docker.py took 0.099 seconds
[2026-04-19T23:56:49.636+0000] {processor.py:186} INFO - Started process (PID=3609) to work on /opt/airflow/dags/Hello_World_Docker.py
[2026-04-19T23:56:49.638+0000] {processor.py:914} INFO - Processing file /opt/airflow/dags/Hello_World_Docker.py for tasks to queue
[2026-04-19T23:56:49.640+0000] {logging_mixin.py:190} INFO - [2026-04-19T23:56:49.640+0000] {dagbag.py:587} INFO - Filling up the DagBag from /opt/airflow/dags/Hello_World_Docker.py
[2026-04-19T23:56:49.658+0000] {processor.py:925} INFO - DAG(s) 'HelloWorld_docker' retrieved from /opt/airflow/dags/Hello_World_Docker.py
[2026-04-19T23:56:49.688+0000] {logging_mixin.py:190} INFO - [2026-04-19T23:56:49.687+0000] {dag.py:3229} INFO - Sync 1 DAGs
[2026-04-19T23:56:49.711+0000] {logging_mixin.py:190} INFO - [2026-04-19T23:56:49.710+0000] {dag.py:4156} INFO - Setting next_dagrun for HelloWorld_docker to 2026-04-18 02:00:00+00:00, run_after=2026-04-19 02:00:00+00:00
[2026-04-19T23:56:49.729+0000] {processor.py:208} INFO - Processing /opt/airflow/dags/Hello_World_Docker.py took 0.098 seconds
[2026-04-19T23:57:20.169+0000] {processor.py:186} INFO - Started process (PID=3661) to work on /opt/airflow/dags/Hello_World_Docker.py
[2026-04-19T23:57:20.170+0000] {processor.py:914} INFO - Processing file /opt/airflow/dags/Hello_World_Docker.py for tasks to queue
[2026-04-19T23:57:20.173+0000] {logging_mixin.py:190} INFO - [2026-04-19T23:57:20.172+0000] {dagbag.py:587} INFO - Filling up the DagBag from /opt/airflow/dags/Hello_World_Docker.py
[2026-04-19T23:57:20.191+0000] {processor.py:925} INFO - DAG(s) 'HelloWorld_docker' retrieved from /opt/airflow/dags/Hello_World_Docker.py
[2026-04-19T23:57:20.218+0000] {logging_mixin.py:190} INFO - [2026-04-19T23:57:20.217+0000] {dag.py:3229} INFO - Sync 1 DAGs
[2026-04-19T23:57:20.242+0000] {logging_mixin.py:190} INFO - [2026-04-19T23:57:20.241+0000] {dag.py:4156} INFO - Setting next_dagrun for HelloWorld_docker to 2026-04-18 02:00:00+00:00, run_after=2026-04-19 02:00:00+00:00
[2026-04-19T23:57:20.258+0000] {processor.py:208} INFO - Processing /opt/airflow/dags/Hello_World_Docker.py took 0.095 seconds
[2026-04-19T23:57:50.647+0000] {processor.py:186} INFO - Started process (PID=3713) to work on /opt/airflow/dags/Hello_World_Docker.py
[2026-04-19T23:57:50.648+0000] {processor.py:914} INFO - Processing file /opt/airflow/dags/Hello_World_Docker.py for tasks to queue
[2026-04-19T23:57:50.651+0000] {logging_mixin.py:190} INFO - [2026-04-19T23:57:50.651+0000] {dagbag.py:587} INFO - Filling up the DagBag from /opt/airflow/dags/Hello_World_Docker.py
[2026-04-19T23:57:50.671+0000] {processor.py:925} INFO - DAG(s) 'HelloWorld_docker' retrieved from /opt/airflow/dags/Hello_World_Docker.py
[2026-04-19T23:57:50.701+0000] {logging_mixin.py:190} INFO - [2026-04-19T23:57:50.700+0000] {dag.py:3229} INFO - Sync 1 DAGs
[2026-04-19T23:57:50.727+0000] {logging_mixin.py:190} INFO - [2026-04-19T23:57:50.727+0000] {dag.py:4156} INFO - Setting next_dagrun for HelloWorld_docker to 2026-04-18 02:00:00+00:00, run_after=2026-04-19 02:00:00+00:00
[2026-04-19T23:57:50.744+0000] {processor.py:208} INFO - Processing /opt/airflow/dags/Hello_World_Docker.py took 0.103 seconds
[2026-04-19T23:58:21.021+0000] {processor.py:186} INFO - Started process (PID=3765) to work on /opt/airflow/dags/Hello_World_Docker.py
[2026-04-19T23:58:21.022+0000] {processor.py:914} INFO - Processing file /opt/airflow/dags/Hello_World_Docker.py for tasks to queue
[2026-04-19T23:58:21.025+0000] {logging_mixin.py:190} INFO - [2026-04-19T23:58:21.025+0000] {dagbag.py:587} INFO - Filling up the DagBag from /opt/airflow/dags/Hello_World_Docker.py
[2026-04-19T23:58:21.044+0000] {processor.py:925} INFO - DAG(s) 'HelloWorld_docker' retrieved from /opt/airflow/dags/Hello_World_Docker.py
[2026-04-19T23:58:21.073+0000] {logging_mixin.py:190} INFO - [2026-04-19T23:58:21.072+0000] {dag.py:3229} INFO - Sync 1 DAGs
[2026-04-19T23:58:21.097+0000] {logging_mixin.py:190} INFO - [2026-04-19T23:58:21.097+0000] {dag.py:4156} INFO - Setting next_dagrun for HelloWorld_docker to 2026-04-18 02:00:00+00:00, run_after=2026-04-19 02:00:00+00:00
[2026-04-19T23:58:21.113+0000] {processor.py:208} INFO - Processing /opt/airflow/dags/Hello_World_Docker.py took 0.098 seconds
[2026-04-19T23:58:51.601+0000] {processor.py:186} INFO - Started process (PID=3817) to work on /opt/airflow/dags/Hello_World_Docker.py
[2026-04-19T23:58:51.602+0000] {processor.py:914} INFO - Processing file /opt/airflow/dags/Hello_World_Docker.py for tasks to queue
[2026-04-19T23:58:51.605+0000] {logging_mixin.py:190} INFO - [2026-04-19T23:58:51.605+0000] {dagbag.py:587} INFO - Filling up the DagBag from /opt/airflow/dags/Hello_World_Docker.py
[2026-04-19T23:58:51.625+0000] {processor.py:925} INFO - DAG(s) 'HelloWorld_docker' retrieved from /opt/airflow/dags/Hello_World_Docker.py
[2026-04-19T23:58:51.659+0000] {logging_mixin.py:190} INFO - [2026-04-19T23:58:51.658+0000] {dag.py:3229} INFO - Sync 1 DAGs
[2026-04-19T23:58:51.691+0000] {logging_mixin.py:190} INFO - [2026-04-19T23:58:51.691+0000] {dag.py:4156} INFO - Setting next_dagrun for HelloWorld_docker to 2026-04-18 02:00:00+00:00, run_after=2026-04-19 02:00:00+00:00
[2026-04-19T23:58:51.709+0000] {processor.py:208} INFO - Processing /opt/airflow/dags/Hello_World_Docker.py took 0.115 seconds
[2026-04-19T23:59:22.168+0000] {processor.py:186} INFO - Started process (PID=3869) to work on /opt/airflow/dags/Hello_World_Docker.py
[2026-04-19T23:59:22.169+0000] {processor.py:914} INFO - Processing file /opt/airflow/dags/Hello_World_Docker.py for tasks to queue
[2026-04-19T23:59:22.172+0000] {logging_mixin.py:190} INFO - [2026-04-19T23:59:22.171+0000] {dagbag.py:587} INFO - Filling up the DagBag from /opt/airflow/dags/Hello_World_Docker.py
[2026-04-19T23:59:22.192+0000] {processor.py:925} INFO - DAG(s) 'HelloWorld_docker' retrieved from /opt/airflow/dags/Hello_World_Docker.py
[2026-04-19T23:59:22.222+0000] {logging_mixin.py:190} INFO - [2026-04-19T23:59:22.222+0000] {dag.py:3229} INFO - Sync 1 DAGs
[2026-04-19T23:59:22.246+0000] {logging_mixin.py:190} INFO - [2026-04-19T23:59:22.246+0000] {dag.py:4156} INFO - Setting next_dagrun for HelloWorld_docker to 2026-04-18 02:00:00+00:00, run_after=2026-04-19 02:00:00+00:00
[2026-04-19T23:59:22.264+0000] {processor.py:208} INFO - Processing /opt/airflow/dags/Hello_World_Docker.py took 0.101 seconds
[2026-04-19T23:59:52.667+0000] {processor.py:186} INFO - Started process (PID=3921) to work on /opt/airflow/dags/Hello_World_Docker.py
[2026-04-19T23:59:52.668+0000] {processor.py:914} INFO - Processing file /opt/airflow/dags/Hello_World_Docker.py for tasks to queue
[2026-04-19T23:59:52.671+0000] {logging_mixin.py:190} INFO - [2026-04-19T23:59:52.671+0000] {dagbag.py:587} INFO - Filling up the DagBag from /opt/airflow/dags/Hello_World_Docker.py
[2026-04-19T23:59:52.692+0000] {processor.py:925} INFO - DAG(s) 'HelloWorld_docker' retrieved from /opt/airflow/dags/Hello_World_Docker.py
[2026-04-19T23:59:52.723+0000] {logging_mixin.py:190} INFO - [2026-04-19T23:59:52.722+0000] {dag.py:3229} INFO - Sync 1 DAGs
[2026-04-19T23:59:52.746+0000] {logging_mixin.py:190} INFO - [2026-04-19T23:59:52.745+0000] {dag.py:4156} INFO - Setting next_dagrun for HelloWorld_docker to 2026-04-18 02:00:00+00:00, run_after=2026-04-19 02:00:00+00:00
[2026-04-19T23:59:52.762+0000] {processor.py:208} INFO - Processing /opt/airflow/dags/Hello_World_Docker.py took 0.102 seconds
