[2026-04-19T22:21:39.974+0000] {processor.py:186} INFO - Started process (PID=198) to work on /opt/airflow/dags/imdb_sentiment.py
[2026-04-19T22:21:39.976+0000] {processor.py:914} INFO - Processing file /opt/airflow/dags/imdb_sentiment.py for tasks to queue
[2026-04-19T22:21:39.979+0000] {logging_mixin.py:190} INFO - [2026-04-19T22:21:39.978+0000] {dagbag.py:587} INFO - Filling up the DagBag from /opt/airflow/dags/imdb_sentiment.py
[2026-04-19T22:21:42.240+0000] {processor.py:925} INFO - DAG(s) 'imdb_sentiment' retrieved from /opt/airflow/dags/imdb_sentiment.py
[2026-04-19T22:21:42.330+0000] {logging_mixin.py:190} INFO - [2026-04-19T22:21:42.330+0000] {override.py:1900} INFO - Created Permission View: can read on DAG:imdb_sentiment
[2026-04-19T22:21:42.338+0000] {logging_mixin.py:190} INFO - [2026-04-19T22:21:42.338+0000] {override.py:1900} INFO - Created Permission View: can delete on DAG:imdb_sentiment
[2026-04-19T22:21:42.344+0000] {logging_mixin.py:190} INFO - [2026-04-19T22:21:42.344+0000] {override.py:1900} INFO - Created Permission View: can edit on DAG:imdb_sentiment
[2026-04-19T22:21:42.352+0000] {logging_mixin.py:190} INFO - [2026-04-19T22:21:42.352+0000] {override.py:1900} INFO - Created Permission View: can read on DAG Run:imdb_sentiment
[2026-04-19T22:21:42.359+0000] {logging_mixin.py:190} INFO - [2026-04-19T22:21:42.358+0000] {override.py:1900} INFO - Created Permission View: can delete on DAG Run:imdb_sentiment
[2026-04-19T22:21:42.365+0000] {logging_mixin.py:190} INFO - [2026-04-19T22:21:42.365+0000] {override.py:1900} INFO - Created Permission View: can create on DAG Run:imdb_sentiment
[2026-04-19T22:21:42.372+0000] {logging_mixin.py:190} INFO - [2026-04-19T22:21:42.371+0000] {override.py:1900} INFO - Created Permission View: menu access on DAG Run:imdb_sentiment
[2026-04-19T22:21:42.372+0000] {logging_mixin.py:190} INFO - [2026-04-19T22:21:42.372+0000] {dag.py:3229} INFO - Sync 1 DAGs
[2026-04-19T22:21:42.384+0000] {logging_mixin.py:190} INFO - [2026-04-19T22:21:42.383+0000] {dag.py:3252} INFO - Creating ORM DAG for imdb_sentiment
[2026-04-19T22:21:42.384+0000] {logging_mixin.py:190} INFO - [2026-04-19T22:21:42.384+0000] {dag.py:4156} INFO - Setting next_dagrun for imdb_sentiment to None, run_after=None
[2026-04-19T22:21:42.405+0000] {processor.py:208} INFO - Processing /opt/airflow/dags/imdb_sentiment.py took 2.438 seconds
[2026-04-19T22:22:12.814+0000] {processor.py:186} INFO - Started process (PID=307) to work on /opt/airflow/dags/imdb_sentiment.py
[2026-04-19T22:22:12.816+0000] {processor.py:914} INFO - Processing file /opt/airflow/dags/imdb_sentiment.py for tasks to queue
[2026-04-19T22:22:12.819+0000] {logging_mixin.py:190} INFO - [2026-04-19T22:22:12.818+0000] {dagbag.py:587} INFO - Filling up the DagBag from /opt/airflow/dags/imdb_sentiment.py
[2026-04-19T22:22:14.487+0000] {processor.py:925} INFO - DAG(s) 'imdb_sentiment' retrieved from /opt/airflow/dags/imdb_sentiment.py
[2026-04-19T22:22:14.506+0000] {logging_mixin.py:190} INFO - [2026-04-19T22:22:14.506+0000] {dag.py:3229} INFO - Sync 1 DAGs
[2026-04-19T22:22:14.520+0000] {logging_mixin.py:190} INFO - [2026-04-19T22:22:14.520+0000] {dag.py:4156} INFO - Setting next_dagrun for imdb_sentiment to None, run_after=None
[2026-04-19T22:22:14.540+0000] {processor.py:208} INFO - Processing /opt/airflow/dags/imdb_sentiment.py took 1.731 seconds
[2026-04-19T22:22:45.530+0000] {processor.py:186} INFO - Started process (PID=369) to work on /opt/airflow/dags/imdb_sentiment.py
[2026-04-19T22:22:45.532+0000] {processor.py:914} INFO - Processing file /opt/airflow/dags/imdb_sentiment.py for tasks to queue
[2026-04-19T22:22:45.535+0000] {logging_mixin.py:190} INFO - [2026-04-19T22:22:45.535+0000] {dagbag.py:587} INFO - Filling up the DagBag from /opt/airflow/dags/imdb_sentiment.py
[2026-04-19T22:22:47.151+0000] {processor.py:925} INFO - DAG(s) 'imdb_sentiment' retrieved from /opt/airflow/dags/imdb_sentiment.py
[2026-04-19T22:22:47.168+0000] {logging_mixin.py:190} INFO - [2026-04-19T22:22:47.168+0000] {dag.py:3229} INFO - Sync 1 DAGs
[2026-04-19T22:22:47.181+0000] {logging_mixin.py:190} INFO - [2026-04-19T22:22:47.181+0000] {dag.py:4156} INFO - Setting next_dagrun for imdb_sentiment to None, run_after=None
[2026-04-19T22:22:47.209+0000] {processor.py:208} INFO - Processing /opt/airflow/dags/imdb_sentiment.py took 1.685 seconds
[2026-04-19T22:23:17.646+0000] {processor.py:186} INFO - Started process (PID=421) to work on /opt/airflow/dags/imdb_sentiment.py
[2026-04-19T22:23:17.647+0000] {processor.py:914} INFO - Processing file /opt/airflow/dags/imdb_sentiment.py for tasks to queue
[2026-04-19T22:23:17.650+0000] {logging_mixin.py:190} INFO - [2026-04-19T22:23:17.650+0000] {dagbag.py:587} INFO - Filling up the DagBag from /opt/airflow/dags/imdb_sentiment.py
[2026-04-19T22:23:19.299+0000] {processor.py:925} INFO - DAG(s) 'imdb_sentiment' retrieved from /opt/airflow/dags/imdb_sentiment.py
[2026-04-19T22:23:19.317+0000] {logging_mixin.py:190} INFO - [2026-04-19T22:23:19.317+0000] {dag.py:3229} INFO - Sync 1 DAGs
[2026-04-19T22:23:19.329+0000] {logging_mixin.py:190} INFO - [2026-04-19T22:23:19.329+0000] {dag.py:4156} INFO - Setting next_dagrun for imdb_sentiment to None, run_after=None
[2026-04-19T22:23:19.346+0000] {processor.py:208} INFO - Processing /opt/airflow/dags/imdb_sentiment.py took 1.705 seconds
[2026-04-19T22:23:49.430+0000] {processor.py:186} INFO - Started process (PID=479) to work on /opt/airflow/dags/imdb_sentiment.py
[2026-04-19T22:23:49.431+0000] {processor.py:914} INFO - Processing file /opt/airflow/dags/imdb_sentiment.py for tasks to queue
[2026-04-19T22:23:49.434+0000] {logging_mixin.py:190} INFO - [2026-04-19T22:23:49.433+0000] {dagbag.py:587} INFO - Filling up the DagBag from /opt/airflow/dags/imdb_sentiment.py
[2026-04-19T22:23:51.028+0000] {processor.py:925} INFO - DAG(s) 'imdb_sentiment' retrieved from /opt/airflow/dags/imdb_sentiment.py
[2026-04-19T22:23:51.044+0000] {logging_mixin.py:190} INFO - [2026-04-19T22:23:51.043+0000] {dag.py:3229} INFO - Sync 1 DAGs
[2026-04-19T22:23:51.056+0000] {logging_mixin.py:190} INFO - [2026-04-19T22:23:51.056+0000] {dag.py:4156} INFO - Setting next_dagrun for imdb_sentiment to None, run_after=None
[2026-04-19T22:23:51.070+0000] {processor.py:208} INFO - Processing /opt/airflow/dags/imdb_sentiment.py took 1.646 seconds
[2026-04-19T22:24:21.177+0000] {processor.py:186} INFO - Started process (PID=531) to work on /opt/airflow/dags/imdb_sentiment.py
[2026-04-19T22:24:21.178+0000] {processor.py:914} INFO - Processing file /opt/airflow/dags/imdb_sentiment.py for tasks to queue
[2026-04-19T22:24:21.181+0000] {logging_mixin.py:190} INFO - [2026-04-19T22:24:21.181+0000] {dagbag.py:587} INFO - Filling up the DagBag from /opt/airflow/dags/imdb_sentiment.py
[2026-04-19T22:24:22.734+0000] {processor.py:925} INFO - DAG(s) 'imdb_sentiment' retrieved from /opt/airflow/dags/imdb_sentiment.py
[2026-04-19T22:24:22.752+0000] {logging_mixin.py:190} INFO - [2026-04-19T22:24:22.751+0000] {dag.py:3229} INFO - Sync 1 DAGs
[2026-04-19T22:24:22.763+0000] {logging_mixin.py:190} INFO - [2026-04-19T22:24:22.763+0000] {dag.py:4156} INFO - Setting next_dagrun for imdb_sentiment to None, run_after=None
[2026-04-19T22:24:22.792+0000] {processor.py:208} INFO - Processing /opt/airflow/dags/imdb_sentiment.py took 1.623 seconds
[2026-04-19T22:24:52.881+0000] {processor.py:186} INFO - Started process (PID=583) to work on /opt/airflow/dags/imdb_sentiment.py
[2026-04-19T22:24:52.882+0000] {processor.py:914} INFO - Processing file /opt/airflow/dags/imdb_sentiment.py for tasks to queue
[2026-04-19T22:24:52.885+0000] {logging_mixin.py:190} INFO - [2026-04-19T22:24:52.885+0000] {dagbag.py:587} INFO - Filling up the DagBag from /opt/airflow/dags/imdb_sentiment.py
[2026-04-19T22:24:54.523+0000] {processor.py:925} INFO - DAG(s) 'imdb_sentiment' retrieved from /opt/airflow/dags/imdb_sentiment.py
[2026-04-19T22:24:54.541+0000] {logging_mixin.py:190} INFO - [2026-04-19T22:24:54.540+0000] {dag.py:3229} INFO - Sync 1 DAGs
[2026-04-19T22:24:54.553+0000] {logging_mixin.py:190} INFO - [2026-04-19T22:24:54.553+0000] {dag.py:4156} INFO - Setting next_dagrun for imdb_sentiment to None, run_after=None
[2026-04-19T22:24:54.571+0000] {processor.py:208} INFO - Processing /opt/airflow/dags/imdb_sentiment.py took 1.695 seconds
[2026-04-19T22:25:24.875+0000] {processor.py:186} INFO - Started process (PID=635) to work on /opt/airflow/dags/imdb_sentiment.py
[2026-04-19T22:25:24.876+0000] {processor.py:914} INFO - Processing file /opt/airflow/dags/imdb_sentiment.py for tasks to queue
[2026-04-19T22:25:24.878+0000] {logging_mixin.py:190} INFO - [2026-04-19T22:25:24.878+0000] {dagbag.py:587} INFO - Filling up the DagBag from /opt/airflow/dags/imdb_sentiment.py
[2026-04-19T22:25:26.513+0000] {processor.py:925} INFO - DAG(s) 'imdb_sentiment' retrieved from /opt/airflow/dags/imdb_sentiment.py
[2026-04-19T22:25:26.530+0000] {logging_mixin.py:190} INFO - [2026-04-19T22:25:26.529+0000] {dag.py:3229} INFO - Sync 1 DAGs
[2026-04-19T22:25:26.543+0000] {logging_mixin.py:190} INFO - [2026-04-19T22:25:26.543+0000] {dag.py:4156} INFO - Setting next_dagrun for imdb_sentiment to None, run_after=None
[2026-04-19T22:25:26.561+0000] {processor.py:208} INFO - Processing /opt/airflow/dags/imdb_sentiment.py took 1.691 seconds
[2026-04-19T22:25:56.694+0000] {processor.py:186} INFO - Started process (PID=688) to work on /opt/airflow/dags/imdb_sentiment.py
[2026-04-19T22:25:56.695+0000] {processor.py:914} INFO - Processing file /opt/airflow/dags/imdb_sentiment.py for tasks to queue
[2026-04-19T22:25:56.698+0000] {logging_mixin.py:190} INFO - [2026-04-19T22:25:56.697+0000] {dagbag.py:587} INFO - Filling up the DagBag from /opt/airflow/dags/imdb_sentiment.py
[2026-04-19T22:25:58.365+0000] {processor.py:925} INFO - DAG(s) 'imdb_sentiment' retrieved from /opt/airflow/dags/imdb_sentiment.py
[2026-04-19T22:25:58.405+0000] {logging_mixin.py:190} INFO - [2026-04-19T22:25:58.404+0000] {dag.py:3229} INFO - Sync 1 DAGs
[2026-04-19T22:25:58.418+0000] {logging_mixin.py:190} INFO - [2026-04-19T22:25:58.418+0000] {dag.py:4156} INFO - Setting next_dagrun for imdb_sentiment to None, run_after=None
[2026-04-19T22:25:58.438+0000] {processor.py:208} INFO - Processing /opt/airflow/dags/imdb_sentiment.py took 1.749 seconds
[2026-04-19T22:26:29.466+0000] {processor.py:186} INFO - Started process (PID=740) to work on /opt/airflow/dags/imdb_sentiment.py
[2026-04-19T22:26:29.467+0000] {processor.py:914} INFO - Processing file /opt/airflow/dags/imdb_sentiment.py for tasks to queue
[2026-04-19T22:26:29.470+0000] {logging_mixin.py:190} INFO - [2026-04-19T22:26:29.470+0000] {dagbag.py:587} INFO - Filling up the DagBag from /opt/airflow/dags/imdb_sentiment.py
[2026-04-19T22:26:31.155+0000] {processor.py:925} INFO - DAG(s) 'imdb_sentiment' retrieved from /opt/airflow/dags/imdb_sentiment.py
[2026-04-19T22:26:31.174+0000] {logging_mixin.py:190} INFO - [2026-04-19T22:26:31.173+0000] {dag.py:3229} INFO - Sync 1 DAGs
[2026-04-19T22:26:31.187+0000] {logging_mixin.py:190} INFO - [2026-04-19T22:26:31.187+0000] {dag.py:4156} INFO - Setting next_dagrun for imdb_sentiment to None, run_after=None
[2026-04-19T22:26:31.205+0000] {processor.py:208} INFO - Processing /opt/airflow/dags/imdb_sentiment.py took 1.746 seconds
[2026-04-19T22:27:01.443+0000] {processor.py:186} INFO - Started process (PID=792) to work on /opt/airflow/dags/imdb_sentiment.py
[2026-04-19T22:27:01.444+0000] {processor.py:914} INFO - Processing file /opt/airflow/dags/imdb_sentiment.py for tasks to queue
[2026-04-19T22:27:01.446+0000] {logging_mixin.py:190} INFO - [2026-04-19T22:27:01.446+0000] {dagbag.py:587} INFO - Filling up the DagBag from /opt/airflow/dags/imdb_sentiment.py
[2026-04-19T22:27:03.061+0000] {processor.py:925} INFO - DAG(s) 'imdb_sentiment' retrieved from /opt/airflow/dags/imdb_sentiment.py
[2026-04-19T22:27:03.076+0000] {logging_mixin.py:190} INFO - [2026-04-19T22:27:03.075+0000] {dag.py:3229} INFO - Sync 1 DAGs
[2026-04-19T22:27:03.087+0000] {logging_mixin.py:190} INFO - [2026-04-19T22:27:03.087+0000] {dag.py:4156} INFO - Setting next_dagrun for imdb_sentiment to None, run_after=None
[2026-04-19T22:27:03.114+0000] {processor.py:208} INFO - Processing /opt/airflow/dags/imdb_sentiment.py took 1.677 seconds
[2026-04-19T22:27:34.085+0000] {processor.py:186} INFO - Started process (PID=844) to work on /opt/airflow/dags/imdb_sentiment.py
[2026-04-19T22:27:34.086+0000] {processor.py:914} INFO - Processing file /opt/airflow/dags/imdb_sentiment.py for tasks to queue
[2026-04-19T22:27:34.088+0000] {logging_mixin.py:190} INFO - [2026-04-19T22:27:34.088+0000] {dagbag.py:587} INFO - Filling up the DagBag from /opt/airflow/dags/imdb_sentiment.py
[2026-04-19T22:27:35.763+0000] {processor.py:925} INFO - DAG(s) 'imdb_sentiment' retrieved from /opt/airflow/dags/imdb_sentiment.py
[2026-04-19T22:27:35.780+0000] {logging_mixin.py:190} INFO - [2026-04-19T22:27:35.780+0000] {dag.py:3229} INFO - Sync 1 DAGs
[2026-04-19T22:27:35.792+0000] {logging_mixin.py:190} INFO - [2026-04-19T22:27:35.792+0000] {dag.py:4156} INFO - Setting next_dagrun for imdb_sentiment to None, run_after=None
[2026-04-19T22:27:35.809+0000] {processor.py:208} INFO - Processing /opt/airflow/dags/imdb_sentiment.py took 1.730 seconds
[2026-04-19T22:28:05.945+0000] {processor.py:186} INFO - Started process (PID=896) to work on /opt/airflow/dags/imdb_sentiment.py
[2026-04-19T22:28:05.946+0000] {processor.py:914} INFO - Processing file /opt/airflow/dags/imdb_sentiment.py for tasks to queue
[2026-04-19T22:28:05.949+0000] {logging_mixin.py:190} INFO - [2026-04-19T22:28:05.949+0000] {dagbag.py:587} INFO - Filling up the DagBag from /opt/airflow/dags/imdb_sentiment.py
[2026-04-19T22:28:07.614+0000] {processor.py:925} INFO - DAG(s) 'imdb_sentiment' retrieved from /opt/airflow/dags/imdb_sentiment.py
[2026-04-19T22:28:07.631+0000] {logging_mixin.py:190} INFO - [2026-04-19T22:28:07.630+0000] {dag.py:3229} INFO - Sync 1 DAGs
[2026-04-19T22:28:07.644+0000] {logging_mixin.py:190} INFO - [2026-04-19T22:28:07.643+0000] {dag.py:4156} INFO - Setting next_dagrun for imdb_sentiment to None, run_after=None
[2026-04-19T22:28:07.672+0000] {processor.py:208} INFO - Processing /opt/airflow/dags/imdb_sentiment.py took 1.732 seconds
[2026-04-19T22:28:37.757+0000] {processor.py:186} INFO - Started process (PID=949) to work on /opt/airflow/dags/imdb_sentiment.py
[2026-04-19T22:28:37.758+0000] {processor.py:914} INFO - Processing file /opt/airflow/dags/imdb_sentiment.py for tasks to queue
[2026-04-19T22:28:37.761+0000] {logging_mixin.py:190} INFO - [2026-04-19T22:28:37.761+0000] {dagbag.py:587} INFO - Filling up the DagBag from /opt/airflow/dags/imdb_sentiment.py
[2026-04-19T22:28:39.402+0000] {processor.py:925} INFO - DAG(s) 'imdb_sentiment' retrieved from /opt/airflow/dags/imdb_sentiment.py
[2026-04-19T22:28:39.418+0000] {logging_mixin.py:190} INFO - [2026-04-19T22:28:39.418+0000] {dag.py:3229} INFO - Sync 1 DAGs
[2026-04-19T22:28:39.430+0000] {logging_mixin.py:190} INFO - [2026-04-19T22:28:39.429+0000] {dag.py:4156} INFO - Setting next_dagrun for imdb_sentiment to None, run_after=None
[2026-04-19T22:28:39.453+0000] {processor.py:208} INFO - Processing /opt/airflow/dags/imdb_sentiment.py took 1.701 seconds
[2026-04-19T22:29:10.032+0000] {processor.py:186} INFO - Started process (PID=1001) to work on /opt/airflow/dags/imdb_sentiment.py
[2026-04-19T22:29:10.033+0000] {processor.py:914} INFO - Processing file /opt/airflow/dags/imdb_sentiment.py for tasks to queue
[2026-04-19T22:29:10.036+0000] {logging_mixin.py:190} INFO - [2026-04-19T22:29:10.036+0000] {dagbag.py:587} INFO - Filling up the DagBag from /opt/airflow/dags/imdb_sentiment.py
[2026-04-19T22:29:11.637+0000] {processor.py:925} INFO - DAG(s) 'imdb_sentiment' retrieved from /opt/airflow/dags/imdb_sentiment.py
[2026-04-19T22:29:11.655+0000] {logging_mixin.py:190} INFO - [2026-04-19T22:29:11.654+0000] {dag.py:3229} INFO - Sync 1 DAGs
[2026-04-19T22:29:11.668+0000] {logging_mixin.py:190} INFO - [2026-04-19T22:29:11.668+0000] {dag.py:4156} INFO - Setting next_dagrun for imdb_sentiment to None, run_after=None
[2026-04-19T22:29:11.697+0000] {processor.py:208} INFO - Processing /opt/airflow/dags/imdb_sentiment.py took 1.671 seconds
[2026-04-19T22:29:42.456+0000] {processor.py:186} INFO - Started process (PID=1059) to work on /opt/airflow/dags/imdb_sentiment.py
[2026-04-19T22:29:42.457+0000] {processor.py:914} INFO - Processing file /opt/airflow/dags/imdb_sentiment.py for tasks to queue
[2026-04-19T22:29:42.460+0000] {logging_mixin.py:190} INFO - [2026-04-19T22:29:42.460+0000] {dagbag.py:587} INFO - Filling up the DagBag from /opt/airflow/dags/imdb_sentiment.py
[2026-04-19T22:29:44.078+0000] {processor.py:925} INFO - DAG(s) 'imdb_sentiment' retrieved from /opt/airflow/dags/imdb_sentiment.py
[2026-04-19T22:29:44.096+0000] {logging_mixin.py:190} INFO - [2026-04-19T22:29:44.095+0000] {dag.py:3229} INFO - Sync 1 DAGs
[2026-04-19T22:29:44.108+0000] {logging_mixin.py:190} INFO - [2026-04-19T22:29:44.108+0000] {dag.py:4156} INFO - Setting next_dagrun for imdb_sentiment to None, run_after=None
[2026-04-19T22:29:44.125+0000] {processor.py:208} INFO - Processing /opt/airflow/dags/imdb_sentiment.py took 1.675 seconds
[2026-04-19T22:30:15.139+0000] {processor.py:186} INFO - Started process (PID=1111) to work on /opt/airflow/dags/imdb_sentiment.py
[2026-04-19T22:30:15.140+0000] {processor.py:914} INFO - Processing file /opt/airflow/dags/imdb_sentiment.py for tasks to queue
[2026-04-19T22:30:15.143+0000] {logging_mixin.py:190} INFO - [2026-04-19T22:30:15.142+0000] {dagbag.py:587} INFO - Filling up the DagBag from /opt/airflow/dags/imdb_sentiment.py
[2026-04-19T22:30:16.756+0000] {processor.py:925} INFO - DAG(s) 'imdb_sentiment' retrieved from /opt/airflow/dags/imdb_sentiment.py
[2026-04-19T22:30:16.773+0000] {logging_mixin.py:190} INFO - [2026-04-19T22:30:16.772+0000] {dag.py:3229} INFO - Sync 1 DAGs
[2026-04-19T22:30:16.785+0000] {logging_mixin.py:190} INFO - [2026-04-19T22:30:16.785+0000] {dag.py:4156} INFO - Setting next_dagrun for imdb_sentiment to None, run_after=None
[2026-04-19T22:30:16.814+0000] {processor.py:208} INFO - Processing /opt/airflow/dags/imdb_sentiment.py took 1.679 seconds
[2026-04-19T22:30:47.825+0000] {processor.py:186} INFO - Started process (PID=1163) to work on /opt/airflow/dags/imdb_sentiment.py
[2026-04-19T22:30:47.826+0000] {processor.py:914} INFO - Processing file /opt/airflow/dags/imdb_sentiment.py for tasks to queue
[2026-04-19T22:30:47.829+0000] {logging_mixin.py:190} INFO - [2026-04-19T22:30:47.829+0000] {dagbag.py:587} INFO - Filling up the DagBag from /opt/airflow/dags/imdb_sentiment.py
[2026-04-19T22:30:49.491+0000] {processor.py:925} INFO - DAG(s) 'imdb_sentiment' retrieved from /opt/airflow/dags/imdb_sentiment.py
[2026-04-19T22:30:49.508+0000] {logging_mixin.py:190} INFO - [2026-04-19T22:30:49.507+0000] {dag.py:3229} INFO - Sync 1 DAGs
[2026-04-19T22:30:49.520+0000] {logging_mixin.py:190} INFO - [2026-04-19T22:30:49.520+0000] {dag.py:4156} INFO - Setting next_dagrun for imdb_sentiment to None, run_after=None
[2026-04-19T22:30:49.537+0000] {processor.py:208} INFO - Processing /opt/airflow/dags/imdb_sentiment.py took 1.718 seconds
[2026-04-19T22:31:20.602+0000] {processor.py:186} INFO - Started process (PID=1215) to work on /opt/airflow/dags/imdb_sentiment.py
[2026-04-19T22:31:20.603+0000] {processor.py:914} INFO - Processing file /opt/airflow/dags/imdb_sentiment.py for tasks to queue
[2026-04-19T22:31:20.605+0000] {logging_mixin.py:190} INFO - [2026-04-19T22:31:20.605+0000] {dagbag.py:587} INFO - Filling up the DagBag from /opt/airflow/dags/imdb_sentiment.py
[2026-04-19T22:31:22.198+0000] {processor.py:925} INFO - DAG(s) 'imdb_sentiment' retrieved from /opt/airflow/dags/imdb_sentiment.py
[2026-04-19T22:31:22.215+0000] {logging_mixin.py:190} INFO - [2026-04-19T22:31:22.214+0000] {dag.py:3229} INFO - Sync 1 DAGs
[2026-04-19T22:31:22.227+0000] {logging_mixin.py:190} INFO - [2026-04-19T22:31:22.226+0000] {dag.py:4156} INFO - Setting next_dagrun for imdb_sentiment to None, run_after=None
[2026-04-19T22:31:22.254+0000] {processor.py:208} INFO - Processing /opt/airflow/dags/imdb_sentiment.py took 1.658 seconds
[2026-04-19T22:31:52.364+0000] {processor.py:186} INFO - Started process (PID=1267) to work on /opt/airflow/dags/imdb_sentiment.py
[2026-04-19T22:31:52.365+0000] {processor.py:914} INFO - Processing file /opt/airflow/dags/imdb_sentiment.py for tasks to queue
[2026-04-19T22:31:52.368+0000] {logging_mixin.py:190} INFO - [2026-04-19T22:31:52.367+0000] {dagbag.py:587} INFO - Filling up the DagBag from /opt/airflow/dags/imdb_sentiment.py
[2026-04-19T22:31:53.954+0000] {processor.py:925} INFO - DAG(s) 'imdb_sentiment' retrieved from /opt/airflow/dags/imdb_sentiment.py
[2026-04-19T22:31:53.971+0000] {logging_mixin.py:190} INFO - [2026-04-19T22:31:53.971+0000] {dag.py:3229} INFO - Sync 1 DAGs
[2026-04-19T22:31:53.984+0000] {logging_mixin.py:190} INFO - [2026-04-19T22:31:53.984+0000] {dag.py:4156} INFO - Setting next_dagrun for imdb_sentiment to None, run_after=None
[2026-04-19T22:31:54.013+0000] {processor.py:208} INFO - Processing /opt/airflow/dags/imdb_sentiment.py took 1.654 seconds
[2026-04-19T22:32:24.921+0000] {processor.py:186} INFO - Started process (PID=1319) to work on /opt/airflow/dags/imdb_sentiment.py
[2026-04-19T22:32:24.922+0000] {processor.py:914} INFO - Processing file /opt/airflow/dags/imdb_sentiment.py for tasks to queue
[2026-04-19T22:32:24.924+0000] {logging_mixin.py:190} INFO - [2026-04-19T22:32:24.924+0000] {dagbag.py:587} INFO - Filling up the DagBag from /opt/airflow/dags/imdb_sentiment.py
[2026-04-19T22:32:26.526+0000] {processor.py:925} INFO - DAG(s) 'imdb_sentiment' retrieved from /opt/airflow/dags/imdb_sentiment.py
[2026-04-19T22:32:26.544+0000] {logging_mixin.py:190} INFO - [2026-04-19T22:32:26.543+0000] {dag.py:3229} INFO - Sync 1 DAGs
[2026-04-19T22:32:26.555+0000] {logging_mixin.py:190} INFO - [2026-04-19T22:32:26.555+0000] {dag.py:4156} INFO - Setting next_dagrun for imdb_sentiment to None, run_after=None
[2026-04-19T22:32:26.571+0000] {processor.py:208} INFO - Processing /opt/airflow/dags/imdb_sentiment.py took 1.657 seconds
[2026-04-19T22:32:57.366+0000] {processor.py:186} INFO - Started process (PID=1386) to work on /opt/airflow/dags/imdb_sentiment.py
[2026-04-19T22:32:57.367+0000] {processor.py:914} INFO - Processing file /opt/airflow/dags/imdb_sentiment.py for tasks to queue
[2026-04-19T22:32:57.369+0000] {logging_mixin.py:190} INFO - [2026-04-19T22:32:57.369+0000] {dagbag.py:587} INFO - Filling up the DagBag from /opt/airflow/dags/imdb_sentiment.py
[2026-04-19T22:32:59.000+0000] {processor.py:925} INFO - DAG(s) 'imdb_sentiment' retrieved from /opt/airflow/dags/imdb_sentiment.py
[2026-04-19T22:32:59.017+0000] {logging_mixin.py:190} INFO - [2026-04-19T22:32:59.017+0000] {dag.py:3229} INFO - Sync 1 DAGs
[2026-04-19T22:32:59.028+0000] {logging_mixin.py:190} INFO - [2026-04-19T22:32:59.028+0000] {dag.py:4156} INFO - Setting next_dagrun for imdb_sentiment to None, run_after=None
[2026-04-19T22:32:59.044+0000] {processor.py:208} INFO - Processing /opt/airflow/dags/imdb_sentiment.py took 1.684 seconds
[2026-04-19T22:33:29.926+0000] {processor.py:186} INFO - Started process (PID=1448) to work on /opt/airflow/dags/imdb_sentiment.py
[2026-04-19T22:33:29.927+0000] {processor.py:914} INFO - Processing file /opt/airflow/dags/imdb_sentiment.py for tasks to queue
[2026-04-19T22:33:29.929+0000] {logging_mixin.py:190} INFO - [2026-04-19T22:33:29.929+0000] {dagbag.py:587} INFO - Filling up the DagBag from /opt/airflow/dags/imdb_sentiment.py
[2026-04-19T22:33:31.512+0000] {processor.py:925} INFO - DAG(s) 'imdb_sentiment' retrieved from /opt/airflow/dags/imdb_sentiment.py
[2026-04-19T22:33:31.529+0000] {logging_mixin.py:190} INFO - [2026-04-19T22:33:31.529+0000] {dag.py:3229} INFO - Sync 1 DAGs
[2026-04-19T22:33:31.543+0000] {logging_mixin.py:190} INFO - [2026-04-19T22:33:31.543+0000] {dag.py:4156} INFO - Setting next_dagrun for imdb_sentiment to None, run_after=None
[2026-04-19T22:33:31.560+0000] {processor.py:208} INFO - Processing /opt/airflow/dags/imdb_sentiment.py took 1.639 seconds
[2026-04-19T22:34:02.522+0000] {processor.py:186} INFO - Started process (PID=1500) to work on /opt/airflow/dags/imdb_sentiment.py
[2026-04-19T22:34:02.523+0000] {processor.py:914} INFO - Processing file /opt/airflow/dags/imdb_sentiment.py for tasks to queue
[2026-04-19T22:34:02.526+0000] {logging_mixin.py:190} INFO - [2026-04-19T22:34:02.525+0000] {dagbag.py:587} INFO - Filling up the DagBag from /opt/airflow/dags/imdb_sentiment.py
[2026-04-19T22:34:04.126+0000] {processor.py:925} INFO - DAG(s) 'imdb_sentiment' retrieved from /opt/airflow/dags/imdb_sentiment.py
[2026-04-19T22:34:04.144+0000] {logging_mixin.py:190} INFO - [2026-04-19T22:34:04.144+0000] {dag.py:3229} INFO - Sync 1 DAGs
[2026-04-19T22:34:04.159+0000] {logging_mixin.py:190} INFO - [2026-04-19T22:34:04.159+0000] {dag.py:4156} INFO - Setting next_dagrun for imdb_sentiment to None, run_after=None
[2026-04-19T22:34:04.176+0000] {processor.py:208} INFO - Processing /opt/airflow/dags/imdb_sentiment.py took 1.659 seconds
[2026-04-19T22:34:35.126+0000] {processor.py:186} INFO - Started process (PID=1558) to work on /opt/airflow/dags/imdb_sentiment.py
[2026-04-19T22:34:35.128+0000] {processor.py:914} INFO - Processing file /opt/airflow/dags/imdb_sentiment.py for tasks to queue
[2026-04-19T22:34:35.131+0000] {logging_mixin.py:190} INFO - [2026-04-19T22:34:35.131+0000] {dagbag.py:587} INFO - Filling up the DagBag from /opt/airflow/dags/imdb_sentiment.py
[2026-04-19T22:34:36.857+0000] {processor.py:925} INFO - DAG(s) 'imdb_sentiment' retrieved from /opt/airflow/dags/imdb_sentiment.py
[2026-04-19T22:34:36.874+0000] {logging_mixin.py:190} INFO - [2026-04-19T22:34:36.874+0000] {dag.py:3229} INFO - Sync 1 DAGs
[2026-04-19T22:34:36.887+0000] {logging_mixin.py:190} INFO - [2026-04-19T22:34:36.887+0000] {dag.py:4156} INFO - Setting next_dagrun for imdb_sentiment to None, run_after=None
[2026-04-19T22:34:36.905+0000] {processor.py:208} INFO - Processing /opt/airflow/dags/imdb_sentiment.py took 1.786 seconds
[2026-04-19T22:35:06.996+0000] {processor.py:186} INFO - Started process (PID=1610) to work on /opt/airflow/dags/imdb_sentiment.py
[2026-04-19T22:35:06.997+0000] {processor.py:914} INFO - Processing file /opt/airflow/dags/imdb_sentiment.py for tasks to queue
[2026-04-19T22:35:06.999+0000] {logging_mixin.py:190} INFO - [2026-04-19T22:35:06.999+0000] {dagbag.py:587} INFO - Filling up the DagBag from /opt/airflow/dags/imdb_sentiment.py
[2026-04-19T22:35:08.584+0000] {processor.py:925} INFO - DAG(s) 'imdb_sentiment' retrieved from /opt/airflow/dags/imdb_sentiment.py
[2026-04-19T22:35:08.601+0000] {logging_mixin.py:190} INFO - [2026-04-19T22:35:08.601+0000] {dag.py:3229} INFO - Sync 1 DAGs
[2026-04-19T22:35:08.614+0000] {logging_mixin.py:190} INFO - [2026-04-19T22:35:08.614+0000] {dag.py:4156} INFO - Setting next_dagrun for imdb_sentiment to None, run_after=None
[2026-04-19T22:35:08.629+0000] {processor.py:208} INFO - Processing /opt/airflow/dags/imdb_sentiment.py took 1.639 seconds
[2026-04-19T22:35:39.573+0000] {processor.py:186} INFO - Started process (PID=1662) to work on /opt/airflow/dags/imdb_sentiment.py
[2026-04-19T22:35:39.575+0000] {processor.py:914} INFO - Processing file /opt/airflow/dags/imdb_sentiment.py for tasks to queue
[2026-04-19T22:35:39.579+0000] {logging_mixin.py:190} INFO - [2026-04-19T22:35:39.578+0000] {dagbag.py:587} INFO - Filling up the DagBag from /opt/airflow/dags/imdb_sentiment.py
[2026-04-19T22:35:41.213+0000] {processor.py:925} INFO - DAG(s) 'imdb_sentiment' retrieved from /opt/airflow/dags/imdb_sentiment.py
[2026-04-19T22:35:41.231+0000] {logging_mixin.py:190} INFO - [2026-04-19T22:35:41.230+0000] {dag.py:3229} INFO - Sync 1 DAGs
[2026-04-19T22:35:41.244+0000] {logging_mixin.py:190} INFO - [2026-04-19T22:35:41.244+0000] {dag.py:4156} INFO - Setting next_dagrun for imdb_sentiment to None, run_after=None
[2026-04-19T22:35:41.260+0000] {processor.py:208} INFO - Processing /opt/airflow/dags/imdb_sentiment.py took 1.694 seconds
[2026-04-19T22:36:12.175+0000] {processor.py:186} INFO - Started process (PID=1714) to work on /opt/airflow/dags/imdb_sentiment.py
[2026-04-19T22:36:12.176+0000] {processor.py:914} INFO - Processing file /opt/airflow/dags/imdb_sentiment.py for tasks to queue
[2026-04-19T22:36:12.178+0000] {logging_mixin.py:190} INFO - [2026-04-19T22:36:12.178+0000] {dagbag.py:587} INFO - Filling up the DagBag from /opt/airflow/dags/imdb_sentiment.py
[2026-04-19T22:36:13.892+0000] {processor.py:925} INFO - DAG(s) 'imdb_sentiment' retrieved from /opt/airflow/dags/imdb_sentiment.py
[2026-04-19T22:36:13.911+0000] {logging_mixin.py:190} INFO - [2026-04-19T22:36:13.910+0000] {dag.py:3229} INFO - Sync 1 DAGs
[2026-04-19T22:36:13.925+0000] {logging_mixin.py:190} INFO - [2026-04-19T22:36:13.925+0000] {dag.py:4156} INFO - Setting next_dagrun for imdb_sentiment to None, run_after=None
[2026-04-19T22:36:13.943+0000] {processor.py:208} INFO - Processing /opt/airflow/dags/imdb_sentiment.py took 1.774 seconds
[2026-04-19T22:36:45.027+0000] {processor.py:186} INFO - Started process (PID=1766) to work on /opt/airflow/dags/imdb_sentiment.py
[2026-04-19T22:36:45.029+0000] {processor.py:914} INFO - Processing file /opt/airflow/dags/imdb_sentiment.py for tasks to queue
[2026-04-19T22:36:45.032+0000] {logging_mixin.py:190} INFO - [2026-04-19T22:36:45.032+0000] {dagbag.py:587} INFO - Filling up the DagBag from /opt/airflow/dags/imdb_sentiment.py
[2026-04-19T22:36:46.691+0000] {processor.py:925} INFO - DAG(s) 'imdb_sentiment' retrieved from /opt/airflow/dags/imdb_sentiment.py
[2026-04-19T22:36:46.708+0000] {logging_mixin.py:190} INFO - [2026-04-19T22:36:46.708+0000] {dag.py:3229} INFO - Sync 1 DAGs
[2026-04-19T22:36:46.721+0000] {logging_mixin.py:190} INFO - [2026-04-19T22:36:46.720+0000] {dag.py:4156} INFO - Setting next_dagrun for imdb_sentiment to None, run_after=None
[2026-04-19T22:36:46.749+0000] {processor.py:208} INFO - Processing /opt/airflow/dags/imdb_sentiment.py took 1.729 seconds
[2026-04-19T22:37:17.636+0000] {processor.py:186} INFO - Started process (PID=1818) to work on /opt/airflow/dags/imdb_sentiment.py
[2026-04-19T22:37:17.637+0000] {processor.py:914} INFO - Processing file /opt/airflow/dags/imdb_sentiment.py for tasks to queue
[2026-04-19T22:37:17.639+0000] {logging_mixin.py:190} INFO - [2026-04-19T22:37:17.639+0000] {dagbag.py:587} INFO - Filling up the DagBag from /opt/airflow/dags/imdb_sentiment.py
[2026-04-19T22:37:19.262+0000] {processor.py:925} INFO - DAG(s) 'imdb_sentiment' retrieved from /opt/airflow/dags/imdb_sentiment.py
[2026-04-19T22:37:19.278+0000] {logging_mixin.py:190} INFO - [2026-04-19T22:37:19.278+0000] {dag.py:3229} INFO - Sync 1 DAGs
[2026-04-19T22:37:19.291+0000] {logging_mixin.py:190} INFO - [2026-04-19T22:37:19.291+0000] {dag.py:4156} INFO - Setting next_dagrun for imdb_sentiment to None, run_after=None
[2026-04-19T22:37:19.307+0000] {processor.py:208} INFO - Processing /opt/airflow/dags/imdb_sentiment.py took 1.677 seconds
[2026-04-19T22:37:50.071+0000] {processor.py:186} INFO - Started process (PID=1871) to work on /opt/airflow/dags/imdb_sentiment.py
[2026-04-19T22:37:50.071+0000] {processor.py:914} INFO - Processing file /opt/airflow/dags/imdb_sentiment.py for tasks to queue
[2026-04-19T22:37:50.074+0000] {logging_mixin.py:190} INFO - [2026-04-19T22:37:50.074+0000] {dagbag.py:587} INFO - Filling up the DagBag from /opt/airflow/dags/imdb_sentiment.py
[2026-04-19T22:37:51.685+0000] {processor.py:925} INFO - DAG(s) 'imdb_sentiment' retrieved from /opt/airflow/dags/imdb_sentiment.py
[2026-04-19T22:37:51.702+0000] {logging_mixin.py:190} INFO - [2026-04-19T22:37:51.701+0000] {dag.py:3229} INFO - Sync 1 DAGs
[2026-04-19T22:37:51.714+0000] {logging_mixin.py:190} INFO - [2026-04-19T22:37:51.714+0000] {dag.py:4156} INFO - Setting next_dagrun for imdb_sentiment to None, run_after=None
[2026-04-19T22:37:51.743+0000] {processor.py:208} INFO - Processing /opt/airflow/dags/imdb_sentiment.py took 1.677 seconds
[2026-04-19T22:38:22.540+0000] {processor.py:186} INFO - Started process (PID=1923) to work on /opt/airflow/dags/imdb_sentiment.py
[2026-04-19T22:38:22.541+0000] {processor.py:914} INFO - Processing file /opt/airflow/dags/imdb_sentiment.py for tasks to queue
[2026-04-19T22:38:22.544+0000] {logging_mixin.py:190} INFO - [2026-04-19T22:38:22.543+0000] {dagbag.py:587} INFO - Filling up the DagBag from /opt/airflow/dags/imdb_sentiment.py
[2026-04-19T22:38:23.177+0000] {processor.py:925} INFO - DAG(s) 'imdb_sentiment' retrieved from /opt/airflow/dags/imdb_sentiment.py
[2026-04-19T22:38:23.196+0000] {logging_mixin.py:190} INFO - [2026-04-19T22:38:23.195+0000] {dag.py:3229} INFO - Sync 1 DAGs
[2026-04-19T22:38:23.209+0000] {logging_mixin.py:190} INFO - [2026-04-19T22:38:23.209+0000] {dag.py:4156} INFO - Setting next_dagrun for imdb_sentiment to None, run_after=None
[2026-04-19T22:38:23.227+0000] {processor.py:208} INFO - Processing /opt/airflow/dags/imdb_sentiment.py took 1.660 seconds
[2026-04-19T22:38:54.112+0000] {processor.py:186} INFO - Started process (PID=1975) to work on /opt/airflow/dags/imdb_sentiment.py
[2026-04-19T22:38:54.113+0000] {processor.py:914} INFO - Processing file /opt/airflow/dags/imdb_sentiment.py for tasks to queue
[2026-04-19T22:38:54.116+0000] {logging_mixin.py:190} INFO - [2026-04-19T22:38:54.116+0000] {dagbag.py:587} INFO - Filling up the DagBag from /opt/airflow/dags/imdb_sentiment.py
[2026-04-19T22:38:55.750+0000] {processor.py:925} INFO - DAG(s) 'imdb_sentiment' retrieved from /opt/airflow/dags/imdb_sentiment.py
[2026-04-19T22:38:55.767+0000] {logging_mixin.py:190} INFO - [2026-04-19T22:38:55.767+0000] {dag.py:3229} INFO - Sync 1 DAGs
[2026-04-19T22:38:55.779+0000] {logging_mixin.py:190} INFO - [2026-04-19T22:38:55.778+0000] {dag.py:4156} INFO - Setting next_dagrun for imdb_sentiment to None, run_after=None
[2026-04-19T22:38:55.794+0000] {processor.py:208} INFO - Processing /opt/airflow/dags/imdb_sentiment.py took 1.690 seconds
[2026-04-19T22:39:26.507+0000] {processor.py:186} INFO - Started process (PID=2033) to work on /opt/airflow/dags/imdb_sentiment.py
[2026-04-19T22:39:26.508+0000] {processor.py:914} INFO - Processing file /opt/airflow/dags/imdb_sentiment.py for tasks to queue
[2026-04-19T22:39:26.510+0000] {logging_mixin.py:190} INFO - [2026-04-19T22:39:26.510+0000] {dagbag.py:587} INFO - Filling up the DagBag from /opt/airflow/dags/imdb_sentiment.py
[2026-04-19T22:39:28.127+0000] {processor.py:925} INFO - DAG(s) 'imdb_sentiment' retrieved from /opt/airflow/dags/imdb_sentiment.py
[2026-04-19T22:39:28.144+0000] {logging_mixin.py:190} INFO - [2026-04-19T22:39:28.143+0000] {dag.py:3229} INFO - Sync 1 DAGs
[2026-04-19T22:39:28.155+0000] {logging_mixin.py:190} INFO - [2026-04-19T22:39:28.155+0000] {dag.py:4156} INFO - Setting next_dagrun for imdb_sentiment to None, run_after=None
[2026-04-19T22:39:28.184+0000] {processor.py:208} INFO - Processing /opt/airflow/dags/imdb_sentiment.py took 1.682 seconds
[2026-04-19T22:39:59.032+0000] {processor.py:186} INFO - Started process (PID=2085) to work on /opt/airflow/dags/imdb_sentiment.py
[2026-04-19T22:39:59.033+0000] {processor.py:914} INFO - Processing file /opt/airflow/dags/imdb_sentiment.py for tasks to queue
[2026-04-19T22:39:59.035+0000] {logging_mixin.py:190} INFO - [2026-04-19T22:39:59.035+0000] {dagbag.py:587} INFO - Filling up the DagBag from /opt/airflow/dags/imdb_sentiment.py
[2026-04-19T22:40:00.608+0000] {processor.py:925} INFO - DAG(s) 'imdb_sentiment' retrieved from /opt/airflow/dags/imdb_sentiment.py
[2026-04-19T22:40:00.624+0000] {logging_mixin.py:190} INFO - [2026-04-19T22:40:00.624+0000] {dag.py:3229} INFO - Sync 1 DAGs
[2026-04-19T22:40:00.638+0000] {logging_mixin.py:190} INFO - [2026-04-19T22:40:00.638+0000] {dag.py:4156} INFO - Setting next_dagrun for imdb_sentiment to None, run_after=None
[2026-04-19T22:40:00.668+0000] {processor.py:208} INFO - Processing /opt/airflow/dags/imdb_sentiment.py took 1.641 seconds
[2026-04-19T22:40:31.512+0000] {processor.py:186} INFO - Started process (PID=2137) to work on /opt/airflow/dags/imdb_sentiment.py
[2026-04-19T22:40:31.513+0000] {processor.py:914} INFO - Processing file /opt/airflow/dags/imdb_sentiment.py for tasks to queue
[2026-04-19T22:40:31.516+0000] {logging_mixin.py:190} INFO - [2026-04-19T22:40:31.515+0000] {dagbag.py:587} INFO - Filling up the DagBag from /opt/airflow/dags/imdb_sentiment.py
[2026-04-19T22:40:33.084+0000] {processor.py:925} INFO - DAG(s) 'imdb_sentiment' retrieved from /opt/airflow/dags/imdb_sentiment.py
[2026-04-19T22:40:33.101+0000] {logging_mixin.py:190} INFO - [2026-04-19T22:40:33.100+0000] {dag.py:3229} INFO - Sync 1 DAGs
[2026-04-19T22:40:33.113+0000] {logging_mixin.py:190} INFO - [2026-04-19T22:40:33.112+0000] {dag.py:4156} INFO - Setting next_dagrun for imdb_sentiment to None, run_after=None
[2026-04-19T22:40:33.143+0000] {processor.py:208} INFO - Processing /opt/airflow/dags/imdb_sentiment.py took 1.636 seconds
[2026-04-19T22:41:03.902+0000] {processor.py:186} INFO - Started process (PID=2189) to work on /opt/airflow/dags/imdb_sentiment.py
[2026-04-19T22:41:03.903+0000] {processor.py:914} INFO - Processing file /opt/airflow/dags/imdb_sentiment.py for tasks to queue
[2026-04-19T22:41:03.906+0000] {logging_mixin.py:190} INFO - [2026-04-19T22:41:03.905+0000] {dagbag.py:587} INFO - Filling up the DagBag from /opt/airflow/dags/imdb_sentiment.py
[2026-04-19T22:41:05.475+0000] {processor.py:925} INFO - DAG(s) 'imdb_sentiment' retrieved from /opt/airflow/dags/imdb_sentiment.py
[2026-04-19T22:41:05.492+0000] {logging_mixin.py:190} INFO - [2026-04-19T22:41:05.491+0000] {dag.py:3229} INFO - Sync 1 DAGs
[2026-04-19T22:41:05.506+0000] {logging_mixin.py:190} INFO - [2026-04-19T22:41:05.506+0000] {dag.py:4156} INFO - Setting next_dagrun for imdb_sentiment to None, run_after=None
[2026-04-19T22:41:05.536+0000] {processor.py:208} INFO - Processing /opt/airflow/dags/imdb_sentiment.py took 1.639 seconds
[2026-04-19T22:41:36.496+0000] {processor.py:186} INFO - Started process (PID=2256) to work on /opt/airflow/dags/imdb_sentiment.py
[2026-04-19T22:41:36.497+0000] {processor.py:914} INFO - Processing file /opt/airflow/dags/imdb_sentiment.py for tasks to queue
[2026-04-19T22:41:36.500+0000] {logging_mixin.py:190} INFO - [2026-04-19T22:41:36.500+0000] {dagbag.py:587} INFO - Filling up the DagBag from /opt/airflow/dags/imdb_sentiment.py
[2026-04-19T22:41:38.113+0000] {processor.py:925} INFO - DAG(s) 'imdb_sentiment' retrieved from /opt/airflow/dags/imdb_sentiment.py
[2026-04-19T22:41:38.130+0000] {logging_mixin.py:190} INFO - [2026-04-19T22:41:38.129+0000] {dag.py:3229} INFO - Sync 1 DAGs
[2026-04-19T22:41:38.143+0000] {logging_mixin.py:190} INFO - [2026-04-19T22:41:38.143+0000] {dag.py:4156} INFO - Setting next_dagrun for imdb_sentiment to None, run_after=None
[2026-04-19T22:41:38.171+0000] {processor.py:208} INFO - Processing /opt/airflow/dags/imdb_sentiment.py took 1.680 seconds
[2026-04-19T22:42:08.938+0000] {processor.py:186} INFO - Started process (PID=2318) to work on /opt/airflow/dags/imdb_sentiment.py
[2026-04-19T22:42:08.939+0000] {processor.py:914} INFO - Processing file /opt/airflow/dags/imdb_sentiment.py for tasks to queue
[2026-04-19T22:42:08.942+0000] {logging_mixin.py:190} INFO - [2026-04-19T22:42:08.941+0000] {dagbag.py:587} INFO - Filling up the DagBag from /opt/airflow/dags/imdb_sentiment.py
[2026-04-19T22:42:10.586+0000] {processor.py:925} INFO - DAG(s) 'imdb_sentiment' retrieved from /opt/airflow/dags/imdb_sentiment.py
[2026-04-19T22:42:10.605+0000] {logging_mixin.py:190} INFO - [2026-04-19T22:42:10.605+0000] {dag.py:3229} INFO - Sync 1 DAGs
[2026-04-19T22:42:10.618+0000] {logging_mixin.py:190} INFO - [2026-04-19T22:42:10.618+0000] {dag.py:4156} INFO - Setting next_dagrun for imdb_sentiment to None, run_after=None
[2026-04-19T22:42:10.635+0000] {processor.py:208} INFO - Processing /opt/airflow/dags/imdb_sentiment.py took 1.702 seconds
[2026-04-19T22:42:41.674+0000] {processor.py:186} INFO - Started process (PID=2370) to work on /opt/airflow/dags/imdb_sentiment.py
[2026-04-19T22:42:41.675+0000] {processor.py:914} INFO - Processing file /opt/airflow/dags/imdb_sentiment.py for tasks to queue
[2026-04-19T22:42:41.678+0000] {logging_mixin.py:190} INFO - [2026-04-19T22:42:41.677+0000] {dagbag.py:587} INFO - Filling up the DagBag from /opt/airflow/dags/imdb_sentiment.py
[2026-04-19T22:42:43.294+0000] {processor.py:925} INFO - DAG(s) 'imdb_sentiment' retrieved from /opt/airflow/dags/imdb_sentiment.py
[2026-04-19T22:42:43.313+0000] {logging_mixin.py:190} INFO - [2026-04-19T22:42:43.312+0000] {dag.py:3229} INFO - Sync 1 DAGs
[2026-04-19T22:42:43.326+0000] {logging_mixin.py:190} INFO - [2026-04-19T22:42:43.325+0000] {dag.py:4156} INFO - Setting next_dagrun for imdb_sentiment to None, run_after=None
[2026-04-19T22:42:43.343+0000] {processor.py:208} INFO - Processing /opt/airflow/dags/imdb_sentiment.py took 1.675 seconds
[2026-04-19T22:43:14.223+0000] {processor.py:186} INFO - Started process (PID=2422) to work on /opt/airflow/dags/imdb_sentiment.py
[2026-04-19T22:43:14.224+0000] {processor.py:914} INFO - Processing file /opt/airflow/dags/imdb_sentiment.py for tasks to queue
[2026-04-19T22:43:14.226+0000] {logging_mixin.py:190} INFO - [2026-04-19T22:43:14.226+0000] {dagbag.py:587} INFO - Filling up the DagBag from /opt/airflow/dags/imdb_sentiment.py
[2026-04-19T22:43:14.880+0000] {processor.py:925} INFO - DAG(s) 'imdb_sentiment' retrieved from /opt/airflow/dags/imdb_sentiment.py
[2026-04-19T22:43:14.898+0000] {logging_mixin.py:190} INFO - [2026-04-19T22:43:14.896+0000] {dag.py:3229} INFO - Sync 1 DAGs
[2026-04-19T22:43:14.910+0000] {logging_mixin.py:190} INFO - [2026-04-19T22:43:14.910+0000] {dag.py:4156} INFO - Setting next_dagrun for imdb_sentiment to None, run_after=None
[2026-04-19T22:43:14.927+0000] {processor.py:208} INFO - Processing /opt/airflow/dags/imdb_sentiment.py took 1.653 seconds
[2026-04-19T22:43:45.774+0000] {processor.py:186} INFO - Started process (PID=2474) to work on /opt/airflow/dags/imdb_sentiment.py
[2026-04-19T22:43:45.775+0000] {processor.py:914} INFO - Processing file /opt/airflow/dags/imdb_sentiment.py for tasks to queue
[2026-04-19T22:43:45.777+0000] {logging_mixin.py:190} INFO - [2026-04-19T22:43:45.777+0000] {dagbag.py:587} INFO - Filling up the DagBag from /opt/airflow/dags/imdb_sentiment.py
[2026-04-19T22:43:47.341+0000] {processor.py:925} INFO - DAG(s) 'imdb_sentiment' retrieved from /opt/airflow/dags/imdb_sentiment.py
[2026-04-19T22:43:47.359+0000] {logging_mixin.py:190} INFO - [2026-04-19T22:43:47.358+0000] {dag.py:3229} INFO - Sync 1 DAGs
[2026-04-19T22:43:47.370+0000] {logging_mixin.py:190} INFO - [2026-04-19T22:43:47.370+0000] {dag.py:4156} INFO - Setting next_dagrun for imdb_sentiment to None, run_after=None
[2026-04-19T22:43:47.400+0000] {processor.py:208} INFO - Processing /opt/airflow/dags/imdb_sentiment.py took 1.634 seconds
[2026-04-19T22:44:18.071+0000] {processor.py:186} INFO - Started process (PID=2532) to work on /opt/airflow/dags/imdb_sentiment.py
[2026-04-19T22:44:18.073+0000] {processor.py:914} INFO - Processing file /opt/airflow/dags/imdb_sentiment.py for tasks to queue
[2026-04-19T22:44:18.076+0000] {logging_mixin.py:190} INFO - [2026-04-19T22:44:18.076+0000] {dagbag.py:587} INFO - Filling up the DagBag from /opt/airflow/dags/imdb_sentiment.py
[2026-04-19T22:44:19.754+0000] {processor.py:925} INFO - DAG(s) 'imdb_sentiment' retrieved from /opt/airflow/dags/imdb_sentiment.py
[2026-04-19T22:44:19.772+0000] {logging_mixin.py:190} INFO - [2026-04-19T22:44:19.771+0000] {dag.py:3229} INFO - Sync 1 DAGs
[2026-04-19T22:44:19.786+0000] {logging_mixin.py:190} INFO - [2026-04-19T22:44:19.785+0000] {dag.py:4156} INFO - Setting next_dagrun for imdb_sentiment to None, run_after=None
[2026-04-19T22:44:19.802+0000] {processor.py:208} INFO - Processing /opt/airflow/dags/imdb_sentiment.py took 1.740 seconds
[2026-04-19T22:44:50.806+0000] {processor.py:186} INFO - Started process (PID=2584) to work on /opt/airflow/dags/imdb_sentiment.py
[2026-04-19T22:44:50.807+0000] {processor.py:914} INFO - Processing file /opt/airflow/dags/imdb_sentiment.py for tasks to queue
[2026-04-19T22:44:50.810+0000] {logging_mixin.py:190} INFO - [2026-04-19T22:44:50.810+0000] {dagbag.py:587} INFO - Filling up the DagBag from /opt/airflow/dags/imdb_sentiment.py
[2026-04-19T22:44:52.420+0000] {processor.py:925} INFO - DAG(s) 'imdb_sentiment' retrieved from /opt/airflow/dags/imdb_sentiment.py
[2026-04-19T22:44:52.439+0000] {logging_mixin.py:190} INFO - [2026-04-19T22:44:52.438+0000] {dag.py:3229} INFO - Sync 1 DAGs
[2026-04-19T22:44:52.451+0000] {logging_mixin.py:190} INFO - [2026-04-19T22:44:52.451+0000] {dag.py:4156} INFO - Setting next_dagrun for imdb_sentiment to None, run_after=None
[2026-04-19T22:44:52.467+0000] {processor.py:208} INFO - Processing /opt/airflow/dags/imdb_sentiment.py took 1.667 seconds
[2026-04-19T22:45:23.273+0000] {processor.py:186} INFO - Started process (PID=2636) to work on /opt/airflow/dags/imdb_sentiment.py
[2026-04-19T22:45:23.275+0000] {processor.py:914} INFO - Processing file /opt/airflow/dags/imdb_sentiment.py for tasks to queue
[2026-04-19T22:45:23.279+0000] {logging_mixin.py:190} INFO - [2026-04-19T22:45:23.278+0000] {dagbag.py:587} INFO - Filling up the DagBag from /opt/airflow/dags/imdb_sentiment.py
[2026-04-19T22:45:24.885+0000] {processor.py:925} INFO - DAG(s) 'imdb_sentiment' retrieved from /opt/airflow/dags/imdb_sentiment.py
[2026-04-19T22:45:24.901+0000] {logging_mixin.py:190} INFO - [2026-04-19T22:45:24.901+0000] {dag.py:3229} INFO - Sync 1 DAGs
[2026-04-19T22:45:24.914+0000] {logging_mixin.py:190} INFO - [2026-04-19T22:45:24.914+0000] {dag.py:4156} INFO - Setting next_dagrun for imdb_sentiment to None, run_after=None
[2026-04-19T22:45:24.941+0000] {processor.py:208} INFO - Processing /opt/airflow/dags/imdb_sentiment.py took 1.676 seconds
[2026-04-19T22:45:55.824+0000] {processor.py:186} INFO - Started process (PID=2688) to work on /opt/airflow/dags/imdb_sentiment.py
[2026-04-19T22:45:55.825+0000] {processor.py:914} INFO - Processing file /opt/airflow/dags/imdb_sentiment.py for tasks to queue
[2026-04-19T22:45:55.827+0000] {logging_mixin.py:190} INFO - [2026-04-19T22:45:55.827+0000] {dagbag.py:587} INFO - Filling up the DagBag from /opt/airflow/dags/imdb_sentiment.py
[2026-04-19T22:45:57.410+0000] {processor.py:925} INFO - DAG(s) 'imdb_sentiment' retrieved from /opt/airflow/dags/imdb_sentiment.py
[2026-04-19T22:45:57.429+0000] {logging_mixin.py:190} INFO - [2026-04-19T22:45:57.428+0000] {dag.py:3229} INFO - Sync 1 DAGs
[2026-04-19T22:45:57.441+0000] {logging_mixin.py:190} INFO - [2026-04-19T22:45:57.441+0000] {dag.py:4156} INFO - Setting next_dagrun for imdb_sentiment to None, run_after=None
[2026-04-19T22:45:57.470+0000] {processor.py:208} INFO - Processing /opt/airflow/dags/imdb_sentiment.py took 1.651 seconds
[2026-04-19T22:46:28.229+0000] {processor.py:186} INFO - Started process (PID=2740) to work on /opt/airflow/dags/imdb_sentiment.py
[2026-04-19T22:46:28.230+0000] {processor.py:914} INFO - Processing file /opt/airflow/dags/imdb_sentiment.py for tasks to queue
[2026-04-19T22:46:28.232+0000] {logging_mixin.py:190} INFO - [2026-04-19T22:46:28.232+0000] {dagbag.py:587} INFO - Filling up the DagBag from /opt/airflow/dags/imdb_sentiment.py
[2026-04-19T22:46:29.820+0000] {processor.py:925} INFO - DAG(s) 'imdb_sentiment' retrieved from /opt/airflow/dags/imdb_sentiment.py
[2026-04-19T22:46:29.837+0000] {logging_mixin.py:190} INFO - [2026-04-19T22:46:29.836+0000] {dag.py:3229} INFO - Sync 1 DAGs
[2026-04-19T22:46:29.850+0000] {logging_mixin.py:190} INFO - [2026-04-19T22:46:29.850+0000] {dag.py:4156} INFO - Setting next_dagrun for imdb_sentiment to None, run_after=None
[2026-04-19T22:46:29.867+0000] {processor.py:208} INFO - Processing /opt/airflow/dags/imdb_sentiment.py took 1.644 seconds
[2026-04-19T22:47:00.694+0000] {processor.py:186} INFO - Started process (PID=2792) to work on /opt/airflow/dags/imdb_sentiment.py
[2026-04-19T22:47:00.695+0000] {processor.py:914} INFO - Processing file /opt/airflow/dags/imdb_sentiment.py for tasks to queue
[2026-04-19T22:47:00.697+0000] {logging_mixin.py:190} INFO - [2026-04-19T22:47:00.697+0000] {dagbag.py:587} INFO - Filling up the DagBag from /opt/airflow/dags/imdb_sentiment.py
[2026-04-19T22:47:02.276+0000] {processor.py:925} INFO - DAG(s) 'imdb_sentiment' retrieved from /opt/airflow/dags/imdb_sentiment.py
[2026-04-19T22:47:02.294+0000] {logging_mixin.py:190} INFO - [2026-04-19T22:47:02.293+0000] {dag.py:3229} INFO - Sync 1 DAGs
[2026-04-19T22:47:02.305+0000] {logging_mixin.py:190} INFO - [2026-04-19T22:47:02.305+0000] {dag.py:4156} INFO - Setting next_dagrun for imdb_sentiment to None, run_after=None
[2026-04-19T22:47:02.322+0000] {processor.py:208} INFO - Processing /opt/airflow/dags/imdb_sentiment.py took 1.633 seconds
[2026-04-19T22:47:33.180+0000] {processor.py:186} INFO - Started process (PID=2844) to work on /opt/airflow/dags/imdb_sentiment.py
[2026-04-19T22:47:33.181+0000] {processor.py:914} INFO - Processing file /opt/airflow/dags/imdb_sentiment.py for tasks to queue
[2026-04-19T22:47:33.185+0000] {logging_mixin.py:190} INFO - [2026-04-19T22:47:33.184+0000] {dagbag.py:587} INFO - Filling up the DagBag from /opt/airflow/dags/imdb_sentiment.py
[2026-04-19T22:47:34.808+0000] {processor.py:925} INFO - DAG(s) 'imdb_sentiment' retrieved from /opt/airflow/dags/imdb_sentiment.py
[2026-04-19T22:47:34.824+0000] {logging_mixin.py:190} INFO - [2026-04-19T22:47:34.824+0000] {dag.py:3229} INFO - Sync 1 DAGs
[2026-04-19T22:47:34.836+0000] {logging_mixin.py:190} INFO - [2026-04-19T22:47:34.836+0000] {dag.py:4156} INFO - Setting next_dagrun for imdb_sentiment to None, run_after=None
[2026-04-19T22:47:34.866+0000] {processor.py:208} INFO - Processing /opt/airflow/dags/imdb_sentiment.py took 1.692 seconds
[2026-04-19T22:48:05.899+0000] {processor.py:186} INFO - Started process (PID=2896) to work on /opt/airflow/dags/imdb_sentiment.py
[2026-04-19T22:48:05.900+0000] {processor.py:914} INFO - Processing file /opt/airflow/dags/imdb_sentiment.py for tasks to queue
[2026-04-19T22:48:05.904+0000] {logging_mixin.py:190} INFO - [2026-04-19T22:48:05.903+0000] {dagbag.py:587} INFO - Filling up the DagBag from /opt/airflow/dags/imdb_sentiment.py
[2026-04-19T22:48:07.518+0000] {processor.py:925} INFO - DAG(s) 'imdb_sentiment' retrieved from /opt/airflow/dags/imdb_sentiment.py
[2026-04-19T22:48:07.535+0000] {logging_mixin.py:190} INFO - [2026-04-19T22:48:07.534+0000] {dag.py:3229} INFO - Sync 1 DAGs
[2026-04-19T22:48:07.548+0000] {logging_mixin.py:190} INFO - [2026-04-19T22:48:07.547+0000] {dag.py:4156} INFO - Setting next_dagrun for imdb_sentiment to None, run_after=None
[2026-04-19T22:48:07.577+0000] {processor.py:208} INFO - Processing /opt/airflow/dags/imdb_sentiment.py took 1.683 seconds
[2026-04-19T22:48:38.531+0000] {processor.py:186} INFO - Started process (PID=2948) to work on /opt/airflow/dags/imdb_sentiment.py
[2026-04-19T22:48:38.532+0000] {processor.py:914} INFO - Processing file /opt/airflow/dags/imdb_sentiment.py for tasks to queue
[2026-04-19T22:48:38.534+0000] {logging_mixin.py:190} INFO - [2026-04-19T22:48:38.534+0000] {dagbag.py:587} INFO - Filling up the DagBag from /opt/airflow/dags/imdb_sentiment.py
[2026-04-19T22:48:40.137+0000] {processor.py:925} INFO - DAG(s) 'imdb_sentiment' retrieved from /opt/airflow/dags/imdb_sentiment.py
[2026-04-19T22:48:40.157+0000] {logging_mixin.py:190} INFO - [2026-04-19T22:48:40.156+0000] {dag.py:3229} INFO - Sync 1 DAGs
[2026-04-19T22:48:40.169+0000] {logging_mixin.py:190} INFO - [2026-04-19T22:48:40.169+0000] {dag.py:4156} INFO - Setting next_dagrun for imdb_sentiment to None, run_after=None
[2026-04-19T22:48:40.199+0000] {processor.py:208} INFO - Processing /opt/airflow/dags/imdb_sentiment.py took 1.674 seconds
[2026-04-19T22:49:11.009+0000] {processor.py:186} INFO - Started process (PID=3006) to work on /opt/airflow/dags/imdb_sentiment.py
[2026-04-19T22:49:11.010+0000] {processor.py:914} INFO - Processing file /opt/airflow/dags/imdb_sentiment.py for tasks to queue
[2026-04-19T22:49:11.013+0000] {logging_mixin.py:190} INFO - [2026-04-19T22:49:11.013+0000] {dagbag.py:587} INFO - Filling up the DagBag from /opt/airflow/dags/imdb_sentiment.py
[2026-04-19T22:49:12.584+0000] {processor.py:925} INFO - DAG(s) 'imdb_sentiment' retrieved from /opt/airflow/dags/imdb_sentiment.py
[2026-04-19T22:49:12.600+0000] {logging_mixin.py:190} INFO - [2026-04-19T22:49:12.600+0000] {dag.py:3229} INFO - Sync 1 DAGs
[2026-04-19T22:49:12.613+0000] {logging_mixin.py:190} INFO - [2026-04-19T22:49:12.613+0000] {dag.py:4156} INFO - Setting next_dagrun for imdb_sentiment to None, run_after=None
[2026-04-19T22:49:12.628+0000] {processor.py:208} INFO - Processing /opt/airflow/dags/imdb_sentiment.py took 1.627 seconds
[2026-04-19T22:49:43.414+0000] {processor.py:186} INFO - Started process (PID=3063) to work on /opt/airflow/dags/imdb_sentiment.py
[2026-04-19T22:49:43.415+0000] {processor.py:914} INFO - Processing file /opt/airflow/dags/imdb_sentiment.py for tasks to queue
[2026-04-19T22:49:43.418+0000] {logging_mixin.py:190} INFO - [2026-04-19T22:49:43.417+0000] {dagbag.py:587} INFO - Filling up the DagBag from /opt/airflow/dags/imdb_sentiment.py
[2026-04-19T22:49:45.071+0000] {processor.py:925} INFO - DAG(s) 'imdb_sentiment' retrieved from /opt/airflow/dags/imdb_sentiment.py
[2026-04-19T22:49:45.090+0000] {logging_mixin.py:190} INFO - [2026-04-19T22:49:45.090+0000] {dag.py:3229} INFO - Sync 1 DAGs
[2026-04-19T22:49:45.102+0000] {logging_mixin.py:190} INFO - [2026-04-19T22:49:45.102+0000] {dag.py:4156} INFO - Setting next_dagrun for imdb_sentiment to None, run_after=None
[2026-04-19T22:49:45.131+0000] {processor.py:208} INFO - Processing /opt/airflow/dags/imdb_sentiment.py took 1.723 seconds
[2026-04-19T22:50:15.963+0000] {processor.py:186} INFO - Started process (PID=3125) to work on /opt/airflow/dags/imdb_sentiment.py
[2026-04-19T22:50:15.964+0000] {processor.py:914} INFO - Processing file /opt/airflow/dags/imdb_sentiment.py for tasks to queue
[2026-04-19T22:50:15.967+0000] {logging_mixin.py:190} INFO - [2026-04-19T22:50:15.967+0000] {dagbag.py:587} INFO - Filling up the DagBag from /opt/airflow/dags/imdb_sentiment.py
[2026-04-19T22:50:17.638+0000] {processor.py:925} INFO - DAG(s) 'imdb_sentiment' retrieved from /opt/airflow/dags/imdb_sentiment.py
[2026-04-19T22:50:17.654+0000] {logging_mixin.py:190} INFO - [2026-04-19T22:50:17.654+0000] {dag.py:3229} INFO - Sync 1 DAGs
[2026-04-19T22:50:17.667+0000] {logging_mixin.py:190} INFO - [2026-04-19T22:50:17.667+0000] {dag.py:4156} INFO - Setting next_dagrun for imdb_sentiment to None, run_after=None
[2026-04-19T22:50:17.694+0000] {processor.py:208} INFO - Processing /opt/airflow/dags/imdb_sentiment.py took 1.738 seconds
[2026-04-19T22:50:48.440+0000] {processor.py:186} INFO - Started process (PID=3187) to work on /opt/airflow/dags/imdb_sentiment.py
[2026-04-19T22:50:48.441+0000] {processor.py:914} INFO - Processing file /opt/airflow/dags/imdb_sentiment.py for tasks to queue
[2026-04-19T22:50:48.444+0000] {logging_mixin.py:190} INFO - [2026-04-19T22:50:48.444+0000] {dagbag.py:587} INFO - Filling up the DagBag from /opt/airflow/dags/imdb_sentiment.py
[2026-04-19T22:50:50.055+0000] {processor.py:925} INFO - DAG(s) 'imdb_sentiment' retrieved from /opt/airflow/dags/imdb_sentiment.py
[2026-04-19T22:50:50.072+0000] {logging_mixin.py:190} INFO - [2026-04-19T22:50:50.072+0000] {dag.py:3229} INFO - Sync 1 DAGs
[2026-04-19T22:50:50.084+0000] {logging_mixin.py:190} INFO - [2026-04-19T22:50:50.083+0000] {dag.py:4156} INFO - Setting next_dagrun for imdb_sentiment to None, run_after=None
[2026-04-19T22:50:50.101+0000] {processor.py:208} INFO - Processing /opt/airflow/dags/imdb_sentiment.py took 1.667 seconds
[2026-04-19T22:51:21.017+0000] {processor.py:186} INFO - Started process (PID=3239) to work on /opt/airflow/dags/imdb_sentiment.py
[2026-04-19T22:51:21.018+0000] {processor.py:914} INFO - Processing file /opt/airflow/dags/imdb_sentiment.py for tasks to queue
[2026-04-19T22:51:21.021+0000] {logging_mixin.py:190} INFO - [2026-04-19T22:51:21.020+0000] {dagbag.py:587} INFO - Filling up the DagBag from /opt/airflow/dags/imdb_sentiment.py
[2026-04-19T22:51:22.592+0000] {processor.py:925} INFO - DAG(s) 'imdb_sentiment' retrieved from /opt/airflow/dags/imdb_sentiment.py
[2026-04-19T22:51:22.609+0000] {logging_mixin.py:190} INFO - [2026-04-19T22:51:22.609+0000] {dag.py:3229} INFO - Sync 1 DAGs
[2026-04-19T22:51:22.622+0000] {logging_mixin.py:190} INFO - [2026-04-19T22:51:22.622+0000] {dag.py:4156} INFO - Setting next_dagrun for imdb_sentiment to None, run_after=None
[2026-04-19T22:51:22.639+0000] {processor.py:208} INFO - Processing /opt/airflow/dags/imdb_sentiment.py took 1.627 seconds
[2026-04-19T22:51:53.486+0000] {processor.py:186} INFO - Started process (PID=3291) to work on /opt/airflow/dags/imdb_sentiment.py
[2026-04-19T22:51:53.487+0000] {processor.py:914} INFO - Processing file /opt/airflow/dags/imdb_sentiment.py for tasks to queue
[2026-04-19T22:51:53.489+0000] {logging_mixin.py:190} INFO - [2026-04-19T22:51:53.489+0000] {dagbag.py:587} INFO - Filling up the DagBag from /opt/airflow/dags/imdb_sentiment.py
[2026-04-19T22:51:55.039+0000] {processor.py:925} INFO - DAG(s) 'imdb_sentiment' retrieved from /opt/airflow/dags/imdb_sentiment.py
[2026-04-19T22:51:55.056+0000] {logging_mixin.py:190} INFO - [2026-04-19T22:51:55.056+0000] {dag.py:3229} INFO - Sync 1 DAGs
[2026-04-19T22:51:55.068+0000] {logging_mixin.py:190} INFO - [2026-04-19T22:51:55.068+0000] {dag.py:4156} INFO - Setting next_dagrun for imdb_sentiment to None, run_after=None
[2026-04-19T22:51:55.096+0000] {processor.py:208} INFO - Processing /opt/airflow/dags/imdb_sentiment.py took 1.616 seconds
[2026-04-19T22:52:25.940+0000] {processor.py:186} INFO - Started process (PID=3343) to work on /opt/airflow/dags/imdb_sentiment.py
[2026-04-19T22:52:25.941+0000] {processor.py:914} INFO - Processing file /opt/airflow/dags/imdb_sentiment.py for tasks to queue
[2026-04-19T22:52:25.944+0000] {logging_mixin.py:190} INFO - [2026-04-19T22:52:25.944+0000] {dagbag.py:587} INFO - Filling up the DagBag from /opt/airflow/dags/imdb_sentiment.py
[2026-04-19T22:52:27.580+0000] {processor.py:925} INFO - DAG(s) 'imdb_sentiment' retrieved from /opt/airflow/dags/imdb_sentiment.py
[2026-04-19T22:52:27.598+0000] {logging_mixin.py:190} INFO - [2026-04-19T22:52:27.598+0000] {dag.py:3229} INFO - Sync 1 DAGs
[2026-04-19T22:52:27.611+0000] {logging_mixin.py:190} INFO - [2026-04-19T22:52:27.610+0000] {dag.py:4156} INFO - Setting next_dagrun for imdb_sentiment to None, run_after=None
[2026-04-19T22:52:27.627+0000] {processor.py:208} INFO - Processing /opt/airflow/dags/imdb_sentiment.py took 1.695 seconds
[2026-04-19T22:52:58.315+0000] {processor.py:186} INFO - Started process (PID=3395) to work on /opt/airflow/dags/imdb_sentiment.py
[2026-04-19T22:52:58.316+0000] {processor.py:914} INFO - Processing file /opt/airflow/dags/imdb_sentiment.py for tasks to queue
[2026-04-19T22:52:58.319+0000] {logging_mixin.py:190} INFO - [2026-04-19T22:52:58.319+0000] {dagbag.py:587} INFO - Filling up the DagBag from /opt/airflow/dags/imdb_sentiment.py
[2026-04-19T22:52:59.879+0000] {processor.py:925} INFO - DAG(s) 'imdb_sentiment' retrieved from /opt/airflow/dags/imdb_sentiment.py
[2026-04-19T22:52:59.897+0000] {logging_mixin.py:190} INFO - [2026-04-19T22:52:59.897+0000] {dag.py:3229} INFO - Sync 1 DAGs
[2026-04-19T22:52:59.910+0000] {logging_mixin.py:190} INFO - [2026-04-19T22:52:59.909+0000] {dag.py:4156} INFO - Setting next_dagrun for imdb_sentiment to None, run_after=None
[2026-04-19T22:52:59.926+0000] {processor.py:208} INFO - Processing /opt/airflow/dags/imdb_sentiment.py took 1.618 seconds
[2026-04-19T22:53:30.729+0000] {processor.py:186} INFO - Started process (PID=3453) to work on /opt/airflow/dags/imdb_sentiment.py
[2026-04-19T22:53:30.730+0000] {processor.py:914} INFO - Processing file /opt/airflow/dags/imdb_sentiment.py for tasks to queue
[2026-04-19T22:53:30.736+0000] {logging_mixin.py:190} INFO - [2026-04-19T22:53:30.735+0000] {dagbag.py:587} INFO - Filling up the DagBag from /opt/airflow/dags/imdb_sentiment.py
[2026-04-19T22:53:32.358+0000] {processor.py:925} INFO - DAG(s) 'imdb_sentiment' retrieved from /opt/airflow/dags/imdb_sentiment.py
[2026-04-19T22:53:32.376+0000] {logging_mixin.py:190} INFO - [2026-04-19T22:53:32.375+0000] {dag.py:3229} INFO - Sync 1 DAGs
[2026-04-19T22:53:32.389+0000] {logging_mixin.py:190} INFO - [2026-04-19T22:53:32.388+0000] {dag.py:4156} INFO - Setting next_dagrun for imdb_sentiment to None, run_after=None
[2026-04-19T22:53:32.406+0000] {processor.py:208} INFO - Processing /opt/airflow/dags/imdb_sentiment.py took 1.683 seconds
[2026-04-19T23:55:48.430+0000] {processor.py:186} INFO - Started process (PID=3499) to work on /opt/airflow/dags/imdb_sentiment.py
[2026-04-19T23:55:48.431+0000] {processor.py:914} INFO - Processing file /opt/airflow/dags/imdb_sentiment.py for tasks to queue
[2026-04-19T23:55:48.435+0000] {logging_mixin.py:190} INFO - [2026-04-19T23:55:48.434+0000] {dagbag.py:587} INFO - Filling up the DagBag from /opt/airflow/dags/imdb_sentiment.py
[2026-04-19T23:55:50.841+0000] {processor.py:925} INFO - DAG(s) 'imdb_sentiment' retrieved from /opt/airflow/dags/imdb_sentiment.py
[2026-04-19T23:55:50.865+0000] {logging_mixin.py:190} INFO - [2026-04-19T23:55:50.863+0000] {dag.py:3229} INFO - Sync 1 DAGs
[2026-04-19T23:55:50.885+0000] {logging_mixin.py:190} INFO - [2026-04-19T23:55:50.884+0000] {dag.py:4156} INFO - Setting next_dagrun for imdb_sentiment to None, run_after=None
[2026-04-19T23:55:50.911+0000] {processor.py:208} INFO - Processing /opt/airflow/dags/imdb_sentiment.py took 2.489 seconds
[2026-04-19T23:56:21.473+0000] {processor.py:186} INFO - Started process (PID=3582) to work on /opt/airflow/dags/imdb_sentiment.py
[2026-04-19T23:56:21.474+0000] {processor.py:914} INFO - Processing file /opt/airflow/dags/imdb_sentiment.py for tasks to queue
[2026-04-19T23:56:21.477+0000] {logging_mixin.py:190} INFO - [2026-04-19T23:56:21.476+0000] {dagbag.py:587} INFO - Filling up the DagBag from /opt/airflow/dags/imdb_sentiment.py
[2026-04-19T23:56:23.230+0000] {processor.py:925} INFO - DAG(s) 'imdb_sentiment' retrieved from /opt/airflow/dags/imdb_sentiment.py
[2026-04-19T23:56:23.249+0000] {logging_mixin.py:190} INFO - [2026-04-19T23:56:23.248+0000] {dag.py:3229} INFO - Sync 1 DAGs
[2026-04-19T23:56:23.262+0000] {logging_mixin.py:190} INFO - [2026-04-19T23:56:23.262+0000] {dag.py:4156} INFO - Setting next_dagrun for imdb_sentiment to None, run_after=None
[2026-04-19T23:56:23.277+0000] {processor.py:208} INFO - Processing /opt/airflow/dags/imdb_sentiment.py took 1.810 seconds
[2026-04-19T23:56:54.055+0000] {processor.py:186} INFO - Started process (PID=3634) to work on /opt/airflow/dags/imdb_sentiment.py
[2026-04-19T23:56:54.056+0000] {processor.py:914} INFO - Processing file /opt/airflow/dags/imdb_sentiment.py for tasks to queue
[2026-04-19T23:56:54.059+0000] {logging_mixin.py:190} INFO - [2026-04-19T23:56:54.059+0000] {dagbag.py:587} INFO - Filling up the DagBag from /opt/airflow/dags/imdb_sentiment.py
[2026-04-19T23:56:55.735+0000] {processor.py:925} INFO - DAG(s) 'imdb_sentiment' retrieved from /opt/airflow/dags/imdb_sentiment.py
[2026-04-19T23:56:55.754+0000] {logging_mixin.py:190} INFO - [2026-04-19T23:56:55.753+0000] {dag.py:3229} INFO - Sync 1 DAGs
[2026-04-19T23:56:55.766+0000] {logging_mixin.py:190} INFO - [2026-04-19T23:56:55.766+0000] {dag.py:4156} INFO - Setting next_dagrun for imdb_sentiment to None, run_after=None
[2026-04-19T23:56:55.782+0000] {processor.py:208} INFO - Processing /opt/airflow/dags/imdb_sentiment.py took 1.732 seconds
[2026-04-19T23:57:26.528+0000] {processor.py:186} INFO - Started process (PID=3686) to work on /opt/airflow/dags/imdb_sentiment.py
[2026-04-19T23:57:26.529+0000] {processor.py:914} INFO - Processing file /opt/airflow/dags/imdb_sentiment.py for tasks to queue
[2026-04-19T23:57:26.532+0000] {logging_mixin.py:190} INFO - [2026-04-19T23:57:26.532+0000] {dagbag.py:587} INFO - Filling up the DagBag from /opt/airflow/dags/imdb_sentiment.py
[2026-04-19T23:57:28.150+0000] {processor.py:925} INFO - DAG(s) 'imdb_sentiment' retrieved from /opt/airflow/dags/imdb_sentiment.py
[2026-04-19T23:57:28.167+0000] {logging_mixin.py:190} INFO - [2026-04-19T23:57:28.166+0000] {dag.py:3229} INFO - Sync 1 DAGs
[2026-04-19T23:57:28.180+0000] {logging_mixin.py:190} INFO - [2026-04-19T23:57:28.180+0000] {dag.py:4156} INFO - Setting next_dagrun for imdb_sentiment to None, run_after=None
[2026-04-19T23:57:28.211+0000] {processor.py:208} INFO - Processing /opt/airflow/dags/imdb_sentiment.py took 1.688 seconds
[2026-04-19T23:57:59.078+0000] {processor.py:186} INFO - Started process (PID=3738) to work on /opt/airflow/dags/imdb_sentiment.py
[2026-04-19T23:57:59.079+0000] {processor.py:914} INFO - Processing file /opt/airflow/dags/imdb_sentiment.py for tasks to queue
[2026-04-19T23:57:59.082+0000] {logging_mixin.py:190} INFO - [2026-04-19T23:57:59.081+0000] {dagbag.py:587} INFO - Filling up the DagBag from /opt/airflow/dags/imdb_sentiment.py
[2026-04-19T23:58:00.664+0000] {processor.py:925} INFO - DAG(s) 'imdb_sentiment' retrieved from /opt/airflow/dags/imdb_sentiment.py
[2026-04-19T23:58:00.682+0000] {logging_mixin.py:190} INFO - [2026-04-19T23:58:00.681+0000] {dag.py:3229} INFO - Sync 1 DAGs
[2026-04-19T23:58:00.694+0000] {logging_mixin.py:190} INFO - [2026-04-19T23:58:00.694+0000] {dag.py:4156} INFO - Setting next_dagrun for imdb_sentiment to None, run_after=None
[2026-04-19T23:58:00.712+0000] {processor.py:208} INFO - Processing /opt/airflow/dags/imdb_sentiment.py took 1.640 seconds
[2026-04-19T23:58:31.574+0000] {processor.py:186} INFO - Started process (PID=3790) to work on /opt/airflow/dags/imdb_sentiment.py
[2026-04-19T23:58:31.575+0000] {processor.py:914} INFO - Processing file /opt/airflow/dags/imdb_sentiment.py for tasks to queue
[2026-04-19T23:58:31.578+0000] {logging_mixin.py:190} INFO - [2026-04-19T23:58:31.578+0000] {dagbag.py:587} INFO - Filling up the DagBag from /opt/airflow/dags/imdb_sentiment.py
[2026-04-19T23:58:33.138+0000] {processor.py:925} INFO - DAG(s) 'imdb_sentiment' retrieved from /opt/airflow/dags/imdb_sentiment.py
[2026-04-19T23:58:33.154+0000] {logging_mixin.py:190} INFO - [2026-04-19T23:58:33.154+0000] {dag.py:3229} INFO - Sync 1 DAGs
[2026-04-19T23:58:33.165+0000] {logging_mixin.py:190} INFO - [2026-04-19T23:58:33.165+0000] {dag.py:4156} INFO - Setting next_dagrun for imdb_sentiment to None, run_after=None
[2026-04-19T23:58:33.192+0000] {processor.py:208} INFO - Processing /opt/airflow/dags/imdb_sentiment.py took 1.623 seconds
[2026-04-19T23:59:04.145+0000] {processor.py:186} INFO - Started process (PID=3842) to work on /opt/airflow/dags/imdb_sentiment.py
[2026-04-19T23:59:04.146+0000] {processor.py:914} INFO - Processing file /opt/airflow/dags/imdb_sentiment.py for tasks to queue
[2026-04-19T23:59:04.149+0000] {logging_mixin.py:190} INFO - [2026-04-19T23:59:04.148+0000] {dagbag.py:587} INFO - Filling up the DagBag from /opt/airflow/dags/imdb_sentiment.py
[2026-04-19T23:59:05.795+0000] {processor.py:925} INFO - DAG(s) 'imdb_sentiment' retrieved from /opt/airflow/dags/imdb_sentiment.py
[2026-04-19T23:59:05.813+0000] {logging_mixin.py:190} INFO - [2026-04-19T23:59:05.812+0000] {dag.py:3229} INFO - Sync 1 DAGs
[2026-04-19T23:59:05.826+0000] {logging_mixin.py:190} INFO - [2026-04-19T23:59:05.826+0000] {dag.py:4156} INFO - Setting next_dagrun for imdb_sentiment to None, run_after=None
[2026-04-19T23:59:05.853+0000] {processor.py:208} INFO - Processing /opt/airflow/dags/imdb_sentiment.py took 1.715 seconds
[2026-04-19T23:59:36.701+0000] {processor.py:186} INFO - Started process (PID=3894) to work on /opt/airflow/dags/imdb_sentiment.py
[2026-04-19T23:59:36.702+0000] {processor.py:914} INFO - Processing file /opt/airflow/dags/imdb_sentiment.py for tasks to queue
[2026-04-19T23:59:36.705+0000] {logging_mixin.py:190} INFO - [2026-04-19T23:59:36.705+0000] {dagbag.py:587} INFO - Filling up the DagBag from /opt/airflow/dags/imdb_sentiment.py
[2026-04-19T23:59:38.354+0000] {processor.py:925} INFO - DAG(s) 'imdb_sentiment' retrieved from /opt/airflow/dags/imdb_sentiment.py
[2026-04-19T23:59:38.372+0000] {logging_mixin.py:190} INFO - [2026-04-19T23:59:38.371+0000] {dag.py:3229} INFO - Sync 1 DAGs
[2026-04-19T23:59:38.385+0000] {logging_mixin.py:190} INFO - [2026-04-19T23:59:38.384+0000] {dag.py:4156} INFO - Setting next_dagrun for imdb_sentiment to None, run_after=None
[2026-04-19T23:59:38.401+0000] {processor.py:208} INFO - Processing /opt/airflow/dags/imdb_sentiment.py took 1.705 seconds
